=================================================== BSF Target ====================================================
Problem name: adlittle
Number of Workers: 10
OpenMP is turned off!
Map List is not Fragmented.
Before conversion: m =	56	n = 138
After conversion:  m =	166	n = 96
Eps Zero Compare:	0.001
Eps Min Dir Length:	0.001
Eps Objective:		0.01
Eps Shift:		1e-05
Eps Zero Direction:	1e-05
Exact Obj Value:	-225494.96
Distance to Apex:	0
Low Cost Percentile:	2
Gap Max:		0.2
Obj Vector Length:	0.1
Start Shift Lengt:	1
Blocking obj var:	false
Use low cost vars:	false
--------------- Statisics ---------------
Number of high-cost variables:	0
Number of low-cost variables:	82
Number of zero-cost variables:	14
Problem Scale:			20188.462
--------------- Data ---------------
Obj Function:	           -3310            3280            3280            2600            2600           -2100            1890            1890 ...
Start point:	       4.6078528      0.33609014       23.058524   -0.0088573676       3.1271611    -0.008233133       2.7201848        3.078841 ...	F(x) = -225782.36
Apex point:	       4.6078528      0.33609014       23.058524   -0.0088573676       3.1271611    -0.008233133       2.7201848        3.078841 ...	F(x) = -225782.36
-------------------------------------------
--------- Finding feasible point ------------
Iter # 3529. Elapsed time: 0
u =		       4.6148592      0.30001741       22.943235  -0.00094931025       3.1011129  -0.00073040855       2.6934497       3.0651341 ...	F(t) =       -228919.41
Landing# 0. Elapsed time: 0
u =		        4.614855      0.30002018       22.943234  -0.00094912797       3.1011127  -0.00073043873       2.6934502       3.0651345 ...	F(t) =       -228919.35
Landing# 10000. Elapsed time: 106
u =		       4.5848535      0.32443936       22.935089  -0.00066459614       3.1012553  -0.00089785747       2.6963242       3.0680718 ...	F(t) =       -228446.67
Landing# 20000. Elapsed time: 197
u =		       4.5794942      0.34597393       22.927365  -0.00095057443       3.1028479    0.0038119774       2.6946654       3.0675021 ...	F(t) =       -228141.33
Landing# 30000. Elapsed time: 283
u =		       4.5891306      0.37149304       22.920044  -0.00096779119       3.1029272     0.008361917       2.6931927       3.0686385 ...	F(t) =       -227987.73
Landing# 40000. Elapsed time: 368
u =		       4.6036951      0.40176642       22.912475  -0.00096706543       3.1029338     0.011632722       2.6937675       3.0763717 ...	F(t) =        -227894.6
Landing# 50000. Elapsed time: 455
u =		       4.6236744      0.44135378       22.902892  -0.00095942864       3.1028969     0.013286591       2.6946562       3.0836294 ...	F(t) =       -227836.59
Landing# 60000. Elapsed time: 535
u =		       4.6382319      0.47495533       22.893485  -0.00096162797       3.1028829     0.013792673       2.6958211       3.0913551 ...	F(t) =       -227774.16
Landing# 70000. Elapsed time: 603
u =		       4.6431004      0.48881999       22.889064  -0.00095965431       3.1028769     0.013758203       2.6981504       3.1020254 ...	F(t) =       -227719.67
Landing# 80000. Elapsed time: 666
u =		       4.6444999      0.49274959       22.887523  -0.00095820006       3.1028528     0.013432481       2.6989148       3.1140664 ...	F(t) =       -227685.61
Landing# 90000. Elapsed time: 728
u =		       4.6448037      0.49352126       22.887306  -0.00095671588       3.1028612     0.013411663       2.6982182       3.1249047 ...	F(t) =       -227656.83
Landing# 100000. Elapsed time: 789
u =		       4.6447908      0.49344372        22.88741  -0.00095696988        3.102856     0.013910179       2.6973165       3.1356861 ...	F(t) =        -227630.9
Landing# 110000. Elapsed time: 851
u =		       4.6447839      0.49332575        22.88751  -0.00095939349       3.1028515     0.013913246       2.6964399       3.1464738 ...	F(t) =       -227604.77
Landing# 120000. Elapsed time: 913
u =		       4.6447764      0.49322398       22.887606  -0.00096180681         3.10285     0.013839512       2.6955512       3.1573175 ...	F(t) =       -227578.95
Landing# 130000. Elapsed time: 973
u =		       4.6447854      0.49313601       22.887682  -0.00095938729       3.1028564     0.012858075       2.6947116       3.1691923 ...	F(t) =       -227554.52
Landing# 140000. Elapsed time: 1023
u =		       4.6411408      0.49304986       22.869569  -6.6071231e-05       3.1016947    0.0089972083       2.6865781       3.2713602 ...	F(t) =       -227599.73
Landing# 150000. Elapsed time: 1061
u =		       4.6456004      0.49920104       22.884108  -0.00095790035        3.102894    0.0060268274       2.6881603       3.2765007 ...	F(t) =       -227405.66
Landing# 160000. Elapsed time: 1112
u =		        4.645059       0.4929227        22.88849  -0.00096094895       3.1028662     0.010680401       2.6865384       3.2851893 ...	F(t) =       -227391.12
Landing# 170000. Elapsed time: 1172
u =		       4.6436775      0.48714393       22.891291  -0.00088769031       3.1024995     0.019028106       2.6786075       3.3903227 ...	F(t) =       -227310.97
Landing# 180000. Elapsed time: 1234
u =		       4.6544833      0.52277738       22.871726  -0.00095767708       3.1013103     0.080531677       2.6666234       3.5690053 ...	F(t) =       -227856.77
Landing# 190000. Elapsed time: 1256
u =		       4.6531718      0.51945932       22.873177  -0.00072837739       3.1022881     0.049076313       2.6687396       3.5846408 ...	F(t) =       -227444.43
Landing# 200000. Elapsed time: 1283
u =		       4.6513915      0.51429339       22.876384  -0.00084401614       3.1026513     0.011031456       2.6680682        3.591417 ...	F(t) =       -227166.54
Landing# 210000. Elapsed time: 1313
u =		       4.6472777      0.49633176       22.888961  -0.00091304264       3.1027427  -0.00073899239       2.6642555       3.5943844 ...	F(t) =       -227067.73
Landing# 220000. Elapsed time: 1355
u =		       4.6453813       0.4904364       22.891198  -0.00092170513       3.1027761   4.2121734e-05       2.6576895       3.6052137 ...	F(t) =       -227065.15
Landing# 230000. Elapsed time: 1400
u =		       4.6448926      0.48907351       22.892073  -0.00091009347       3.1027859   0.00093952824       2.6535332       3.6262494 ...	F(t) =       -227066.62
Landing# 240000. Elapsed time: 1441
u =		       4.6412888      0.49288101        22.87443  -0.00095687923        3.102913    0.0050731347       2.6434003       3.7248902 ...	F(t) =       -227191.98
Landing# 250000. Elapsed time: 1477
u =		       4.6460309      0.49406306       22.891257  -0.00091435744       3.1027981    0.0019816323       2.6447481       3.7285548 ...	F(t) =       -227042.43
Landing# 260000. Elapsed time: 1521
u =		       4.6445675      0.48743625       22.893639   -0.0009352307       3.1027931    0.0013026765       2.6435517       3.7537221 ...	F(t) =       -227038.86
Landing# 270000. Elapsed time: 1558
u =		       4.6439928      0.48761688       22.891606   -0.0009201118       3.1027281    0.0024233003        2.631919       3.8636384 ...	F(t) =       -227182.92
Landing# 280000. Elapsed time: 1597
u =		       4.6445589      0.48638761       22.895129  -0.00091679485        3.102786   0.00087651935       2.6369444       3.8657842 ...	F(t) =       -227013.17
Landing# 290000. Elapsed time: 1638
u =		       4.6405736      0.48535854       22.883665  -0.00084571359       3.1026904    0.0024822552       2.6231988       3.9882809 ...	F(t) =       -227172.96
Landing# 300000. Elapsed time: 1674
u =		       4.6446728      0.48882204       22.893183  -0.00091715745       3.1027678    0.0010155088       2.6268059       3.9946448 ...	F(t) =       -226997.18
Landing# 310000. Elapsed time: 1742
u =		       4.6270207      0.42309037       22.915064  -0.00095732016        3.102837    0.0030826568       2.6143747       4.1859062 ...	F(t) =       -227154.53
Landing# 320000. Elapsed time: 1815
u =		       4.6332432      0.45137495       22.907977  -0.00094273523       3.1028704    0.0030773464       2.6144053       4.1913883 ...	F(t) =       -227005.58
Landing# 330000. Elapsed time: 1859
u =		       4.7004506      0.64464983       22.757263    0.0010546504       3.0961452   0.00072990857       2.5983752       4.2835732 ...	F(t) =       -227192.47
Landing# 340000. Elapsed time: 1887
u =		       4.6683966      0.63452246       22.757923  -0.00081916436       3.1023275  -4.1270059e-05       2.6035642       4.2871796 ...	F(t) =       -226958.44
Landing# 350000. Elapsed time: 1917
u =		        4.662224      0.60303145        22.78601  -0.00084365495       3.1026224    0.0012907324        2.604007         4.29796 ...	F(t) =       -226938.74
Landing# 360000. Elapsed time: 2009
u =		       4.6091209      0.33940011       22.947111  -0.00096541363       3.1029017     0.060372282       2.5895006        4.389081 ...	F(t) =        -227876.4
Landing# 370000. Elapsed time: 2092
u =		       4.5942368       0.3552404       22.941401  -0.00094827579       3.1028798     0.034073706        2.589101       4.3885141 ...	F(t) =       -227494.69
Landing# 380000. Elapsed time: 2162
u =		       4.5937828      0.36524043       22.937523  -0.00094752873       3.1028694    0.0091973624       2.5892467       4.3888318 ...	F(t) =        -227209.5
Landing# 390000. Elapsed time: 2227
u =		       4.6006523       0.3821126       22.931501  -0.00092687192       3.1028228     0.000164376       2.5909201       4.3910223 ...	F(t) =       -226988.03
Landing# 400000. Elapsed time: 2296
u =		       4.6293521      0.44217193       22.913292  -0.00093182923       3.1028494    0.0017631705       2.5951594       4.3986332 ...	F(t) =       -226950.32
Direction is too small!
Maybe, you should increas PP_OBJECTIVE_VECTOR_LENGTH.
=============================================
Elapsed time: 2332.086
Iterations: 95166159
Optimal objective value:       -226911.39
Exact objective value:         -225494.96
Relative error = 0.0062814136
=============================================
Solution is saved into the file 'Problems/lp_adlittle_so.mtx'.
Solution:	       22.902815       0.4752794       4.6420343  -0.00093879994     0.035924062       35.178827       2.5968265       5.0195796	...
Ordered:	       4.6420343       0.4752794       22.902815  -0.00091857637       3.1028124    0.0015126208       2.5968265       4.4039522	...
