=================================================== BSF Target ====================================================
Problem name: adlittle
Number of Workers: 10
OpenMP is turned off!
Map List is not Fragmented.
Before conversion: m =	56	n = 138
After conversion:  m =	166	n = 96
Eps Zero Compare:	0.01
Eps Min Dir Length:	0.001
Eps Objective:		300
Eps Shift:		0.0001
Eps Zero Direction:	1e-05
Exact Obj Value:	-225494.96
Distance to Apex:	0
Low Cost Percentile:	2
Gap Max:		0.2
Obj Vector Length:	0.1
Start Shift Lengt:	1
Blocking obj var:	false
Use low cost vars:	false
--------------- Statisics ---------------
Number of high-cost variables:	0
Number of low-cost variables:	82
Number of zero-cost variables:	14
Problem Scale:			20188.462
--------------- Data ---------------
Obj Function:	           -3310            3280            3280            2600            2600           -2100            1890            1890 ...
Start point:	       4.6293521      0.44217193       22.913292  -0.00093182923       3.1028494    0.0017631705       2.5951594       4.3986332 ...	F(x) = -226950.32
Apex point:	       4.6293521      0.44217193       22.913292  -0.00093182923       3.1028494    0.0017631705       2.5951594       4.3986332 ...	F(x) = -226950.32
-------------------------------------------
--------- Finding feasible point ------------
Iter # 0. Elapsed time: 0
u =		       4.6293521      0.44217193       22.913292  -0.00093182923       3.1028494    0.0017631705       2.5951594       4.3986332 ...	F(t) =       -226950.32
Landing# 0. Elapsed time: 0
u =		       4.6293482      0.44218439       22.913307  -0.00092741618        3.102858    0.0017535473        2.595172        4.398643 ...	F(t) =       -226949.74
Landing# 50000. Elapsed time: 52
u =		       4.6073246      0.32028653       23.074896   -0.0087601559       3.1267016   -0.0093895683        2.594365       4.3929858 ...	F(t) =       -225961.67
Landing# 100000. Elapsed time: 108
u =		       4.6070444      0.32089185       23.075016   -0.0087023646       3.1271692   -0.0094089619       2.5948062       4.3929787 ...	F(t) =       -225930.44
Landing# 150000. Elapsed time: 164
u =		       4.6076478      0.32069762        23.07507   -0.0088902034       3.1269564   -0.0093047317        2.595251       4.3929232 ...	F(t) =       -225905.05
Landing# 200000. Elapsed time: 224
u =		       4.6068488      0.32039123       23.074643   -0.0089332855       3.1271864   -0.0090734674        2.596898       4.3954401 ...	F(t) =       -225872.53
Landing# 250000. Elapsed time: 282
u =		       4.6066177      0.32077393       23.074218   -0.0089925368       3.1269725    -0.008647711       2.6004907       4.3978875 ...	F(t) =       -225841.67
Landing# 300000. Elapsed time: 339
u =		       4.6055504      0.32125009       23.072917    -0.008793593       3.1271018   -0.0089640384        2.603913       4.3995374 ...	F(t) =       -225826.38
Landing# 350000. Elapsed time: 395
u =		       4.6066287      0.32224627       23.072839   -0.0086324163       3.1267691   -0.0090655175       2.6074063       4.3996452 ...	F(t) =       -225815.75
Landing# 400000. Elapsed time: 451
u =		       4.6059464      0.32329467       23.070703   -0.0087518726       3.1273101   -0.0089668644       2.6112206       4.4003004 ...	F(t) =       -225807.51
=============================================
Elapsed time: 486.22911
Iterations: 20800719
Optimal objective value:       -225794.88
Exact objective value:         -225494.96
Relative error = 0.0013300386
=============================================
Solution is saved into the file 'Problems/lp_adlittle_so.mtx'.
Solution:	       23.070521      0.32426068       4.6057176   -0.0095123713      0.61731375        35.67192       2.6134503       5.0735244	...
Ordered:	       4.6057176      0.32426068       23.070521   -0.0089808247       3.1273532   -0.0088404311       2.6134503       4.4004748	...
