=================================================== BSF Target ====================================================
Problem name: adlittle
Number of Workers: 10
OpenMP is turned off!
Map List is not Fragmented.
Before conversion: m =	56	n = 138
After conversion:  m =	166	n = 96
Eps Zero Compare:	0.01
Eps Min Dir Length:	0.001
Eps Objective:		200
Eps Shift:		0.0001
Eps Zero Direction:	1e-05
Exact Obj Value:	-225494.96
Distance to Apex:	0
Low Cost Percentile:	2
Gap Max:		0.2
Obj Vector Length:	0.1
Start Shift Lengt:	1
Blocking obj var:	false
Use low cost vars:	false
--------------- Statisics ---------------
Number of high-cost variables:	0
Number of low-cost variables:	82
Number of zero-cost variables:	14
Problem Scale:			20188.462
--------------- Data ---------------
Obj Function:	           -3310            3280            3280            2600            2600           -2100            1890            1890 ...
Start point:	       4.6059464      0.32329467       23.070703   -0.0087518726       3.1273101   -0.0089668644       2.6112206       4.4003004 ...	F(x) = -225807.51
Apex point:	       4.6059464      0.32329467       23.070703   -0.0087518726       3.1273101   -0.0089668644       2.6112206       4.4003004 ...	F(x) = -225807.51
-------------------------------------------
--------- Finding feasible point ------------
Iter # 0. Elapsed time: 0
u =		       4.6059464      0.32329467       23.070703   -0.0087518726       3.1273101   -0.0089668644       2.6112206       4.4003004 ...	F(t) =       -225807.51
Landing# 0. Elapsed time: 0
u =		       4.6059389      0.32329856       23.070702   -0.0087553619       3.1273116   -0.0089641973       2.6112277       4.4003048 ...	F(t) =        -225807.5
Landing# 50000. Elapsed time: 56
u =		       4.6062224      0.32435638       23.070267   -0.0089142768       3.1273874   -0.0087090068       2.6145718        4.400366 ...	F(t) =       -225800.68
Landing# 100000. Elapsed time: 112
u =		       4.6057548      0.32486939       23.069576   -0.0087120968       3.1272122   -0.0089133751       2.6173381       4.4004778 ...	F(t) =       -225792.26
Landing# 150000. Elapsed time: 168
u =		       4.6060753      0.32501592       23.068324   -0.0086338418       3.1269031   -0.0088994691       2.6202025       4.4006409 ...	F(t) =        -225791.7
Landing# 200000. Elapsed time: 224
u =		       4.6057913      0.32624381        23.06721   -0.0087072964       3.1270455   -0.0088076931       2.6233501       4.4010202 ...	F(t) =       -225783.24
Landing# 250000. Elapsed time: 280
u =		       4.6061377      0.32690814       23.066989   -0.0087056326       3.1269559   -0.0086987798       2.6263339        4.401308 ...	F(t) =       -225777.49
Landing# 300000. Elapsed time: 337
u =		       4.6056027      0.32782809       23.065729   -0.0086788408        3.127214   -0.0086507185       2.6288057       4.4011884 ...	F(t) =       -225771.18
Landing# 350000. Elapsed time: 394
u =		       4.6064123      0.32948742       23.065136   -0.0087978934       3.1271817   -0.0082353287       2.6293558       4.4010005 ...	F(t) =       -225767.22
Landing# 400000. Elapsed time: 451
u =		       4.6064231      0.33021203       23.063587   -0.0084226602       3.1267243    -0.008433613       2.6292464       4.4005318 ...	F(t) =       -225767.28
Landing# 450000. Elapsed time: 507
u =		       4.6065713      0.33081771       23.063208   -0.0087641656       3.1269619   -0.0083598613       2.6293539       4.4003059 ...	F(t) =       -225767.36
Landing# 500000. Elapsed time: 564
u =		       4.6068477      0.33201514       23.061654   -0.0087366274       3.1271171   -0.0084619481       2.6301194       4.4007408 ...	F(t) =       -225760.71
Landing# 550000. Elapsed time: 621
u =		       4.6069085      0.33304078       23.060513   -0.0087087155       3.1270366   -0.0083809231       2.6300841       4.4005656 ...	F(t) =       -225757.46
Landing# 600000. Elapsed time: 678
u =		       4.6072742      0.33361983       23.060511    -0.008704403       3.1270353   -0.0084706341       2.6303364       4.4005406 ...	F(t) =       -225757.76
Landing# 650000. Elapsed time: 735
u =		       4.6068209      0.33452392        23.05958   -0.0089745323       3.1272704   -0.0086091921       2.6303078       4.4003202 ...	F(t) =        -225752.8
Landing# 700000. Elapsed time: 792
u =		        4.607297      0.33522937       23.058679   -0.0087468301       3.1269406   -0.0085349045       2.6303882       4.4001405 ...	F(t) =        -225754.3
Landing# 750000. Elapsed time: 849
u =		       4.6073512      0.33602338        23.05824   -0.0086880908       3.1269558   -0.0084268293       2.6306572       4.4002197 ...	F(t) =       -225751.83
Landing# 800000. Elapsed time: 906
u =		       4.6074429      0.33625048       23.057808   -0.0087008475       3.1268974   -0.0085105519       2.6307128       4.4001107 ...	F(t) =       -225750.09
Landing# 850000. Elapsed time: 963
u =		       4.6074947       0.3361742       23.057861   -0.0085723872       3.1270755   -0.0083257502       2.6308665          4.4002 ...	F(t) =       -225748.06
Landing# 900000. Elapsed time: 1020
u =		       4.6073034      0.33676205       23.058393   -0.0088493427       3.1272992   -0.0084029173       2.6307874       4.3999748 ...	F(t) =       -225745.89
Landing# 950000. Elapsed time: 1077
u =		       4.6072508      0.33636748       23.058304   -0.0088248875       3.1271333   -0.0086567322       2.6306826        4.399753 ...	F(t) =       -225745.23
Landing# 1000000. Elapsed time: 1134
u =		       4.6074304      0.33629278       23.058017   -0.0087565256       3.1269388   -0.0082826985       2.6308074       4.3997248 ...	F(t) =       -225747.23
Landing# 1050000. Elapsed time: 1191
u =		       4.6071468      0.33639808       23.057785   -0.0089615222       3.1271745   -0.0085201603       2.6309538       4.3997063 ...	F(t) =       -225742.39
Landing# 1100000. Elapsed time: 1248
u =		       4.6075343       0.3364044       23.058261   -0.0086964481       3.1268025    -0.008449965       2.6307183       4.3993773 ...	F(t) =       -225743.18
Landing# 1150000. Elapsed time: 1305
u =		       4.6071716      0.33663725       23.057457   -0.0089855041       3.1271455   -0.0084804822        2.630976       4.3994683 ...	F(t) =       -225741.77
Landing# 1200000. Elapsed time: 1363
u =		       4.6070844      0.33623898       23.057659   -0.0085566368       3.1268251   -0.0085098312       2.6309376       4.3992654 ...	F(t) =       -225740.51
Landing# 1250000. Elapsed time: 1420
u =		       4.6071953      0.33645866       23.057393   -0.0087513184       3.1268794    -0.008729812       2.6311013       4.3991491 ...	F(t) =        -225737.7
Landing# 1300000. Elapsed time: 1477
u =		       4.6071519      0.33637558        23.05824   -0.0088327575        3.126927   -0.0085759082       2.6309768       4.3990202 ...	F(t) =       -225736.64
Landing# 1350000. Elapsed time: 1533
u =		       4.6072312      0.33636838       23.057919   -0.0087440481       3.1270032   -0.0084120271        2.630912       4.3987812 ...	F(t) =       -225738.48
Landing# 1400000. Elapsed time: 1591
u =		       4.6072232      0.33623392        23.05803   -0.0087279954       3.1270033   -0.0084629996       2.6309655        4.398664 ...	F(t) =       -225737.65
Landing# 1450000. Elapsed time: 1648
u =		        4.607231      0.33621258       23.058199   -0.0089335729       3.1274641   -0.0083611281       2.6310187       4.3985713 ...	F(t) =       -225735.16
Landing# 1500000. Elapsed time: 1704
u =		       4.6070407       0.3361052       23.057529   -0.0086176824       3.1268467   -0.0083165775       2.6308269       4.3983957 ...	F(t) =       -225740.68
Landing# 1550000. Elapsed time: 1761
u =		       4.6075188      0.33615942       23.057822   -0.0084745924       3.1267533   -0.0083304765       2.6311481       4.3985308 ...	F(t) =       -225737.32
Landing# 1600000. Elapsed time: 1818
u =		       4.6072769      0.33617339       23.057897   -0.0088180235       3.1273327   -0.0083209019       2.6313209       4.3987514 ...	F(t) =       -225731.66
Landing# 1650000. Elapsed time: 1875
u =		        4.607178        0.336292       23.058035   -0.0088135321       3.1270225   -0.0085424709       2.6311381       4.3985551 ...	F(t) =       -225731.44
Landing# 1700000. Elapsed time: 1932
u =		       4.6071988      0.33642382       23.057847   -0.0086265997       3.1268697   -0.0083592423       2.6312265       4.3985755 ...	F(t) =       -225731.93
Landing# 1750000. Elapsed time: 1989
u =		       4.6070137       0.3363083        23.05764   -0.0087395501       3.1268685   -0.0087664561       2.6312382       4.3985994 ...	F(t) =       -225726.92
Landing# 1800000. Elapsed time: 2046
u =		       4.6069995      0.33612712       23.057707   -0.0087037881       3.1269684   -0.0084948846       2.6311073       4.3984015 ...	F(t) =        -225728.4
Landing# 1850000. Elapsed time: 2103
u =		       4.6070874      0.33638286       23.057838   -0.0088174494       3.1270292   -0.0086294391       2.6311169       4.3985836 ...	F(t) =        -225725.1
Landing# 1900000. Elapsed time: 2160
u =		       4.6070804      0.33621415       23.058217   -0.0087871627       3.1272061   -0.0082990526       2.6312897       4.3984982 ...	F(t) =        -225726.6
Landing# 1950000. Elapsed time: 2217
u =		       4.6070027      0.33624363       23.057863   -0.0087870877       3.1271932   -0.0083484649       2.6315227       4.3988654 ...	F(t) =       -225723.17
Landing# 2000000. Elapsed time: 2274
u =		       4.6069496      0.33614833       23.058304   -0.0086006317       3.1267315   -0.0084094295       2.6311993       4.3984253 ...	F(t) =       -225725.33
Landing# 2050000. Elapsed time: 2331
u =		       4.6071022      0.33622577       23.057951   -0.0087319833       3.1270714   -0.0085008618       2.6312678       4.3986485 ...	F(t) =       -225722.95
Landing# 2100000. Elapsed time: 2388
u =		       4.6068743      0.33629119       23.057577   -0.0087431634       3.1270833   -0.0083576019       2.6313436       4.3987724 ...	F(t) =       -225725.05
Landing# 2150000. Elapsed time: 2445
u =		       4.6071425      0.33604845       23.057581   -0.0088086501       3.1269348   -0.0087321022       2.6314335       4.3986568 ...	F(t) =       -225719.23
Landing# 2200000. Elapsed time: 2502
u =		       4.6070647      0.33613009        23.05803    -0.008707563       3.1270712   -0.0083563144       2.6313186       4.3986235 ...	F(t) =       -225720.37
Landing# 2250000. Elapsed time: 2559
u =		       4.6068818      0.33630608       23.057538   -0.0086839389       3.1268537   -0.0085758336       2.6314347       4.3987269 ...	F(t) =       -225719.65
Landing# 2300000. Elapsed time: 2616
u =		       4.6068785       0.3360924       23.057701    -0.008731728        3.127037   -0.0085535068       2.6314898        4.398777 ...	F(t) =       -225717.78
Landing# 2350000. Elapsed time: 2672
u =		       4.6069099      0.33628322       23.057621   -0.0086790339       3.1269627   -0.0084636494       2.6314975       4.3985799 ...	F(t) =       -225718.01
Landing# 2400000. Elapsed time: 2730
u =		       4.6067502      0.33647346       23.057499   -0.0088963529       3.1271594   -0.0085468683       2.6315124        4.398673 ...	F(t) =       -225716.69
Landing# 2450000. Elapsed time: 2787
u =		       4.6069235      0.33607748       23.057982   -0.0086702632       3.1269263   -0.0086781749       2.6313523       4.3986172 ...	F(t) =       -225713.68
Landing# 2500000. Elapsed time: 2843
u =		       4.6072334      0.33635701       23.058012   -0.0088775935       3.1273293   -0.0083211234       2.6314065       4.3985682 ...	F(t) =       -225716.06
Landing# 2550000. Elapsed time: 2900
u =		       4.6072997      0.33615951       23.057725   -0.0089229935       3.1271952   -0.0082459327       2.6316111       4.3987637 ...	F(t) =       -225715.85
Landing# 2600000. Elapsed time: 2957
u =		       4.6071404      0.33603713       23.057736   -0.0086999408       3.1267957   -0.0082509647        2.631565       4.3987286 ...	F(t) =       -225714.22
Landing# 2650000. Elapsed time: 3014
u =		       4.6066203      0.33619533       23.057629   -0.0088313628       3.1270255   -0.0083746118        2.631521        4.398696 ...	F(t) =        -225713.4
srun: Job step aborted: Waiting up to 2 seconds for job step to finish.
slurmd[node004]: error: *** JOB 325843 CANCELLED AT 2022-08-31T21:53:16 ***
[0:node004] unexpected disconnect completion event from [2:node151]
Assertion failed in file ../../dapl_conn_rc.c at line 1128: 0
internal ABORT - process 0
[mpiexec@node004] handle_exit_status (./pm/pmiserv/pmiserv_cb.c:538): assert (!closed) failed
[mpiexec@node004] HYDT_dmxu_poll_wait_for_event (./tools/demux/demux_poll.c:77): callback returned error status
[mpiexec@node004] HYD_pmci_wait_for_completion (./pm/pmiserv/pmiserv_pmci.c:388): error waiting for event
[mpiexec@node004] main (./ui/mpich/mpiexec.c:718): process manager error waiting for completion
/bin/rm: cannot remove `/tmp/srun___logue': No such file or directory
