=================================================== BSF Target ====================================================
Problem name: afiro
Number of Workers: 10
OpenMP is turned off!
Map List is not Fragmented.
Before conversion: tm =	27	n = 51
After conversion:   m =	105	n = 51
Eps Relax:		1e-09
Eps Min Dir Length:	1e-06
Eps Objective:		0.0001
Eps Shift:		0.0001
Eps Zero Direction:	0.0001
Eps Zero Compare:	1e-06
Exact Obj Value:	464.7531
Gap min:		0.1
Gap max:		0.1
Lambda:			1
Obj Vector Length:	1000
Start Shift Lengt:	5
Straight Trace:		1
Objective Function:	             -10      0.60000002      0.47999999      0.40000001      0.31999999               0               0               0	...
Starting point:		               0               0               0               0               0               0               0               0	...	F(x) = 0
-------------------------------------------
			u0 =  -7.9519376e-08        158.7579        113.3985       36.418148       26.012963       2.0513295       264.67009  -4.6258929e-08	...	F(t) =        172.57743
--------- Determining direction ------------
			u =   -1.1484102e-08       193.59551       137.91995       46.236442       33.026031     0.028160478       257.39776      0.50758179	...	F(u) =         211.4218
			D =                0      0.57622852      0.40559494      0.16239864      0.11599903     -0.03346405     -0.12028724    0.0083956129	...
Variable 0 is blocked.
--------- Landing ------------
New objective value is smaller than previous one!Iter # 41645. Elapsed time: 1
			u =   -4.5134951e-08       193.82898       138.09497       46.284761       33.060544     0.010833202       257.32431      0.49601749	...	F(t) =        211.67625
--------- Determining direction ------------
			u =   -2.3898609e-08       223.15574       159.39648       52.256557       37.326112   -2.419679e-08       247.44811   0.00067246885	...	F(u) =        243.25074
			D =                0      0.53425253      0.38805454      0.10878961     0.077706863  -0.00019735143     -0.17991704   -0.0090238165	...
--------- Landing ------------
New objective value is smaller than previous one!Iter # 77224. Elapsed time: 1
			u =   -4.2177874e-08       224.44636       160.30584        52.42244         37.4446   4.0517297e-09       246.99485     0.018184404	...	F(t) =        244.56587
--------- Determining direction ------------
			u =   -3.6542904e-08       246.12428       175.80306       50.547178       36.105128  -2.6301254e-09       229.79061   9.9414961e-10	...	F(u) =        263.83255
			D =                0      0.51156768      0.36571201    -0.044253479    -0.031609628               0     -0.40599524  -0.00042912579	...
--------- Landing ------------
New objective value is smaller than previous one!Iter # 118783. Elapsed time: 2
			u =    -6.109306e-08       246.57708       176.12649       50.491354       36.065254    1.100805e-08       229.34511  -3.3831421e-08	...	F(t) =        264.22439
--------- Determining direction ------------
			u =   -3.7036569e-08       266.09045       190.06461       48.370844       34.550603   1.5658865e-09       209.82424   1.5518298e-09	...	F(u) =        281.28982
			D =                0      0.47175246      0.33696605    -0.051265145    -0.036617961               0     -0.47193358               0	...
--------- Landing ------------
New objective value is smaller than previous one!Iter # 168599. Elapsed time: 3
			u =   -3.5580571e-08       475.91214       339.93725       25.500004       18.214289  -6.3351816e-09   1.9148182e-05   1.2063156e-09	...	F(t) =        464.74575
--------- Determining direction ------------
			u =   -7.0685712e-08       475.92094       339.94353       25.496891       18.212065    2.121851e-09  -1.3259693e-07  -7.1913654e-08	...	F(u) =        464.75208
			D =                0      0.47205733       0.3371919     -0.16703735     -0.11931821               0   -0.0010346381               0	...
--------- Landing ------------
New objective value is smaller than previous one!Iter # 221008. Elapsed time: 4
			u =   -7.0689062e-08       475.93786       339.95562       25.440656       18.171897   2.1213032e-09  -1.3261429e-07    -7.19216e-08	...	F(t) =         464.7327
--------- Determining direction ------------
			u =   -7.0702752e-08       475.92099       339.94357       25.496731       18.211951   2.1229511e-09  -1.3267045e-07  -7.1953277e-08	...	F(u) =        464.75203
			D =                0     -0.11622474    -0.083017674      0.38612872      0.27580624               0               0               0	...
Variable 1 is blocked.
			u =   -3.9843788e-08       475.93786       339.95562       25.440666       18.171905  -1.3872493e-09  -5.0821398e-07   3.1851787e-10	...	F(u) =         464.7327
         F(u) = 464.7327 == F(w) = 464.7327
Maybe, you should decreas PP_EPS_OBJECTIVE.
=============================================
Elapsed time: 13.369626
Iterations: 783633
Optimal objective value:         464.7327
Exact objective value:         464.7531
Relative error = 4.3904331e-05
=============================================
Solution is saved into the file 'Problems/lp_afiro_so.mtx'.
Solution:	     0.059345451               0       11.956757               0               0               0               0               0	...
Ordered:	               0       475.93786       339.95562       25.440656       18.171897               0               0               0	...
