=================================================== BSF Target ====================================================
Problem name: blend
Number of Workers: 10
OpenMP is turned off!
Map List is not Fragmented.
Before conversion: m =	74	n = 114
After conversion:  m =	196	n = 81
Eps Min Dir Length:	1e-07
Eps Objective:		1e-07
Eps Shift:		1e-07
Eps Zero Compare:	1e-07
Eps Zero Direction:	1e-07
Exact Obj Value:	30.812
Distance to Apex:	0
Low Cost Percentile:	0.5
Gap Max:		0.005
Obj Vector Length:	0.0001
Start Shift Lengt:	1
Blocking obj var:	false
Use low cost vars:	true
--------------- Statisics ---------------
Number of high-cost variables:	9
Number of low-cost variables:	21
Number of zero-cost variables:	51
Problem Scale:			26.32
--------------- Data ---------------
Obj Function:	            5.36            5.08            4.51             4.2             3.6            -3.2              -3           -2.87 ...
Start point:	      0.40724223      0.19375869       2.8772763       5.8238312       3.8650538       9.7250429       6.3649653       8.0693887 ...	F(x) = 8.1555694
Apex point:	      0.40724223      0.19375869       2.8772763       5.8238312       3.8650538       9.7250429       6.3649653       8.0693887 ...	F(x) = 8.1555694
-------------------------------------------
--------- Finding feasible point ------------
Iter # 138268. Elapsed time: 3
u =		      0.40658785      0.19324364       2.8773777       5.8241344       3.8649409       9.7247949       6.3648966       8.0691478 ...	F(t) =        8.1525302
Iter # 8601800. Elapsed time: 195
u =		      0.40704181      0.19345708       2.8774806       5.8248055       3.8648943        9.724778       6.3644799       8.0689596 ...	F(t) =        8.1569831
Iter # 15805600. Elapsed time: 358
u =		      0.40729708      0.19353005       2.8776189       5.8250651       3.8647782       9.7247753       6.3641979        8.068738 ...	F(t) =        8.1594414
Iter # 30699690. Elapsed time: 694
u =		      0.40786087      0.19373627       2.8776138       5.8257989       3.8648744        9.724837       6.3639233       8.0688947 ...	F(t) =         8.163783
Iter # 34815170. Elapsed time: 787
u =		      0.40812891      0.19387498       2.8777175         5.82594       3.8647926       9.7248476       6.3638062       8.0686237 ...	F(t) =        8.1657746
Iter # 43880010. Elapsed time: 992
u =		      0.40842121      0.19404309       2.8777588        5.826376       3.8647963       9.7248458       6.3635336       8.0683632 ...	F(t) =         8.169098
Iter # 48088460. Elapsed time: 1087
u =		      0.40858144      0.19416657       2.8777808        5.826532       3.8647564        9.724818       6.3633856       8.0681022 ...	F(t) =        8.1706698
Iter # 51556350. Elapsed time: 1166
u =		      0.40877359      0.19423002       2.8777958       5.8266562       3.8647472       9.7248827       6.3632067       8.0681717 ...	F(t) =        8.1720075
Iter # 53995320. Elapsed time: 1221
u =		      0.40889121      0.19431285       2.8778642       5.8268576        3.864693       9.7248662       6.3631611       8.0680452 ...	F(t) =        8.1734225
Iter # 56832730. Elapsed time: 1285
u =		      0.40891801      0.19424191       2.8777394       5.8269692       3.8647003        9.724843       6.3629036       8.0679416 ...	F(t) =        8.1736831
Iter # 58805730. Elapsed time: 1330
u =		      0.40915144        0.194456       2.8779651       5.8270866        3.864672       9.7248444       6.3630675       8.0676537 ...	F(t) =         8.175779
Iter # 78547610. Elapsed time: 1776
u =		      0.41001879      0.19488025       2.8779342       5.8280974       3.8645333       9.7248117       6.3624532       8.0669279 ...	F(t) =        8.1835832
Iter # 82565100. Elapsed time: 1867
u =		      0.41022554      0.19496774       2.8779349        5.828266       3.8644333       9.7247592       6.3622442       8.0664886 ...	F(t) =        8.1855615
Iter # 88851710. Elapsed time: 2009
u =		      0.41050668      0.19511153       2.8780504       5.8284415       3.8643313       9.7247649       6.3620183       8.0661703 ...	F(t) =        8.1879759
Iter # 92089690. Elapsed time: 2083
u =		      0.41063627      0.19516717       2.8781841       5.8286541       3.8643919       9.7247721       6.3619811       8.0662125 ...	F(t) =        8.1895254
Iter # 93058040. Elapsed time: 2105
u =		      0.41066847      0.19518976        2.878224       5.8286892       3.8643801       9.7247817       6.3619682       8.0662223 ...	F(t) =        8.1898475
Iter # 93466090. Elapsed time: 2114
u =		      0.41069746      0.19521799       2.8782578        5.828688        3.864406        9.724802       6.3620182       8.0662464 ...	F(t) =        8.1898876
Iter # 94420450. Elapsed time: 2136
u =		      0.41071632      0.19523181       2.8782842       5.8287127       3.8643984       9.7248107           6.362       8.0662548 ...	F(t) =         8.190055
Iter # 97250400. Elapsed time: 2200
u =		      0.41085881      0.19531904       2.8782732       5.8287842       3.8643439       9.7247533       6.3618003       8.0659221 ...	F(t) =        8.1915025
Iter # 110267270. Elapsed time: 2495
u =		      0.41147511       0.1956534       2.8786109       5.8293956       3.8642132       9.7247811       6.3614224       8.0652741 ...	F(t) =        8.1976648
Iter # 112995600. Elapsed time: 2556
u =		      0.41163116      0.19572129       2.8785433       5.8295663       3.8641493       9.7247422       6.3612523       8.0649869 ...	F(t) =        8.1992406
Iter # 114045830. Elapsed time: 2580
u =		       0.4116646      0.19571652       2.8785277       5.8296223        3.864168       9.7247372       6.3612117       8.0649945 ...	F(t) =         8.199491
Iter # 114453230. Elapsed time: 2590
u =		      0.41170473      0.19576356       2.8785784       5.8296243        3.864164       9.7247669       6.3612767       8.0650225 ...	F(t) =        8.1995633
Iter # 121302390. Elapsed time: 2745
u =		       0.4120313      0.19593284        2.878532       5.8300293       3.8640889       9.7247181       6.3609026       8.0646274 ...	F(t) =        8.2028439
Iter # 124197250. Elapsed time: 2810
u =		      0.41213074      0.19596971       2.8785472       5.8301801       3.8641089       9.7247289       6.3609127       8.0646632 ...	F(t) =        8.2034132
Iter # 126283070. Elapsed time: 2858
u =		      0.41222886      0.19597834       2.8785571       5.8302375        3.864085       9.7247467       6.3608085        8.064681 ...	F(t) =        8.2040547
Iter # 127774950. Elapsed time: 2891
u =		      0.41223309      0.19599063       2.8785857       5.8302967       3.8640798       9.7247437       6.3607486       8.0646814 ...	F(t) =        8.2044951
Iter # 129642020. Elapsed time: 2934
u =		      0.41227792      0.19601482       2.8786398       5.8303412       3.8641094       9.7247579       6.3607165       8.0647022 ...	F(t) =        8.2049904
Iter # 133625910. Elapsed time: 3024
u =		      0.41252228      0.19614888        2.878743       5.8304215       3.8640335       9.7247437       6.3606136       8.0643595 ...	F(t) =        8.2067957
Iter # 136114870. Elapsed time: 3080
u =		      0.41257002      0.19605946       2.8786567       5.8305249       3.8640313       9.7247286       6.3603097        8.064347 ...	F(t) =        8.2072899
Iter # 142448700. Elapsed time: 3223
u =		      0.41287258      0.19628392       2.8788483       5.8308977       3.8640683       9.7248235       6.3603998       8.0644673 ...	F(t) =        8.2097721
Iter # 147157270. Elapsed time: 3330
u =		       0.4130573      0.19638963       2.8788774       5.8310106       3.8640334       9.7247844       6.3601617       8.0641724 ...	F(t) =        8.2116178
Iter # 149804820. Elapsed time: 3390
u =		      0.41316913      0.19644061       2.8790213       5.8311408       3.8640407       9.7248445        6.360154       8.0642464 ...	F(t) =         8.212657
Iter # 159815300. Elapsed time: 3616
u =		      0.41367535      0.19665088       2.8788768       5.8316129       3.8638259        9.724714       6.3594036       8.0631273 ...	F(t) =        8.2177714
Iter # 161631860. Elapsed time: 3657
u =		      0.41384749      0.19687595       2.8790506       5.8319622       3.8637822       9.7247551       6.3596341         8.06322 ...	F(t) =        8.2195927
Iter # 167193100. Elapsed time: 3783
u =		      0.41418187      0.19702452       2.8791217       5.8322405       3.8638096       9.7247622       6.3594575       8.0629728 ...	F(t) =        8.2223795
Iter # 167753170. Elapsed time: 3796
u =		      0.41417091      0.19701142       2.8791136       5.8322701       3.8637726       9.7247485       6.3593824       8.0629546 ...	F(t) =        8.2226169
Iter # 172008280. Elapsed time: 3892
u =		      0.41433749      0.19710862        2.879077       5.8325266       3.8638119       9.7247713       6.3593397       8.0630059 ...	F(t) =        8.2238602
Iter # 177563470. Elapsed time: 4017
u =		      0.41450377      0.19714269       2.8790409       5.8327283       3.8638071       9.7247811       6.3591609       8.0630347 ...	F(t) =        8.2251408
Iter # 193891430. Elapsed time: 4386
u =		      0.41540504      0.19760509       2.8791746       5.8335613       3.8636975       9.7247844       6.3586758       8.0623262 ...	F(t) =         8.232849
Iter # 195676940. Elapsed time: 4427
u =		      0.41550466      0.19764146       2.8792025       5.8336818       3.8635887       9.7247289       6.3585201       8.0619047 ...	F(t) =        8.2341732
Iter # 197083630. Elapsed time: 4458
u =		      0.41560159      0.19771999       2.8793176       5.8337308        3.863587       9.7247713       6.3585817       8.0619509 ...	F(t) =        8.2347504
Iter # 205108230. Elapsed time: 4640
u =		      0.41592436      0.19785968       2.8793288       5.8341251       3.8635729       9.7247438       6.3582554       8.0616966 ...	F(t) =         8.238007
Iter # 206836160. Elapsed time: 4679
u =		      0.41596138      0.19789224       2.8793986         5.83421       3.8635628       9.7247649       6.3582237       8.0617241 ...	F(t) =        8.2385548
Iter # 208767550. Elapsed time: 4723
u =		       0.4160143       0.1979217        2.879461       5.8342688       3.8635867       9.7247795       6.3581968       8.0617458 ...	F(t) =        8.2391261
Iter # 211094300. Elapsed time: 4775
u =		      0.41608965      0.19797243       2.8795457       5.8343187       3.8636064       9.7248148       6.3582071       8.0617856 ...	F(t) =         8.239621
Iter # 218619840. Elapsed time: 4946
u =		      0.41635697      0.19812676       2.8796811       5.8345887       3.8635591       9.7248186       6.3579056       8.0615271 ...	F(t) =        8.2423469
Iter # 221516350. Elapsed time: 5011
u =		      0.41648585      0.19818832       2.8796107       5.8348089       3.8635254        9.724817       6.3577063       8.0615305 ...	F(t) =        8.2434476
Iter # 223942530. Elapsed time: 5066
u =		      0.41666834      0.19829603       2.8796674       5.8349208       3.8635048       9.7248133       6.3576168       8.0613001 ...	F(t) =        8.2449646
Iter # 225960290. Elapsed time: 5111
u =		      0.41678264      0.19833379       2.8796088       5.8350856       3.8635109       9.7248319        6.357504       8.0613211 ...	F(t) =        8.2458834
Iter # 227908830. Elapsed time: 5156
u =		      0.41683432      0.19834893       2.8796658       5.8351352       3.8635231       9.7248394       6.3575065       8.0613322 ...	F(t) =        8.2462402
Iter # 245959240. Elapsed time: 5563
u =		      0.41756232      0.19868737       2.8799968       5.8358346       3.8635421       9.7249476       6.3568766       8.0612612 ...	F(t) =        8.2528786
Iter # 250341950. Elapsed time: 5663
u =		      0.41769351      0.19870257       2.8799783        5.836023       3.8635263       9.7249528       6.3567569       8.0612867 ...	F(t) =        8.2538123
Iter # 257927130. Elapsed time: 5835
u =		      0.41809928      0.19895198       2.8801768        5.836303       3.8633958       9.7249112       6.3565786       8.0605962 ...	F(t) =        8.2576193
Iter # 258497790. Elapsed time: 5847
u =		      0.41809223      0.19892669       2.8801587       5.8363349       3.8633872       9.7248939       6.3565009       8.0605803 ...	F(t) =        8.2578653
Iter # 261835070. Elapsed time: 5923
u =		      0.41818835      0.19899233        2.880281       5.8364096       3.8633972       9.7249374        6.356491       8.0606277 ...	F(t) =        8.2585949
Iter # 262765420. Elapsed time: 5944
u =		      0.41821122      0.19900121       2.8803021       5.8364283       3.8634292       9.7249424       6.3564693       8.0606386 ...	F(t) =        8.2588389
Iter # 274706660. Elapsed time: 6214
u =		      0.41871833      0.19932648        2.880513       5.8369323       3.8632464       9.7248663       6.3559666       8.0598152 ...	F(t) =         8.264614
Iter # 277063300. Elapsed time: 6267
u =		       0.4188999      0.19946932       2.8804225        5.837143       3.8631362       9.7248714       6.3557257       8.0595689 ...	F(t) =        8.2661801
Iter # 291961310. Elapsed time: 6604
u =		      0.41951587      0.19976464       2.8805409       5.8378475       3.8631496       9.7249043       6.3552169       8.0594101 ...	F(t) =        8.2715676
Iter # 294345530. Elapsed time: 6658
u =		      0.41961282      0.19985249       2.8806507       5.8379041       3.8631929       9.7249462       6.3552518       8.0594615 ...	F(t) =        8.2722764
Iter # 300480120. Elapsed time: 6797
u =		      0.41979322      0.19990136       2.8806568       5.8381362       3.8631943       9.7249353       6.3550765       8.0593923 ...	F(t) =        8.2740298
Iter # 319776940. Elapsed time: 7233
u =		      0.42069842      0.20021027       2.8806267        5.838993       3.8631214        9.724961       6.3544097       8.0590211 ...	F(t) =        8.2807678
Iter # 323306280. Elapsed time: 7313
u =		       0.4208785      0.20037824        2.880849       5.8391799       3.8630924       9.7249689       6.3544397       8.0588271 ...	F(t) =        8.2829292
Iter # 327562380. Elapsed time: 7409
u =		      0.42113441      0.20055532       2.8808347       5.8394156       3.8630553       9.7249319       6.3542292       8.0585958 ...	F(t) =        8.2850924
Iter # 336505860. Elapsed time: 7611
u =		      0.42162699      0.20072635       2.8808218       5.8399323        3.863022       9.7249979        6.353667       8.0584066 ...	F(t) =        8.2892524
Iter # 339772660. Elapsed time: 7685
u =		      0.42181046      0.20090828       2.8809676       5.8401426       3.8630315       9.7250306       6.3538453       8.0584727 ...	F(t) =        8.2907998
Iter # 342318500. Elapsed time: 7743
u =		      0.42188086      0.20096201       2.8809926       5.8402247       3.8630235       9.7250467       6.3537822       8.0584919 ...	F(t) =         8.291454
Iter # 346717040. Elapsed time: 7843
u =		      0.42197923      0.20100183       2.8810628       5.8403253       3.8630761        9.725068       6.3536477       8.0585255 ...	F(t) =        8.2925788
Iter # 347171130. Elapsed time: 7853
u =		      0.42200443      0.20102447       2.8810513       5.8404066       3.8630374        9.725081       6.3537017       8.0585377 ...	F(t) =        8.2925541
Iter # 350619360. Elapsed time: 7931
u =		       0.4221133      0.20110381       2.8810703       5.8405998       3.8630735       9.7250749       6.3534943       8.0585794 ...	F(t) =        8.2941332
Iter # 352037820. Elapsed time: 7963
u =		      0.42216039      0.20114484       2.8811316       5.8406218       3.8630802       9.7251045       6.3535191       8.0586105 ...	F(t) =        8.2943202
Iter # 354506900. Elapsed time: 8019
u =		      0.42219643       0.2011461       2.8811685       5.8406944       3.8630825       9.7251027       6.3534039       8.0586118 ...	F(t) =        8.2950374
Iter # 354933550. Elapsed time: 8028
u =		      0.42222768      0.20117444       2.8812028       5.8406928       3.8631094       9.7251249       6.3534597        8.058638 ...	F(t) =        8.2950456
Iter # 366379310. Elapsed time: 8288
u =		      0.42258713      0.20134374       2.8814357       5.8410491       3.8631486       9.7252041       6.3530598       8.0587396 ...	F(t) =         8.298292
Iter # 373531930. Elapsed time: 8450
u =		       0.4228951      0.20149272       2.8814275       5.8415111        3.863072       9.7251855       6.3528172       8.0584824 ...	F(t) =        8.3012775
Iter # 386988360. Elapsed time: 8754
u =		       0.4233671      0.20166561       2.8813921       5.8421248       3.8630907       9.7252204       6.3525003       8.0585918 ...	F(t) =        8.3049808
Iter # 389520570. Elapsed time: 8812
u =		      0.42346485      0.20168334       2.8813765       5.8422238       3.8631224       9.7252242       6.3524417       8.0586132 ...	F(t) =        8.3056594
Iter # 393092800. Elapsed time: 8892
u =		      0.42355014      0.20171353       2.8814294       5.8423547        3.863102       9.7252443       6.3522952       8.0586386 ...	F(t) =        8.3065602
Iter # 393524000. Elapsed time: 8902
u =		       0.4235931      0.20175044       2.8814754       5.8423546       3.8631386         9.72527       6.3523651         8.05867 ...	F(t) =        8.3066521
Iter # 399265650. Elapsed time: 9031
u =		       0.4237674      0.20183127       2.8816232       5.8425433       3.8631215       9.7252921       6.3522064       8.0586042 ...	F(t) =        8.3084615
Iter # 408283300. Elapsed time: 9235
u =		       0.4240856      0.20199835        2.881725       5.8429288       3.8630884       9.7253026       6.3519413       8.0583903 ...	F(t) =        8.3116309
Iter # 411478960. Elapsed time: 9308
u =		       0.4242092      0.20206022       2.8816474       5.8430663       3.8630973       9.7253159       6.3517787       8.0584072 ...	F(t) =        8.3126957
Iter # 415004440. Elapsed time: 9387
u =		      0.42433287      0.20208521       2.8816648       5.8433619       3.8630945       9.7253206        6.351753       8.0584422 ...	F(t) =        8.3137838
Iter # 416731010. Elapsed time: 9426
u =		      0.42454842      0.20223338       2.8817115       5.8434075       3.8630307       9.7252997       6.3515963       8.0580286 ...	F(t) =        8.3157234
Iter # 435778220. Elapsed time: 9857
u =		      0.42549897      0.20278471       2.8819563       5.8442149        3.862778       9.7252444       6.3509048       8.0567658 ...	F(t) =        8.3247781
Iter # 439629210. Elapsed time: 9974
u =		      0.42564582      0.20284078       2.8819521        5.844416       3.8627999       9.7252554       6.3506659       8.0567888 ...	F(t) =        8.3260141
Iter # 440953340. Elapsed time: 10004
u =		      0.42577558       0.2029039       2.8818733       5.8444365       3.8628061        9.725281       6.3505631       8.0568107 ...	F(t) =        8.3265558
Iter # 442634460. Elapsed time: 10042
u =		      0.42584709      0.20294502       2.8819283       5.8446697       3.8627742       9.7252727       6.3505705       8.0568366 ...	F(t) =        8.3274921
Iter # 443066310. Elapsed time: 10052
u =		      0.42586828      0.20296651         2.88193       5.8446739        3.862784       9.7252817       6.3506052       8.0568482 ...	F(t) =        8.3274923
Iter # 444336410. Elapsed time: 10081
u =		      0.42594339       0.2030103        2.881899       5.8447646       3.8627011       9.7252289        6.350442        8.056534 ...	F(t) =        8.3284993
Iter # 449989910. Elapsed time: 10209
u =		      0.42636416      0.20322959       2.8819425       5.8450015       3.8626608       9.7252056       6.3502767       8.0560559 ...	F(t) =        8.3316335
Iter # 456181900. Elapsed time: 10349
u =		      0.42672201       0.2033512       2.8820218       5.8454625       3.8626651       9.7252993       6.3499528       8.0561794 ...	F(t) =        8.3347601
Iter # 458028110. Elapsed time: 10391
u =		      0.42683934      0.20337838       2.8819714       5.8455595         3.86264       9.7252598       6.3497746       8.0558682 ...	F(t) =        8.3358973
Iter # 462570770. Elapsed time: 10494
u =		      0.42713573       0.2035879       2.8821404       5.8457705       3.8626062       9.7252807       6.3497753       8.0556539 ...	F(t) =        8.3385339
Iter # 463025740. Elapsed time: 10504
u =		      0.42714669      0.20359025       2.8821738       5.8457778       3.8625799       9.7252898        6.349779       8.0556594 ...	F(t) =        8.3385248
Iter # 475409220. Elapsed time: 10784
u =		      0.42748822      0.20373528       2.8821603        5.846265       3.8626053       9.7253111       6.3495257       8.0557373 ...	F(t) =        8.3414219
Iter # 476974580. Elapsed time: 10819
u =		      0.42754159      0.20377742       2.8821863       5.8463488       3.8626113       9.7253198       6.3495606       8.0557597 ...	F(t) =        8.3417783
Iter # 483436280. Elapsed time: 10965
u =		      0.42781182      0.20383201       2.8820171       5.8466986       3.8626276       9.7253013       6.3492773       8.0557575 ...	F(t) =        8.3436517
Iter # 484804270. Elapsed time: 10996
u =		      0.42798824      0.20396767       2.8820554       5.8468305       3.8626487       9.7253384       6.3493604       8.0558096 ...	F(t) =        8.3445978
Iter # 486200840. Elapsed time: 11028
u =		      0.42808986      0.20397853        2.882002       5.8469063       3.8626075       9.7253476       6.3491712       8.0558146 ...	F(t) =        8.3453014
Iter # 488169100. Elapsed time: 11072
u =		      0.42819612      0.20404689       2.8820208       5.8469723       3.8626475       9.7253655       6.3491903       8.0558471 ...	F(t) =        8.3460003
Iter # 498183060. Elapsed time: 11299
u =		      0.42850703      0.20428246        2.882026        5.847422       3.8626741       9.7254041       6.3489574       8.0559254 ...	F(t) =        8.3488948
Iter # 506076040. Elapsed time: 11478
u =		      0.42882205      0.20458991       2.8821617       5.8475812       3.8626104        9.725428       6.3487516       8.0555802 ...	F(t) =        8.3518978
Iter # 506393950. Elapsed time: 11485
u =		      0.42883065      0.20458194       2.8821303       5.8475813       3.8626262       9.7254266       6.3486795       8.0555779 ...	F(t) =        8.3520294
Iter # 518660360. Elapsed time: 11763
u =		      0.42931393      0.20514365       2.8821548        5.848212       3.8625004       9.7254261       6.3483244       8.0549534 ...	F(t) =        8.3575832
Iter # 521534170. Elapsed time: 11828
u =		      0.42940432      0.20523415       2.8821657       5.8482881       3.8625142       9.7254562       6.3482443        8.054976 ...	F(t) =        8.3583296
Iter # 522251960. Elapsed time: 11844
u =		      0.42938488      0.20516683       2.8821339       5.8484056       3.8624916       9.7254329       6.3481749       8.0549563 ...	F(t) =        8.3584577
Iter # 524577210. Elapsed time: 11896
u =		      0.42946393      0.20527967       2.8822712       5.8484579       3.8625267       9.7254772       6.3482281        8.055007 ...	F(t) =        8.3591992
Iter # 527419690. Elapsed time: 11961
u =		      0.42952066       0.2053275        2.882353       5.8485281       3.8625306       9.7255019       6.3481758       8.0550322 ...	F(t) =        8.3598873
Iter # 538976110. Elapsed time: 12222
u =		      0.42974616      0.20550797       2.8826654       5.8487967       3.8625635       9.7255899       6.3479247        8.055126 ...	F(t) =        8.3626881
Iter # 542348470. Elapsed time: 12298
u =		      0.42979646      0.20553708       2.8827326       5.8488881       3.8625749       9.7255951       6.3477909       8.0551349 ...	F(t) =         8.363668
Iter # 543360350. Elapsed time: 12321
u =		      0.42981695      0.20555244       2.8827524       5.8489126       3.8625752       9.7256034       6.3477715       8.0551432 ...	F(t) =        8.3638955
Iter # 544267840. Elapsed time: 12342
u =		      0.42983334      0.20556509       2.8827824       5.8489317       3.8625896       9.7256089       6.3477505       8.0551511 ...	F(t) =        8.3641298
Iter # 548363430. Elapsed time: 12435
u =		      0.43006735      0.20608697        2.882922       5.8490567       3.8621554       9.7252954       6.3473875       8.0531563 ...	F(t) =        8.3693082
Iter # 549629470. Elapsed time: 12464
u =		      0.43013917      0.20610774       2.8829681       5.8491217       3.8621666       9.7253242       6.3473858       8.0531889 ...	F(t) =        8.3698778
Iter # 556443670. Elapsed time: 12617
u =		      0.43045241      0.20635143       2.8830903       5.8494685       3.8622203       9.7254537       6.3471805        8.053334 ...	F(t) =        8.3723483
Iter # 558318440. Elapsed time: 12660
u =		       0.4304925      0.20637981       2.8831478       5.8495199       3.8622318       9.7254657       6.3471363       8.0533489 ...	F(t) =        8.3729047
Iter # 563093920. Elapsed time: 12768
u =		      0.43062367      0.20646696       2.8831447       5.8496524         3.86215       9.7254364       6.3468776       8.0530401 ...	F(t) =        8.3746037
Iter # 564462070. Elapsed time: 12799
u =		      0.43066304        0.206539       2.8832206       5.8497101       3.8621062        9.725427        6.346887       8.0529148 ...	F(t) =        8.3753476
Iter # 564878840. Elapsed time: 12809
u =		      0.43070114      0.20657649       2.8832662       5.8497046       3.8621412       9.7254567       6.3469627       8.0529486 ...	F(t) =        8.3753503
Iter # 572030670. Elapsed time: 12970
u =		      0.43086383      0.20675112       2.8833316       5.8500104       3.8621644        9.725501       6.3467144       8.0529951 ...	F(t) =        8.3777045
Iter # 577743660. Elapsed time: 13100
u =		      0.43097061      0.20684094       2.8834951       5.8501524       3.8621831       9.7255435       6.3465919       8.0530418 ...	F(t) =         8.379108
Iter # 579668640. Elapsed time: 13143
u =		      0.43100842      0.20686887       2.8835475       5.8501973       3.8621925        9.725558       6.3465493       8.0530577 ...	F(t) =        8.3795787
Iter # 581098200. Elapsed time: 13175
u =		      0.43105242      0.20691801       2.8836095       5.8502188       3.8621928       9.7255875       6.3465707       8.0530856 ...	F(t) =        8.3797994
Iter # 587010740. Elapsed time: 13309
u =		      0.43131874      0.20702283       2.8835703       5.8504617       3.8621596       9.7255789       6.3462216       8.0528292 ...	F(t) =        8.3822214
Iter # 594773390. Elapsed time: 13485
u =		      0.43170111      0.20729931       2.8837927       5.8507845       3.8622097       9.7257235       6.3461909       8.0529985 ...	F(t) =        8.3851052
Iter # 595273710. Elapsed time: 13496
u =		      0.43169359      0.20728069       2.8837817       5.8508079       3.8622179       9.7257082       6.3461286       8.0529863 ...	F(t) =        8.3853521
Iter # 604641980. Elapsed time: 13708
u =		      0.43196846      0.20750916       2.8839801       5.8510872       3.8621796       9.7257492       6.3458759       8.0527884 ...	F(t) =        8.3884544
Iter # 605930110. Elapsed time: 13764
u =		      0.43211034      0.20759224       2.8839212       5.8511759       3.8622151       9.7257824       6.3458345       8.0528269 ...	F(t) =        8.3891955
Iter # 608364460. Elapsed time: 13821
u =		      0.43213613      0.20760533       2.8839565        5.851286       3.8622047       9.7257901       6.3457716       8.0528372 ...	F(t) =         8.389722
Iter # 610316970. Elapsed time: 13865
u =		      0.43217006      0.20763424       2.8840022       5.8513293       3.8622067       9.7258047       6.3457257       8.0528518 ...	F(t) =        8.3901518
Iter # 623700150. Elapsed time: 14168
u =		      0.43256737      0.20798775       2.8843061        5.851714       3.8621426       9.7258658       6.3454322       8.0525501 ...	F(t) =         8.394408
Iter # 624178020. Elapsed time: 14178
u =		      0.43256151      0.20796599       2.8842943       5.8517357       3.8621651       9.7258496       6.3453721       8.0525387 ...	F(t) =        8.3946689
Iter # 643228920. Elapsed time: 14609
u =		      0.43367852      0.20944222         2.88496       5.8525649       3.8613295       9.7254486       6.3444815       8.0485017 ...	F(t) =        8.4107799
Iter # 646155590. Elapsed time: 14675
u =		      0.43373879      0.20948543       2.8850303       5.8526363       3.8613384        9.725471        6.344422       8.0485263 ...	F(t) =        8.4114896
Iter # 653847610. Elapsed time: 14850
u =		       0.4338951      0.20960362       2.8852383       5.8528167       3.8613658       9.7255305       6.3442574       8.0485909 ...	F(t) =        8.4133718
Iter # 654774930. Elapsed time: 14870
u =		      0.43390826      0.20961357        2.885265       5.8528356       3.8613828       9.7255346       6.3442346       8.0485979 ...	F(t) =        8.4135885
Iter # 656206640. Elapsed time: 14903
u =		      0.43395339      0.20966318       2.8853287       5.8528576       3.8613717       9.7255648       6.3442528        8.048625 ...	F(t) =        8.4138073
Iter # 656691440. Elapsed time: 14914
u =		      0.43396421      0.20966032       2.8853268       5.8528704       3.8613695       9.7255347       6.3441925       8.0485112 ...	F(t) =        8.4142554
Iter # 658042190. Elapsed time: 14944
u =		      0.43399678      0.20969939       2.8853853       5.8528867       3.8613823       9.7255645       6.3442205       8.0485412 ...	F(t) =        8.4143847
Iter # 661531490. Elapsed time: 15024
u =		      0.43404518      0.20973856       2.8854529       5.8529822         3.86136       9.7255727       6.3440793       8.0485465 ...	F(t) =        8.4153768
Iter # 664388130. Elapsed time: 15088
u =		      0.43410333      0.20978123       2.8855369       5.8530471       3.8613834       9.7255951       6.3440204       8.0485727 ...	F(t) =        8.4160972
Iter # 666250400. Elapsed time: 15131
u =		      0.43422397      0.20979811       2.8855061       5.8531529       3.8613708       9.7255972       6.3438014       8.0485791 ...	F(t) =        8.4167835
Iter # 666693960. Elapsed time: 15141
u =		      0.43427179      0.20986007       2.8855595       5.8531556       3.8613834       9.7256294       6.3438828       8.0486119 ...	F(t) =        8.4169066
Iter # 668143930. Elapsed time: 15173
u =		      0.43436612      0.20986532       2.8854917       5.8531618       3.8613396       9.7255742       6.3436507       8.0482932 ...	F(t) =        8.4178814
Iter # 669425730. Elapsed time: 15202
u =		      0.43442452      0.20997767       2.8856029       5.8532006       3.8613602       9.7256207       6.3437451       8.0483436 ...	F(t) =        8.4184051
Iter # 677957830. Elapsed time: 15395
u =		      0.43468385      0.21026408       2.8857716       5.8537079       3.8613423       9.7256692       6.3434122        8.048269 ...	F(t) =        8.4222397
Iter # 679938930. Elapsed time: 15440
u =		      0.43472926      0.21030287       2.8858315       5.8537626       3.8613464       9.7256858       6.3433811       8.0482876 ...	F(t) =        8.4227766
Iter # 680360990. Elapsed time: 15450
u =		      0.43475357      0.21033511       2.8858734       5.8537595        3.861349       9.7257071       6.3434233       8.0483079 ...	F(t) =        8.4227593
Iter # 681296740. Elapsed time: 15471
u =		      0.43477461       0.2103476       2.8858991       5.8537814       3.8613649       9.7257157       6.3434133       8.0483197 ...	F(t) =        8.4229844
Iter # 681853630. Elapsed time: 15483
u =		      0.43476973      0.21033183       2.8858816       5.8538069        3.861364       9.7257001       6.3433428       8.0483047 ...	F(t) =         8.423255
Iter # 685893740. Elapsed time: 15575
u =		      0.43494014      0.21048187       2.8859626       5.8538949       3.8613012        9.725692       6.3432104       8.0480469 ...	F(t) =        8.4249239
Iter # 687726480. Elapsed time: 15616
u =		      0.43502831      0.21054009       2.8859377       5.8540157       3.8612668       9.7257383       6.3430888       8.0480845 ...	F(t) =        8.4255284
Iter # 690718600. Elapsed time: 15684
u =		      0.43508008      0.21062847       2.8860242       5.8541624       3.8613275       9.7257573       6.3431294       8.0481201 ...	F(t) =         8.426418
Iter # 692656370. Elapsed time: 15727
u =		      0.43515139      0.21066637        2.886044       5.8542236       3.8613437        9.725771       6.3430951       8.0481406 ...	F(t) =        8.4269686
Iter # 694447420. Elapsed time: 15768
u =		       0.4352289      0.21076308       2.8860368       5.8543215       3.8612729       9.7257218       6.3429827       8.0478387 ...	F(t) =        8.4282116
Iter # 698360440. Elapsed time: 15856
u =		      0.43535359      0.21086326       2.8861071       5.8544947       3.8612976       9.7257736       6.3428909       8.0478981 ...	F(t) =        8.4295334
Iter # 704384280. Elapsed time: 15993
u =		       0.4357665      0.21127126       2.8861527       5.8549605       3.8611561       9.7257612       6.3426446        8.047445 ...	F(t) =        8.4336799
Iter # 704903160. Elapsed time: 16004
u =		       0.4357734      0.21128431         2.88617       5.8549708       3.8611788       9.7257513       6.3426054       8.0474376 ...	F(t) =        8.4341243
Iter # 707125790. Elapsed time: 16054
u =		      0.43583747      0.21134236        2.886236       5.8550238       3.8611761       9.7257582       6.3425915       8.0473461 ...	F(t) =        8.4347211
Iter # 710933470. Elapsed time: 16140
u =		       0.4360807      0.21141716       2.8862392       5.8551898       3.8612116       9.7257922       6.3424335       8.0473982 ...	F(t) =        8.4363766
Iter # 711764970. Elapsed time: 16159
u =		      0.43612926      0.21146233       2.8862324       5.8552456       3.8611433       9.7257681        6.342406       8.0471845 ...	F(t) =         8.436889
Iter # 714481460. Elapsed time: 16220
u =		      0.43627892      0.21159875       2.8862576       5.8553353        3.861125       9.7257476       6.3423256       8.0469106 ...	F(t) =        8.4382976
Iter # 715297770. Elapsed time: 16239
u =		       0.4363596      0.21161507       2.8861755       5.8553484       3.8611245       9.7257607       6.3421769       8.0469191 ...	F(t) =        8.4387751
Iter # 718290760. Elapsed time: 16306
u =		      0.43641952       0.2117528       2.8861696       5.8554845       3.8611288       9.7257454       6.3419556        8.046902 ...	F(t) =        8.4400302
Iter # 729878740. Elapsed time: 16568
u =		      0.43682506      0.21214638        2.886453       5.8558757       3.8611324       9.7258364       6.3418398       8.0468365 ...	F(t) =         8.443968
Iter # 731669370. Elapsed time: 16608
u =		       0.4369522      0.21219552       2.8864003       5.8559412       3.8611158       9.7258521       6.3416982       8.0468487 ...	F(t) =        8.4446491
Iter # 746002820. Elapsed time: 16933
u =		      0.43742165      0.21263342       2.8867611       5.8564304        3.860962       9.7257899       6.3413181       8.0460256 ...	F(t) =        8.4508249
Iter # 755050010. Elapsed time: 17137
u =		      0.43761501      0.21279724       2.8870365        5.856628       3.8610011       9.7258781       6.3411796        8.046119 ...	F(t) =         8.452892
Iter # 759278960. Elapsed time: 17233
u =		      0.43776695      0.21286294       2.8870932       5.8568117       3.8610064       9.7259063       6.3409304       8.0461536 ...	F(t) =        8.4545562
Iter # 763575220. Elapsed time: 17330
u =		      0.43792383      0.21300581        2.887139       5.8571411       3.8609815       9.7259527       6.3408915       8.0462065 ...	F(t) =        8.4560969
Iter # 772099610. Elapsed time: 17523
u =		      0.43896669      0.21517307       2.8884252        5.858963       3.8605416       9.7253838       6.3387756       8.0441658 ...	F(t) =        8.4780818
Iter # 780001860. Elapsed time: 17701
u =		      0.43914324      0.21529551       2.8886277       5.8592516       3.8605547       9.7254512       6.3386829       8.0442422 ...	F(t) =        8.4803085
Iter # 783885200. Elapsed time: 17789
u =		      0.43923312      0.21534693       2.8887215       5.8593527       3.8605688       9.7254827       6.3386132       8.0442772 ...	F(t) =        8.4813703
Iter # 791328870. Elapsed time: 17957
u =		      0.43947627      0.21558986       2.8886508       5.8598769       3.8605874       9.7255198       6.3383999       8.0442317 ...	F(t) =        8.4846475
Iter # 799411720. Elapsed time: 18141
u =		      0.43976567      0.21595817       2.8889104       5.8602794        3.860552       9.7255459       6.3380975       8.0441161 ...	F(t) =        8.4886116
Iter # 799905110. Elapsed time: 18152
u =		      0.43975986      0.21594159        2.888902       5.8603043       3.8605498       9.7255315       6.3380344       8.0441032 ...	F(t) =        8.4888677
Iter # 804233960. Elapsed time: 18250
u =		      0.44001956      0.21606925       2.8888486       5.8605078       3.8605326       9.7255466       6.3377562        8.043922 ...	F(t) =        8.4908729
Iter # 805554040. Elapsed time: 18280
u =		       0.4401267      0.21620025       2.8888586       5.8606329       3.8604997       9.7255963       6.3377748       8.0439633 ...	F(t) =        8.4915629
Iter # 812725150. Elapsed time: 18442
u =		       0.4404244      0.21648504       2.8890534       5.8610309       3.8604992        9.725593       6.3376173       8.0436823 ...	F(t) =        8.4952091
Iter # 814187020. Elapsed time: 18475
u =		       0.4404354      0.21648269       2.8890701         5.86108       3.8604895       9.7255865       6.3375352       8.0436757 ...	F(t) =        8.4956854
Iter # 815110490. Elapsed time: 18496
u =		      0.44045444      0.21649839       2.8891004       5.8611007       3.8604949       9.7255935       6.3375111       8.0436834 ...	F(t) =         8.495929
Iter # 823798530. Elapsed time: 18692
u =		      0.44062918      0.21663624       2.8893308       5.8613059       3.8605215       9.7256615       6.3373269       8.0437559 ...	F(t) =        8.4980531
Iter # 827433550. Elapsed time: 18775
u =		      0.44075582      0.21669232       2.8893583       5.8614099       3.8605351       9.7256995       6.3371339       8.0437951 ...	F(t) =        8.4990933
Iter # 828810480. Elapsed time: 18806
u =		      0.44083774      0.21677333       2.8894766       5.8614638       3.8605414       9.7257382       6.3371939       8.0438366 ...	F(t) =        8.4996857
Iter # 832615990. Elapsed time: 18891
u =		      0.44091951      0.21683759       2.8896071       5.8615852       3.8605706       9.7257654       6.3371321        8.043874 ...	F(t) =        8.5007557
Iter # 833158720. Elapsed time: 18904
u =		      0.44091488      0.21682319       2.8895923       5.8616118       3.8605602       9.7257506        6.337061       8.0438592 ...	F(t) =        8.5010224
Iter # 835972170. Elapsed time: 18967
u =		       0.4409772      0.21686846       2.8896732        5.861678       3.8605802       9.7257722       6.3370017       8.0438848 ...	F(t) =        8.5017517
Iter # 836400280. Elapsed time: 18977
u =		      0.44099802      0.21689334       2.8897062       5.8616753       3.8605955       9.7257926       6.3370505       8.0439063 ...	F(t) =        8.5017068
Iter # 846921360. Elapsed time: 19215
u =		      0.44120468      0.21705234       2.8899644       5.8619359       3.8606058       9.7258592       6.3368031       8.0439781 ...	F(t) =         8.504356
Iter # 853263780. Elapsed time: 19358
u =		      0.44178723      0.21820507       2.8903499       5.8620933       3.8597155       9.7252856       6.3361073        8.039765 ...	F(t) =        8.5155515
Iter # 858808150. Elapsed time: 19484
u =		      0.44218274      0.21843417        2.890383       5.8624099       3.8597736       9.7254511        6.335963       8.0399541 ...	F(t) =        8.5182754
Iter # 863575100. Elapsed time: 19591
u =		      0.44245766      0.21865473       2.8904592       5.8626254        3.859679       9.7254078       6.3358585       8.0393893 ...	F(t) =        8.5209511
Iter # 866401200. Elapsed time: 19655
u =		      0.44255548      0.21866523       2.8904145       5.8626977       3.8596505       9.7254172       6.3356559       8.0393926 ...	F(t) =        8.5217551
Iter # 878489730. Elapsed time: 19928
u =		      0.44329648      0.21946207       2.8906827       5.8634948       3.8594163       9.7254638        6.335197        8.038669 ...	F(t) =         8.527955
Iter # 883239620. Elapsed time: 20036
u =		       0.4435113      0.21953996       2.8907164       5.8636554        3.859519       9.7254628       6.3350815       8.0384966 ...	F(t) =        8.5299187
Iter # 883826090. Elapsed time: 20049
u =		      0.44350339      0.21951391       2.8907148       5.8636796       3.8595223       9.7254482       6.3350232       8.0384843 ...	F(t) =        8.5301535
Iter # 888546080. Elapsed time: 20156
u =		      0.44374457      0.21967459       2.8907014       5.8638391       3.8595414       9.7255257       6.3349116       8.0385451 ...	F(t) =        8.5319207
Iter # 894927830. Elapsed time: 20301
u =		      0.44382773      0.21961242       2.8905652        5.864046       3.8595575       9.7255339       6.3345266       8.0385511 ...	F(t) =         8.532809
Iter # 895350150. Elapsed time: 20310
u =		      0.44398338      0.21979135       2.8905893       5.8640818        3.859495       9.7255856       6.3346189       8.0385963 ...	F(t) =        8.5337169
Iter # 898760240. Elapsed time: 20387
u =		      0.44411139      0.22003922       2.8907363       5.8642468       3.8595728       9.7256105       6.3346956       8.0385616 ...	F(t) =        8.5357009
Iter # 902991400. Elapsed time: 20483
u =		      0.44441938      0.22025095       2.8907165        5.864491       3.8595296       9.7256201       6.3346928       8.0383684 ...	F(t) =        8.5379347
Iter # 905460740. Elapsed time: 20539
u =		       0.4444479      0.22015421       2.8905719       5.8645518       3.8595151       9.7256159       6.3343844       8.0383523 ...	F(t) =        8.5381495
Iter # 913930310. Elapsed time: 20731
u =		      0.44480067      0.22044267       2.8907543       5.8648518       3.8595778        9.725718       6.3344188        8.038474 ...	F(t) =         8.541278
Iter # 916438270. Elapsed time: 20788
u =		      0.44487609      0.22050227       2.8908176       5.8649183       3.8595926       9.7257596       6.3344378       8.0385153 ...	F(t) =        8.5417899
Iter # 927415060. Elapsed time: 21036
u =		      0.44523585      0.22078786       2.8908741        5.865258       3.8596322       9.7258499       6.3341711       8.0386107 ...	F(t) =        8.5450568
Iter # 934739920. Elapsed time: 21202
u =		      0.44551932      0.22107385       2.8907876       5.8655656       3.8596276       9.7259126       6.3339248        8.038569 ...	F(t) =        8.5475628
Iter # 943451010. Elapsed time: 21399
u =		      0.44571439      0.22132478        2.890974       5.8658162       3.8596464       9.7259668       6.3338293       8.0385432 ...	F(t) =        8.5498581
Iter # 945189430. Elapsed time: 21438
u =		      0.44578971      0.22137059        2.890876       5.8659055        3.859656       9.7259812       6.3336863       8.0385523 ...	F(t) =        8.5504521
Iter # 954483830. Elapsed time: 21648
u =		      0.44602727      0.22157512       2.8909979       5.8661212       3.8596953       9.7260459       6.3335703       8.0386145 ...	F(t) =        8.5526683
Iter # 955090900. Elapsed time: 21662
u =		      0.44605802      0.22161853       2.8910272       5.8661483       3.8596625       9.7260553       6.3335917        8.038622 ...	F(t) =        8.5528977
Iter # 957183540. Elapsed time: 21709
u =		      0.44611951      0.22163383       2.8910831       5.8661929       3.8596945       9.7260773       6.3335828       8.0386523 ...	F(t) =        8.5532686
Iter # 973216060. Elapsed time: 22072
u =		      0.44737621      0.22271604       2.8916974       5.8663884       3.8580933       9.7250411       6.3315097       8.0311694 ...	F(t) =        8.5717838
Iter # 979260680. Elapsed time: 22208
u =		      0.44789874      0.22351812       2.8928695       5.8665772       3.8576897       9.7248437       6.3318007       8.0292308 ...	F(t) =        8.5802899
Iter # 997382010. Elapsed time: 22618
u =		       0.4507982      0.22643516       2.8949212       5.8655764         3.85419        9.723188       6.3294094       8.0130317 ...	F(t) =        8.6167889
Iter # 1004113400. Elapsed time: 22770
u =		      0.45235598      0.22724506       2.8944031       5.8656941       3.8546959       9.7241708       6.3297981       8.0138839 ...	F(t) =        8.6173532
Iter # 1005819570. Elapsed time: 22808
u =		      0.45326078      0.22725819       2.8940127       5.8660446       3.8548839       9.7245227       6.3302057       8.0142278 ...	F(t) =        8.6191008
Iter # 1018914530. Elapsed time: 23103
u =		      0.45494105      0.22770934       2.8942462       5.8669969       3.8553065       9.7254336       6.3313636       8.0153776 ...	F(t) =        8.6259304
Iter # 1022900540. Elapsed time: 23193
u =		      0.45514037       0.2277321       2.8943617       5.8670572        3.855398        9.725625       6.3314666       8.0155899 ...	F(t) =         8.626605
Iter # 1024496840. Elapsed time: 23229
u =		      0.45523937      0.22772292       2.8944107       5.8670922       3.8554332       9.7257048       6.3315059       8.0156809 ...	F(t) =        8.6269202
Iter # 1028684660. Elapsed time: 23324
u =		      0.45694586      0.22788964       2.8939318       5.8681139       3.8553641       9.7263387       6.3322701       8.0164814 ...	F(t) =        8.6310659
Iter # 1036376910. Elapsed time: 23498
u =		      0.45807988      0.22800261       2.8930628       5.8688805       3.8558817       9.7268216       6.3321379       8.0171662 ...	F(t) =        8.6335901
Iter # 1039834570. Elapsed time: 23576
u =		      0.45836126      0.22808777       2.8932197       5.8694167       3.8560123       9.7269446       6.3325878       8.0172092 ...	F(t) =        8.6349066
Iter # 1042383530. Elapsed time: 23633
u =		      0.45845762      0.22806756       2.8932272       5.8695097       3.8560382        9.727026        6.332602       8.0173037 ...	F(t) =        8.6352368
Iter # 1044334860. Elapsed time: 23678
u =		      0.45849868      0.22795398       2.8930427       5.8695025       3.8560652       9.7270663       6.3323765        8.017338 ...	F(t) =        8.6348357
Iter # 1047389640. Elapsed time: 23746
u =		      0.45873543      0.22807808       2.8931531       5.8696772       3.8561308       9.7271894       6.3326078       8.0174992 ...	F(t) =        8.6362781
Iter # 1048355540. Elapsed time: 23768
u =		      0.45877492      0.22808465       2.8931729       5.8696969       3.8561482        9.727217       6.3326207       8.0175318 ...	F(t) =        8.6364334
Iter # 1057153500. Elapsed time: 23967
u =		      0.45927994      0.22815058       2.8930121       5.8701242       3.8562514       9.7275015       6.3327439        8.017872 ...	F(t) =        8.6376161
Iter # 1064877310. Elapsed time: 24142
u =		      0.45972957      0.22823734       2.8928022        5.870492        3.856382       9.7277573       6.3327564       8.0181764 ...	F(t) =        8.6386875
Iter # 1068106570. Elapsed time: 24215
u =		      0.46004882      0.22828894       2.8926719       5.8707047       3.8564445       9.7279572       6.3328282       8.0183207 ...	F(t) =        8.6397077
Iter # 1069089050. Elapsed time: 24237
u =		      0.46019958      0.22830859       2.8925688       5.8707229       3.8564701       9.7280189       6.3328325       8.0183953 ...	F(t) =        8.6398443
Iter # 1074712550. Elapsed time: 24364
u =		      0.46067494      0.22841005        2.892329       5.8711636       3.8565802       9.7282182       6.3329883       8.0186832 ...	F(t) =        8.6410527
Iter # 1075137580. Elapsed time: 24374
u =		      0.46072889      0.22843024       2.8923711       5.8711583       3.8565992       9.7282506       6.3330277       8.0187183 ...	F(t) =         8.641242
Iter # 1076623320. Elapsed time: 24407
u =		      0.46073673      0.22830246       2.8922039       5.8711799       3.8565784       9.7282691       6.3327952       8.0187317 ...	F(t) =        8.6406931
Iter # 1077486620. Elapsed time: 24427
u =		      0.46088706      0.22846563       2.8922601       5.8713882       3.8566164        9.728333       6.3330436       8.0188224 ...	F(t) =        8.6415733
Iter # 1079291120. Elapsed time: 24468
u =		      0.46114595      0.22843243       2.8921762       5.8715181       3.8567211        9.728474       6.3330404       8.0190171 ...	F(t) =        8.6422425
Iter # 1081152910. Elapsed time: 24510
u =		      0.46128251      0.22848439       2.8922742       5.8715434        3.856767        9.728594       6.3331498       8.0191504 ...	F(t) =        8.6426254
Iter # 1083945000. Elapsed time: 24573
u =		      0.46149288      0.22851839       2.8921743        5.871737       3.8567891       9.7287137        6.333144       8.0192896 ...	F(t) =        8.6431164
Iter # 1085273250. Elapsed time: 24603
u =		      0.46156738       0.2285183       2.8921338       5.8718114       3.8568282       9.7287419       6.3331805       8.0193431 ...	F(t) =        8.6433318
Iter # 1093369120. Elapsed time: 24786
u =		      0.46211514      0.22864816       2.8921689       5.8720696       3.8570152       9.7291451       6.3332193        8.019811 ...	F(t) =          8.64485
Iter # 1096837570. Elapsed time: 24865
u =		      0.46217784      0.22862968       2.8921881       5.8721239       3.8570612       9.7292012        6.333162        8.019879 ...	F(t) =        8.6452472
Iter # 1101778890. Elapsed time: 24976
u =		      0.46242554      0.22865288       2.8921231       5.8723013       3.8571055       9.7293385       6.3332031       8.0200379 ...	F(t) =         8.645853
Iter # 1104205560. Elapsed time: 25031
u =		      0.46251175      0.22863031        2.892039        5.872373       3.8571339       9.7293782       6.3331592       8.0200916 ...	F(t) =        8.6459545
Iter # 1104621110. Elapsed time: 25040
u =		       0.4625392       0.2286667       2.8920674       5.8724181       3.8571124        9.729404       6.3332274       8.0201237 ...	F(t) =        8.6460119
Iter # 1105604260. Elapsed time: 25063
u =		      0.46256934      0.22866606       2.8920637       5.8724513       3.8571274       9.7294166       6.3332381       8.0201436 ...	F(t) =        8.6461388
Iter # 1117207590. Elapsed time: 25325
u =		      0.46366653      0.22869683       2.8916004       5.8730518       3.8572803       9.7297305       6.3335038       8.0205083 ...	F(t) =        8.6483513
Iter # 1120651810. Elapsed time: 25402
u =		      0.46373092      0.22860238       2.8914559       5.8730951       3.8572976       9.7298004       6.3332847        8.020579 ...	F(t) =        8.6480899
Iter # 1121417700. Elapsed time: 25420
u =		      0.46388838       0.2287214       2.8915116       5.8732301         3.85734       9.7298437       6.3333769       8.0206461 ...	F(t) =         8.649059
Iter # 1122975910. Elapsed time: 25455
u =		      0.46403661      0.22875879       2.8914546        5.873261       3.8573736       9.7299156       6.3333601       8.0207255 ...	F(t) =         8.649225
Iter # 1129629280. Elapsed time: 25605
u =		      0.46442698      0.22875887        2.891336       5.8736207       3.8574507       9.7301006       6.3334196       8.0209831 ...	F(t) =        8.6503626
Iter # 1138658540. Elapsed time: 25809
u =		      0.46507153      0.22866447       2.8910298       5.8739703       3.8575641       9.7304995       6.3332068       8.0214246 ...	F(t) =         8.650799
Iter # 1139637480. Elapsed time: 25831
u =		      0.46524821      0.22879993        2.891095       5.8741471       3.8576551       9.7305381       6.3333414       8.0214991 ...	F(t) =        8.6520347
Iter # 1140049810. Elapsed time: 25841
u =		       0.4653058      0.22885104       2.8911087       5.8741654        3.857681       9.7305629       6.3333972       8.0215322 ...	F(t) =        8.6520675
Iter # 1140877950. Elapsed time: 25860
u =		      0.46541604      0.22886778       2.8910343       5.8741692       3.8577172       9.7306194       6.3333107       8.0215957 ...	F(t) =        8.6525646
Iter # 1142248410. Elapsed time: 25891
u =		      0.46556312      0.22878517        2.891034       5.8744344       3.8576984        9.730674       6.3334074       8.0217014 ...	F(t) =        8.6530258
Iter # 1145173650. Elapsed time: 25957
u =		      0.46581998      0.22882024       2.8909176       5.8745084       3.8577736       9.7308081       6.3334045       8.0218556 ...	F(t) =        8.6534183
Iter # 1157284450. Elapsed time: 26230
u =		      0.46670202      0.22909851       2.8905743       5.8752658       3.8580344       9.7313819       6.3335116       8.0224251 ...	F(t) =        8.6562113
Iter # 1159190400. Elapsed time: 26273
u =		      0.46687593      0.22897993       2.8901714       5.8754644       3.8580638       9.7315236       6.3332156       8.0225699 ...	F(t) =        8.6551483
Iter # 1160376990. Elapsed time: 26300
u =		      0.46709513       0.2291999       2.8902517       5.8756357       3.8581443       9.7315914       6.3335636        8.022681 ...	F(t) =        8.6566087
Iter # 1164080420. Elapsed time: 26384
u =		      0.46730747      0.22920795       2.8901522       5.8758064         3.85819       9.7317074       6.3335478       8.0228147 ...	F(t) =        8.6573837
Iter # 1165316850. Elapsed time: 26412
u =		       0.4673463      0.22922667       2.8901614       5.8759484       3.8582106       9.7317385       6.3336549       8.0228637 ...	F(t) =        8.6576422
Iter # 1172342910. Elapsed time: 26570
u =		      0.46774068      0.22922899        2.890047       5.8762445       3.8583272       9.7319388       6.3334177       8.0231076 ...	F(t) =        8.6588991
Iter # 1175547640. Elapsed time: 26643
u =		      0.46785527      0.22923893       2.8900595       5.8763683       3.8583608       9.7320305        6.333504       8.0232145 ...	F(t) =        8.6590602
Iter # 1178776450. Elapsed time: 26716
u =		      0.46804605      0.22924888       2.8898723       5.8764401       3.8584013       9.7321218       6.3333615       8.0233209 ...	F(t) =        8.6594479
Iter # 1179536490. Elapsed time: 26733
u =		      0.46816203      0.22931791        2.889858       5.8764652       3.8584192        9.732194       6.3333832       8.0234025 ...	F(t) =        8.6596936
Iter # 1180709530. Elapsed time: 26760
u =		      0.46826384      0.22934593       2.8899359       5.8765077        3.858442       9.7322759       6.3334747       8.0234952 ...	F(t) =        8.6600671
Iter # 1186305450. Elapsed time: 26886
u =		      0.46850575      0.22940459       2.8896566       5.8768361       3.8585837       9.7325085       6.3332968       8.0237458 ...	F(t) =        8.6607695
Iter # 1193413170. Elapsed time: 27047
u =		      0.46888157      0.22944181       2.8895864       5.8772558        3.858665       9.7327267       6.3334334       8.0240405 ...	F(t) =        8.6618407
Iter # 1194294370. Elapsed time: 27067
u =		       0.4689833      0.22948362       2.8895026       5.8772749       3.8586706       9.7327774       6.3333834       8.0240899 ...	F(t) =         8.661875
Iter # 1196595440. Elapsed time: 27119
u =		      0.46915393      0.22941675       2.8894302       5.8774138       3.8587262       9.7328893       6.3333325        8.024235 ...	F(t) =        8.6623019
Iter # 1198920310. Elapsed time: 27171
u =		      0.46933867      0.22951028       2.8895536       5.8774837       3.8587958       9.7330091       6.3334985       8.0243743 ...	F(t) =        8.6630564
Iter # 1200434720. Elapsed time: 27205
u =		      0.46935442      0.22947965       2.8895416       5.8775287       3.8588307       9.7330268       6.3334536       8.0244027 ...	F(t) =        8.6631822
Iter # 1201162010. Elapsed time: 27222
u =		      0.46952294      0.22954275        2.889482       5.8775517       3.8588709       9.7331331       6.3334386        8.024527 ...	F(t) =        8.6635754
Iter # 1206789410. Elapsed time: 27349
u =		      0.46985165      0.22960484       2.8894161       5.8777784       3.8589602       9.7333438       6.3335273       8.0247904 ...	F(t) =        8.6643744
Iter # 1209749540. Elapsed time: 27416
u =		      0.47009046      0.22964036        2.889349       5.8778898       3.8589869       9.7334349       6.3335714       8.0248932 ...	F(t) =        8.6649203
Iter # 1216436360. Elapsed time: 27567
u =		      0.47030511      0.22956738       2.8892688       5.8779584       3.8590945       9.7336097       6.3334143       8.0250846 ...	F(t) =        8.6650657
Iter # 1218186090. Elapsed time: 27607
u =		        0.470572      0.22967621       2.8892123       5.8780956       3.8591476       9.7337477       6.3333953       8.0252543 ...	F(t) =        8.6659175
Iter # 1219004300. Elapsed time: 27625
u =		      0.47065323      0.22970152       2.8892763          5.8782       3.8591557       9.7337795       6.3334015       8.0253051 ...	F(t) =        8.6663678
Iter # 1220065940. Elapsed time: 27649
u =		      0.47077195      0.22977373       2.8893103       5.8783103       3.8591926       9.7338589       6.3335388        8.025402 ...	F(t) =        8.6668521
Iter # 1226367890. Elapsed time: 27792
u =		      0.47117323      0.22980987       2.8892095       5.8784517       3.8592813       9.7340928       6.3334831       8.0256642 ...	F(t) =        8.6675049
Iter # 1235630340. Elapsed time: 28001
u =		       0.4716043      0.22993073       2.8890242       5.8788162       3.8594307       9.7343466       6.3335695         8.02597 ...	F(t) =        8.6690039
Iter # 1240974940. Elapsed time: 28122
u =		      0.47175458      0.22992239       2.8890474       5.8790335       3.8594539       9.7344737       6.3336469       8.0261183 ...	F(t) =        8.6693106
Iter # 1242638230. Elapsed time: 28160
u =		      0.47185951      0.22993958       2.8889471       5.8790638       3.8595115       9.7345244       6.3335984       8.0261812 ...	F(t) =        8.6695652
Iter # 1254402340. Elapsed time: 28425
u =		      0.47258625      0.22997383       2.8885338       5.8796855       3.8596635       9.7349196       6.3333956       8.0266524 ...	F(t) =         8.671195
Iter # 1255361580. Elapsed time: 28447
u =		      0.47268151      0.22994762       2.8884313       5.8797129       3.8596858       9.7349654       6.3333389       8.0267028 ...	F(t) =        8.6711813
Iter # 1256995690. Elapsed time: 28484
u =		      0.47310252      0.23011763       2.8884246       5.8798209        3.859799       9.7351884       6.3335235        8.026976 ...	F(t) =        8.6724234
Iter # 1257399380. Elapsed time: 28493
u =		      0.47313427      0.23011936       2.8884658       5.8798181       3.8598228       9.7352086       6.3335197       8.0269996 ...	F(t) =        8.6726608
Iter # 1257820120. Elapsed time: 28502
u =		      0.47319805      0.23018872       2.8884517       5.8798713       3.8598658       9.7352728       6.3336001       8.0270808 ...	F(t) =         8.672757
Iter # 1274832050. Elapsed time: 28887
u =		      0.47621275      0.23062903       2.8874919       5.8810856       3.8601298       9.7359085        6.334833       8.0277005 ...	F(t) =        8.6791985
Iter # 1278118870. Elapsed time: 28961
u =		      0.47636627      0.23055739       2.8872126       5.8812745        3.860144       9.7359583       6.3345765       8.0277774 ...	F(t) =        8.6793343
Iter # 1284966940. Elapsed time: 29116
u =		      0.47688242      0.23066188       2.8870674       5.8816334         3.86026       9.7362043       6.3347288       8.0280881 ...	F(t) =        8.6805636
Iter # 1285454940. Elapsed time: 29127
u =		      0.47687926      0.23067391       2.8870663         5.88172       3.8602744        9.736207       6.3347815       8.0280998 ...	F(t) =        8.6807006
Iter # 1291449490. Elapsed time: 29262
u =		      0.47710372      0.23066556       2.8871191       5.8818561       3.8603595       9.7363675       6.3348476        8.028289 ...	F(t) =        8.6814529
Iter # 1302403650. Elapsed time: 29510
u =		      0.47767435      0.23072781       2.8868511        5.882351       3.8604786       9.7366625       6.3347941       8.0286456 ...	F(t) =        8.6829285
Iter # 1302932180. Elapsed time: 29522
u =		      0.47761785      0.23058794       2.8866747        5.882327       3.8604796       9.7366524       6.3345373       8.0286269 ...	F(t) =        8.6822511
Iter # 1309545060. Elapsed time: 29671
u =		      0.47862231      0.23094129       2.8863333       5.8830784       3.8606304       9.7372593       6.3347415       8.0293323 ...	F(t) =         8.685314
Iter # 1310392790. Elapsed time: 29691
u =		      0.47860117      0.23091351       2.8863671       5.8831444       3.8606679       9.7372135       6.3349266       8.0289538 ...	F(t) =        8.6853878
Iter # 1319057690. Elapsed time: 29886
u =		      0.47957741      0.23094055       2.8860877       5.8837085       3.8609332        9.737739       6.3349644       8.0296337 ...	F(t) =         8.687517
Iter # 1347694630. Elapsed time: 30534
u =		      0.48187506      0.23130299       2.8856294       5.8851296       3.8614459       9.7391658       6.3353125       8.0307707 ...	F(t) =        8.6936096
Iter # 1350125330. Elapsed time: 30589
u =		      0.48212234      0.23137024       2.8855185       5.8853453       3.8615601       9.7393322       6.3354318       8.0309862 ...	F(t) =        8.6937017
Iter # 1357501070. Elapsed time: 30755
u =		      0.48292481      0.23151518       2.8851914       5.8859149       3.8617832       9.7398182        6.335475       8.0315959 ...	F(t) =        8.6961785
Iter # 1359325820. Elapsed time: 30796
u =		      0.48300348      0.23148172       2.8851516       5.8859987       3.8618278       9.7398542       6.3354686       8.0316564 ...	F(t) =        8.6963218
Iter # 1363118500. Elapsed time: 30882
u =		       0.4832655      0.23154274       2.8851855       5.8861051       3.8618645       9.7400085       6.3354701       8.0318303 ...	F(t) =        8.6968964
Iter # 1363686990. Elapsed time: 30895
u =		      0.48325052      0.23151532       2.8851654       5.8861268       3.8618821       9.7399953       6.3354089       8.0318224 ...	F(t) =        8.6970434
Iter # 1367300010. Elapsed time: 30977
u =		      0.48344366      0.23154137       2.8851018       5.8862836       3.8619448       9.7401004       6.3353342       8.0319489 ...	F(t) =        8.6976007
Iter # 1380159430. Elapsed time: 31268
u =		      0.48747328       0.2321833       2.8847197       5.8881984       3.8629068        9.742562       6.3359981        8.034125 ...	F(t) =        8.7083968
Iter # 1380521270. Elapsed time: 31276
u =		       0.4874966       0.2322095       2.8847309       5.8882021       3.8629204       9.7425844       6.3360423       8.0341485 ...	F(t) =        8.7084256
Iter # 1382297830. Elapsed time: 31316
u =		      0.48766202      0.23218313       2.8846494       5.8883678       3.8629744       9.7426892       6.3360442       8.0340878 ...	F(t) =        8.7089297
Iter # 1384068780. Elapsed time: 31356
u =		      0.48782169      0.23223208        2.884781       5.8884192       3.8630116       9.7428226       6.3361767       8.0342401 ...	F(t) =        8.7094017
Iter # 1387494480. Elapsed time: 31434
u =		      0.48807276      0.23223361       2.8847301       5.8885533       3.8631027       9.7430264       6.3361659       8.0344752 ...	F(t) =        8.7100229
Iter # 1390205660. Elapsed time: 31495
u =		      0.48824247      0.23231808       2.8848068       5.8886153       3.8631642       9.7431575       6.3362905       8.0346308 ...	F(t) =        8.7105529
Iter # 1390543170. Elapsed time: 31503
u =		      0.48822774      0.23228325       2.8847862       5.8886324       3.8631647       9.7431583        6.336236       8.0346334 ...	F(t) =        8.7105239
Iter # 1392325200. Elapsed time: 31543
u =		      0.48835598      0.23231498       2.8848251       5.8887431        3.863196       9.7432669       6.3363542       8.0347614 ...	F(t) =        8.7107988
Iter # 1394495190. Elapsed time: 31592
u =		       0.4885641      0.23235373       2.8847583       5.8887952       3.8632845       9.7433815       6.3363583       8.0349013 ...	F(t) =        8.7114112
Iter # 1396480920. Elapsed time: 31637
u =		      0.48893059      0.23244731       2.8847181       5.8889442       3.8633728       9.7436032       6.3365804       8.0351815 ...	F(t) =        8.7120808
Iter # 1397134610. Elapsed time: 31651
u =		      0.48907014      0.23246796       2.8846662       5.8889671       3.8634166       9.7436796       6.3365597       8.0352707 ...	F(t) =        8.7122891
Iter # 1397636430. Elapsed time: 31663
u =		      0.48916685      0.23250774       2.8847277       5.8890776       3.8634603        9.743743       6.3367234       8.0353669 ...	F(t) =        8.7127536
Iter # 1398838200. Elapsed time: 31690
u =		      0.48945533      0.23253404       2.8846038       5.8891736       3.8634781       9.7438869       6.3367979       8.0355446 ...	F(t) =        8.7131684
Iter # 1400585280. Elapsed time: 31729
u =		      0.48953399       0.2325173       2.8846495       5.8892315       3.8635672       9.7439763       6.3367999       8.0356614 ...	F(t) =        8.7135452
Iter # 1405911760. Elapsed time: 31850
u =		      0.49028735      0.23261382       2.8847593       5.8892961       3.8637692       9.7444921       6.3370238       8.0361504 ...	F(t) =        8.7149883
Iter # 1428637350. Elapsed time: 32363
u =		      0.49184089      0.23294414       2.8847462       5.8902094       3.8642065       9.7455517       6.3376516       8.0371484 ...	F(t) =        8.7193944
Iter # 1435190720. Elapsed time: 32511
u =		      0.49218559      0.23296622       2.8845879       5.8904518       3.8643211       9.7457407       6.3375549       8.0373717 ...	F(t) =         8.720178
Iter # 1436449990. Elapsed time: 32540
u =		      0.49243959      0.23305415       2.8844938       5.8905687       3.8643442       9.7458991       6.3375589       8.0375516 ...	F(t) =        8.7205415
Iter # 1439284910. Elapsed time: 32604
u =		      0.49290846       0.2331091       2.8842085       5.8909607       3.8643392        9.746153       6.3379631       8.0372519 ...	F(t) =        8.7214835
Iter # 1441568560. Elapsed time: 32655
u =		      0.49317686      0.23298729       2.8838159       5.8911429         3.86447       9.7463128       6.3375551       8.0374406 ...	F(t) =        8.7211701
Iter # 1449114490. Elapsed time: 32826
u =		      0.49387144      0.23320888       2.8839371       5.8916056       3.8646234        9.746704       6.3379747       8.0378966 ...	F(t) =        8.7240357
Iter # 1449960220. Elapsed time: 32845
u =		      0.49393615      0.23319138       2.8838269       5.8916018        3.864641       9.7467261       6.3378628       8.0379156 ...	F(t) =         8.724143
Iter # 1452838660. Elapsed time: 32910
u =		      0.49404162      0.23315509       2.8838844       5.8917269       3.8646867       9.7467928       6.3379141        8.038005 ...	F(t) =        8.7245374
Iter # 1453242110. Elapsed time: 32919
u =		      0.49408735      0.23317743        2.883918         5.89172       3.8647121       9.7468315       6.3379894       8.0380477 ...	F(t) =        8.7244859
Iter # 1456082000. Elapsed time: 32983
u =		      0.49416356       0.2331709       2.8839755       5.8917616       3.8647238       9.7468995       6.3379853       8.0381222 ...	F(t) =        8.7247527
Iter # 1470154700. Elapsed time: 33301
u =		      0.49466735      0.23321762       2.8839734       5.8921479       3.8648824       9.7472401       6.3380451       8.0385287 ...	F(t) =        8.7261951
Iter # 1481351810. Elapsed time: 33554
u =		       0.4951592      0.23325508       2.8837315       5.8925901       3.8650074        9.747503       6.3380679        8.038855 ...	F(t) =        8.7276297
Iter # 1490261280. Elapsed time: 33755
u =		      0.49548894      0.23314069       2.8834937       5.8928037       3.8651142       9.7477103       6.3378855       8.0390978 ...	F(t) =        8.7278255
Iter # 1491226110. Elapsed time: 33777
u =		       0.4956494      0.23326762       2.8835598       5.8929378       3.8651172       9.7477525       6.3379689        8.039157 ...	F(t) =        8.7288041
Iter # 1504716260. Elapsed time: 34082
u =		      0.49648231       0.2333404       2.8833565          5.8935       3.8653162       9.7482064       6.3379192       8.0397117 ...	F(t) =        8.7306616
Iter # 1511314160. Elapsed time: 34231
u =		      0.49695208      0.23342042       2.8830048       5.8938285       3.8654493       9.7484228       6.3377473       8.0399705 ...	F(t) =        8.7318435
Iter # 1517886720. Elapsed time: 34380
u =		      0.49728787      0.23337597       2.8826886       5.8942364        3.865529       9.7485847       6.3375839       8.0401868 ...	F(t) =         8.732403
Iter # 1519132040. Elapsed time: 34408
u =		      0.49744036      0.23347683       2.8827625       5.8943105       3.8655654       9.7486426       6.3377698       8.0402635 ...	F(t) =        8.7331851
Iter # 1521168470. Elapsed time: 34454
u =		      0.49749124      0.23335789       2.8825988       5.8943678       3.8655756       9.7486818       6.3375834       8.0403028 ...	F(t) =        8.7327788
Iter # 1521897210. Elapsed time: 34470
u =		      0.49763444      0.23350219       2.8826614       5.8944035       3.8655846         9.74873       6.3377483         8.04036 ...	F(t) =        8.7335927
Iter # 1524863150. Elapsed time: 34537
u =		       0.4977528      0.23345986       2.8826772       5.8946177       3.8656282        9.748812        6.337869        8.040469 ...	F(t) =        8.7337747
Iter # 1525397190. Elapsed time: 34549
u =		      0.49770936      0.23335598       2.8825141       5.8945794       3.8656054       9.7488038       6.3376074       8.0404448 ...	F(t) =        8.7333105
Iter # 1544650150. Elapsed time: 34984
u =		      0.49940682      0.23377845        2.881944       5.8955157       3.8661137       9.7498248        6.337699       8.0416761 ...	F(t) =        8.7376459
Iter # 1546004090. Elapsed time: 35015
u =		      0.49938002      0.23394513       2.8821359       5.8956526        3.866086       9.7498653       6.3379206       8.0415471 ...	F(t) =         8.738428
Iter # 1546453280. Elapsed time: 35025
u =		      0.49940446       0.2340374       2.8821949       5.8957046       3.8661328       9.7499385       6.3380136       8.0416271 ...	F(t) =        8.7387491
Iter # 1547302920. Elapsed time: 35044
u =		      0.49940557       0.2339941       2.8822004        5.895809       3.8661207       9.7499493       6.3379919       8.0416579 ...	F(t) =        8.7387688
Iter # 1548083040. Elapsed time: 35062
u =		      0.49948022      0.23407385       2.8822177       5.8958461       3.8661543       9.7499964       6.3380976        8.041717 ...	F(t) =        8.7391111
Iter # 1548452260. Elapsed time: 35070
u =		      0.49949846      0.23408132       2.8822282        5.895866       3.8661503       9.7500038       6.3380851       8.0417287 ...	F(t) =        8.7393074
Iter # 1551582440. Elapsed time: 35141
u =		      0.49980815      0.23420938       2.8821693       5.8960245       3.8662673       9.7502561       6.3381403       8.0420285 ...	F(t) =        8.7400204
Iter # 1553001130. Elapsed time: 35173
u =		      0.50004673      0.23426267       2.8820906        5.896098        3.866304        9.750405       6.3381477       8.0421942 ...	F(t) =        8.7402981
Iter # 1553538270. Elapsed time: 35185
u =		      0.50014494      0.23429151       2.8821751       5.8962885        3.866241       9.7504434       6.3383482       8.0422645 ...	F(t) =        8.7407117
Iter # 1554148520. Elapsed time: 35199
u =		      0.50016771      0.23424278       2.8821336       5.8962921       3.8662416       9.7504382       6.3382688       8.0422581 ...	F(t) =        8.7408009
Iter # 1564496650. Elapsed time: 35432
u =		      0.50081788      0.23431119       2.8821182       5.8965782       3.8664892       9.7508256       6.3383419       8.0427269 ...	F(t) =         8.742408
Iter # 1571350980. Elapsed time: 35587
u =		      0.50217646      0.23466776       2.8815788       5.8974785       3.8668033       9.7516164       6.3385114       8.0433961 ...	F(t) =        8.7460254
Iter # 1576259800. Elapsed time: 35698
u =		      0.50263265       0.2347064        2.881527       5.8977417       3.8669847       9.7518681       6.3384113        8.043723 ...	F(t) =        8.7475609
Iter # 1578070400. Elapsed time: 35739
u =		      0.50275231      0.23473911       2.8816126        5.897763       3.8670079       9.7519847       6.3385028       8.0438501 ...	F(t) =           8.7477
Iter # 1579131450. Elapsed time: 35763
u =		      0.50279293      0.23471489       2.8816202       5.8977945       3.8670472       9.7520198       6.3384597       8.0438959 ...	F(t) =        8.7480082
Iter # 1582732070. Elapsed time: 35844
u =		      0.50309244       0.2347025       2.8815543       5.8979636       3.8671386       9.7522248       6.3385012       8.0441416 ...	F(t) =        8.7485898
Iter # 1604905130. Elapsed time: 36345
u =		      0.50476069      0.23508013       2.8809293       5.8991226       3.8675654       9.7532068       6.3386068       8.0453194 ...	F(t) =        8.7525682
Iter # 1610153920. Elapsed time: 36463
u =		      0.50525846       0.2351723       2.8808437         5.89957       3.8677072        9.753551       6.3388307       8.0456642 ...	F(t) =        8.7541465
Iter # 1619069890. Elapsed time: 36664
u =		      0.50614348      0.23531841       2.8804345       5.8999972       3.8679288       9.7540226       6.3388501       8.0461146 ...	F(t) =        8.7561779
Iter # 1622411970. Elapsed time: 36740
u =		      0.50637645      0.23535252       2.8805861       5.9002615       3.8680331       9.7542168       6.3390394       8.0463655 ...	F(t) =        8.7571335
Iter # 1625008220. Elapsed time: 36799
u =		       0.5066322      0.23541145       2.8804952       5.9004604       3.8681343       9.7543997       6.3391076       8.0465848 ...	F(t) =        8.7576665
Iter # 1627899540. Elapsed time: 36864
u =		      0.50673223      0.23542441       2.8805345       5.9004877       3.8681504       9.7544864       6.3391476       8.0466746 ...	F(t) =        8.7578708
Iter # 1630562530. Elapsed time: 36924
u =		      0.50690444      0.23545932       2.8803884       5.9006074       3.8681904        9.754546       6.3391429        8.046742 ...	F(t) =        8.7584439
Iter # 1637199360. Elapsed time: 37074
u =		      0.50718956      0.23538372       2.8803464       5.9008135       3.8682695        9.754703       6.3391042       8.0469456 ...	F(t) =        8.7590624
Iter # 1646198810. Elapsed time: 37277
u =		      0.50768552      0.23535092        2.879993       5.9012589       3.8684096       9.7549922       6.3390771       8.0472995 ...	F(t) =        8.7598393
Iter # 1651754100. Elapsed time: 37403
u =		      0.50798598      0.23538509       2.8800341       5.9015175       3.8684631       9.7551443       6.3392248       8.0475022 ...	F(t) =        8.7609235
Iter # 1654841360. Elapsed time: 37473
u =		       0.5081893      0.23544223       2.8799833       5.9015668       3.8684881       9.7552701       6.3392096       8.0476362 ...	F(t) =        8.7613913
Iter # 1659598840. Elapsed time: 37580
u =		      0.50833873      0.23534296       2.8798622       5.9017643       3.8685873       9.7553695       6.3391381       8.0477614 ...	F(t) =        8.7614987
Iter # 1667475820. Elapsed time: 37758
u =		      0.50891909      0.23554345       2.8796754       5.9021908       3.8687003       9.7556511       6.3391433       8.0481228 ...	F(t) =        8.7634022
Iter # 1677339400. Elapsed time: 37981
u =		      0.50936881      0.23549347       2.8793148       5.9027223       3.8688482       9.7559174       6.3391014       8.0484637 ...	F(t) =        8.7641295
Iter # 1678126890. Elapsed time: 37999
u =		      0.50954016      0.23564945       2.8794152       5.9028129       3.8688207       9.7559897       6.3393073       8.0485487 ...	F(t) =        8.7647758
Iter # 1685931360. Elapsed time: 38176
u =		         0.50988      0.23592318       2.8789073       5.9032508       3.8690189       9.7564117       6.3390039       8.0487741 ...	F(t) =        8.7660707
Iter # 1688750470. Elapsed time: 38239
u =		      0.51002058       0.2359892       2.8789531       5.9035494         3.86911       9.7565739       6.3391907       8.0490024 ...	F(t) =        8.7665924
Iter # 1689622530. Elapsed time: 38259
u =		      0.51003654      0.23606059       2.8789509       5.9035872       3.8690761       9.7565913       6.3392088       8.0490203 ...	F(t) =        8.7668063
Iter # 1709141340. Elapsed time: 38700
u =		      0.51113754      0.23625509       2.8786875       5.9043269       3.8694398       9.7573109       6.3392136       8.0498878 ...	F(t) =        8.7698153
Iter # 1712670490. Elapsed time: 38780
u =		      0.51153349      0.23623125       2.8785016       5.9045782       3.8694726       9.7574304       6.3390245       8.0500479 ...	F(t) =        8.7708319
Iter # 1713019980. Elapsed time: 38788
u =		      0.51157188      0.23626787        2.878499       5.9045871       3.8694881       9.7574583       6.3390849       8.0500815 ...	F(t) =        8.7706693
Iter # 1714235120. Elapsed time: 38815
u =		      0.51167439      0.23628347       2.8783974       5.9046071       3.8695155       9.7575041       6.3390193       8.0501307 ...	F(t) =        8.7709939
Iter # 1716524230. Elapsed time: 38867
u =		      0.51183832      0.23633293       2.8782686        5.904873       3.8695328        9.757599       6.3390621       8.0502481 ...	F(t) =        8.7713109
Iter # 1717561990. Elapsed time: 38890
u =		       0.5118508      0.23634335       2.8782818       5.9049255       3.8695786       9.7576138       6.3391214       8.0502784 ...	F(t) =        8.7714217
Iter # 1720284010. Elapsed time: 38952
u =		      0.51194935       0.2363316       2.8782317       5.9050023       3.8696038       9.7576584       6.3390991       8.0503364 ...	F(t) =        8.7718302
Iter # 1721837350. Elapsed time: 38987
u =		      0.51201079      0.23634247       2.8782228       5.9050767       3.8696129       9.7576901       6.3391559        8.050382 ...	F(t) =        8.7719839
Iter # 1722890750. Elapsed time: 39010
u =		      0.51205095      0.23634135       2.8782064        5.905112        3.869635       9.7577086        6.339168       8.0504092 ...	F(t) =        8.7721259
Iter # 1725413670. Elapsed time: 39067
u =		      0.51214757      0.23630027       2.8781538       5.9051636       3.8696653       9.7577641       6.3390899       8.0504765 ...	F(t) =        8.7723236
Iter # 1730921310. Elapsed time: 39192
u =		      0.51257014       0.2365263       2.8780325       5.9053918       3.8697219       9.7579751       6.3393118       8.0505788 ...	F(t) =        8.7734947
Iter # 1733601270. Elapsed time: 39252
u =		      0.51270537       0.2365162       2.8779949       5.9055396       3.8697526       9.7580643       6.3393345        8.050686 ...	F(t) =        8.7737765
Iter # 1737880090. Elapsed time: 39349
u =		      0.51299907      0.23658448       2.8778648       5.9057216       3.8698556       9.7582208       6.3393548       8.0508749 ...	F(t) =        8.7745356
Iter # 1739389300. Elapsed time: 39383
u =		      0.51304713      0.23647117       2.8777204       5.9057526       3.8698456       9.7582883       6.3391112       8.0509362 ...	F(t) =        8.7742383
Iter # 1743473500. Elapsed time: 39475
u =		      0.51343314      0.23658522       2.8777816       5.9059399       3.8699658       9.7584857       6.3392803       8.0511797 ...	F(t) =         8.775649
Iter # 1745487150. Elapsed time: 39521
u =		      0.51349085      0.23655286       2.8777466       5.9060325       3.8699871        9.758518       6.3392849       8.0512323 ...	F(t) =        8.7757143
srun: Job step aborted: Waiting up to 2 seconds for job step to finish.
slurmd[node264]: error: *** JOB 325467 CANCELLED AT 2022-08-25T20:30:26 ***
[0:node264] unexpected disconnect completion event from [1:node310]
Assertion failed in file ../../dapl_conn_rc.c at line 1128: 0
internal ABORT - process 0
[mpiexec@node264] HYD_pmcd_pmiserv_send_signal (./pm/pmiserv/pmiserv_cb.c:221): assert (!closed) failed
[mpiexec@node264] ui_cmd_cb (./pm/pmiserv/pmiserv_pmci.c:128): unable to send SIGUSR1 downstream
[mpiexec@node264] HYDT_dmxu_poll_wait_for_event (./tools/demux/demux_poll.c:77): callback returned error status
[mpiexec@node264] HYD_pmci_wait_for_completion (./pm/pmiserv/pmiserv_pmci.c:388): error waiting for event
[mpiexec@node264] main (./ui/mpich/mpiexec.c:718): process manager error waiting for completion
