=================================================== BSF Target ====================================================
Problem name: blend
Number of Workers: 10
OpenMP is turned off!
Map List is not Fragmented.
Before conversion: m =	74	n = 114
After conversion:  m =	196	n = 81
Eps Min Dir Length:	0.001
Eps Objective:		1e-06
Eps Shift:		0.001
Eps Zero Compare:	0.001
Eps Zero Direction:	0.001
Exact Obj Value:	30.812
Distance to Apex:	0
Low Cost Percentile:	0.02
Gap Max:		0.2
Obj Vector Length:	1
Start Shift Lengt:	1
Blocking obj var:	false
Use low cost vars:	false
--------------- Statisics ---------------
Number of high-cost variables:	17
Number of low-cost variables:	13
Number of zero-cost variables:	51
Problem Scale:			26.32
--------------- Data ---------------
Obj Function:	            5.36            5.08            4.51             4.2             3.6            -3.2              -3           -2.87 ...
Start point:	       4.2245848       3.3710701       4.1403731       8.6205042       4.0837481       18.388008       1.9911169       11.846707 ...	F(x) = 24.040894
Apex point:	       4.2245848       3.3710701       4.1403731       8.6205042       4.0837481       18.388008       1.9911169       11.846707 ...	F(x) = 24.040894
-------------------------------------------
--------- Finding feasible point ------------
Iter # 0. Elapsed time: 0
u =		       4.2245848       3.3710701       4.1403731       8.6205042       4.0837481       18.388008       1.9911169       11.846707 ...	F(t) =        24.040894
Landing# 0. Elapsed time: 0
u =		       4.2245263       3.3710082       4.1403313       8.6204542       4.0837447       18.388358       1.9910807       11.846457 ...	F(t) =        24.039413
Landing# 500. Elapsed time: 39
u =		       4.2488429       3.3906708       4.1640109       8.6192691       4.0987431       18.563001        1.983155       11.733839 ...	F(t) =        24.136505
Landing# 1000. Elapsed time: 79
u =		       4.2727902       3.4098695       4.1873847       8.6188741       4.1138071       18.737523       1.9753464       11.621256 ...	F(t) =        24.231105
Landing# 1500. Elapsed time: 120
u =		       4.2968065       3.4293271       4.2107034       8.6191935       4.1288151       18.911773       1.9675139       11.508899 ...	F(t) =        24.329892
Landing# 2000. Elapsed time: 159
u =		       4.3204469       3.4485407       4.2338675       8.6192866       4.1437266       19.085993        1.959593       11.396509 ...	F(t) =        24.423918
Landing# 2500. Elapsed time: 197
u =		        4.344308       3.4674737       4.2569259       8.6198497       4.1585393       19.259575       1.9518445       11.284339 ...	F(t) =        24.519475
Landing# 3000. Elapsed time: 235
u =		        4.367794        3.486573       4.2798665       8.6210553       4.1736211       19.432918       1.9440086       11.172799 ...	F(t) =        24.616261
Landing# 3500. Elapsed time: 273
u =		       4.3912921       3.5053458       4.3027708       8.6220475       4.1885774       19.606462       1.9361624       11.060806 ...	F(t) =        24.710285
Landing# 4000. Elapsed time: 312
u =		       4.4149929       3.5243472        4.326124       8.6225536        4.203419       19.780058       1.9284029       10.948762 ...	F(t) =        24.805727
Landing# 4500. Elapsed time: 370
u =		       4.4385028       3.5431478       4.3490457       8.6239758       4.2184326       19.953578       1.9204895       10.836889 ...	F(t) =        24.901459
Landing# 5000. Elapsed time: 409
u =		         4.46157        3.561617       4.3715661       8.6255054       4.2332134        20.12655       1.9127153       10.725318 ...	F(t) =        24.991396
Landing# 5500. Elapsed time: 447
u =		       4.4849376        3.580444       4.3943491       8.6278941       4.2482452       20.299554       1.9049776       10.613776 ...	F(t) =        25.089583
Landing# 6000. Elapsed time: 485
u =		       4.5078695       3.5989113       4.4168543        8.629914       4.2627181       20.468723       1.8973186       10.504667 ...	F(t) =        25.182622
Landing# 6500. Elapsed time: 523
u =		       4.5309067       3.6173381       4.4392943       8.6276857       4.2756033       20.619463       1.8901572       10.407299 ...	F(t) =        25.273896
Landing# 7000. Elapsed time: 560
u =		        4.553615       3.6359313       4.4614747        8.618985       4.2857357       20.737821       1.8833075       10.331032 ...	F(t) =        25.365867
Landing# 7500. Elapsed time: 597
u =		       4.5749408       3.6533314       4.4823481       8.6012462       4.2921472       20.814401       1.8763385        10.28159 ...	F(t) =        25.443254
Landing# 8000. Elapsed time: 633
u =		       4.5962109       3.6705422       4.5030036       8.5758699       4.2953964       20.854651       1.8696008       10.255515 ...	F(t) =        25.524068
Landing# 8500. Elapsed time: 670
u =		       4.6167459       3.6874199       4.5229865       8.5463571       4.2968726       20.872713        1.862743        10.24389 ...	F(t) =        25.603648
Landing# 9000. Elapsed time: 705
u =		       4.6371539       3.7039596       4.5429709       8.5143913       4.2974483       20.880266       1.8559577       10.238955 ...	F(t) =        25.682685
Landing# 9500. Elapsed time: 743
u =		       4.6577066       3.7206526       4.5629033       8.4811809       4.2976854       20.883334       1.8491447       10.236964 ...	F(t) =        25.762909
Landing# 10000. Elapsed time: 781
u =		       4.6775859       3.7369775       4.5826136        8.447433        4.297817       20.884597       1.8422553       10.236188 ...	F(t) =        25.836959
Landing# 10500. Elapsed time: 818
u =		       4.6980029       3.7534585       4.6023053       8.4136291       4.2978416       20.885177       1.8354692       10.235779 ...	F(t) =        25.915069
Landing# 11000. Elapsed time: 854
u =		       4.7183241       3.7701618       4.6222359       8.3799591       4.2979129       20.885357       1.8286271        10.23563 ...	F(t) =        25.996059
Landing# 11500. Elapsed time: 890
u =		       4.7385887       3.7864867       4.6419909       8.3462754       4.2978084       20.885452        1.821649       10.235573 ...	F(t) =        26.074013
Landing# 12000. Elapsed time: 928
u =		         4.75926       3.8033537       4.6620318       8.3128656       4.2979903       20.885457       1.8149166       10.235641 ...	F(t) =         26.15983
Landing# 12500. Elapsed time: 967
u =		       4.7791856       3.8194055       4.6815043       8.2792197       4.2979434       20.885476       1.8081278       10.235564 ...	F(t) =        26.233833
Landing# 13000. Elapsed time: 1003
u =		       4.7992736       3.8358671        4.701269       8.2457776       4.2979282       20.885426       1.8012699       10.235656 ...	F(t) =        26.312878
Landing# 13500. Elapsed time: 1042
u =		       4.8188509       3.8515985       4.7205259       8.2121779       4.2977952       20.885436       1.7942436       10.235534 ...	F(t) =        26.383083
Landing# 14000. Elapsed time: 1077
u =		       4.8396007       3.8682568       4.7405521       8.1790872       4.2978683       20.885324       1.7874777       10.235701 ...	F(t) =        26.469783
Landing# 14500. Elapsed time: 1114
u =		       4.8600455       3.8846972       4.7604617       8.1458291       4.2979747       20.885273       1.7806754       10.235783 ...	F(t) =        26.552626
Landing# 15000. Elapsed time: 1152
u =		       4.8797619       3.9007402       4.7797437       8.1123686       4.2978707       20.885333        1.773692       10.235692 ...	F(t) =        26.625742
Landing# 15500. Elapsed time: 1189
u =		       4.8996305       3.9169356       4.7994099        8.078929       4.2978255       20.885365       1.7668016       10.235622 ...	F(t) =        26.702551
Landing# 16000. Elapsed time: 1227
u =		       4.9199978       3.9332575       4.8191378       8.0455391        4.297891       20.885349       1.7600656       10.235715 ...	F(t) =         26.78296
Landing# 16500. Elapsed time: 1262
u =		       4.9406836       3.9498879       4.8390927       8.0122749        4.297965       20.885326       1.7532525       10.235774 ...	F(t) =        26.868475
Landing# 17000. Elapsed time: 1300
u =		       4.9608162        3.966323       4.8588322       7.9786353       4.2978873       20.885372       1.7462641       10.235676 ...	F(t) =        26.947623
Landing# 17500. Elapsed time: 1338
u =		       4.9808233       3.9822736       4.8783026       7.9449376       4.2980015       20.885431       1.7393994       10.235699 ...	F(t) =        27.022583
Landing# 18000. Elapsed time: 1375
u =		        5.000989       3.9985511       4.8979252        7.911244       4.2979147       20.885516       1.7325564        10.23563 ...	F(t) =        27.100186
Landing# 18500. Elapsed time: 1413
u =		       5.0212225       4.0148147       4.9177135       7.8774785        4.297885       20.885542       1.7257546       10.235625 ...	F(t) =        27.178501
Landing# 19000. Elapsed time: 1449
u =		       5.0417789       4.0313117       4.9376225       7.8437682       4.2978869       20.885572       1.7189652       10.235547 ...	F(t) =        27.260928
Landing# 19500. Elapsed time: 1486
u =		       5.0618568       4.0476417       4.9572301        7.810015       4.2979341       20.885601       1.7119915       10.235554 ...	F(t) =        27.338656
Landing# 20000. Elapsed time: 1521
u =		       5.0817525       4.0636999       4.9768947       7.7761397       4.2978735       20.885615       1.7050693       10.235451 ...	F(t) =        27.413938
Landing# 20500. Elapsed time: 1560
u =		       5.1020241       4.0802984       4.9966401       7.7425524       4.2979361       20.885669        1.698359       10.235523 ...	F(t) =        27.494959
Landing# 21000. Elapsed time: 1598
u =		       5.1224125       4.0965305       5.0163858       7.7088793        4.297952       20.885693        1.691489       10.235487 ...	F(t) =         27.57527
Landing# 21500. Elapsed time: 1636
u =		       5.1424834       4.1127828       5.0360423       7.6750087       4.2979646       20.885693        1.684633       10.235439 ...	F(t) =        27.652583
Landing# 22000. Elapsed time: 1674
u =		       5.1631778       4.1295041       5.0560308        7.641331       4.2980063       20.885712       1.6778272       10.235511 ...	F(t) =        27.737539
Landing# 22500. Elapsed time: 1709
u =		       5.1831768       4.1455828       5.0754565       7.6073149       4.2978702       20.885763       1.6708029       10.235329 ...	F(t) =        27.812114
Landing# 23000. Elapsed time: 1747
u =		       5.2042711       4.1626195       5.0959827       7.5719502       4.2981838       20.886433       1.6640029       10.235017 ...	F(t) =        27.896547
Landing# 23500. Elapsed time: 1783
u =		       5.2302637       4.1837651       5.1213907       7.5156199       4.2984926        20.89077        1.657185       10.232147 ...	F(t) =        27.961937
Landing# 24000. Elapsed time: 1820
u =		       5.2591436       4.2070487       5.1493371       7.4553441       4.2987857       20.892555       1.6507172       10.231114 ...	F(t) =        28.051678
Landing# 24500. Elapsed time: 1856
u =		       5.2869048        4.229229       5.1765049       7.3947251        4.298782        20.89321       1.6442271       10.230667 ...	F(t) =        28.125916
Landing# 25000. Elapsed time: 1892
u =		       5.3150041       4.2519147       5.2038386       7.3342155       4.2987792       20.893357       1.6376847       10.230548 ...	F(t) =        28.206228
Landing# 25500. Elapsed time: 1928
u =		       5.3421982       4.2739473        5.230706       7.2731699       4.2987981       20.893454       1.6309322       10.230471 ...	F(t) =        28.274522
Landing# 26000. Elapsed time: 1966
u =		       5.3706291       4.2968249        5.258217       7.2127341        4.298744       20.893369       1.6243967       10.230477 ...	F(t) =        28.358571
Landing# 26500. Elapsed time: 2005
u =		       5.3986511       4.3194051       5.2856324       7.1518012       4.2987824       20.893235       1.6180254       10.230543 ...	F(t) =        28.436717
Landing# 27000. Elapsed time: 2042
u =		       5.4267725       4.3421901       5.3131813       7.0906064       4.2987985       20.893205       1.6114271       10.230681 ...	F(t) =        28.515292
Landing# 27500. Elapsed time: 2078
u =		       5.4547968       4.3646834       5.3404859       7.0295516       4.2986971       20.893093       1.6047521       10.230646 ...	F(t) =        28.591594
Landing# 28000. Elapsed time: 2114
u =		       5.4829425       4.3875692       5.3680758       6.9688981       4.2987614       20.893013       1.5983024        10.23075 ...	F(t) =         28.67304
Landing# 28500. Elapsed time: 2150
u =		       5.5109234       4.4098655       5.3951057       6.9084006       4.2987837       20.892954         1.59166       10.230814 ...	F(t) =        28.749468
Landing# 29000. Elapsed time: 2186
u =		       5.5387754       4.4324168       5.4223454       6.8478646       4.2987895       20.892904       1.5851622       10.230878 ...	F(t) =        28.826648
Landing# 29500. Elapsed time: 2222
u =		       5.5668191       4.4551094       5.4497338       6.7869401       4.2987387       20.892847       1.5786638        10.23088 ...	F(t) =        28.904228
Landing# 30000. Elapsed time: 2258
u =		       5.5952718       4.4779751       5.4773473       6.7257472       4.2987309       20.892773       1.5720991       10.230912 ...	F(t) =        28.984942
Landing# 30500. Elapsed time: 2296
u =		       5.6231046       4.5004847       5.5048728       6.6646078       4.2987161       20.892761       1.5656136       10.230936 ...	F(t) =        29.059981
Landing# 31000. Elapsed time: 2335
u =		       5.6512126       4.5232241         5.53219       6.6037492       4.2987357       20.892674       1.5590218       10.230956 ...	F(t) =        29.138651
Landing# 31500. Elapsed time: 2372
u =		       5.6795566       4.5461237       5.5599075       6.5430171       4.2987186       20.892513       1.5525542       10.231065 ...	F(t) =        29.220584
Landing# 32000. Elapsed time: 2410
u =		       5.7078436       4.5690638       5.5873796       6.4823583       4.2987185       20.892413       1.5458805       10.231131 ...	F(t) =        29.302131
Landing# 32500. Elapsed time: 2446
u =		       5.7351555       4.5911592       5.6142937       6.4217699       4.2986475        20.89237       1.5392214       10.231133 ...	F(t) =        29.371789
Landing# 33000. Elapsed time: 2484
u =		       5.7635749       4.6142172       5.6422278        6.360908       4.2986664       20.892164        1.532814       10.231242 ...	F(t) =        29.455194
Landing# 33500. Elapsed time: 2521
u =		       5.7919918       4.6380425       5.6700609       6.2991423       4.2987722       20.892323       1.5263708       10.231221 ...	F(t) =        29.538016
Landing# 34000. Elapsed time: 2558
u =		       5.8182318       4.6614724       5.6968998       6.2370465        4.298728       20.892727       1.5195351       10.230946 ...	F(t) =        29.600544
Landing# 34500. Elapsed time: 2595
u =		       5.8450765       4.6848973       5.7239855        6.176731       4.2987395       20.892893       1.5131288       10.230804 ...	F(t) =        29.673608
Landing# 35000. Elapsed time: 2633
u =		       5.8714152       4.7077948       5.7506448        6.116354       4.2987461       20.893153       1.5062912       10.230589 ...	F(t) =        29.739755
Landing# 35500. Elapsed time: 2670
u =		       5.8989958       4.7307362       5.7778035       6.0564385       4.2986976       20.893291       1.4998334       10.230472 ...	F(t) =        29.815909
Landing# 36000. Elapsed time: 2711
u =		        5.926835       4.7537077       5.8050707       5.9962825       4.2987931       20.893406       1.4934325       10.230466 ...	F(t) =        29.893222
Landing# 36500. Elapsed time: 2751
u =		       5.9543773        4.776081        5.832086       5.9361577       4.2987179        20.89359       1.4867404       10.230236 ...	F(t) =        29.965814
Landing# 37000. Elapsed time: 2790
u =		       5.9830892       4.7990141       5.8599838       5.8757978        4.298797       20.893693         1.48056       10.230286 ...	F(t) =        30.048945
Landing# 37500. Elapsed time: 2830
u =		       6.0103117       4.8214535       5.8868303       5.8156771       4.2987229       20.893737       1.4739202        10.23019 ...	F(t) =        30.119452
Landing# 38000. Elapsed time: 2868
u =		       6.0385764       4.8440565       5.9143496        5.755587       4.2987843       20.893779       1.4676874        10.23019 ...	F(t) =        30.198603
Landing# 38500. Elapsed time: 2906
u =		       6.0669959       4.8668221       5.9419436       5.6954641       4.2988743       20.893809       1.4612605       10.230211 ...	F(t) =        30.280148
Landing# 39000. Elapsed time: 2944
u =		       6.0945059       4.8893131       5.9690584        5.635069       4.2988107       20.893853       1.4546672       10.230099 ...	F(t) =        30.352353
Landing# 39500. Elapsed time: 2984
u =		       6.1221155       4.9115852       5.9962903       5.5747974       4.2987682       20.893944       1.4482406       10.230022 ...	F(t) =        30.424722
Landing# 40000. Elapsed time: 3025
u =		       6.1505999        4.934313       6.0236381       5.5150419       4.2988167        20.89395       1.4419373        10.23013 ...	F(t) =        30.506663
Landing# 40500. Elapsed time: 3063
u =		       6.1778216       4.9566031       6.0506031       5.4548395       4.2987683       20.893987        1.435317       10.229922 ...	F(t) =        30.577086
Landing# 41000. Elapsed time: 3102
u =		       6.2063927       4.9793334        6.078034       5.3948992       4.2988099       20.894022       1.4289083       10.229995 ...	F(t) =         30.65932
Landing# 41500. Elapsed time: 3140
u =		       6.2334621       5.0015465       6.1050394       5.3345936       4.2987052       20.894071       1.4223462       10.229891 ...	F(t) =         30.72749
Landing# 42000. Elapsed time: 3180
u =		       6.2591922       5.0234085       6.1297246       5.2779081       4.2987426       20.893879       1.4156862       10.229994 ...	F(t) =        30.793041
Landing# 42500. Elapsed time: 3222
u =		       6.2833907       5.0445624        6.154137       5.2215536       4.2986954       20.894166       1.4089292       10.229787 ...	F(t) =         30.84717
Landing# 43000. Elapsed time: 3261
u =		       6.3106473       5.0662399       6.1800596        5.164892       4.2987492       20.894373       1.4028897       10.229664 ...	F(t) =        30.924796
Landing# 43500. Elapsed time: 3303
u =		       6.3361306       5.0873393       6.2060957        5.107518       4.2986915       20.894649       1.3968066       10.229484 ...	F(t) =        30.987537
srun: Job step aborted: Waiting up to 2 seconds for job step to finish.
slurmd[node267]: error: *** STEP 325735.0 CANCELLED AT 2022-08-30T21:22:28 ***
slurmd[node267]: error: *** JOB 325735 CANCELLED AT 2022-08-30T21:22:28 ***
[mpiexec@node267] handle_exit_status (./pm/pmiserv/pmiserv_cb.c:538): assert (!closed) failed
[mpiexec@node267] HYDT_dmxu_poll_wait_for_event (./tools/demux/demux_poll.c:77): callback returned error status
[mpiexec@node267] HYD_pmci_wait_for_completion (./pm/pmiserv/pmiserv_pmci.c:388): error waiting for event
[mpiexec@node267] main (./ui/mpich/mpiexec.c:718): process manager error waiting for completion
/bin/rm: cannot remove `/tmp/srun___logue': No such file or directory
