=================================================== BSF Target ====================================================
Problem name: blend
Number of Workers: 10
OpenMP is turned off!
Map List is not Fragmented.
Before conversion: m =	74	n = 114
After conversion:  m =	196	n = 81
Eps Min Dir Length:	1e-07
Eps Objective:		1e-07
Eps Shift:		1e-07
Eps Zero Compare:	1e-07
Eps Zero Direction:	1e-07
Exact Obj Value:	30.812
Distance to Apex:	0
Low Cost Percentile:	0.01
Gap Max:		0.005
Obj Vector Length:	0.0001
Start Shift Lengt:	1
Blocking obj var:	false
Use low cost vars:	true
--------------- Statisics ---------------
Number of high-cost variables:	21
Number of low-cost variables:	9
Number of zero-cost variables:	51
Problem Scale:			26.32
--------------- Data ---------------
Obj Function:	            5.36            5.08            4.51             4.2             3.6            -3.2              -3           -2.87 ...
Start point:	      0.51349085      0.23655286       2.8777466       5.9060325       3.8699871        9.758518       6.3392849       8.0512323 ...	F(x) = 8.7757143
Apex point:	      0.51349085      0.23655286       2.8777466       5.9060325       3.8699871        9.758518       6.3392849       8.0512323 ...	F(x) = 8.7757143
-------------------------------------------
--------- Finding feasible point ------------
Iter # 0. Elapsed time: 0
u =		      0.51349085      0.23655286       2.8777466       5.9060325       3.8699871        9.758518       6.3392849       8.0512323 ...	F(t) =        8.7757143
Iter # 4086150. Elapsed time: 92
u =		      0.51389429      0.23667641       2.8775855       5.9062889       3.8700544       9.7587407       6.3393246       8.0514974 ...	F(t) =        8.7767695
Iter # 4431110. Elapsed time: 100
u =		      0.51391356      0.23669469       2.8776127       5.9063466       3.8700428        9.758757       6.3393732       8.0515218 ...	F(t) =        8.7769403
Iter # 7481440. Elapsed time: 168
u =		      0.51415552      0.23673815       2.8775083       5.9065429       3.8700895       9.7588951       6.3393796       8.0516946 ...	F(t) =        8.7775113
Iter # 13156110. Elapsed time: 295
u =		      0.51458076      0.23677409       2.8773074       5.9069586       3.8702699       9.7591411       6.3394115       8.0520248 ...	F(t) =        8.7786661
Iter # 15806740. Elapsed time: 355
u =		      0.51486872      0.23688261       2.8771907       5.9071317       3.8703283       9.7593048       6.3394759         8.05222 ...	F(t) =        8.7793564
Iter # 17801480. Elapsed time: 400
u =		      0.51498802      0.23690105       2.8771786       5.9073022       3.8703793       9.7593665       6.3395248       8.0523171 ...	F(t) =        8.7799291
Iter # 20201660. Elapsed time: 454
u =		      0.51513578      0.23687628       2.8770581       5.9074419       3.8704217       9.7594573       6.3394509       8.0524321 ...	F(t) =        8.7801181
Iter # 21294740. Elapsed time: 478
u =		      0.51527092      0.23696539       2.8770707       5.9075253        3.870442        9.759529       6.3395632       8.0525196 ...	F(t) =        8.7806016
Iter # 23191040. Elapsed time: 521
u =		      0.51541283      0.23698328       2.8769921       5.9076721       3.8704728       9.7596126       6.3395525       8.0526276 ...	F(t) =        8.7810293
Iter # 30751090. Elapsed time: 691
u =		      0.51604639      0.23711639       2.8767455       5.9081748       3.8706534       9.7599688       6.3396418       8.0530799 ...	F(t) =        8.7826662
Iter # 33021890. Elapsed time: 742
u =		       0.5162091       0.2371469        2.876694       5.9083282       3.8706941       9.7600612       6.3396812       8.0532007 ...	F(t) =        8.7831009
Iter # 35265980. Elapsed time: 792
u =		       0.5163981      0.23718811       2.8765753       5.9084498       3.8707023       9.7601717       6.3396535        8.053326 ...	F(t) =        8.7834425
Iter # 36745150. Elapsed time: 826
u =		      0.51650951      0.23720639       2.8765668       5.9085822       3.8707793       9.7602259       6.3397037       8.0534119 ...	F(t) =        8.7839843
Iter # 44313990. Elapsed time: 995
u =		      0.51709644      0.23731822       2.8763249        5.909102       3.8709517       9.7605623       6.3398008       8.0538473 ...	F(t) =        8.7854492
Iter # 48077610. Elapsed time: 1080
u =		      0.51737129       0.2372959       2.8761141       5.9093544       3.8710351        9.760724       6.3396851        8.054051 ...	F(t) =        8.7860428
Iter # 49192940. Elapsed time: 1105
u =		      0.51748937      0.23739494       2.8761597       5.9094334        3.871068       9.7607859       6.3398449       8.0541315 ...	F(t) =        8.7864989
Iter # 53364490. Elapsed time: 1198
u =		      0.51784607      0.23746322       2.8760044       5.9097585       3.8711103       9.7609881       6.3398251       8.0543866 ...	F(t) =         8.787618
Optimal LCV not found!
Iter # 64172750. Elapsed time: 1441
u =		      0.51861046      0.23746744       2.8755045       5.9104048       3.8713909        9.761437         6.33971       8.0549624 ...	F(t) =        8.7889837
Iter # 64500280. Elapsed time: 1448
u =		      0.51875437      0.23763827       2.8756074       5.9104677       3.8713482       9.7614992       6.3399008       8.0550292 ...	F(t) =        8.7898442
Iter # 65699950. Elapsed time: 1475
u =		      0.51878455      0.23758745       2.8755698       5.9105671        3.871423       9.7615178       6.3398907       8.0550731 ...	F(t) =        8.7899479
Iter # 69492930. Elapsed time: 1560
u =		      0.51906988      0.23760084       2.8753966       5.9108088       3.8715076       9.7616839        6.339856       8.0552832 ...	F(t) =        8.7905041
Iter # 77786400. Elapsed time: 1746
u =		      0.51982356      0.23775972       2.8750917       5.9114366       3.8717026       9.7621058       6.3399518       8.0558195 ...	F(t) =        8.7925604
Iter # 79686420. Elapsed time: 1789
u =		      0.52004159      0.23788051       2.8750777       5.9115629       3.8717463       9.7622207       6.3400776       8.0559592 ...	F(t) =        8.7933039
Iter # 85837110. Elapsed time: 1927
u =		      0.52053008      0.23797636       2.8748687        5.911974       3.8718826       9.7624955       6.3401123       8.0563139 ...	F(t) =        8.7946335
Iter # 86676880. Elapsed time: 1945
u =		      0.52056369      0.23798632       2.8749024       5.9120619       3.8718783       9.7625177       6.3401708       8.0563484 ...	F(t) =        8.7948045
Iter # 88637950. Elapsed time: 1989
u =		      0.52067406      0.23790095        2.874689       5.9121585       3.8719214       9.7625926       6.3399763       8.0564384 ...	F(t) =        8.7946517
Iter # 90154600. Elapsed time: 2024
u =		      0.52081912      0.23796064       2.8747206       5.9123101       3.8719731       9.7626631        6.340092        8.056541 ...	F(t) =        8.7953759
Optimal LCV not found!
Iter # 95096250. Elapsed time: 2135
u =		       0.5213101      0.23812886       2.8745628       5.9126665       3.8720797       9.7629353       6.3402052        8.056878 ...	F(t) =        8.7968144
Iter # 98587050. Elapsed time: 2213
u =		      0.52152223      0.23811723       2.8744623       5.9129078       3.8721659       9.7630562       6.3402022       8.0570461 ...	F(t) =        8.7973898
Iter # 110890340. Elapsed time: 2489
u =		      0.52256442      0.23836628       2.8740745       5.9137701       3.8724222       9.7636445       6.3403727       8.0577884 ...	F(t) =        8.8002824
Iter # 115066040. Elapsed time: 2583
u =		      0.52285611      0.23837612       2.8739164       5.9140656       3.8725178       9.7638161       6.3403644       8.0580152 ...	F(t) =        8.8009615
Iter # 115410160. Elapsed time: 2590
u =		      0.52290728      0.23843797       2.8739415       5.9140852       3.8725317       9.7638457       6.3404555        8.058051 ...	F(t) =        8.8011049
Iter # 118875310. Elapsed time: 2668
u =		      0.52316496      0.23839932         2.87371        5.914277       3.8726071       9.7639961       6.3402956       8.0582339 ...	F(t) =        8.8015146
Iter # 120006190. Elapsed time: 2694
u =		      0.52328671       0.2385051       2.8737862       5.9143943       3.8726239       9.7640526       6.3404721        8.058313 ...	F(t) =        8.8021804
Iter # 125146120. Elapsed time: 2809
u =		      0.52387173      0.23862267       2.8735546       5.9149053       3.8727645       9.7643955       6.3405479       8.0587456 ...	F(t) =        8.8036801
Iter # 135042540. Elapsed time: 3032
u =		      0.52463384      0.23876252       2.8732443       5.9155507       3.8729943       9.7648219       6.3406367       8.0593019 ...	F(t) =        8.8057167
Iter # 137764970. Elapsed time: 3093
u =		      0.52487389      0.23880725       2.8731428       5.9157803       3.8730434       9.7649575       6.3406542        8.059471 ...	F(t) =        8.8064762
Iter # 142799910. Elapsed time: 3206
u =		      0.52518502      0.23875072       2.8728778       5.9160433       3.8731546       9.7651398       6.3405007       8.0597024 ...	F(t) =        8.8068738
Iter # 152535260. Elapsed time: 3425
u =		      0.52598629      0.23896942       2.8726345       5.9167369       3.8733375       9.7655935       6.3406796       8.0602801 ...	F(t) =        8.8093324
Iter # 159747940. Elapsed time: 3587
u =		      0.52656633      0.23910943       2.8724336       5.9172335       3.8734942       9.7659155       6.3407863       8.0607017 ...	F(t) =        8.8110431
Iter # 160060150. Elapsed time: 3594
u =		      0.52660121      0.23914674       2.8724455       5.9172456       3.8735075       9.7659407       6.3408557        8.060732 ...	F(t) =         8.811043
Iter # 166200740. Elapsed time: 3732
u =		      0.52714231      0.23924878       2.8721853       5.9176516       3.8736496       9.7662417       6.3408473       8.0611076 ...	F(t) =        8.8124613
Iter # 167849720. Elapsed time: 3769
u =		      0.52723197      0.23926667       2.8721858       5.9177761       3.8736954        9.766297       6.3409367         8.06119 ...	F(t) =        8.8126658
Iter # 173204690. Elapsed time: 3889
u =		      0.52766189       0.2393533       2.8720087       5.9181462       3.8737979       9.7665346       6.3409699       8.0614974 ...	F(t) =        8.8139286
Optimal LCV not found!
Iter # 179274240. Elapsed time: 4025
u =		      0.52851541      0.23949543       2.8716372       5.9189168       3.8739822       9.7670147       6.3409951       8.0621131 ...	F(t) =        8.8162719
Iter # 179623430. Elapsed time: 4033
u =		      0.52854998      0.23952741       2.8716458       5.9189331       3.8740078        9.767039       6.3410737        8.062145 ...	F(t) =         8.816266
Iter # 181613140. Elapsed time: 4078
u =		      0.52866323      0.23942799       2.8714466       5.9190196       3.8740607       9.7671063       6.3408794       8.0622278 ...	F(t) =        8.8162175
Iter # 182553280. Elapsed time: 4099
u =		      0.52880571       0.2395709       2.8715315        5.919122       3.8741211       9.7671761       6.3411025       8.0623275 ...	F(t) =        8.8169799
Iter # 197244190. Elapsed time: 4428
u =		      0.52996414      0.23978261       2.8710461       5.9200903       3.8743937       9.7678223       6.3411818       8.0631526 ...	F(t) =           8.8201
Iter # 198375730. Elapsed time: 4454
u =		      0.52998329      0.23969132       2.8709387       5.9201602        3.874464        9.767841       6.3410847       8.0631908 ...	F(t) =        8.8198865
Iter # 198702190. Elapsed time: 4461
u =		      0.53007941      0.23980303       2.8710123       5.9202012       3.8744552       9.7678819        6.341219       8.0632369 ...	F(t) =        8.8205075
Iter # 201882400. Elapsed time: 4532
u =		      0.53030395      0.23984624        2.870924       5.9204007       3.8745343       9.7680136       6.3412704       8.0634109 ...	F(t) =        8.8210154
Iter # 204479140. Elapsed time: 4591
u =		      0.53050841      0.23987712       2.8708274       5.9205869       3.8746034       9.7681245       6.3412669       8.0635575 ...	F(t) =        8.8217047
Iter # 205562130. Elapsed time: 4615
u =		      0.53064055      0.23991551       2.8707393       5.9206337       3.8745883       9.7682092       6.3412476       8.0636423 ...	F(t) =        8.8217422
Iter # 207618610. Elapsed time: 4661
u =		      0.53075775       0.2399203       2.8707342       5.9208189       3.8746308       9.7682687       6.3412887       8.0637371 ...	F(t) =        8.8223667
Iter # 213037050. Elapsed time: 4783
u =		      0.53119343      0.23994473       2.8704431       5.9211446       3.8747882       9.7685235       6.3412073       8.0640569 ...	F(t) =        8.8231766
Iter # 214201910. Elapsed time: 4809
u =		      0.53131358      0.24004456       2.8705117       5.9212676       3.8747988       9.7685887       6.3413992       8.0641433 ...	F(t) =        8.8236954
Iter # 217981340. Elapsed time: 4894
u =		      0.53162968      0.24010056       2.8703527       5.9215023       3.8748701       9.7687547       6.3413568       8.0643474 ...	F(t) =        8.8246535
Iter # 220343650. Elapsed time: 4947
u =		      0.53177866      0.24009297       2.8702866       5.9216916       3.8749447       9.7688499       6.3413826       8.0644783 ...	F(t) =        8.8250239
Iter # 221057060. Elapsed time: 4963
u =		      0.53182663      0.24006365       2.8701899       5.9216961       3.8749095       9.7688895       6.3412635       8.0645041 ...	F(t) =        8.8248551
Iter # 221853180. Elapsed time: 4981
u =		      0.53187869      0.24010335       2.8702266       5.9217863       3.8749482        9.768915       6.3413538        8.064551 ...	F(t) =        8.8252369
Iter # 228095550. Elapsed time: 5121
u =		      0.53244097      0.24025941       2.8700199       5.9221907       3.8751093       9.7692275       6.3414736       8.0649457 ...	F(t) =         8.826697
Iter # 230199400. Elapsed time: 5168
u =		      0.53254382      0.24023744       2.8699743       5.9223518       3.8751172       9.7692863       6.3414513       8.0650265 ...	F(t) =        8.8270462
Iter # 230912300. Elapsed time: 5184
u =		      0.53259257      0.24018646       2.8698469       5.9223583       3.8751652       9.7693193       6.3413466       8.0650652 ...	F(t) =        8.8268126
Iter # 231705420. Elapsed time: 5202
u =		      0.53267802      0.24028617       2.8699516       5.9224843       3.8751341       9.7693661       6.3414945       8.0651254 ...	F(t) =        8.8275509
Iter # 238844530. Elapsed time: 5362
u =		      0.53327428      0.24041504       2.8697105       5.9229361       3.8753295       9.7696945       6.3416019       8.0655497 ...	F(t) =        8.8290131
Iter # 248404690. Elapsed time: 5577
u =		      0.53402375      0.24051707       2.8693602       5.9236184       3.8755171       9.7701215       6.3416048       8.0661004 ...	F(t) =        8.8310137
Iter # 248743490. Elapsed time: 5584
u =		       0.5340826      0.24057785       2.8693804       5.9236391       3.8755337       9.7701557       6.3417043       8.0661419 ...	F(t) =         8.831098
Iter # 255693720. Elapsed time: 5740
u =		      0.53464877      0.24068339       2.8691508       5.9241187       3.8756716       9.7704696       6.3417487       8.0665409 ...	F(t) =        8.8327006
Iter # 261416700. Elapsed time: 5869
u =		      0.53508981      0.24074415       2.8689513        5.924528       3.8758129       9.7707185       6.3417682       8.0668666 ...	F(t) =        8.8339871
Optimal LCV not found!
Iter # 263651010. Elapsed time: 5919
u =		      0.53526751      0.24074945        2.868849       5.9246797        3.875881       9.7708205       6.3417596       8.0669998 ...	F(t) =        8.8343546
Iter # 264406760. Elapsed time: 5936
u =		      0.53531816      0.24070378       2.8687209       5.9247007       3.8758426       9.7708634       6.3416228       8.0670355 ...	F(t) =        8.8340805
Iter # 264758060. Elapsed time: 5944
u =		      0.53542905      0.24083214       2.8687986       5.9247488       3.8758412       9.7709109       6.3417802       8.0670906 ...	F(t) =         8.834718
Iter # 269751330. Elapsed time: 6056
u =		      0.53575397      0.24080397       2.8685707       5.9250754       3.8759643       9.7711023       6.3416971       8.0673442 ...	F(t) =        8.8353623
Iter # 270807860. Elapsed time: 6079
u =		      0.53587615      0.24092431       2.8686433       5.9251759       3.8760149       9.7711662       6.3419026       8.0674339 ...	F(t) =        8.8359965
Iter # 274528050. Elapsed time: 6163
u =		       0.5361808      0.24097628        2.868516       5.9254275       3.8761251       9.7713329       6.3419342       8.0676517 ...	F(t) =        8.8368292
Iter # 276046620. Elapsed time: 6197
u =		      0.53630341      0.24099891       2.8684769       5.9255526       3.8761409       9.7714011        6.341937       8.0677373 ...	F(t) =        8.8372965
Iter # 277984120. Elapsed time: 6240
u =		      0.53641208      0.24091735       2.8682762       5.9256264       3.8761956       9.7714706       6.3417694        8.067821 ...	F(t) =         8.837095
Iter # 280505310. Elapsed time: 6297
u =		      0.53669538      0.24107351       2.8683108       5.9258714       3.8762255       9.7716267       6.3420057       8.0680211 ...	F(t) =        8.8380827
Iter # 283579860. Elapsed time: 6366
u =		      0.53693212      0.24111547       2.8682132       5.9260739       3.8762988       9.7717553       6.3420314       8.0681923 ...	F(t) =        8.8387713
Iter # 286600770. Elapsed time: 6433
u =		      0.53718187      0.24116377       2.8681051       5.9262751        3.876395       9.7718924       6.3420407       8.0683715 ...	F(t) =        8.8395236
Iter # 289711270. Elapsed time: 6503
u =		      0.53741318      0.24120439       2.8680141       5.9264924       3.8764648       9.7720255       6.3420915       8.0685464 ...	F(t) =        8.8401167
Iter # 290433990. Elapsed time: 6519
u =		       0.5375189      0.24123032       2.8679311       5.9265291       3.8764446       9.7720853       6.3420372       8.0686049 ...	F(t) =        8.8402923
Iter # 291589480. Elapsed time: 6545
u =		      0.53754779      0.24116959       2.8678883       5.9266314       3.8764986       9.7721059       6.3419981       8.0686463 ...	F(t) =        8.8403945
Iter # 296908230. Elapsed time: 6664
u =		      0.53811033      0.24133289       2.8676955       5.9270382       3.8766277       9.7724145       6.3420947       8.0690282 ...	F(t) =        8.8419825
Iter # 306915980. Elapsed time: 6889
u =		      0.53887759      0.24142737       2.8673393       5.9277537       3.8768677       9.7728576       6.3421324       8.0696047 ...	F(t) =        8.8439647
Iter # 314275100. Elapsed time: 7054
u =		      0.53962536      0.24158344        2.867051       5.9284186        3.877034       9.7732812       6.3422423       8.0701531 ...	F(t) =        8.8460152
Iter # 314594440. Elapsed time: 7061
u =		      0.53969065      0.24164922       2.8670811       5.9284415       3.8770483       9.7733157       6.3423432       8.0701952 ...	F(t) =        8.8462073
Iter # 321156040. Elapsed time: 7209
u =		      0.54016926      0.24163113       2.8667534       5.9288563       3.8772178       9.7735865       6.3422242       8.0705504 ...	F(t) =        8.8472047
Optimal LCV not found!
Iter # 333930660. Elapsed time: 7495
u =		      0.54122332      0.24183826       2.8663447       5.9297673       3.8774948       9.7741746       6.3423587       8.0713071 ...	F(t) =        8.8501146
Iter # 337753180. Elapsed time: 7581
u =		      0.54157643      0.24200904       2.8663062       5.9300389       3.8775801        9.774367       6.3425475         8.07156 ...	F(t) =        8.8513323
Iter # 339330470. Elapsed time: 7616
u =		      0.54170967      0.24203079       2.8662143       5.9301155       3.8775884       9.7744424       6.3425206       8.0716448 ...	F(t) =        8.8515466
Iter # 339723820. Elapsed time: 7625
u =		      0.54168944      0.24197701       2.8662142       5.9301717       3.8775798       9.7744317       6.3424672       8.0716416 ...	F(t) =        8.8515856
Iter # 354096470. Elapsed time: 7948
u =		      0.54278684      0.24211308       2.8656605       5.9311192       3.8778643       9.7750592       6.3424655       8.0724464 ...	F(t) =        8.8541566
Iter # 354448880. Elapsed time: 7956
u =		      0.54290808      0.24225143       2.8657479        5.931169       3.8778617       9.7751043       6.3426306        8.072499 ...	F(t) =        8.8549357
Iter # 361691920. Elapsed time: 8119
u =		      0.54341194      0.24224301       2.8653698       5.9316249       3.8780989       9.7754152       6.3425338       8.0729091 ...	F(t) =        8.8557872
Iter # 378139020. Elapsed time: 8488
u =		      0.54540701      0.24266791       2.8644026        5.933072       3.8784795       9.7765463       6.3424991       8.0742919 ...	F(t) =        8.8606387
Iter # 383583600. Elapsed time: 8610
u =		       0.5459048      0.24283264       2.8645415        5.933764       3.8787455       9.7768109       6.3430561        8.074708 ...	F(t) =        8.8628594
Iter # 385111320. Elapsed time: 8645
u =		      0.54603441      0.24285624       2.8644865       5.9338612       3.8788082       9.7768803       6.3430764       8.0748004 ...	F(t) =        8.8632555
Iter # 385907880. Elapsed time: 8662
u =		      0.54610251      0.24287339       2.8644604       5.9339204       3.8786858       9.7769107       6.3429918       8.0748185 ...	F(t) =        8.8635681
Iter # 386307280. Elapsed time: 8671
u =		      0.54610963      0.24287267       2.8644531       5.9339576       3.8787184       9.7769179       6.3430094       8.0748376 ...	F(t) =         8.863643
Iter # 388561880. Elapsed time: 8722
u =		      0.54626946      0.24281191       2.8642538       5.9340661       3.8788566       9.7770171       6.3428941       8.0749668 ...	F(t) =        8.8636555
Iter # 394235750. Elapsed time: 8849
u =		      0.54677733      0.24298879       2.8641767        5.934515       3.8789487       9.7772906       6.3430911       8.0753189 ...	F(t) =        8.8654539
Iter # 398382300. Elapsed time: 8943
u =		      0.54707304      0.24305425       2.8640631       5.9347663       3.8790454       9.7774621       6.3431659       8.0755407 ...	F(t) =        8.8661256
Iter # 407810840. Elapsed time: 9154
u =		      0.54786635       0.2431894       2.8637079       5.9354513       3.8792928       9.7779091        6.343221        8.076114 ...	F(t) =        8.8683474
Iter # 409330050. Elapsed time: 9188
u =		      0.54795851      0.24316556       2.8636317       5.9355438       3.8792866       9.7779678       6.3431686       8.0761831 ...	F(t) =        8.8683969
Iter # 416461120. Elapsed time: 9348
u =		      0.54858446      0.24333969       2.8634371       5.9360436       3.8794658       9.7783113       6.3433284       8.0766225 ...	F(t) =        8.8702347
Iter # 426400440. Elapsed time: 9571
u =		      0.54943446      0.24344986        2.863025       5.9368152       3.8796779       9.7788027       6.3433333       8.0772467 ...	F(t) =        8.8723835
Optimal LCV not found!
Iter # 439139340. Elapsed time: 9858
u =		      0.55045362      0.24359537       2.8625336       5.9376795       3.8800052       9.7793825       6.3433993       8.0779901 ...	F(t) =         8.874877
Iter # 447923120. Elapsed time: 10056
u =		      0.55119273      0.24384916       2.8623633        5.938281       3.8801838       9.7797911       6.3436611       8.0785104 ...	F(t) =        8.8771391
Iter # 454690900. Elapsed time: 10208
u =		      0.55183406      0.24398014       2.8620657       5.9387871       3.8803548       9.7801529       6.3437122       8.0789721 ...	F(t) =         8.878735
Optimal LCV not found!
Iter # 461893710. Elapsed time: 10369
u =		      0.55243269      0.24409395       2.8618231       5.9393099        3.880495       9.7804819       6.3437534       8.0793941 ...	F(t) =         8.880499
Iter # 463030610. Elapsed time: 10395
u =		      0.55246156      0.24401511       2.8617342       5.9393777       3.8805279       9.7805039       6.3436496         8.07943 ...	F(t) =        8.8803832
Iter # 463346760. Elapsed time: 10402
u =		      0.55254177      0.24411093       2.8617927       5.9394123        3.880544       9.7805409       6.3437773       8.0794766 ...	F(t) =        8.8808387
Iter # 463796480. Elapsed time: 10412
u =		      0.55252896      0.24407715       2.8617843        5.939447        3.880555       9.7805344       6.3437496       8.0794766 ...	F(t) =        8.8808584
Iter # 464518470. Elapsed time: 10428
u =		      0.55257263      0.24403506       2.8616657       5.9394498       3.8805116        9.780571       6.3436108       8.0795018 ...	F(t) =         8.880569
Iter # 474195840. Elapsed time: 10645
u =		       0.5535391      0.24431397       2.8614075       5.9403147       3.8807559       9.7811115       6.3439019       8.0801959 ...	F(t) =        8.8836266
Iter # 474996200. Elapsed time: 10663
u =		      0.55359225      0.24431206       2.8613815       5.9403522        3.880804       9.7811365       6.3439305       8.0802375 ...	F(t) =        8.8836798
Iter # 481855340. Elapsed time: 10817
u =		      0.55417903       0.2444276       2.8610977       5.9407935       3.8809245       9.7814666       6.3439213       8.0806423 ...	F(t) =         8.885133
Iter # 486251940. Elapsed time: 10916
u =		      0.55445062      0.24439257       2.8608905       5.9410647       3.8810644        9.781629       6.3438437       8.0808611 ...	F(t) =        8.8856614
Optimal LCV not found!
Iter # 495802080. Elapsed time: 11130
u =		      0.55522303      0.24457059        2.860664       5.9417669       3.8812461        9.782057       6.3440206       8.0814169 ...	F(t) =        8.8880026
Iter # 497286120. Elapsed time: 11164
u =		      0.55536067      0.24462805       2.8606268       5.9418647       3.8813187       9.7821268       6.3440788       8.0815122 ...	F(t) =         8.888495
Iter # 498830290. Elapsed time: 11198
u =		      0.55546367      0.24460917       2.8605442       5.9419698       3.8813071       9.7821962        6.344026       8.0815918 ...	F(t) =        8.8885789
Iter # 499156170. Elapsed time: 11206
u =		      0.55553289      0.24468583       2.8605828       5.9419996       3.8813221       9.7822294       6.3441357       8.0816339 ...	F(t) =        8.8888729
Iter # 504371270. Elapsed time: 11323
u =		      0.55599119      0.24476693       2.8603534       5.9423415       3.8814463       9.7824821       6.3441199       8.0819521 ...	F(t) =        8.8900931
Optimal LCV not found!
Optimal LCV not found!
Iter # 507931490. Elapsed time: 11403
u =		       0.5562054       0.2447566       2.8602643       5.9425978       3.8815493        9.782607       6.3441414       8.0821299 ...	F(t) =        8.8906699
Iter # 508260280. Elapsed time: 11410
u =		       0.5562566      0.24481637       2.8602897       5.9426197       3.8815423       9.7826371       6.3442273       8.0821629 ...	F(t) =        8.8908066
Iter # 508683230. Elapsed time: 11420
u =		      0.55624442      0.24471824       2.8601584       5.9426214         3.88151       9.7826399        6.344028       8.0821564 ...	F(t) =        8.8904306
Iter # 509004530. Elapsed time: 11427
u =		      0.55634159      0.24483486       2.8602307       5.9426649       3.8815094       9.7826837       6.3441743       8.0822077 ...	F(t) =        8.8910374
Iter # 509732240. Elapsed time: 11444
u =		      0.55637436       0.2448471       2.8602369       5.9427235       3.8815607       9.7827074       6.3442464       8.0822494 ...	F(t) =        8.8911043
Iter # 511240350. Elapsed time: 11478
u =		      0.55651206      0.24487588       2.8601838       5.9428463       3.8815308       9.7827819       6.3442259       8.0823345 ...	F(t) =        8.8915536
Optimal LCV not found!
Iter # 517150180. Elapsed time: 11610
u =		       0.5568698       0.2448257       2.8598529       5.9431608       3.8817234       9.7829999       6.3440708       8.0826205 ...	F(t) =        8.8920049
Iter # 519774020. Elapsed time: 11669
u =		      0.55717733       0.2449932       2.8598683        5.943369       3.8817945       9.7831586       6.3442865       8.0828188 ...	F(t) =        8.8931812
Iter # 525863240. Elapsed time: 11806
u =		      0.55769651      0.24508427       2.8596808        5.943833       3.8819316       9.7834414       6.3443501        8.083186 ...	F(t) =        8.8947684
Iter # 528331450. Elapsed time: 11861
u =		      0.55786467      0.24508595       2.8595949         5.94404       3.8819388       9.7835454       6.3443376       8.0833202 ...	F(t) =        8.8951498
Iter # 537386580. Elapsed time: 12064
u =		      0.55866083      0.24526415       2.8592763       5.9446455        3.882194       9.7839893       6.3444472       8.0838875 ...	F(t) =        8.8972757
Iter # 543956670. Elapsed time: 12212
u =		      0.55913078       0.2453101       2.8590515       5.9451229       3.8822998       9.7842723       6.3444412         8.08425 ...	F(t) =        8.8984594
Iter # 546228920. Elapsed time: 12263
u =		      0.55933152      0.24536776       2.8590008       5.9452894       3.8823547       9.7843784       6.3445031       8.0843886 ...	F(t) =        8.8991246
Optimal LCV not found!
Iter # 547724470. Elapsed time: 12297
u =		      0.55943764      0.24537915       2.8589328       5.9453751        3.882427       9.7844403       6.3444987       8.0844732 ...	F(t) =         8.899368
Iter # 552511450. Elapsed time: 12404
u =		      0.55984763      0.24550489        2.858815       5.9457023       3.8824969       9.7846702       6.3446277       8.0847589 ...	F(t) =        8.9004546
Optimal LCV not found!
Iter # 558214450. Elapsed time: 12532
u =		      0.56025663      0.24554036        2.858599       5.9460778       3.8826487       9.7849017       6.3445953       8.0850695 ...	F(t) =        8.9015969
Iter # 566201070. Elapsed time: 12711
u =		      0.56093437      0.24571284       2.8583665       5.9466401       3.8828137       9.7852877       6.3447658       8.0855594 ...	F(t) =        8.9033303
Iter # 571911350. Elapsed time: 12839
u =		      0.56137286      0.24575994       2.8581406       5.9470362       3.8829095       9.7855342       6.3447306       8.0858719 ...	F(t) =        8.9045434
Iter # 572230380. Elapsed time: 12847
u =		      0.56142353      0.24581136       2.8581708       5.9470586       3.8829086       9.7855619       6.3448021       8.0859033 ...	F(t) =        8.9047321
Iter # 578420820. Elapsed time: 12986
u =		      0.56189526      0.24589459       2.8579845       5.9474706       3.8830658       9.7858253       6.3448633       8.0862463 ...	F(t) =        8.9060894
Iter # 578846100. Elapsed time: 12995
u =		      0.56188162      0.24578448       2.8578128       5.9474466       3.8830854       9.7858302       6.3446551       8.0862458 ...	F(t) =        8.9055218
Optimal LCV not found!
Iter # 584517040. Elapsed time: 13122
u =		      0.56238705      0.24599379       2.8577788       5.9478874       3.8831677        9.786102       6.3449002       8.0865953 ...	F(t) =        8.9073694
Iter # 590310640. Elapsed time: 13252
u =		      0.56283353       0.2459623       2.8574398       5.9482666       3.8833421       9.7863651       6.3447736       8.0869348 ...	F(t) =        8.9081037
Iter # 594091570. Elapsed time: 13337
u =		      0.56317805      0.24613945        2.857445       5.9485554       3.8834253       9.7865494       6.3450286       8.0871762 ...	F(t) =        8.9093823
Iter # 595361160. Elapsed time: 13366
u =		      0.56323157      0.24610342       2.8573917       5.9486361       3.8834201       9.7865789       6.3449438       8.0872138 ...	F(t) =        8.9095665
Iter # 597576440. Elapsed time: 13415
u =		      0.56340453      0.24609263       2.8572396        5.948768        3.883504       9.7866808       6.3448866       8.0873447 ...	F(t) =        8.9097902
Iter # 599156440. Elapsed time: 13451
u =		      0.56350997      0.24609021       2.8571166       5.9488357       3.8834715       9.7867548       6.3447872       8.0874193 ...	F(t) =        8.9097788
Iter # 600256330. Elapsed time: 13476
u =		      0.56369325      0.24624578       2.8572338       5.9489997       3.8835578       9.7868465       6.3450833       8.0875588 ...	F(t) =        8.9107077
Iter # 604889560. Elapsed time: 13580
u =		      0.56408099      0.24631872       2.8570463       5.9492997       3.8836523       9.7870605       6.3450693       8.0878271 ...	F(t) =        8.9118124
Iter # 608758500. Elapsed time: 13667
u =		      0.56444399      0.24638558       2.8568912       5.9496143       3.8837606       9.7872607       6.3451114       8.0880904 ...	F(t) =        8.9127786
Iter # 616491480. Elapsed time: 13841
u =		      0.56516487      0.24652813       2.8566361       5.9502767       3.8839029       9.7876773       6.3452534       8.0886149 ...	F(t) =         8.914716
Iter # 617275790. Elapsed time: 13858
u =		      0.56523883      0.24652954       2.8565807       5.9503227       3.8839531       9.7877012       6.3452235        8.088657 ...	F(t) =        8.9149861
Optimal LCV not found!
Iter # 631546430. Elapsed time: 14178
u =		      0.56640093      0.24672292        2.856084       5.9513507       3.8843173       9.7883685       6.3453082       8.0895253 ...	F(t) =        8.9181379
Optimal LCV not found!
Iter # 635690290. Elapsed time: 14272
u =		      0.56680247       0.2468447       2.8559102         5.95161        3.884379       9.7885987       6.3453551       8.0897933 ...	F(t) =        8.9190824
Iter # 639073120. Elapsed time: 14348
u =		      0.56706261      0.24688778       2.8558352       5.9518894       3.8844713       9.7887405       6.3454167       8.0899899 ...	F(t) =        8.9199864
Iter # 643248210. Elapsed time: 14441
u =		      0.56738202      0.24695442       2.8557226       5.9521652       3.8845497       9.7889278        6.345495       8.0902286 ...	F(t) =        8.9206662
Optimal LCV not found!
Iter # 648621820. Elapsed time: 14562
u =		      0.56783502      0.24704326       2.8554904       5.9525093       3.8846854        9.789182        6.345509       8.0905498 ...	F(t) =        8.9218047
Iter # 653723990. Elapsed time: 14676
u =		      0.56825356      0.24711929       2.8553649       5.9529243        3.884778       9.7894133       6.3455826       8.0908554 ...	F(t) =        8.9231278
Iter # 654426500. Elapsed time: 14692
u =		      0.56835688      0.24714261       2.8552769       5.9529546       3.8847992       9.7894751        6.345541        8.090921 ...	F(t) =        8.9232826
Iter # 658001860. Elapsed time: 14772
u =		      0.56857331      0.24712435       2.8551751       5.9532096       3.8849025       9.7895971       6.3455311       8.0910957 ...	F(t) =         8.923922
Iter # 660574700. Elapsed time: 14830
u =		      0.56885324      0.24723918       2.8550767       5.9533803       3.8849352       9.7897591       6.3455934       8.0912815 ...	F(t) =        8.9246315
Iter # 672087470. Elapsed time: 15088
u =		      0.57017645      0.24747841       2.8545625       5.9545397       3.8852448       9.7904927       6.3457278       8.0922214 ...	F(t) =         8.928294
Iter # 676939030. Elapsed time: 15197
u =		       0.5705856       0.2474981       2.8543196       5.9549186       3.8854361       9.7907285       6.3457465       8.0925396 ...	F(t) =        8.9291815
Optimal LCV not found!
Iter # 684005150. Elapsed time: 15356
u =		      0.57116426      0.24767936       2.8541737       5.9554083       3.8855494       9.7910569       6.3459168       8.0929547 ...	F(t) =         8.930899
Iter # 690565130. Elapsed time: 15503
u =		      0.57170715      0.24777199       2.8539389       5.9558805       3.8857179       9.7913565       6.3459588       8.0933435 ...	F(t) =        8.9324956
Iter # 694642810. Elapsed time: 15595
u =		      0.57205709      0.24784904       2.8537758       5.9561361       3.8857809       9.7915608       6.3459832       8.0935911 ...	F(t) =        8.9332066
Iter # 696656840. Elapsed time: 15640
u =		      0.57215496      0.24783378       2.8537373       5.9562809       3.8858424       9.7916113        6.345969       8.0936732 ...	F(t) =        8.9336479
Iter # 698567560. Elapsed time: 15683
u =		      0.57234618      0.24790522       2.8536858       5.9564208       3.8858748       9.7917246       6.3460595        8.093812 ...	F(t) =        8.9340063
Iter # 699731060. Elapsed time: 15709
u =		      0.57239651      0.24780494       2.8535119       5.9564762       3.8858901       9.7917642       6.3458648       8.0938566 ...	F(t) =        8.9338158
Iter # 709792230. Elapsed time: 15935
u =		      0.57326208      0.24807624       2.8532783       5.9571596       3.8861466       9.7922344        6.346118       8.0944654 ...	F(t) =        8.9364805
Iter # 712186320. Elapsed time: 15989
u =		       0.5733982      0.24810317       2.8532579        5.957332       3.8861708       9.7923122       6.3461818       8.0945728 ...	F(t) =        8.9369367
Iter # 713734350. Elapsed time: 16023
u =		      0.57356933      0.24813261         2.85318       5.9574577       3.8862451       9.7924081       6.3462111       8.0946978 ...	F(t) =        8.9373116
Optimal LCV not found!
Iter # 715783260. Elapsed time: 16069
u =		      0.57368032      0.24810107        2.853079       5.9575913       3.8862806       9.7924729       6.3461239       8.0947844 ...	F(t) =         8.937647
Optimal LCV not found!
Iter # 725758200. Elapsed time: 16293
u =		      0.57451171      0.24830712       2.8527918       5.9582845        3.886476       9.7929256       6.3462798       8.0953707 ...	F(t) =        8.9400557
Iter # 726909130. Elapsed time: 16319
u =		      0.57465976      0.24834594        2.852689        5.958345       3.8864612       9.7930154       6.3462475       8.0954624 ...	F(t) =        8.9401903
Iter # 728560920. Elapsed time: 16356
u =		      0.57473938       0.2483559       2.8527023       5.9584733       3.8865561       9.7930599       6.3463494       8.0955437 ...	F(t) =        8.9404766
Iter # 731255340. Elapsed time: 16417
u =		      0.57492561      0.24832161       2.8525449       5.9586522       3.8865642       9.7931677       6.3462135       8.0956739 ...	F(t) =        8.9408663
Iter # 734219410. Elapsed time: 16484
u =		       0.5751992       0.2483925       2.8524613       5.9588912       3.8866448       9.7933223       6.3462938       8.0958766 ...	F(t) =        8.9416938
Iter # 734957090. Elapsed time: 16500
u =		      0.57526043      0.24837055        2.852384       5.9589334       3.8867066       9.7933611       6.3462685       8.0959307 ...	F(t) =        8.9416775
Iter # 737921420. Elapsed time: 16567
u =		       0.5754713      0.24839887       2.8522743       5.9591068       3.8867109        9.793484       6.3462144       8.0960765 ...	F(t) =        8.9421569
Iter # 738244390. Elapsed time: 16574
u =		      0.57556828      0.24851708       2.8523469       5.9591478        3.886709       9.7935251       6.3463513       8.0961242 ...	F(t) =        8.9427936
Iter # 741654410. Elapsed time: 16651
u =		       0.5758152      0.24856861       2.8522652       5.9593889        3.886813       9.7936703       6.3464575        8.096325 ...	F(t) =        8.9433337
Iter # 752954290. Elapsed time: 16904
u =		      0.57705527      0.24880479       2.8517513       5.9604486       3.8871404       9.7943615       6.3465896       8.0972153 ...	F(t) =        8.9466987
Iter # 755672190. Elapsed time: 16966
u =		      0.57721882      0.24871563       2.8515216       5.9605853       3.8872399       9.7944551       6.3464049       8.0973441 ...	F(t) =        8.9467716
Iter # 755997930. Elapsed time: 16973
u =		      0.57732546      0.24885018        2.851607       5.9606346       3.8871945       9.7945025       6.3465455       8.0973929 ...	F(t) =         8.947456
Iter # 761766060. Elapsed time: 17102
u =		      0.57778972        0.248934       2.8514263       5.9610423       3.8873544       9.7947661        6.346623       8.0977364 ...	F(t) =        8.9487239
Iter # 763340120. Elapsed time: 17137
u =		      0.57788571        0.248951       2.8514114       5.9611556       3.8874007       9.7948198       6.3466879       8.0978148 ...	F(t) =        8.9490018
Iter # 764557230. Elapsed time: 17165
u =		      0.57793749      0.24891081       2.8513443       5.9612394        3.887395        9.794857         6.34661       8.0978611 ...	F(t) =        8.9490754
Iter # 766378670. Elapsed time: 17205
u =		      0.57811679      0.24900481       2.8513177       5.9613627       3.8874339       9.7949529       6.3467229       8.0979859 ...	F(t) =        8.9495674
Iter # 773885830. Elapsed time: 17374
u =		      0.57874362      0.24912304       2.8510198       5.9618537       3.8876101       9.7953068       6.3467536       8.0984304 ...	F(t) =        8.9511502
Iter # 777785840. Elapsed time: 17461
u =		      0.57903208      0.24918103       2.8509449       5.9621443       3.8876739       9.7954645       6.3468128       8.0986394 ...	F(t) =        8.9521088
Iter # 778235860. Elapsed time: 17471
u =		      0.57899079      0.24904124       2.8508003       5.9621533       3.8877092        9.795457       6.3466234       8.0986352 ...	F(t) =        8.9515476
Iter # 778552300. Elapsed time: 17478
u =		      0.57912714      0.24918614       2.8508921       5.9622049        3.887729       9.7955093          6.3468       8.0987003 ...	F(t) =        8.9524126
Iter # 785402090. Elapsed time: 17632
u =		      0.57967392      0.24930191       2.8506713       5.9626789       3.8878136       9.7958244       6.3468609       8.0990961 ...	F(t) =        8.9537967
Iter # 785804620. Elapsed time: 17641
u =		      0.57966703      0.24927836       2.8506577       5.9627077       3.8878387        9.795821       6.3468396       8.0991008 ...	F(t) =        8.9538198
Optimal LCV not found!
Iter # 788293540. Elapsed time: 17697
u =		      0.57991006       0.2493478       2.8505704       5.9628706       3.8879007       9.7959555        6.346877       8.0992698 ...	F(t) =         8.954476
Iter # 789520650. Elapsed time: 17724
u =		      0.57994225      0.24925719       2.8504232        5.962903       3.8879726       9.7959869        6.346736       8.0993133 ...	F(t) =        8.9541585
Optimal LCV not found!
Iter # 803235750. Elapsed time: 18033
u =		      0.58103727      0.24946405       2.8499806       5.9638668       3.8882674       9.7965957       6.3468829       8.1001018 ...	F(t) =          8.95711
Iter # 807214940. Elapsed time: 18122
u =		      0.58138481      0.24963353       2.8499695       5.9641498       3.8883495       9.7967877          6.3471       8.1003493 ...	F(t) =        8.9583568
Iter # 810053130. Elapsed time: 18185
u =		       0.5815886      0.24962062       2.8498411       5.9643597       3.8883562       9.7969057       6.3470192       8.1004942 ...	F(t) =        8.9588834
Iter # 814148460. Elapsed time: 18277
u =		      0.58196587      0.24974471       2.8497314       5.9646447       3.8884918       9.7971121       6.3471474        8.100764 ...	F(t) =          8.95997
Iter # 814629370. Elapsed time: 18288
u =		      0.58193898      0.24968601       2.8496842       5.9646766       3.8884764       9.7971067        6.347056       8.1007596 ...	F(t) =        8.9598385
Iter # 814983600. Elapsed time: 18296
u =		      0.58201536      0.24976034       2.8497156       5.9647013       3.8884729       9.7971484       6.3471693       8.1008048 ...	F(t) =        8.9599784
Iter # 819015580. Elapsed time: 18387
u =		      0.58237676      0.24982601       2.8495631       5.9650154       3.8885567       9.7973445       6.3471629        8.101056 ...	F(t) =        8.9611956
Iter # 822985150. Elapsed time: 18476
u =		      0.58267435      0.24978084        2.849312       5.9652661       3.8886514       9.7975215        6.347038       8.1012766 ...	F(t) =        8.9615107
Iter # 826365110. Elapsed time: 18552
u =		      0.58299429      0.24994352       2.8493095       5.9655404       3.8887646       9.7976941        6.347284       8.1015095 ...	F(t) =        8.9626797
Iter # 829043610. Elapsed time: 18612
u =		       0.5831861      0.24996128       2.8492005       5.9657149       3.8887987        9.797805       6.3472266       8.1016483 ...	F(t) =        8.9632925
Iter # 829370370. Elapsed time: 18619
u =		      0.58322281      0.24999647       2.8492181       5.9657346       3.8888046       9.7978295       6.3473028        8.101678 ...	F(t) =        8.9632877
Iter # 834142170. Elapsed time: 18726
u =		      0.58359453      0.24997966        2.848936       5.9660441        3.888944       9.7980409       6.3471656       8.1019464 ...	F(t) =         8.964088
Iter # 835139690. Elapsed time: 18748
u =		      0.58372312      0.25008801        2.849012       5.9661487       3.8889725       9.7981051       6.3473463        8.102034 ...	F(t) =        8.9647237
Iter # 835547430. Elapsed time: 18757
u =		      0.58371729      0.24998241       2.8488749       5.9661568       3.8889274       9.7981155       6.3471435       8.1020343 ...	F(t) =        8.9642934
Iter # 836580980. Elapsed time: 18781
u =		      0.58384889      0.25011653       2.8489615       5.9662666       3.8889781        9.798181       6.3473666        8.102127 ...	F(t) =        8.9650071
Iter # 840995700. Elapsed time: 18880
u =		      0.58415694       0.2500539       2.8486552       5.9665335       3.8891149       9.7983599       6.3471874       8.1023613 ...	F(t) =        8.9654053
Optimal LCV not found!
Iter # 844461880. Elapsed time: 18957
u =		       0.5846296      0.25027496       2.8486412       5.9669464       3.8891409       9.7986325       6.3474624        8.102696 ...	F(t) =        8.9669554
Iter # 844972270. Elapsed time: 18969
u =		      0.58463247      0.25024779       2.8486334       5.9669727       3.8891625       9.7986191       6.3474032       8.1026887 ...	F(t) =        8.9672543
Iter # 848273090. Elapsed time: 19043
u =		      0.58493296      0.25032016       2.8485213       5.9671956        3.889264       9.7987943        6.347504       8.1029097 ...	F(t) =        8.9678091
Iter # 850525000. Elapsed time: 19093
u =		      0.58513289      0.25035551       2.8484102        5.967326       3.8892896       9.7989008         6.34745       8.1030313 ...	F(t) =         8.968424
Iter # 852369500. Elapsed time: 19135
u =		      0.58529365       0.2503825       2.8483635       5.9675094       3.8893998        9.798993       6.3475298       8.1031692 ...	F(t) =        8.9689222
Iter # 863492650. Elapsed time: 19385
u =		      0.58615133      0.25049418       2.8479646       5.9682491       3.8896378       9.7994762       6.3475375       8.1037863 ...	F(t) =        8.9711651
Iter # 868785170. Elapsed time: 19504
u =		      0.58657794      0.25056381       2.8477347       5.9685826       3.8897534       9.7997228       6.3475191       8.1040931 ...	F(t) =        8.9721576
Iter # 871493660. Elapsed time: 19565
u =		      0.58680934      0.25067825       2.8477561       5.9687976       3.8897834       9.7998503       6.3477077       8.1042614 ...	F(t) =        8.9729446
Optimal LCV not found!
Iter # 872716930. Elapsed time: 19592
u =		      0.58688349      0.25063387       2.8476688       5.9688869       3.8898013        9.799894       6.3476065       8.1043172 ...	F(t) =        8.9731157
Iter # 881921940. Elapsed time: 19799
u =		      0.58760551      0.25083119       2.8474204       5.9694802       3.8900241        9.800299       6.3477984         8.10484 ...	F(t) =        8.9750908
Iter # 889096380. Elapsed time: 19960
u =		      0.58813395      0.25084656       2.8471013       5.9699557       3.8901502       9.8005948       6.3476974       8.1052295 ...	F(t) =         8.976312
Iter # 898322650. Elapsed time: 20167
u =		      0.58895693      0.25108002       2.8468343       5.9705799       3.8903935       9.8010482        6.347895       8.1058102 ...	F(t) =        8.9787069
Iter # 899157750. Elapsed time: 20186
u =		      0.58898963      0.25108631        2.846861       5.9706522       3.8904037       9.8010656       6.3479488       8.1058418 ...	F(t) =        8.9788791
Iter # 900353870. Elapsed time: 20213
u =		      0.58906428      0.25104912       2.8467888       5.9707453       3.8903847       9.8011112       6.3478653       8.1058943 ...	F(t) =        8.9789915
Iter # 904487160. Elapsed time: 20306
u =		      0.58942761      0.25116643       2.8466597       5.9709982       3.8905007       9.8013112       6.3479486       8.1061479 ...	F(t) =         8.980033
Iter # 904908210. Elapsed time: 20315
u =		      0.58943029      0.25116705       2.8466618       5.9710449       3.8904841       9.8013168       6.3479463        8.106158 ...	F(t) =        8.9801194
Iter # 905243550. Elapsed time: 20323
u =		      0.58945294      0.25118536       2.8466722       5.9710575       3.8904849       9.8013343       6.3479937       8.1061778 ...	F(t) =        8.9800664
Iter # 906376810. Elapsed time: 20348
u =		      0.58951485      0.25115464       2.8466193        5.971132       3.8905519       9.8013618       6.3479485        8.106226 ...	F(t) =        8.9803445
Optimal LCV not found!
Iter # 907385740. Elapsed time: 20371
u =		      0.58964563       0.2512206       2.8465534       5.9711762       3.8905396       9.8014427       6.3479688       8.1063088 ...	F(t) =        8.9805053
Iter # 911310530. Elapsed time: 20459
u =		       0.5899288       0.2512716        2.846479       5.9714602       3.8906283       9.8016003       6.3480388       8.1065215 ...	F(t) =        8.9813977
Iter # 912040390. Elapsed time: 20476
u =		      0.59000919      0.25128511       2.8464341       5.9715145       3.8906597       9.8016402       6.3480285       8.1065723 ...	F(t) =        8.9816694
Iter # 913465260. Elapsed time: 20508
u =		      0.59012414      0.25131405       2.8463555       5.9715855        3.890676        9.801717       6.3480333       8.1066591 ...	F(t) =        8.9817339
Iter # 913986330. Elapsed time: 20519
u =		      0.59009665       0.2512436       2.8463416       5.9716317        3.890696       9.8016987       6.3479687       8.1066508 ...	F(t) =        8.9817434
Iter # 917794590. Elapsed time: 20605
u =		       0.5904109      0.25127371       2.8461337       5.9718704        3.890803       9.8018843       6.3479212       8.1068826 ...	F(t) =        8.9823451
Optimal LCV not found!
Iter # 924262010. Elapsed time: 20750
u =		      0.59102761       0.2514799       2.8459852       5.9723573        3.890927         9.80222       6.3481148       8.1073084 ...	F(t) =        8.9842967
Iter # 935849920. Elapsed time: 21010
u =		      0.59191419      0.25164994       2.8456568       5.9731787       3.8911874       9.8027207       6.3483009       8.1079685 ...	F(t) =        8.9866442
Optimal LCV not found!
Iter # 950237530. Elapsed time: 21333
u =		      0.59300685      0.25176546       2.8450902       5.9741164       3.8914988       9.8033378       6.3482299        8.108763 ...	F(t) =        8.9893804
Iter # 952051620. Elapsed time: 21374
u =		      0.59321977      0.25190486       2.8450726       5.9742332       3.8915245       9.8034537       6.3483756       8.1089036 ...	F(t) =        8.9900469
Optimal LCV not found!
Iter # 953981150. Elapsed time: 21417
u =		      0.59333488      0.25190621       2.8450554       5.9743998       3.8915886       9.8035129       6.3483921       8.1089956 ...	F(t) =        8.9906568
Iter # 956225470. Elapsed time: 21467
u =		      0.59347916      0.25184507       2.8448813       5.9745182       3.8916266       9.8036055       6.3482689       8.1091069 ...	F(t) =        8.9905898
Iter # 956549870. Elapsed time: 21475
u =		      0.59357845      0.25196144       2.8449571       5.9745606       3.8916267        9.803646       6.3484048       8.1091549 ...	F(t) =        8.9912604
Optimal LCV not found!
Iter # 958511250. Elapsed time: 21519
u =		      0.59373434      0.25196047        2.844889       5.9747382       3.8916996        9.803739       6.3484294       8.1092848 ...	F(t) =        8.9916677
Iter # 961578670. Elapsed time: 21587
u =		      0.59393186      0.25197896       2.8447767       5.9749171       3.8917315       9.8038582       6.3484026       8.1094315 ...	F(t) =        8.9920699
Optimal LCV not found!
Iter # 975162960. Elapsed time: 21892
u =		       0.5952146      0.25227958        2.844293       5.9759748        3.892066       9.8045774       6.3486027       8.1103475 ...	F(t) =        8.9956792
Iter # 980058170. Elapsed time: 22002
u =		      0.59558758      0.25235528       2.8441539       5.9763003       3.8921946       9.8047922       6.3487101       8.1106286 ...	F(t) =        8.9965089
Iter # 980835810. Elapsed time: 22020
u =		      0.59564143      0.25236419       2.8441364       5.9763442        3.892203       9.8048173       6.3486969       8.1106601 ...	F(t) =        8.9967527
Iter # 982313380. Elapsed time: 22053
u =		      0.59577157      0.25239183        2.844093       5.9764629       3.8921903       9.8048986       6.3487045       8.1107556 ...	F(t) =        8.9970479
Iter # 983768960. Elapsed time: 22086
u =		      0.59588673      0.25241006       2.8440388       5.9765574       3.8922663       9.8049612       6.3487337       8.1108435 ...	F(t) =         8.997363
Optimal LCV not found!
Iter # 986001920. Elapsed time: 22136
u =		      0.59609193      0.25244277       2.8439418       5.9767055       3.8923104       9.8050681       6.3486986       8.1109754 ...	F(t) =        8.9980203
Iter # 987500660. Elapsed time: 22169
u =		      0.59623884      0.25247564       2.8438459       5.9768013       3.8923642       9.8051582        6.348705       8.1110853 ...	F(t) =        8.9982766
Iter # 992192290. Elapsed time: 22275
u =		        0.596616      0.25253774       2.8437363       5.9771722       3.8924523       9.8053654       6.3487749       8.1113576 ...	F(t) =        8.9994367
Iter # 1000284780. Elapsed time: 22456
u =		      0.59724271       0.2526675       2.8434953       5.9777779       3.8926566       9.8057304       6.3488787       8.1118366 ...	F(t) =        9.0012542
Iter # 1009152930. Elapsed time: 22655
u =		      0.59807401      0.25276223       2.8430633       5.9784493       3.8928717       9.8061944       6.3488672       8.1124306 ...	F(t) =        9.0031393
Optimal LCV not found!
Iter # 1013748250. Elapsed time: 22759
u =		      0.59844289      0.25284344       2.8429451       5.9787677       3.8929755       9.8064044       6.3489288       8.1126983 ...	F(t) =        9.0042456
Iter # 1014482940. Elapsed time: 22775
u =		      0.59848656      0.25281479       2.8428542       5.9787993       3.8929327       9.8064388       6.3488316       8.1127273 ...	F(t) =        9.0040763
Iter # 1025757540. Elapsed time: 23046
u =		      0.59933591      0.25294741       2.8424751       5.9795247       3.8932147       9.8069151       6.3489073        8.113344 ...	F(t) =        9.0062586
Optimal LCV not found!
Iter # 1035468790. Elapsed time: 23265
u =		      0.60020373      0.25323061       2.8422887       5.9802721       3.8933811       9.8073941       6.3491757        8.113955 ...	F(t) =        9.0091959
Iter # 1035818340. Elapsed time: 23272
u =		      0.60022896      0.25324495       2.8422736       5.9802734       3.8933805       9.8074147       6.3492027       8.1139755 ...	F(t) =        9.0090355
Optimal LCV not found!
Iter # 1047240360. Elapsed time: 23530
u =		      0.60117542        0.253421       2.8418886       5.9810755       3.8936482       9.8079425       6.3492969       8.1146578 ...	F(t) =        9.0116927
Iter # 1053002630. Elapsed time: 23659
u =		      0.60161434      0.25344577       2.8416333       5.9814826       3.8938301       9.8081921        6.349284       8.1149975 ...	F(t) =        9.0127227
Iter # 1056417140. Elapsed time: 23736
u =		       0.6019479      0.25356764       2.8415682        5.981736       3.8938816       9.8083732       6.3494141       8.1152279 ...	F(t) =        9.0136732
Iter # 1057614290. Elapsed time: 23763
u =		      0.60202379      0.25357025       2.8415186       5.9818233       3.8939057       9.8084136       6.3493793       8.1152841 ...	F(t) =        9.0140078
Iter # 1063599940. Elapsed time: 23898
u =		      0.60244181      0.25354709       2.8411962       5.9821648       3.8940563       9.8086575       6.3492592       8.1155998 ...	F(t) =        9.0146075
Iter # 1064637920. Elapsed time: 23921
u =		      0.60260086      0.25369129       2.8413056       5.9822937       3.8940582       9.8087386       6.3494889       8.1157059 ...	F(t) =        9.0154211
Iter # 1065368820. Elapsed time: 23938
u =		       0.6027002      0.25370199       2.8412414       5.9823451       3.8940868       9.8087845        6.349444       8.1157603 ...	F(t) =        9.0157782
Iter # 1067088680. Elapsed time: 23976
u =		      0.60284807       0.2536903       2.8411532       5.9825348        3.894091       9.8088775       6.3494145       8.1158786 ...	F(t) =        9.0160671
Iter # 1068959300. Elapsed time: 24018
u =		      0.60301813      0.25376644       2.8411272       5.9826549       3.8942045       9.8089745       6.3495595       8.1160138 ...	F(t) =        9.0164907
Iter # 1069374680. Elapsed time: 24027
u =		      0.60301404      0.25367099       2.8409771       5.9826303        3.894217       9.8089807       6.3493397       8.1160111 ...	F(t) =        9.0161682
Iter # 1070928560. Elapsed time: 24062
u =		      0.60315518       0.2537415       2.8410161       5.9827977       3.8942379       9.8090511       6.3494735       8.1161125 ...	F(t) =         9.016893
Iter # 1071266110. Elapsed time: 24070
u =		      0.60321652      0.25380705       2.8410428       5.9828197       3.8942539       9.8090856       6.3495745       8.1161545 ...	F(t) =        9.0170395
Iter # 1072008680. Elapsed time: 24087
u =		      0.60331486      0.25381851       2.8409868       5.9828782       3.8942471       9.8091317       6.3495261       8.1162052 ...	F(t) =        9.0173703
Iter # 1076262410. Elapsed time: 24182
u =		      0.60354685      0.25376273       2.8407417        5.983109       3.8943604       9.8092807       6.3493802       8.1164012 ...	F(t) =        9.0175704
Iter # 1083049460. Elapsed time: 24334
u =		       0.6040838      0.25386699       2.8405254       5.9835633       3.8944623       9.8095861        6.349424       8.1167843 ...	F(t) =        9.0190138
Iter # 1084551780. Elapsed time: 24368
u =		       0.6042465       0.2539545        2.840572       5.9837286       3.8945467       9.8096652       6.3496048       8.1169046 ...	F(t) =        9.0198468
Iter # 1086772770. Elapsed time: 24418
u =		      0.60443146      0.25396224       2.8404355       5.9838437       3.8945909       9.8097719       6.3495425       8.1170305 ...	F(t) =        9.0201078
Iter # 1092124600. Elapsed time: 24538
u =		      0.60486536      0.25409666       2.8403656       5.9842739       3.8946465       9.8100173       6.3496987       8.1173435 ...	F(t) =         9.021625
Iter # 1092866800. Elapsed time: 24555
u =		       0.6049119      0.25408721       2.8403267       5.9843054       3.8946802         9.81004       6.3496864       8.1173762 ...	F(t) =        9.0216777
Iter # 1095865230. Elapsed time: 24622
u =		      0.60515426       0.2541501       2.8402251       5.9844929       3.8947584       9.8101771       6.3497167       8.1175494 ...	F(t) =        9.0223495
Iter # 1108318840. Elapsed time: 24902
u =		      0.60622716      0.25437777       2.8397897       5.9853684       3.8950453       9.8107779       6.3498577       8.1183195 ...	F(t) =        9.0251649
Iter # 1109858930. Elapsed time: 24936
u =		      0.60632363      0.25439208       2.8397729       5.9854727       3.8950885       9.8108251       6.3498844       8.1183898 ...	F(t) =        9.0255887
Iter # 1110775570. Elapsed time: 24957
u =		       0.6064126      0.25440223       2.8397575       5.9856092       3.8950629       9.8108837        6.349919       8.1184614 ...	F(t) =        9.0258669
Iter # 1116716150. Elapsed time: 25090
u =		      0.60694241      0.25447169       2.8394822        5.986037        3.895264       9.8111787         6.34992        8.118847 ...	F(t) =          9.02712
Iter # 1119704200. Elapsed time: 25157
u =		      0.60722329       0.2545703       2.8394121       5.9862698       3.8952888       9.8113406       6.3500039       8.1190444 ...	F(t) =        9.0279724
Iter # 1120062790. Elapsed time: 25165
u =		      0.60728047        0.254581       2.8393784       5.9862833        3.895291        9.811368       6.3499757       8.1190714 ...	F(t) =         9.028128
Optimal LCV not found!
Optimal LCV not found!
Iter # 1136074370. Elapsed time: 25525
u =		      0.60846889      0.25470927       2.8387802       5.9873355        3.895676       9.8120508       6.3500007       8.1199535 ...	F(t) =        9.0309264
Iter # 1137690310. Elapsed time: 25561
u =		      0.60856353      0.25471703       2.8386942       5.9874026       3.8957152        9.812113       6.3499591       8.1200279 ...	F(t) =        9.0310491
Iter # 1141892890. Elapsed time: 25655
u =		      0.60896154      0.25489462        2.838705       5.9877404        3.895796       9.8123234       6.3502307       8.1203044 ...	F(t) =        9.0325052
Optimal LCV not found!
Iter # 1146830550. Elapsed time: 25766
u =		      0.60935844      0.25497265       2.8385305       5.9880936       3.8958773       9.8125479       6.3502216       8.1205846 ...	F(t) =        9.0337525
Iter # 1149117920. Elapsed time: 25818
u =		      0.60950284       0.2549202       2.8383786       5.9882309       3.8959094       9.8126378       6.3501248       8.1206956 ...	F(t) =        9.0337559
Iter # 1149778550. Elapsed time: 25833
u =		      0.60959899      0.25502179       2.8384399       5.9882915       3.8959419       9.8126844       6.3502639        8.120759 ...	F(t) =        9.0343838
Iter # 1151008110. Elapsed time: 25860
u =		      0.60968391      0.25503598       2.8384021       5.9883765       3.8959899         9.81274       6.3503172       8.1208361 ...	F(t) =          9.03442
Iter # 1151701610. Elapsed time: 25876
u =		      0.60978446      0.25505983       2.8383245       5.9883998       3.8960059       9.8127945       6.3502661       8.1208924 ...	F(t) =        9.0346481
Iter # 1152537640. Elapsed time: 25895
u =		      0.60981594      0.25506563       2.8383542       5.9884732       3.8960048       9.8128121        6.350306       8.1209222 ...	F(t) =        9.0348392
Optimal LCV not found!
Iter # 1153677300. Elapsed time: 25920
u =		      0.60990741      0.25507814       2.8382979       5.9885605        3.896027       9.8128617       6.3502786       8.1209861 ...	F(t) =        9.0352007
Iter # 1157180380. Elapsed time: 25999
u =		      0.61018753      0.25513611       2.8382098       5.9888105       3.8960983       9.8130166        6.350328       8.1211854 ...	F(t) =        9.0360391
Iter # 1160823360. Elapsed time: 26081
u =		       0.6107391      0.25523416       2.8379467       5.9892831       3.8962725       9.8133315       6.3503758       8.1215961 ...	F(t) =        9.0374235
Iter # 1162409380. Elapsed time: 26116
u =		      0.61084472      0.25521031       2.8378745       5.9893865       3.8962815       9.8133964       6.3503287        8.121676 ...	F(t) =        9.0375513
Iter # 1173573670. Elapsed time: 26367
u =		      0.61192031      0.25546978       2.8374859       5.9902742         3.89658       9.8140002       6.3505489       8.1224468 ...	F(t) =        9.0404466
Iter # 1182877550. Elapsed time: 26576
u =		       0.6126771      0.25561668       2.8371772       5.9909416       3.8967822       9.8144317       6.3506539       8.1230033 ...	F(t) =        9.0424481
Iter # 1189023020. Elapsed time: 26714
u =		        0.613147      0.25564713       2.8369338       5.9913522       3.8969252       9.8146925       6.3505941       8.1233419 ...	F(t) =        9.0437356
Iter # 1189729910. Elapsed time: 26730
u =		      0.61319671      0.25562938       2.8368608       5.9913859       3.8969591       9.8147239       6.3505484       8.1233836 ...	F(t) =        9.0437271
Iter # 1196131660. Elapsed time: 26874
u =		      0.61376177      0.25581519       2.8367075       5.9918193       3.8970882       9.8150295       6.3507084       8.1237688 ...	F(t) =        9.0454841
Iter # 1197619180. Elapsed time: 26907
u =		      0.61388786      0.25584743       2.8366352       5.9919066       3.8971385       9.8151062       6.3507168       8.1238671 ...	F(t) =        9.0457236
Iter # 1198137350. Elapsed time: 26919
u =		       0.6138572      0.25578158       2.8366327        5.991957       3.8971417       9.8150929       6.3506707        8.123861 ...	F(t) =        9.0456612
Iter # 1203897720. Elapsed time: 27048
u =		      0.61430555      0.25583099       2.8363742       5.9923136       3.8972691       9.8153521        6.350647       8.1241796 ...	F(t) =        9.0465965
Iter # 1205751850. Elapsed time: 27090
u =		      0.61447203      0.25595758       2.8364379       5.9924628       3.8972892       9.8154377       6.3508312       8.1242922 ...	F(t) =          9.04742
Iter # 1206455350. Elapsed time: 27106
u =		       0.6145701      0.25598105       2.8363536       5.9924985       3.8972964       9.8154999       6.3507897       8.1243626 ...	F(t) =        9.0475297
Iter # 1206983700. Elapsed time: 27118
u =		       0.6145404      0.25592181       2.8363535       5.9925563       3.8972866       9.8154864       6.3507394       8.1243566 ...	F(t) =        9.0474958
Iter # 1210898240. Elapsed time: 27206
u =		      0.61482854      0.25593159       2.8361817       5.9928063       3.8973887       9.8156472       6.3507223       8.1245663 ...	F(t) =        9.0480922
Iter # 1211208670. Elapsed time: 27213
u =		      0.61492073      0.25603766       2.8362461        5.992844        3.897408       9.8156876       6.3508579        8.124617 ...	F(t) =        9.0486487
Iter # 1211824490. Elapsed time: 27226
u =		        0.614963      0.25605629       2.8362314       5.9928808       3.8974379       9.8157192       6.3508953       8.1246596 ...	F(t) =        9.0486943
Optimal LCV not found!
Iter # 1220536700. Elapsed time: 27422
u =		      0.61567659      0.25616573        2.835928       5.9935221       3.8976192       9.8161144       6.3509308       8.1251714 ...	F(t) =        9.0507116
Iter # 1221577040. Elapsed time: 27445
u =		      0.61581577      0.25622198        2.835848       5.9935668       3.8976128       9.8161997       6.3509418       8.1252591 ...	F(t) =        9.0508486
Iter # 1225477010. Elapsed time: 27533
u =		      0.61605155      0.25623132       2.8357687       5.9938471       3.8977225       9.8163279       6.3509651        8.125447 ...	F(t) =        9.0517006
Optimal LCV not found!
Iter # 1228047040. Elapsed time: 27591
u =		       0.6163049      0.25630403       2.8356573       5.9939968       3.8977701       9.8164661       6.3509844       8.1256107 ...	F(t) =        9.0523105
Iter # 1228390630. Elapsed time: 27598
u =		      0.61632743      0.25631315        2.835665       5.9940504       3.8978017       9.8164818       6.3510229        8.125641 ...	F(t) =         9.052487
Iter # 1236643860. Elapsed time: 27784
u =		      0.61693664      0.25634708       2.8353203        5.994596       3.8979734       9.8168374       6.3509661       8.1260927 ...	F(t) =        9.0537869
Iter # 1236957050. Elapsed time: 27791
u =		      0.61702453      0.25645045        2.835383       5.9946336       3.8979914       9.8168769       6.3511019       8.1261426 ...	F(t) =        9.0542953
Iter # 1238148820. Elapsed time: 27818
u =		      0.61706526       0.2563755       2.8352455       5.9946697       3.8979567       9.8169143       6.3509327       8.1261712 ...	F(t) =        9.0540203
Iter # 1248645770. Elapsed time: 28053
u =		      0.61805211      0.25665262        2.834968       5.9955333       3.8982321       9.8174612       6.3512361       8.1268818 ...	F(t) =        9.0570175
Iter # 1252012490. Elapsed time: 28129
u =		      0.61850717      0.25665374       2.8346873        5.995946       3.8982925       9.8177325       6.3510986       8.1272128 ...	F(t) =        9.0578924
Iter # 1253568560. Elapsed time: 28164
u =		      0.61862517      0.25665776       2.8345901        5.996032       3.8984249       9.8177912       6.3511246       8.1273044 ...	F(t) =        9.0582081
Iter # 1257242620. Elapsed time: 28246
u =		      0.61894149      0.25673157       2.8344607       5.9962768       3.8984678        9.817972       6.3511382       8.1275245 ...	F(t) =        9.0590246
Iter # 1262899260. Elapsed time: 28373
u =		      0.61942192      0.25691715       2.8344038       5.9967032       3.8986017       9.8182329       6.3513938       8.1278692 ...	F(t) =        9.0606808
Iter # 1270176650. Elapsed time: 28537
u =		      0.62009613      0.25703859       2.8341332       5.9972986       3.8988077       9.8186113       6.3514801       8.1283566 ...	F(t) =        9.0625983
Iter # 1275086680. Elapsed time: 28647
u =		      0.62048868      0.25707014       2.8339262       5.9976374       3.8989368        9.818833       6.3514555       8.1286448 ...	F(t) =        9.0635622
Optimal LCV not found!
Iter # 1276890740. Elapsed time: 28687
u =		      0.62066871       0.2571495       2.8338953       5.9977666       3.8989589       9.8189368       6.3515444       8.1287705 ...	F(t) =        9.0640151
Iter # 1278076820. Elapsed time: 28714
u =		      0.62072949      0.25706255       2.8337429       5.9978289       3.8989373       9.8189766       6.3513645       8.1288106 ...	F(t) =         9.063842
Optimal LCV not found!
Iter # 1291280850. Elapsed time: 29010
u =		      0.62262088      0.25750141       2.8330733        5.999496        3.899343       9.8200504       6.3516627       8.1301749 ...	F(t) =        9.0692794
Iter # 1292322130. Elapsed time: 29034
u =		      0.62281133      0.25756678        2.832964       5.9995328       3.8994809       9.8201511       6.3517074        8.130303 ...	F(t) =        9.0696156
Iter # 1298407110. Elapsed time: 29170
u =		      0.62331676      0.25764674       2.8327899       5.9999896       3.8996786       9.8204197       6.3518028       8.1306674 ...	F(t) =         9.071177
Iter # 1299241640. Elapsed time: 29189
u =		      0.62334968      0.25765162        2.832804       6.0000654       3.8996477       9.8204416         6.35181       8.1306956 ...	F(t) =        9.0713755
Iter # 1299526050. Elapsed time: 29195
u =		      0.62336649      0.25766944       2.8327977       6.0000738       3.8996547       9.8204593       6.3518492        8.130717 ...	F(t) =        9.0712569
Iter # 1305421460. Elapsed time: 29328
u =		       0.6238465      0.25775469       2.8325981       6.0004779       3.8998336        9.820727       6.3519101       8.1310699 ...	F(t) =        9.0725613
Iter # 1306166840. Elapsed time: 29344
u =		      0.62393966      0.25776622       2.8325411       6.0005323       3.8997869       9.8207723       6.3518388       8.1311127 ...	F(t) =        9.0728748
Iter # 1315980680. Elapsed time: 29565
u =		      0.62560759      0.25809429       2.8318708       6.0019931       3.9002998       9.8217231       6.3521218       8.1323234 ...	F(t) =        9.0772891
Iter # 1323142770. Elapsed time: 29725
u =		      0.62618438      0.25813462       2.8315693       6.0025096       3.9004301       9.8220539       6.3520577       8.1327479 ...	F(t) =        9.0787204
Iter # 1328766470. Elapsed time: 29852
u =		      0.62668821      0.25828944       2.8314222       6.0028851       3.9005908       9.8223273       6.3522023       8.1330992 ...	F(t) =        9.0802165
Iter # 1334648860. Elapsed time: 29984
u =		      0.62754767      0.25847158       2.8310886       6.0036511       3.9007331       9.8228143       6.3522912       8.1337087 ...	F(t) =        9.0826466
Iter # 1336048090. Elapsed time: 30015
u =		      0.62759757      0.25841114       2.8309629       6.0036825       3.9008214       9.8228521       6.3521844       8.1337682 ...	F(t) =         9.082461
Iter # 1351306130. Elapsed time: 30358
u =		      0.62900933      0.25873506       2.8304803       6.0049048       3.9012454       9.8236346       6.3524817       8.1347906 ...	F(t) =        9.0866033
Iter # 1356025280. Elapsed time: 30464
u =		      0.62934873      0.25870561       2.8302048       6.0051899       3.9013287       9.8238397       6.3523478       8.1350406 ...	F(t) =        9.0870134
Iter # 1363200410. Elapsed time: 30624
u =		      0.63003372      0.25894799       2.8300703       6.0057669       3.9014415       9.8242198       6.3525917       8.1355201 ...	F(t) =        9.0892171
Iter # 1364081490. Elapsed time: 30644
u =		      0.63005997       0.2589431       2.8300638       6.0058076       3.9014753       9.8242339       6.3526224       8.1355474 ...	F(t) =        9.0892623
Iter # 1364763200. Elapsed time: 30659
u =		      0.63016662      0.25896163       2.8299856       6.0058386       3.9015393        9.824294       6.3526121       8.1356205 ...	F(t) =        9.0894364
Optimal LCV not found!
Iter # 1368615500. Elapsed time: 30746
u =		      0.63043347      0.25901254        2.829911       6.0061026       3.9016099       9.8244445       6.3526736       8.1358176 ...	F(t) =        9.0902359
Iter # 1370598040. Elapsed time: 30790
u =		      0.63058056      0.25898622       2.8297997       6.0062607         3.90167        9.824526       6.3526125       8.1359291 ...	F(t) =        9.0906512
Iter # 1372929700. Elapsed time: 30843
u =		      0.63077455      0.25901917       2.8297052       6.0064273       3.9017011       9.8246373       6.3526198       8.1360668 ...	F(t) =        9.0911041
Iter # 1374403260. Elapsed time: 30876
u =		      0.63091841      0.25909987        2.829694       6.0065378       3.9017131       9.8247144       6.3526769        8.136162 ...	F(t) =        9.0916934
Iter # 1380261150. Elapsed time: 31007
u =		      0.63138115      0.25919793       2.8295232       6.0069251       3.9018408       9.8249861       6.3527888       8.1365041 ...	F(t) =        9.0927093
Iter # 1380648390. Elapsed time: 31016
u =		      0.63138128      0.25912485       2.8293997       6.0069075       3.9018746       9.8249883       6.3526081       8.1365043 ...	F(t) =        9.0925908
Iter # 1382181990. Elapsed time: 31050
u =		      0.63149497       0.2591186       2.8293354       6.0070183       3.9019011        9.825049        6.352599       8.1365853 ...	F(t) =        9.0927939
Iter # 1384792130. Elapsed time: 31109
u =		      0.63172198      0.25926435       2.8293766       6.0072243       3.9019478       9.8251767       6.3528422       8.1367508 ...	F(t) =        9.0936358
Iter # 1388520120. Elapsed time: 31193
u =		      0.63205678      0.25933291       2.8292059       6.0074619       3.9019925       9.8253663       6.3527831       8.1369775 ...	F(t) =         9.094549
Iter # 1393153950. Elapsed time: 31297
u =		      0.63243172       0.2593945       2.8290683       6.0078013       3.9021359       9.8255736        6.352857        8.137251 ...	F(t) =        9.0956675
Iter # 1398434380. Elapsed time: 31415
u =		      0.63287043      0.25948331       2.8288987       6.0081866       3.9022738       9.8258177       6.3529267       8.1375713 ...	F(t) =        9.0968991
Iter # 1399971390. Elapsed time: 31450
u =		      0.63297926      0.25950784       2.8288346       6.0082599       3.9022542       9.8258888       6.3529064       8.1376486 ...	F(t) =         9.097003
Iter # 1403725490. Elapsed time: 31534
u =		      0.63334375      0.25957222       2.8287158        6.008611       3.9023805       9.8260825       6.3529726       8.1379132 ...	F(t) =        9.0982785
Iter # 1405339180. Elapsed time: 31570
u =		      0.63377144      0.25963848       2.8285203       6.0089535       3.9024999       9.8263146       6.3529863       8.1382099 ...	F(t) =        9.0993691
Iter # 1409437740. Elapsed time: 31662
u =		      0.63406644      0.25971267       2.8283773       6.0091852       3.9025479       9.8265001       6.3530051       8.1384338 ...	F(t) =         9.099959
Iter # 1412496750. Elapsed time: 31731
u =		      0.63426743      0.25975037       2.8283271       6.0094048       3.9026519       9.8266142       6.3531106       8.1385965 ...	F(t) =        9.1005433
Optimal LCV not found!
Iter # 1422164770. Elapsed time: 31948
u =		      0.63497387      0.25976209       2.8278653       6.0100181       3.9028568       9.8270266        6.352955       8.1391136 ...	F(t) =         9.102017
Iter # 1425254120. Elapsed time: 32017
u =		      0.63522147       0.2598142       2.8277789       6.0102405       3.9029308        9.827164       6.3529972       8.1392906 ...	F(t) =        9.1027605
Iter # 1426678490. Elapsed time: 32049
u =		      0.63536616      0.25986601       2.8277744         6.01037       3.9029611       9.8272423       6.3530827       8.1393939 ...	F(t) =        9.1033061
Iter # 1427424640. Elapsed time: 32066
u =		      0.63545963      0.25997041       2.8278407       6.0104515       3.9029401        9.827297       6.3532413       8.1394597 ...	F(t) =        9.1036974
Iter # 1430409780. Elapsed time: 32133
u =		      0.63567758      0.26001263       2.8277566       6.0106075       3.9030193       9.8274132        6.353259       8.1396101 ...	F(t) =         9.104325
Iter # 1436936540. Elapsed time: 32279
u =		       0.6361747      0.26002126       2.8274349       6.0110339       3.9031803       9.8276954       6.3531515       8.1399739 ...	F(t) =        9.1054651
Iter # 1438090180. Elapsed time: 32305
u =		      0.63628736       0.2601329       2.8275085       6.0111293       3.9031782       9.8277553       6.3533263       8.1400493 ...	F(t) =        9.1060092
Iter # 1438832180. Elapsed time: 32321
u =		      0.63638542       0.2601482       2.8274369        6.011172       3.9032035       9.8278065       6.3532818       8.1401078 ...	F(t) =        9.1062579
Iter # 1445837680. Elapsed time: 32479
u =		      0.63691764      0.26019872       2.8271898       6.0116649       3.9033748        9.828102       6.3533033       8.1405002 ...	F(t) =        9.1076649
Iter # 1447359530. Elapsed time: 32513
u =		      0.63697632      0.26017318       2.8270913       6.0117126       3.9033871       9.8281477        6.353218       8.1405515 ...	F(t) =        9.1075803
Iter # 1456832540. Elapsed time: 32725
u =		      0.63780815       0.2604242        2.826878        6.012428       3.9036053       9.8286096       6.3535075        8.141149 ...	F(t) =        9.1100627
Iter # 1463869710. Elapsed time: 32883
u =		      0.63834955      0.26047025       2.8266027       6.0129119       3.9037274       9.8289151       6.3534552       8.1415393 ...	F(t) =        9.1114917
Iter # 1464219140. Elapsed time: 32891
u =		      0.63840475      0.26053513       2.8266395       6.0129377       3.9037415        9.828942       6.3535499       8.1415737 ...	F(t) =        9.1117376
Iter # 1464957500. Elapsed time: 32908
u =		      0.63846979      0.26053853       2.8266092       6.0129862       3.9037944       9.8289742       6.3535626       8.1416214 ...	F(t) =        9.1119433
Optimal LCV not found!
Optimal LCV not found!
Iter # 1470185810. Elapsed time: 33025
u =		      0.63890256      0.26063121       2.8264004       6.0133228       3.9038881       9.8292277       6.3535836       8.1419341 ...	F(t) =        9.1129216
Iter # 1480986300. Elapsed time: 33267
u =		      0.63974308      0.26077481       2.8260913        6.014097       3.9041274       9.8296918       6.3536891       8.1425446 ...	F(t) =        9.1154728
Iter # 1481996110. Elapsed time: 33290
u =		       0.6398377      0.26080775       2.8260299       6.0141324       3.9041592       9.8297521       6.3537009       8.1426135 ...	F(t) =        9.1154996
Iter # 1486673200. Elapsed time: 33395
u =		      0.64017105       0.2608715       2.8259179       6.0144517       3.9042431       9.8299395       6.3537778       8.1428577 ...	F(t) =        9.1164391
Iter # 1491146160. Elapsed time: 33495
u =		      0.64055878      0.26094415       2.8257615        6.014778       3.9043481       9.8301601       6.3538134       8.1431386 ...	F(t) =        9.1174992
Iter # 1498068200. Elapsed time: 33651
u =		       0.6413222      0.26109366       2.8254584       6.0154562       3.9045368       9.8305964       6.3539131       8.1437079 ...	F(t) =        9.1196005
Iter # 1498797410. Elapsed time: 33667
u =		      0.64142929      0.26110785       2.8253656       6.0154806       3.9045935        9.830649       6.3538636       8.1437768 ...	F(t) =        9.1197484
Optimal LCV not found!
Iter # 1504820280. Elapsed time: 33802
u =		      0.64183992      0.26115358       2.8252196       6.0159005       3.9047171       9.8308819       6.3539031       8.1440879 ...	F(t) =        9.1210293
Iter # 1507120510. Elapsed time: 33853
u =		       0.6419925      0.26111865       2.8250667       6.0160369       3.9047571        9.830978       6.3538128       8.1442065 ...	F(t) =        9.1211014
Optimal LCV not found!
Iter # 1509705100. Elapsed time: 33912
u =		      0.64219068      0.26116096        2.824972       6.0161791       3.9048197       9.8310873       6.3538273       8.1443442 ...	F(t) =        9.1215971
Iter # 1510425670. Elapsed time: 33928
u =		      0.64226949      0.26125279       2.8250356       6.0162608       3.9048004       9.8311277       6.3539425       8.1443947 ...	F(t) =        9.1221659
Iter # 1510743490. Elapsed time: 33935
u =		       0.6423011       0.2612815       2.8250526       6.0162775       3.9048118         9.83115       6.3540154       8.1444227 ...	F(t) =        9.1221416
Iter # 1513073450. Elapsed time: 33987
u =		      0.64247437      0.26128836       2.8249708       6.0164361         3.90488       9.8312362       6.3539816       8.1445402 ...	F(t) =        9.1228044
Iter # 1513777130. Elapsed time: 34003
u =		       0.6425037      0.26124297       2.8248499       6.0164309       3.9049053       9.8312682       6.3538655       8.1445743 ...	F(t) =        9.1224895
Iter # 1518723370. Elapsed time: 34114
u =		      0.64294921      0.26139788       2.8247811       6.0168109       3.9049941       9.8315097       6.3540476       8.1448849 ...	F(t) =        9.1239689
Iter # 1521781340. Elapsed time: 34183
u =		      0.64316798      0.26144289       2.8247035       6.0170223       3.9050508       9.8316393       6.3541165       8.1450529 ...	F(t) =        9.1244706
Iter # 1526431430. Elapsed time: 34287
u =		      0.64359218      0.26152104       2.8244967       6.0173383        3.905155       9.8318713       6.3541007       8.1453416 ...	F(t) =        9.1256501
Iter # 1526944920. Elapsed time: 34299
u =		      0.64357946      0.26149211       2.8245102       6.0174031       3.9051392       9.8318703       6.3540901       8.1453485 ...	F(t) =        9.1256758
Iter # 1527974360. Elapsed time: 34322
u =		      0.64369925      0.26154383       2.8244749       6.0174585        3.905188       9.8319314       6.3541422       8.1454248 ...	F(t) =        9.1259771
Iter # 1528364480. Elapsed time: 34331
u =		      0.64369071        0.261506       2.8244658       6.0174859       3.9052081       9.8319242       6.3541109       8.1454246 ...	F(t) =        9.1260138
Iter # 1528695450. Elapsed time: 34338
u =		      0.64372498        0.261547       2.8244728       6.0174977       3.9052196       9.8319522       6.3541927       8.1454579 ...	F(t) =        9.1259218
Iter # 1541272840. Elapsed time: 34621
u =		      0.64474965      0.26174804       2.8240566       6.0183741       3.9054588       9.8325331       6.3542922       8.1461931 ...	F(t) =        9.1286857
Iter # 1545641660. Elapsed time: 34719
u =		       0.6450146      0.26165558       2.8237612       6.0186211       3.9055819       9.8326897       6.3540857       8.1463977 ...	F(t) =        9.1289731
Iter # 1545957410. Elapsed time: 34726
u =		      0.64515382      0.26180697       2.8238591       6.0186742       3.9055775       9.8327428       6.3542628       8.1464592 ...	F(t) =        9.1298895
Iter # 1547774120. Elapsed time: 34766
u =		      0.64527795      0.26184619       2.8238404       6.0188301       3.9055951       9.8328286       6.3543515       8.1465717 ...	F(t) =        9.1301163
Iter # 1549872120. Elapsed time: 34813
u =		      0.64546812      0.26188091       2.8237267       6.0189488       3.9056192       9.8329351        6.354315       8.1466962 ...	F(t) =        9.1305586
Optimal LCV not found!
Iter # 1551861360. Elapsed time: 34858
u =		      0.64559561      0.26189563       2.8237005       6.0191174       3.9056902       9.8329995       6.3543516       8.1467975 ...	F(t) =        9.1311818
Iter # 1560708460. Elapsed time: 35056
u =		      0.64633532      0.26203039       2.8233934       6.0197078       3.9059188       9.8334147       6.3544274       8.1473286 ...	F(t) =        9.1330927
Iter # 1565014240. Elapsed time: 35153
u =		       0.6466923      0.26199594       2.8230905        6.020033       3.9060408       9.8336361       6.3542927       8.1476098 ...	F(t) =        9.1335382
Iter # 1572079480. Elapsed time: 35311
u =		        0.647328      0.26223342       2.8230038       6.0205798       3.9061969       9.8339846        6.354594       8.1480687 ...	F(t) =        9.1356762
Iter # 1574381960. Elapsed time: 35363
u =		      0.64753029      0.26226409       2.8229184       6.0207505       3.9062328         9.83409        6.354587       8.1482009 ...	F(t) =        9.1363412
Iter # 1578544590. Elapsed time: 35457
u =		      0.64781731      0.26224257       2.8226767       6.0209924       3.9063383       9.8342679       6.3544658       8.1484232 ...	F(t) =         9.136762
Optimal LCV not found!
Iter # 1588059700. Elapsed time: 35670
u =		      0.64860317      0.26247398       2.8224894       6.0216959       3.9065169       9.8346971       6.3547237       8.1489848 ...	F(t) =        9.1392667
Iter # 1597283140. Elapsed time: 35877
u =		      0.64928828      0.26249793        2.822028       6.0222735       3.9067407       9.8351031       6.3545965        8.149499 ...	F(t) =        9.1405588
Iter # 1599974150. Elapsed time: 35938
u =		        0.649573      0.26266539       2.8220843       6.0225162       3.9067958       9.8352555       6.3548644       8.1496991 ...	F(t) =        9.1416593
Optimal LCV not found!
Iter # 1609452210. Elapsed time: 36151
u =		      0.65029133      0.26273637       2.8217214       6.0231471       3.9070127       9.8356537       6.3548346       8.1502163 ...	F(t) =        9.1435951
Iter # 1609778350. Elapsed time: 36158
u =		      0.65035746      0.26281718       2.8217659       6.0231756       3.9069792       9.8356875       6.3549173       8.1502491 ...	F(t) =        9.1439315
Iter # 1612864820. Elapsed time: 36227
u =		      0.65069567      0.26281626       2.8215021        6.023407       3.9070062       9.8358766        6.354784       8.1504667 ...	F(t) =        9.1443802
Iter # 1616718730. Elapsed time: 36314
u =		      0.65113874      0.26297067       2.8214452       6.0238476       3.9071884       9.8361183       6.3549968        8.150812 ...	F(t) =        9.1461388
Iter # 1619999760. Elapsed time: 36388
u =		      0.65137064      0.26301742       2.8213441       6.0240393       3.9072864       9.8362565       6.3550554       8.1509945 ...	F(t) =        9.1465988
Iter # 1622368040. Elapsed time: 36441
u =		       0.6515211      0.26300452        2.821253       6.0242057       3.9073291        9.836339       6.3550156       8.1511052 ...	F(t) =        9.1470546
Iter # 1636834060. Elapsed time: 36766
u =		      0.65268232      0.26320994       2.8207382       6.0252017       3.9076207       9.8369946       6.3551001       8.1519405 ...	F(t) =        9.1500447
Iter # 1643401380. Elapsed time: 36913
u =		      0.65319231      0.26327236       2.8204608       6.0256215       3.9077327       9.8372868       6.3550704       8.1523066 ...	F(t) =        9.1511654
Iter # 1644498200. Elapsed time: 36937
u =		      0.65332523      0.26339674       2.8205389       6.0257243       3.9077842       9.8373556       6.3552881       8.1524017 ...	F(t) =        9.1518024
Iter # 1649729150. Elapsed time: 37055
u =		      0.65377575      0.26347752       2.8203282       6.0260702       3.9079225       9.8376056       6.3553021       8.1527199 ...	F(t) =        9.1529591
Iter # 1650237790. Elapsed time: 37066
u =		      0.65375653      0.26342844       2.8203187       6.0261092       3.9079401       9.8375921       6.3552546       8.1527144 ...	F(t) =        9.1530244
Iter # 1652621840. Elapsed time: 37120
u =		      0.65395831      0.26347106       2.8202561       6.0262904       3.9079838       9.8377043        6.355307       8.1528583 ...	F(t) =          9.15361
Iter # 1657216870. Elapsed time: 37223
u =		      0.65430866      0.26351273       2.8200799       6.0265852       3.9080779       9.8379044       6.3552982       8.1531139 ...	F(t) =        9.1544086
Optimal LCV not found!
Iter # 1675451060. Elapsed time: 37632
u =		       0.6557396       0.2637999       2.8195003       6.0277994        3.908478       9.8387068       6.3554646       8.1541447 ...	F(t) =        9.1583395
Iter # 1678804330. Elapsed time: 37707
u =		      0.65604505      0.26391337       2.8194201       6.0280394       3.9085376       9.8388796       6.3555816       8.1543604 ...	F(t) =        9.1591467
Iter # 1679561100. Elapsed time: 37724
u =		       0.6561461      0.26392811       2.8193486       6.0280954       3.9084912       9.8389323       6.3555094       8.1544102 ...	F(t) =        9.1594145
Iter # 1681761390. Elapsed time: 37774
u =		       0.6562958      0.26396785       2.8193102       6.0282599       3.9086154       9.8390263       6.3556264       8.1545491 ...	F(t) =        9.1597782
Optimal LCV not found!
Iter # 1693339390. Elapsed time: 38034
u =		      0.65718375      0.26408141        2.818904       6.0290429       3.9088296       9.8395293       6.3556101       8.1551903 ...	F(t) =        9.1621799
Iter # 1694839110. Elapsed time: 38067
u =		      0.65734304      0.26416696        2.818884       6.0291638       3.9088596       9.8396132       6.3556924       8.1552978 ...	F(t) =        9.1627938
Iter # 1695702470. Elapsed time: 38087
u =		      0.65733446      0.26404955       2.8187282       6.0291715       3.9089002       9.8396198       6.3555196       8.1553075 ...	F(t) =        9.1622357
Iter # 1697851240. Elapsed time: 38135
u =		      0.65760968      0.26421389       2.8187712        6.029366       3.9089697       9.8397637       6.3557471       8.1554965 ...	F(t) =        9.1633714
Iter # 1698673590. Elapsed time: 38154
u =		      0.65763019      0.26422082       2.8187711       6.0294087       3.9089615       9.8397828       6.3557794        8.155521 ...	F(t) =        9.1633378
Iter # 1699367910. Elapsed time: 38169
u =		      0.65772524      0.26424006        2.818692       6.0294347       3.9089818       9.8398342       6.3557332        8.155576 ...	F(t) =        9.1635403
Iter # 1701224260. Elapsed time: 38211
u =		      0.65784524      0.26424176       2.8186542       6.0295896       3.9090455       9.8398963       6.3557387       8.1556694 ...	F(t) =        9.1640746
Iter # 1702716070. Elapsed time: 38244
u =		      0.65796422      0.26428228       2.8186183       6.0296989       3.9090385       9.8399668       6.3557603        8.155753 ...	F(t) =        9.1644357
Iter # 1703464970. Elapsed time: 38261
u =		      0.65797765      0.26419548       2.8184846       6.0296883       3.9090823       9.8399866        6.355613        8.155774 ...	F(t) =        9.1640018
Iter # 1707314730. Elapsed time: 38347
u =		      0.65827031      0.26423082        2.818319       6.0299488       3.9091177       9.8401633       6.3555905       8.1559909 ...	F(t) =        9.1646335
Iter # 1710693000. Elapsed time: 38423
u =		      0.65861308      0.26441301       2.8183698        6.030241       3.9092217       9.8403371       6.3558746        8.156227 ...	F(t) =        9.1660374
Iter # 1715639880. Elapsed time: 38534
u =		      0.65897791      0.26440125        2.818101        6.030541       3.9092997       9.8405509       6.3557195       8.1564906 ...	F(t) =         9.166758
Iter # 1725696420. Elapsed time: 38760
u =		      0.65978166      0.26457618       2.8178411       6.0312745       3.9095316       9.8409991       6.3559024        8.157079 ...	F(t) =        9.1691667
Iter # 1732909800. Elapsed time: 38922
u =		      0.66033765       0.2646829       2.8176107        6.031745       3.9097292       9.8413107       6.3559733       8.1574861 ...	F(t) =        9.1707003
Iter # 1735205150. Elapsed time: 38973
u =		      0.66057644      0.26477712       2.8175441       6.0319418       3.9097782       9.8414532        6.356097       8.1576652 ...	F(t) =        9.1712657
Iter # 1738119330. Elapsed time: 39039
u =		      0.66085994      0.26475552       2.8172844       6.0321328       3.9097581       9.8416172       6.3558817       8.1578503 ...	F(t) =        9.1716566
Iter # 1741546630. Elapsed time: 39115
u =		       0.6612603      0.26491784       2.8172708       6.0325056       3.9099136       9.8418176       6.3561195       8.1581255 ...	F(t) =        9.1733453
Optimal LCV not found!
Iter # 1744847900. Elapsed time: 39189
u =		       0.6614828      0.26496611       2.8171903       6.0327079       3.9099942        9.841959       6.3561926       8.1583106 ...	F(t) =        9.1737643
Iter # 1751323950. Elapsed time: 39335
u =		      0.66199223      0.26506125       2.8169781       6.0331487        3.910164       9.8422486       6.3562689       8.1586896 ...	F(t) =        9.1751076
Iter # 1759443750. Elapsed time: 39517
u =		      0.66268304      0.26518866        2.816699       6.0337487       3.9103043       9.8426333       6.3562953       8.1591754 ...	F(t) =        9.1771564
Iter # 1760284360. Elapsed time: 39536
u =		      0.66273442      0.26507271       2.8164612       6.0337769       3.9103864       9.8426848       6.3560671       8.1592388 ...	F(t) =        9.1766369
Iter # 1761844840. Elapsed time: 39571
u =		      0.66292877       0.2652374       2.8165967       6.0339508       3.9104215       9.8427707       6.3563535       8.1593598 ...	F(t) =        9.1777646
Iter # 1764530010. Elapsed time: 39631
u =		      0.66317567       0.2652801       2.8164947       6.0341769       3.9104639       9.8429125       6.3563692       8.1595388 ...	F(t) =        9.1784766
Iter # 1771439060. Elapsed time: 39786
u =		      0.66389021      0.26542152       2.8162047       6.0347819       3.9106454       9.8433174       6.3564611        8.160056 ...	F(t) =        9.1802843
Iter # 1772640260. Elapsed time: 39813
u =		      0.66395325      0.26537531       2.8161251       6.0348592       3.9106663        9.843355       6.3563692       8.1601058 ...	F(t) =        9.1803981
Optimal LCV not found!
Iter # 1774552170. Elapsed time: 39856
u =		      0.66412998      0.26546455       2.8161143       6.0349952       3.9107238       9.8434484       6.3564794        8.160228 ...	F(t) =        9.1810694
Iter # 1776522800. Elapsed time: 39900
u =		      0.66428449      0.26542651       2.8159654        6.035139       3.9107817       9.8435411       6.3563995       8.1603479 ...	F(t) =        9.1812162
Iter # 1780283750. Elapsed time: 39985
u =		      0.66459089      0.26555478       2.8159162       6.0353826       3.9108641       9.8437161       6.3565668       8.1605704 ...	F(t) =        9.1820848
Optimal LCV not found!
Iter # 1784471670. Elapsed time: 40079
u =		      0.66492201      0.26560281       2.8157647       6.0356769       3.9109346       9.8438954       6.3565361       8.1607991 ...	F(t) =        9.1831715
Iter # 1785477090. Elapsed time: 40101
u =		      0.66503622       0.2656434       2.8156972       6.0357108       3.9109748       9.8439651       6.3565486       8.1608778 ...	F(t) =        9.1832824
Iter # 1786338690. Elapsed time: 40121
u =		      0.66506842      0.26565209       2.8157246       6.0357862       3.9109626       9.8439838       6.3565901       8.1609065 ...	F(t) =        9.1834723
Iter # 1788581720. Elapsed time: 40171
u =		       0.6652496       0.2656834       2.8156495       6.0359348        3.911032       9.8440811       6.3566113        8.161033 ...	F(t) =        9.1840262
Iter # 1793517400. Elapsed time: 40281
u =		      0.66561776      0.26567694       2.8154048       6.0362806       3.9111539       9.8442963       6.3565317       8.1613135 ...	F(t) =        9.1847742
Iter # 1796050530. Elapsed time: 40338
u =		      0.66586909       0.2657954       2.8153969        6.036472       3.9112234       9.8444345       6.3567035       8.1614915 ...	F(t) =        9.1856057
Optimal LCV not found!
Iter # 1806504570. Elapsed time: 40573
u =		      0.66672208      0.26595904       2.8150211       6.0371639       3.9113713       9.8449089       6.3567133       8.1620805 ...	F(t) =        9.1879023
Iter # 1807703060. Elapsed time: 40600
u =		      0.66674787      0.26587162       2.8148918       6.0372216       3.9114573       9.8449313       6.3566068       8.1621278 ...	F(t) =        9.1876327
Iter # 1817404830. Elapsed time: 40818
u =		      0.66752422      0.26602112       2.8145934       6.0379036       3.9116168       9.8453735       6.3566891       8.1626869 ...	F(t) =        9.1897458
Optimal LCV not found!
Iter # 1822034790. Elapsed time: 40922
u =		      0.66803541      0.26620733       2.8145007       6.0383415       3.9117844       9.8456514       6.3569368       8.1630467 ...	F(t) =        9.1914686
Iter # 1826870990. Elapsed time: 41030
u =		      0.66834969      0.26614449       2.8141933       6.0386418        3.911901       9.8458535       6.3567683       8.1633034 ...	F(t) =        9.1917989
Iter # 1828641220. Elapsed time: 41070
u =		      0.66860321      0.26633069        2.814239        6.038779       3.9119107       9.8459775       6.3569567       8.1634496 ...	F(t) =        9.1928868
srun: Job step aborted: Waiting up to 2 seconds for job step to finish.
slurmd[node124]: error: *** STEP 325515.0 CANCELLED AT 2022-08-26T08:34:22 ***
slurmd[node124]: error: *** JOB 325515 CANCELLED AT 2022-08-26T08:34:22 ***
[mpiexec@node124] HYD_pmcd_pmiserv_send_signal (./pm/pmiserv/pmiserv_cb.c:221): assert (!closed) failed
[mpiexec@node124] ui_cmd_cb (./pm/pmiserv/pmiserv_pmci.c:128): unable to send SIGUSR1 downstream
[mpiexec@node124] HYDT_dmxu_poll_wait_for_event (./tools/demux/demux_poll.c:77): callback returned error status
[mpiexec@node124] HYD_pmci_wait_for_completion (./pm/pmiserv/pmiserv_pmci.c:388): error waiting for event
[mpiexec@node124] main (./ui/mpich/mpiexec.c:718): process manager error waiting for completion
/bin/rm: cannot remove `/tmp/srun___logue': No such file or directory
