=================================================== BSF Target ====================================================
Problem name: blend
Number of Workers: 10
OpenMP is turned off!
Map List is not Fragmented.
Before conversion: m =	74	n = 114
After conversion:  m =	196	n = 81
Eps Min Dir Length:	0.001
Eps Objective:		0.001
Eps Shift:		1e-05
Eps Zero Compare:	0.001
Eps Zero Direction:	1e-05
Exact Obj Value:	30.812
Distance to Apex:	0
Low Cost Percentile:	0.02
Gap Max:		0.2
Obj Vector Length:	1
Start Shift Lengt:	1
Blocking obj var:	false
Use low cost vars:	false
--------------- Statisics ---------------
Number of high-cost variables:	17
Number of low-cost variables:	13
Number of zero-cost variables:	51
Problem Scale:			26.32
--------------- Data ---------------
Obj Function:	            5.36            5.08            4.51             4.2             3.6            -3.2              -3           -2.87 ...
Start point:	       6.1886244       5.0662261       6.2266088       5.1231223       4.2956365       20.891309       1.3830881         10.2268 ...	F(x) = 30.320439
Apex point:	       6.1886244       5.0662261       6.2266088       5.1231223       4.2956365       20.891309       1.3830881         10.2268 ...	F(x) = 30.320439
-------------------------------------------
--------- Finding feasible point ------------
Iter # 0. Elapsed time: 0
u =		       6.1886244       5.0662261       6.2266088       5.1231223       4.2956365       20.891309       1.3830881         10.2268 ...	F(t) =        30.320439
Landing# 0. Elapsed time: 0
u =		       6.1886287       5.0662296       6.2266106       5.1231238       4.2956368       20.891309       1.3830888       10.226801 ...	F(t) =        30.320491
Landing# 100. Elapsed time: 6
u =		       6.1890693       5.0665781       6.2267885        5.123268       4.2956632       20.891283       1.3831602       10.226836 ...	F(t) =        30.325683
Landing# 200. Elapsed time: 12
u =		       6.1895102       5.0669264       6.2269656       5.1234119       4.2956896       20.891257       1.3832316       10.226873 ...	F(t) =        30.330868
Landing# 300. Elapsed time: 18
u =		       6.1899514       5.0672753       6.2271414       5.1235554       4.2957158       20.891231       1.3833031       10.226909 ...	F(t) =        30.336044
Landing# 400. Elapsed time: 24
u =		       6.1903933       5.0676238       6.2273169       5.1236988       4.2957422       20.891205       1.3833742       10.226946 ...	F(t) =        30.341224
Landing# 500. Elapsed time: 30
u =		       6.1908354        5.067972       6.2274911       5.1238418       4.2957683       20.891179       1.3834454       10.226983 ...	F(t) =         30.34639
Landing# 600. Elapsed time: 53
u =		       6.1912782       5.0683204       6.2276642       5.1239845       4.2957946       20.891153       1.3835163        10.22702 ...	F(t) =        30.351555
Landing# 700. Elapsed time: 59
u =		       6.1917213       5.0686692       6.2278368       5.1241269       4.2958211       20.891128       1.3835871       10.227057 ...	F(t) =         30.35672
Landing# 800. Elapsed time: 65
u =		       6.1921652       5.0690171       6.2280081       5.1242689       4.2958472       20.891103        1.383658       10.227096 ...	F(t) =         30.36187
Landing# 900. Elapsed time: 71
u =		       6.1926098       5.0693663       6.2281776       5.1244107        4.295873       20.891078       1.3837289       10.227134 ...	F(t) =        30.367017
Landing# 1000. Elapsed time: 77
u =		       6.1930538        5.069715        6.228347       5.1245522       4.2958991       20.891053       1.3837995       10.227173 ...	F(t) =        30.372157
Landing# 1100. Elapsed time: 83
u =		       6.1934992       5.0700634       6.2285147       5.1246932       4.2959248       20.891029       1.3838702       10.227212 ...	F(t) =        30.377288
Landing# 1200. Elapsed time: 89
u =		       6.1939449       5.0704122       6.2286816       5.1248339       4.2959506       20.891004       1.3839407       10.227251 ...	F(t) =        30.382418
Landing# 1300. Elapsed time: 95
u =		       6.1943911       5.0707602       6.2288475       5.1249742       4.2959765        20.89098       1.3840111       10.227291 ...	F(t) =        30.387539
Landing# 1400. Elapsed time: 101
u =		       6.1948375       5.0711084        6.229012       5.1251141       4.2960021       20.890956       1.3840816       10.227331 ...	F(t) =        30.392646
Landing# 1500. Elapsed time: 107
u =		       6.1952846       5.0714575       6.2291761       5.1252542       4.2960281       20.890932       1.3841518       10.227371 ...	F(t) =        30.397767
Landing# 1600. Elapsed time: 112
u =		       6.1957322       5.0718065       6.2293385       5.1253935       4.2960535       20.890908       1.3842221       10.227412 ...	F(t) =        30.402868
Landing# 1700. Elapsed time: 119
u =		       6.1961806       5.0721549       6.2294988       5.1255321       4.2960784       20.890885       1.3842925       10.227453 ...	F(t) =        30.407951
Landing# 1800. Elapsed time: 124
u =		       6.1966291       5.0725027       6.2296587       5.1256702       4.2961034       20.890862       1.3843629       10.227495 ...	F(t) =        30.413026
Landing# 1900. Elapsed time: 130
u =		       6.1970783       5.0728513       6.2298175       5.1258083       4.2961286       20.890839       1.3844331       10.227537 ...	F(t) =        30.418105
Landing# 2000. Elapsed time: 136
u =		       6.1975277       5.0731992       6.2299755       5.1259459        4.296154       20.890817        1.384503       10.227578 ...	F(t) =        30.423175
Landing# 2100. Elapsed time: 143
u =		       6.1979778       5.0735471       6.2301318       5.1260835       4.2961786       20.890794        1.384573       10.227621 ...	F(t) =        30.428234
Landing# 2200. Elapsed time: 148
u =		       6.1984287       5.0738954       6.2302872       5.1262205       4.2962039       20.890771       1.3846427       10.227664 ...	F(t) =        30.433297
Landing# 2300. Elapsed time: 154
u =		       6.1988795       5.0742434       6.2304413        5.126357       4.2962288       20.890749       1.3847126       10.227707 ...	F(t) =        30.438342
Landing# 2400. Elapsed time: 160
u =		       6.1993313        5.074592       6.2305948       5.1264932       4.2962539       20.890727        1.384782        10.22775 ...	F(t) =        30.443396
Landing# 2500. Elapsed time: 167
u =		       6.1997838       5.0749409       6.2307464       5.1266289       4.2962787       20.890705       1.3848516       10.227793 ...	F(t) =        30.448437
Landing# 2600. Elapsed time: 173
u =		        6.200237       5.0752887        6.230896        5.126764       4.2963027       20.890684       1.3849211       10.227837 ...	F(t) =        30.453457
Landing# 2700. Elapsed time: 179
u =		       6.2006907       5.0756365       6.2310452        5.126899       4.2963275       20.890662       1.3849904       10.227882 ...	F(t) =        30.458481
Landing# 2800. Elapsed time: 185
u =		        6.201145        5.075984       6.2311932       5.1270338       4.2963521       20.890641       1.3850596       10.227926 ...	F(t) =          30.4635
Landing# 2900. Elapsed time: 191
u =		       6.2015993       5.0763323       6.2313399       5.1271675       4.2963759        20.89062       1.3851291       10.227971 ...	F(t) =        30.468502
Landing# 3000. Elapsed time: 197
u =		       6.2020549       5.0766804       6.2314845       5.1273009       4.2963998       20.890599       1.3851984       10.228016 ...	F(t) =        30.473498
Landing# 3100. Elapsed time: 203
u =		       6.2025102       5.0770285       6.2316288       5.1274342       4.2964238       20.890578       1.3852676       10.228062 ...	F(t) =         30.47849
Landing# 3200. Elapsed time: 209
u =		       6.2029663       5.0773757        6.231771       5.1275664       4.2964474       20.890558        1.385337       10.228107 ...	F(t) =        30.483464
Landing# 3300. Elapsed time: 215
u =		        6.203423       5.0777229       6.2319125       5.1276984        4.296471       20.890538       1.3854062       10.228153 ...	F(t) =        30.488434
Landing# 3400. Elapsed time: 221
u =		       6.2038798         5.07807       6.2320528       5.1278298       4.2964946       20.890518        1.385475       10.228199 ...	F(t) =        30.493396
Landing# 3500. Elapsed time: 227
u =		       6.2043375       5.0784178       6.2321916       5.1279609       4.2965181       20.890498       1.3855438       10.228246 ...	F(t) =        30.498353
Landing# 3600. Elapsed time: 233
u =		       6.2047953       5.0787647       6.2323294       5.1280916       4.2965413       20.890478       1.3856125       10.228293 ...	F(t) =          30.5033
Landing# 3700. Elapsed time: 239
u =		       6.2052541       5.0791114       6.2324654       5.1282219       4.2965645       20.890459       1.3856813        10.22834 ...	F(t) =        30.508237
Landing# 3800. Elapsed time: 245
u =		       6.2057137       5.0794583          6.2326       5.1283516       4.2965875       20.890439       1.3857499       10.228387 ...	F(t) =        30.513172
Landing# 3900. Elapsed time: 251
u =		       6.2061736       5.0798055       6.2327346        5.128481       4.2966108        20.89042       1.3858181       10.228434 ...	F(t) =         30.51811
Landing# 4000. Elapsed time: 257
u =		       6.2066334        5.080152       6.2328661       5.1286091       4.2966332       20.890401       1.3858867       10.228481 ...	F(t) =        30.523014
Landing# 4100. Elapsed time: 264
u =		       6.2070945       5.0804989       6.2329957       5.1287372       4.2966555       20.890382       1.3859552       10.228528 ...	F(t) =        30.527916
Landing# 4200. Elapsed time: 270
u =		       6.2075561       5.0808461       6.2331251       5.1288649       4.2966784       20.890363       1.3860231       10.228576 ...	F(t) =        30.532825
Landing# 4300. Elapsed time: 276
u =		        6.208019       5.0811932        6.233252       5.1289921       4.2967005       20.890344       1.3860913       10.228624 ...	F(t) =        30.537719
Landing# 4400. Elapsed time: 282
u =		       6.2084818       5.0815397       6.2333783        5.129119       4.2967229       20.890325       1.3861592       10.228671 ...	F(t) =        30.542608
Landing# 4500. Elapsed time: 288
u =		       6.2089456       5.0818858       6.2335021       5.1292448       4.2967447       20.890306       1.3862274       10.228719 ...	F(t) =        30.547478
Landing# 4600. Elapsed time: 295
u =		       6.2094086       5.0822319       6.2336256       5.1293705       4.2967671       20.890287       1.3862952       10.228767 ...	F(t) =        30.552347
Landing# 4700. Elapsed time: 301
u =		       6.2098733       5.0825769       6.2337468       5.1294954       4.2967889       20.890269       1.3863632       10.228815 ...	F(t) =        30.557201
Landing# 4800. Elapsed time: 307
u =		       6.2103391       5.0829223       6.2338659       5.1296199       4.2968108       20.890251       1.3864308       10.228863 ...	F(t) =        30.562049
Landing# 4900. Elapsed time: 313
u =		       6.2108049       5.0832683       6.2339848       5.1297439       4.2968327       20.890232       1.3864982       10.228911 ...	F(t) =        30.566899
Landing# 5000. Elapsed time: 319
u =		        6.211272       5.0836133       6.2340988       5.1298662       4.2968536       20.890214       1.3865664       10.228959 ...	F(t) =        30.571709
Landing# 5100. Elapsed time: 326
u =		       6.2117393        5.083959       6.2342128       5.1299884       4.2968744       20.890196        1.386634       10.229007 ...	F(t) =         30.57653
Landing# 5200. Elapsed time: 332
u =		       6.2122074       5.0843033       6.2343242       5.1301102       4.2968954       20.890179       1.3867018       10.229056 ...	F(t) =        30.581326
Landing# 5300. Elapsed time: 338
u =		       6.2126755       5.0846471       6.2344343       5.1302309       4.2969162       20.890161       1.3867692       10.229103 ...	F(t) =        30.586113
Landing# 5400. Elapsed time: 344
u =		       6.2131446       5.0849912       6.2345419       5.1303507       4.2969363       20.890143        1.386837       10.229151 ...	F(t) =        30.590887
Landing# 5500. Elapsed time: 350
u =		       6.2136141       5.0853342        6.234647       5.1304697       4.2969566       20.890126       1.3869046       10.229199 ...	F(t) =        30.595639
Landing# 5600. Elapsed time: 357
u =		       6.2140835       5.0856779       6.2347528       5.1305891       4.2969773       20.890108       1.3869717       10.229247 ...	F(t) =        30.600405
Landing# 5700. Elapsed time: 363
u =		       6.2145539       5.0860214       6.2348554       5.1307073       4.2969982       20.890091       1.3870389       10.229295 ...	F(t) =        30.605153
Landing# 5800. Elapsed time: 369
u =		       6.2150254       5.0863639       6.2349559        5.130825       4.2970185       20.890073       1.3871061       10.229344 ...	F(t) =        30.609888
Landing# 5900. Elapsed time: 375
u =		       6.2154977       5.0867058       6.2350547       5.1309419       4.2970388       20.890056       1.3871733       10.229391 ...	F(t) =         30.61461
Landing# 6000. Elapsed time: 382
u =		       6.2159706       5.0870484       6.2351511       5.1310582       4.2970588       20.890038       1.3872404       10.229439 ...	F(t) =        30.619326
Landing# 6100. Elapsed time: 388
u =		       6.2164432       5.0873892       6.2352451       5.1311729       4.2970783       20.890021       1.3873077       10.229487 ...	F(t) =        30.624009
Landing# 6200. Elapsed time: 394
u =		       6.2169165       5.0877316       6.2353373       5.1312873        4.297098       20.890004       1.3873748       10.229535 ...	F(t) =        30.628695
Landing# 6300. Elapsed time: 401
u =		         6.21739        5.088073       6.2354264       5.1314008       4.2971172       20.889987       1.3874416       10.229582 ...	F(t) =        30.633356
Landing# 6400. Elapsed time: 407
u =		       6.2178653       5.0884131       6.2355131       5.1315134       4.2971369        20.88997       1.3875086        10.22963 ...	F(t) =        30.638005
Landing# 6500. Elapsed time: 413
u =		       6.2183396       5.0887553       6.2355998        5.131626       4.2971563       20.889953       1.3875752       10.229678 ...	F(t) =        30.642661
Landing# 6600. Elapsed time: 420
u =		       6.2188151        5.089096       6.2356842       5.1317377       4.2971757       20.889935       1.3876417       10.229725 ...	F(t) =        30.647302
Landing# 6700. Elapsed time: 426
u =		       6.2192923       5.0894365       6.2357636        5.131848       4.2971945       20.889919       1.3877082       10.229772 ...	F(t) =        30.651916
Landing# 6800. Elapsed time: 432
u =		         6.21977       5.0897754       6.2358409       5.1319571       4.2972135       20.889902       1.3877749       10.229819 ...	F(t) =        30.656511
Landing# 6900. Elapsed time: 439
u =		       6.2202477       5.0901153       6.2359161       5.1320656       4.2972322       20.889885       1.3878415       10.229866 ...	F(t) =        30.661097
Landing# 7000. Elapsed time: 445
u =		       6.2207258        5.090454       6.2359899       5.1321734       4.2972511       20.889868       1.3879079       10.229913 ...	F(t) =        30.665674
Landing# 7100. Elapsed time: 451
u =		       6.2212041       5.0907936        6.236062       5.1322812       4.2972704       20.889851       1.3879741        10.22996 ...	F(t) =        30.670248
Landing# 7200. Elapsed time: 458
u =		       6.2216832       5.0911319       6.2361297       5.1323869       4.2972884       20.889835       1.3880406       10.230007 ...	F(t) =        30.674784
Landing# 7300. Elapsed time: 464
u =		       6.2221631       5.0914698       6.2361949       5.1324916       4.2973068       20.889818       1.3881067       10.230053 ...	F(t) =        30.679309
Landing# 7400. Elapsed time: 470
u =		       6.2226438       5.0918074       6.2362578       5.1325956       4.2973254       20.889802       1.3881729         10.2301 ...	F(t) =        30.683822
Landing# 7500. Elapsed time: 477
u =		       6.2231247       5.0921446       6.2363198       5.1326987        4.297344       20.889785       1.3882387       10.230146 ...	F(t) =        30.688332
Landing# 7600. Elapsed time: 483
u =		       6.2236068       5.0924798       6.2363767       5.1328006       4.2973622       20.889769       1.3883049       10.230192 ...	F(t) =        30.692802
Landing# 7700. Elapsed time: 490
u =		        6.224088       5.0928149       6.2364324       5.1329015       4.2973809       20.889752       1.3883709       10.230237 ...	F(t) =        30.697262
Landing# 7800. Elapsed time: 496
u =		       6.2245706         5.09315       6.2364841       5.1330014       4.2973989       20.889736       1.3884367       10.230283 ...	F(t) =        30.701703
Landing# 7900. Elapsed time: 502
u =		       6.2250527       5.0934842       6.2365343       5.1331001       4.2974168        20.88972       1.3885027       10.230328 ...	F(t) =        30.706125
Landing# 8000. Elapsed time: 509
u =		        6.225536       5.0938175       6.2365815       5.1331971       4.2974346       20.889703       1.3885686       10.230373 ...	F(t) =         30.71053
Landing# 8100. Elapsed time: 515
u =		       6.2260203       5.0941508       6.2366259        5.133294       4.2974527       20.889687        1.388634       10.230418 ...	F(t) =        30.714928
Landing# 8200. Elapsed time: 522
u =		       6.2265054       5.0944829        6.236667       5.1333891       4.2974707       20.889671       1.3886998       10.230463 ...	F(t) =          30.7193
Landing# 8300. Elapsed time: 528
u =		       6.2269905       5.0948138        6.236704       5.1334824       4.2974883       20.889655       1.3887655       10.230508 ...	F(t) =        30.723635
Landing# 8400. Elapsed time: 535
u =		        6.227476       5.0951434       6.2367387       5.1335751       4.2975054        20.88964       1.3888312       10.230552 ...	F(t) =        30.727952
Landing# 8500. Elapsed time: 541
u =		       6.2279619       5.0954732       6.2367701       5.1336661        4.297523       20.889624       1.3888967       10.230597 ...	F(t) =        30.732252
Landing# 8600. Elapsed time: 548
u =		       6.2284482       5.0958029       6.2367981       5.1337563       4.2975402       20.889608       1.3889622       10.230641 ...	F(t) =        30.736533
Landing# 8700. Elapsed time: 554
u =		       6.2289343       5.0961314       6.2368232       5.1338448       4.2975576       20.889593       1.3890273       10.230684 ...	F(t) =         30.74079
Landing# 8800. Elapsed time: 560
u =		        6.229422       5.0964597       6.2368452       5.1339324       4.2975749       20.889577       1.3890928       10.230728 ...	F(t) =        30.745034
Landing# 8900. Elapsed time: 567
u =		       6.2299086       5.0967865       6.2368638       5.1340183        4.297592       20.889561        1.389158       10.230771 ...	F(t) =        30.749245
Landing# 9000. Elapsed time: 574
u =		       6.2303965       5.0971113       6.2368775        5.134102       4.2976084       20.889546       1.3892234       10.230814 ...	F(t) =        30.753416
Landing# 9100. Elapsed time: 580
u =		        6.230884       5.0974354       6.2368887       5.1341848        4.297625       20.889531       1.3892885       10.230856 ...	F(t) =         30.75757
Landing# 9200. Elapsed time: 587
u =		       6.2313736       5.0977584       6.2368964       5.1342666       4.2976414       20.889516       1.3893538       10.230899 ...	F(t) =        30.761703
Landing# 9300. Elapsed time: 593
u =		       6.2318622       5.0980812       6.2368997       5.1343463       4.2976583       20.889501       1.3894187       10.230941 ...	F(t) =        30.765806
Landing# 9400. Elapsed time: 600
u =		       6.2323528       5.0984032       6.2369001       5.1344258       4.2976754       20.889486       1.3894838       10.230984 ...	F(t) =        30.769902
Landing# 9500. Elapsed time: 606
u =		       6.2328417       5.0987252       6.2368978       5.1345038       4.2976922       20.889471       1.3895483       10.231026 ...	F(t) =        30.773971
Landing# 9600. Elapsed time: 613
u =		       6.2333311        5.099045         6.23689        5.134579       4.2977083       20.889457       1.3896135       10.231067 ...	F(t) =        30.777989
Landing# 9700. Elapsed time: 619
u =		       6.2338215       5.0993662        6.236885       5.1346553       4.2977253       20.889442       1.3896778       10.231109 ...	F(t) =        30.782052
Landing# 9800. Elapsed time: 626
u =		        6.234312       5.0996838        6.236871       5.1347283       4.2977413       20.889428       1.3897426        10.23115 ...	F(t) =        30.786028
Landing# 9900. Elapsed time: 632
u =		       6.2348032       5.1000006       6.2368543       5.1348005       4.2977572       20.889413       1.3898071       10.231192 ...	F(t) =        30.789991
Landing# 10000. Elapsed time: 639
u =		       6.2352944       5.1003156        6.236832       5.1348699       4.2977729       20.889399       1.3898717       10.231232 ...	F(t) =        30.793906
Landing# 10100. Elapsed time: 645
u =		       6.2357861       5.1006288        6.236807       5.1349378       4.2977884       20.889385       1.3899358       10.231272 ...	F(t) =        30.797803
Landing# 10200. Elapsed time: 652
u =		       6.2362765        5.100941       6.2367761       5.1350036       4.2978039       20.889371       1.3900002       10.231311 ...	F(t) =        30.801648
Landing# 10300. Elapsed time: 659
u =		        6.236769       5.1012522       6.2367444       5.1350688       4.2978194       20.889357       1.3900641        10.23135 ...	F(t) =        30.805497
Landing# 10400. Elapsed time: 665
u =		       6.2372605       5.1015634       6.2367092       5.1351327       4.2978352       20.889343       1.3901277        10.23139 ...	F(t) =        30.809322
=============================================
Elapsed time: 668.26141
Iterations: 28801973
Optimal objective value:        30.811018
Exact objective value:             30.812
Relative error = 3.1869868e-05
=============================================
Solution is saved into the file 'Problems/lp_blend_so.mtx'.
Solution:	       20.889337       10.231407       11.218168       2.9993371      0.54183475      0.28082273    0.0019103192       5.4748595	...
Ordered:	       6.2374815       5.1017024       6.2366904       5.1351605        4.297842       20.889337       1.3901565       10.231407	...
