=================================================== BSF Target ====================================================
Problem name: blend
Number of Workers: 10
OpenMP is turned off!
Map List is not Fragmented.
Before conversion: m =	74	n = 114
After conversion:  m =	196	n = 81
Eps Min Dir Length:	0.001
Eps Objective:		1e-06
Eps Shift:		0.001
Eps Zero Compare:	0.001
Eps Zero Direction:	0.001
Exact Obj Value:	30.812
Distance to Apex:	0
Low Cost Percentile:	0.02
Gap Max:		0.2
Obj Vector Length:	1
Start Shift Lengt:	1
Blocking obj var:	false
Use low cost vars:	false
--------------- Statisics ---------------
Number of high-cost variables:	17
Number of low-cost variables:	13
Number of zero-cost variables:	51
Problem Scale:			26.32
--------------- Data ---------------
Obj Function:	            5.36            5.08            4.51             4.2             3.6            -3.2              -3           -2.87 ...
Start point:	       2.7232198       1.9591144       2.8834322       8.0847022       5.4746464        13.54992      0.63807637       13.854414 ...	F(x) = 19.694117
Apex point:	       2.7232198       1.9591144       2.8834322       8.0847022       5.4746464        13.54992      0.63807637       13.854414 ...	F(x) = 19.694117
-------------------------------------------
--------- Finding feasible point ------------
Iter # 0. Elapsed time: 0
u =		       2.7232198       1.9591144       2.8834322       8.0847022       5.4746464        13.54992      0.63807637       13.854414 ...	F(t) =        19.694117
         F(u) = 19.694117 >= F(w) = 19.655132
Landing# 0. Elapsed time: 0
u =		       2.7231554       1.9591094       2.8833529       8.0848882       5.4748001       13.550183      0.63787804       13.854796 ...	F(t) =        19.693243
         F(u) = 19.704342 >= F(w) = 19.684854
         F(u) = 19.70504 >= F(w) = 19.691468
         F(u) = 19.704731 >= F(w) = 19.680699
         F(u) = 19.70615 >= F(w) = 19.699474
         F(u) = 19.719458 >= F(w) = 19.713033
         F(u) = 19.720345 >= F(w) = 19.714021
         F(u) = 19.720491 >= F(w) = 19.719145
         F(u) = 19.72102 >= F(w) = 19.719784
         F(u) = 19.72164 >= F(w) = 19.718095
         F(u) = 19.721559 >= F(w) = 19.705805
         F(u) = 19.723806 >= F(w) = 19.712394
         F(u) = 19.728069 >= F(w) = 19.717183
         F(u) = 19.730265 >= F(w) = 19.708856
         F(u) = 19.730218 >= F(w) = 19.717175
         F(u) = 19.732838 >= F(w) = 19.714454
         F(u) = 19.732419 >= F(w) = 19.719778
         F(u) = 19.734207 >= F(w) = 19.732373
         F(u) = 19.742921 >= F(w) = 19.732111
         F(u) = 19.742675 >= F(w) = 19.725467
         F(u) = 19.744614 >= F(w) = 19.726012
         F(u) = 19.744191 >= F(w) = 19.728551
         F(u) = 19.745581 >= F(w) = 19.737479
         F(u) = 19.747146 >= F(w) = 19.729937
         F(u) = 19.747531 >= F(w) = 19.696914
         F(u) = 19.746412 >= F(w) = 19.694987
         F(u) = 19.747175 >= F(w) = 19.73923
Landing# 100. Elapsed time: 8
u =		        2.727939       1.9709033       2.8800851       8.1058588       5.4911244        13.57693      0.62133151       13.893822 ...	F(t) =        19.749608
         F(u) = 19.752189 >= F(w) = 19.739291
         F(u) = 19.753479 >= F(w) = 19.741087
         F(u) = 19.757345 >= F(w) = 19.736456
         F(u) = 19.758421 >= F(w) = 19.719211
         F(u) = 19.758826 >= F(w) = 19.745376
         F(u) = 19.761841 >= F(w) = 19.750381
         F(u) = 19.761594 >= F(w) = 19.759776
         F(u) = 19.763948 >= F(w) = 19.745159
         F(u) = 19.767474 >= F(w) = 19.742772
         F(u) = 19.766915 >= F(w) = 19.765206
         F(u) = 19.76835 >= F(w) = 19.758135
         F(u) = 19.76812 >= F(w) = 19.766902
         F(u) = 19.770509 >= F(w) = 19.760123
         F(u) = 19.770977 >= F(w) = 19.768358
         F(u) = 19.771417 >= F(w) = 19.759615
         F(u) = 19.773641 >= F(w) = 19.772213
         F(u) = 19.775232 >= F(w) = 19.773397
         F(u) = 19.776478 >= F(w) = 19.75952
         F(u) = 19.776095 >= F(w) = 19.76123
         F(u) = 19.780597 >= F(w) = 19.763844
         F(u) = 19.781094 >= F(w) = 19.756417
         F(u) = 19.780537 >= F(w) = 19.773468
         F(u) = 19.780375 >= F(w) = 19.769836
         F(u) = 19.780134 >= F(w) = 19.775004
         F(u) = 19.787865 >= F(w) = 19.752475
         F(u) = 19.79239 >= F(w) = 19.784426
         F(u) = 19.794988 >= F(w) = 19.773365
         F(u) = 19.79576 >= F(w) = 19.784126
Landing# 200. Elapsed time: 15
u =		        2.732307       1.9822686       2.8763431       8.1267211       5.5074231       13.603713      0.60451992       13.932892 ...	F(t) =        19.799383
         F(u) = 19.801258 >= F(w) = 19.766
         F(u) = 19.80125 >= F(w) = 19.78757
         F(u) = 19.801338 >= F(w) = 19.762103
         F(u) = 19.802238 >= F(w) = 19.764015
         F(u) = 19.801384 >= F(w) = 19.79692
         F(u) = 19.809565 >= F(w) = 19.807624
         F(u) = 19.815703 >= F(w) = 19.809982
         F(u) = 19.815597 >= F(w) = 19.78053
         F(u) = 19.815831 >= F(w) = 19.806595
         F(u) = 19.818478 >= F(w) = 19.800125
         F(u) = 19.820004 >= F(w) = 19.813712
         F(u) = 19.821437 >= F(w) = 19.790531
         F(u) = 19.823673 >= F(w) = 19.79704
         F(u) = 19.823077 >= F(w) = 19.819572
         F(u) = 19.824545 >= F(w) = 19.775543
         F(u) = 19.829763 >= F(w) = 19.768738
         F(u) = 19.828443 >= F(w) = 19.826653
         F(u) = 19.828401 >= F(w) = 19.818093
         F(u) = 19.83158 >= F(w) = 19.820452
         F(u) = 19.831327 >= F(w) = 19.821197
         F(u) = 19.833088 >= F(w) = 19.829905
         F(u) = 19.835814 >= F(w) = 19.817839
         F(u) = 19.835406 >= F(w) = 19.829484
         F(u) = 19.83527 >= F(w) = 19.829666
         F(u) = 19.835188 >= F(w) = 19.831464
         F(u) = 19.83524 >= F(w) = 19.825381
         F(u) = 19.837042 >= F(w) = 19.825266
         F(u) = 19.838264 >= F(w) = 19.830282
         F(u) = 19.838558 >= F(w) = 19.836875
Landing# 300. Elapsed time: 23
u =		        2.736498       1.9932058       2.8728079       8.1475303       5.5237088       13.630465      0.58774271       13.971921 ...	F(t) =        19.846809
         F(u) = 19.846809 >= F(w) = 19.822373
         F(u) = 19.846255 >= F(w) = 19.845039
         F(u) = 19.846227 >= F(w) = 19.843955
         F(u) = 19.847425 >= F(w) = 19.83758
         F(u) = 19.848049 >= F(w) = 19.845239
         F(u) = 19.85395 >= F(w) = 19.828203
         F(u) = 19.853388 >= F(w) = 19.811605
         F(u) = 19.852746 >= F(w) = 19.843032
         F(u) = 19.852523 >= F(w) = 19.845779
         F(u) = 19.852368 >= F(w) = 19.846616
         F(u) = 19.852361 >= F(w) = 19.839923
         F(u) = 19.854466 >= F(w) = 19.849037
         F(u) = 19.856513 >= F(w) = 19.828935
         F(u) = 19.860669 >= F(w) = 19.847812
         F(u) = 19.862215 >= F(w) = 19.845312
         F(u) = 19.863624 >= F(w) = 19.846682
         F(u) = 19.865814 >= F(w) = 19.858358
         F(u) = 19.879342 >= F(w) = 19.870521
         F(u) = 19.881151 >= F(w) = 19.875709
         F(u) = 19.882227 >= F(w) = 19.839483
         F(u) = 19.88186 >= F(w) = 19.848046
         F(u) = 19.883398 >= F(w) = 19.870935
         F(u) = 19.887072 >= F(w) = 19.87927
         F(u) = 19.891562 >= F(w) = 19.887413
         F(u) = 19.893171 >= F(w) = 19.865047
         F(u) = 19.895862 >= F(w) = 19.877871
Landing# 400. Elapsed time: 30
u =		       2.7407199        2.004395       2.8692735        8.168387       5.5400241       13.657257      0.57099073       14.010991 ...	F(t) =        19.895591
         F(u) = 19.897804 >= F(w) = 19.881379
         F(u) = 19.89818 >= F(w) = 19.892505
         F(u) = 19.903812 >= F(w) = 19.884188
         F(u) = 19.905379 >= F(w) = 19.897299
         F(u) = 19.905195 >= F(w) = 19.874234
         F(u) = 19.906208 >= F(w) = 19.895016
         F(u) = 19.906586 >= F(w) = 19.902545
         F(u) = 19.906493 >= F(w) = 19.89648
         F(u) = 19.906266 >= F(w) = 19.876555
         F(u) = 19.908592 >= F(w) = 19.883265
         F(u) = 19.915909 >= F(w) = 19.848993
         F(u) = 19.914922 >= F(w) = 19.897396
         F(u) = 19.914526 >= F(w) = 19.905531
         F(u) = 19.914729 >= F(w) = 19.91226
         F(u) = 19.915331 >= F(w) = 19.909685
         F(u) = 19.915335 >= F(w) = 19.906804
         F(u) = 19.918601 >= F(w) = 19.895184
         F(u) = 19.91807 >= F(w) = 19.914813
         F(u) = 19.920503 >= F(w) = 19.918624
         F(u) = 19.922545 >= F(w) = 19.911615
         F(u) = 19.925078 >= F(w) = 19.902573
         F(u) = 19.925854 >= F(w) = 19.911107
         F(u) = 19.931916 >= F(w) = 19.920879
         F(u) = 19.931663 >= F(w) = 19.931091
         F(u) = 19.942493 >= F(w) = 19.937996
         F(u) = 19.942929 >= F(w) = 19.92782
         F(u) = 19.943184 >= F(w) = 19.938173
Landing# 500. Elapsed time: 38
u =		       2.7449117       2.0153675       2.8656311       8.1891538       5.5563326       13.684001      0.55408584       14.049977 ...	F(t) =        19.943067
         F(u) = 19.947213 >= F(w) = 19.932131
         F(u) = 19.94852 >= F(w) = 19.94426
         F(u) = 19.952006 >= F(w) = 19.920456
         F(u) = 19.951876 >= F(w) = 19.951569
         F(u) = 19.953524 >= F(w) = 19.940077
         F(u) = 19.953735 >= F(w) = 19.913463
         F(u) = 19.952835 >= F(w) = 19.943345
         F(u) = 19.956171 >= F(w) = 19.955478
         F(u) = 19.958186 >= F(w) = 19.950975
         F(u) = 19.959254 >= F(w) = 19.948707
         F(u) = 19.959683 >= F(w) = 19.90078
         F(u) = 19.95841 >= F(w) = 19.93327
         F(u) = 19.957844 >= F(w) = 19.914874
         F(u) = 19.956892 >= F(w) = 19.954887
         F(u) = 19.959974 >= F(w) = 19.942859
         F(u) = 19.961001 >= F(w) = 19.95392
         F(u) = 19.964583 >= F(w) = 19.947778
         F(u) = 19.964344 >= F(w) = 19.942549
         F(u) = 19.963854 >= F(w) = 19.955059
         F(u) = 19.970588 >= F(w) = 19.969982
         F(u) = 19.970576 >= F(w) = 19.945246
         F(u) = 19.977551 >= F(w) = 19.920202
         F(u) = 19.977073 >= F(w) = 19.975801
         F(u) = 19.978537 >= F(w) = 19.978446
         F(u) = 19.978535 >= F(w) = 19.969434
         F(u) = 19.978331 >= F(w) = 19.969676
         F(u) = 19.984049 >= F(w) = 19.977094
         F(u) = 19.983891 >= F(w) = 19.982869
Landing# 600. Elapsed time: 46
u =		       2.7488034       2.0259101       2.8621591       8.2098623       5.5726441       13.710789      0.53727162       14.089019 ...	F(t) =        19.986673
         F(u) = 19.986673 >= F(w) = 19.98304
         F(u) = 19.991311 >= F(w) = 19.956101
         F(u) = 19.996038 >= F(w) = 19.988812
         F(u) = 19.997514 >= F(w) = 19.99187
         F(u) = 19.9994 >= F(w) = 19.976558
         F(u) = 19.999915 >= F(w) = 19.99179
         F(u) = 19.99973 >= F(w) = 19.992668
         F(u) = 19.999569 >= F(w) = 19.992036
         F(u) = 19.999396 >= F(w) = 19.987508
         F(u) = 20.001025 >= F(w) = 19.983826
         F(u) = 20.000632 >= F(w) = 19.981861
         F(u) = 20.007977 >= F(w) = 19.999078
         F(u) = 20.009979 >= F(w) = 19.962821
         F(u) = 20.009562 >= F(w) = 19.989948
         F(u) = 20.010273 >= F(w) = 19.977818
         F(u) = 20.010268 >= F(w) = 19.99154
         F(u) = 20.011533 >= F(w) = 20.000476
         F(u) = 20.013525 >= F(w) = 20.003248
         F(u) = 20.017733 >= F(w) = 20.015162
         F(u) = 20.017673 >= F(w) = 19.98879
         F(u) = 20.019268 >= F(w) = 20.0008
         F(u) = 20.021816 >= F(w) = 20.020594
         F(u) = 20.021787 >= F(w) = 20.02149
         F(u) = 20.026907 >= F(w) = 20.024168
         F(u) = 20.029338 >= F(w) = 20.013206
         F(u) = 20.028984 >= F(w) = 20.028495
         F(u) = 20.033563 >= F(w) = 20.026203
         F(u) = 20.038106 >= F(w) = 19.990796
Landing# 700. Elapsed time: 54
u =		       2.7534696       2.0373781       2.8588336       8.2306673       5.5890445       13.737554       0.5205293       14.128045 ...	F(t) =        20.040439
         F(u) = 20.048481 >= F(w) = 19.982673
         F(u) = 20.047063 >= F(w) = 20.036904
         F(u) = 20.047742 >= F(w) = 20.032989
         F(u) = 20.050347 >= F(w) = 20.044437
         F(u) = 20.051447 >= F(w) = 20.044154
         F(u) = 20.05474 >= F(w) = 20.051138
         F(u) = 20.056662 >= F(w) = 20.04035
         F(u) = 20.056875 >= F(w) = 20.045299
         F(u) = 20.058512 >= F(w) = 20.048522
         F(u) = 20.058286 >= F(w) = 20.034496
         F(u) = 20.058125 >= F(w) = 20.044526
         F(u) = 20.057818 >= F(w) = 20.027726
         F(u) = 20.057145 >= F(w) = 20.043704
         F(u) = 20.056837 >= F(w) = 20.048917
         F(u) = 20.058389 >= F(w) = 20.022932
         F(u) = 20.060277 >= F(w) = 20.029631
         F(u) = 20.061841 >= F(w) = 20.056285
         F(u) = 20.062164 >= F(w) = 20.059375
         F(u) = 20.065097 >= F(w) = 20.055703
         F(u) = 20.06532 >= F(w) = 20.045763
         F(u) = 20.064877 >= F(w) = 20.026536
         F(u) = 20.068543 >= F(w) = 20.064152
         F(u) = 20.071543 >= F(w) = 20.071421
         F(u) = 20.072925 >= F(w) = 20.066497
         F(u) = 20.07327 >= F(w) = 20.063744
         F(u) = 20.080562 >= F(w) = 20.077269
         F(u) = 20.0834 >= F(w) = 20.073624
         F(u) = 20.083177 >= F(w) = 20.069638
Landing# 800. Elapsed time: 62
u =		         2.75743       2.0481838       2.8552746         8.25128       5.6054419       13.764404      0.50370648       14.167135 ...	F(t) =        20.084847
         F(u) = 20.088951 >= F(w) = 20.074423
         F(u) = 20.090292 >= F(w) = 20.063608
         F(u) = 20.095931 >= F(w) = 20.084488
         F(u) = 20.095669 >= F(w) = 20.093182
         F(u) = 20.098913 >= F(w) = 20.091147
         F(u) = 20.102778 >= F(w) = 20.094147
         F(u) = 20.103165 >= F(w) = 20.07146
         F(u) = 20.103251 >= F(w) = 20.065977
         F(u) = 20.102418 >= F(w) = 20.070648
         F(u) = 20.101703 >= F(w) = 20.101533
         F(u) = 20.116211 >= F(w) = 20.112977
         F(u) = 20.118013 >= F(w) = 20.113711
         F(u) = 20.117914 >= F(w) = 20.102649
         F(u) = 20.126909 >= F(w) = 20.095915
         F(u) = 20.126218 >= F(w) = 20.12535
         F(u) = 20.126903 >= F(w) = 20.105285
         F(u) = 20.13011 >= F(w) = 20.106422
         F(u) = 20.129579 >= F(w) = 20.115695
         F(u) = 20.133636 >= F(w) = 20.103001
         F(u) = 20.132943 >= F(w) = 20.131479
         F(u) = 20.135966 >= F(w) = 20.134114
         F(u) = 20.135971 >= F(w) = 20.125923
         F(u) = 20.135769 >= F(w) = 20.125519
Landing# 900. Elapsed time: 70
u =		       2.7619552       2.0595637       2.8518344       8.2718976       5.6218826       13.791247      0.48704187         14.2062 ...	F(t) =        20.135537
         F(u) = 20.137307 >= F(w) = 20.121706
         F(u) = 20.137914 >= F(w) = 20.095406
         F(u) = 20.139159 >= F(w) = 20.131156
         F(u) = 20.139647 >= F(w) = 20.129585
         F(u) = 20.142035 >= F(w) = 20.132995
         F(u) = 20.14183 >= F(w) = 20.115394
         F(u) = 20.14266 >= F(w) = 20.11917
         F(u) = 20.147399 >= F(w) = 20.14001
         F(u) = 20.147232 >= F(w) = 20.143281
         F(u) = 20.14861 >= F(w) = 20.147564
         F(u) = 20.151729 >= F(w) = 20.145042
         F(u) = 20.155514 >= F(w) = 20.12396
         F(u) = 20.15786 >= F(w) = 20.151648
         F(u) = 20.157718 >= F(w) = 20.154975
         F(u) = 20.157655 >= F(w) = 20.141586
         F(u) = 20.159485 >= F(w) = 20.133814
         F(u) = 20.15891 >= F(w) = 20.15498
         F(u) = 20.160611 >= F(w) = 20.145973
         F(u) = 20.162136 >= F(w) = 20.160693
         F(u) = 20.16424 >= F(w) = 20.155369
         F(u) = 20.171001 >= F(w) = 20.156113
         F(u) = 20.170664 >= F(w) = 20.158945
         F(u) = 20.170451 >= F(w) = 20.16992
         F(u) = 20.173602 >= F(w) = 20.172007
         F(u) = 20.175778 >= F(w) = 20.173987
         F(u) = 20.177836 >= F(w) = 20.162483
         F(u) = 20.177485 >= F(w) = 20.148867
         F(u) = 20.176843 >= F(w) = 20.171901
         F(u) = 20.177736 >= F(w) = 20.173538
         F(u) = 20.178226 >= F(w) = 20.15468
         F(u) = 20.180113 >= F(w) = 20.158318
         F(u) = 20.179617 >= F(w) = 20.16766
Landing# 1000. Elapsed time: 78
u =		       2.7660773        2.070435       2.8483971       8.2924967       5.6383098       13.818031      0.47020062       14.245201 ...	F(t) =        20.182186
         F(u) = 20.185047 >= F(w) = 20.164925
         F(u) = 20.186575 >= F(w) = 20.177997
         F(u) = 20.186381 >= F(w) = 20.186255
         F(u) = 20.18928 >= F(w) = 20.159844
         F(u) = 20.192591 >= F(w) = 20.189916
         F(u) = 20.192529 >= F(w) = 20.190271
         F(u) = 20.194062 >= F(w) = 20.189167
         F(u) = 20.194628 >= F(w) = 20.177685
         F(u) = 20.194465 >= F(w) = 20.187002
         F(u) = 20.194294 >= F(w) = 20.19123
         F(u) = 20.202897 >= F(w) = 20.18826
         F(u) = 20.203094 >= F(w) = 20.197961
         F(u) = 20.204532 >= F(w) = 20.202038
         F(u) = 20.205008 >= F(w) = 20.204318
         F(u) = 20.207209 >= F(w) = 20.182762
         F(u) = 20.210039 >= F(w) = 20.192213
         F(u) = 20.21001 >= F(w) = 20.205958
         F(u) = 20.212032 >= F(w) = 20.194691
         F(u) = 20.218037 >= F(w) = 20.19513
         F(u) = 20.218191 >= F(w) = 20.21686
         F(u) = 20.220423 >= F(w) = 20.215791
         F(u) = 20.220318 >= F(w) = 20.210501
         F(u) = 20.224966 >= F(w) = 20.210138
         F(u) = 20.226289 >= F(w) = 20.219949
         F(u) = 20.226552 >= F(w) = 20.212944
         F(u) = 20.234059 >= F(w) = 20.227364
Landing# 1100. Elapsed time: 86
u =		       2.7709526       2.0820706       2.8451372       8.3131501       5.6548339        13.84483      0.45360876       14.284221 ...	F(t) =        20.237185
         F(u) = 20.237185 >= F(w) = 20.224056
         F(u) = 20.236888 >= F(w) = 20.2219
         F(u) = 20.241409 >= F(w) = 20.237434
         F(u) = 20.242255 >= F(w) = 20.241522
         F(u) = 20.242238 >= F(w) = 20.208075
         F(u) = 20.24229 >= F(w) = 20.23083
         F(u) = 20.242313 >= F(w) = 20.230685
         F(u) = 20.244512 >= F(w) = 20.242115
         F(u) = 20.245238 >= F(w) = 20.235534
         F(u) = 20.250125 >= F(w) = 20.222644
         F(u) = 20.249502 >= F(w) = 20.229853
         F(u) = 20.251301 >= F(w) = 20.21818
         F(u) = 20.258596 >= F(w) = 20.253829
         F(u) = 20.258487 >= F(w) = 20.251789
         F(u) = 20.258539 >= F(w) = 20.245666
         F(u) = 20.259053 >= F(w) = 20.249489
         F(u) = 20.258834 >= F(w) = 20.257611
         F(u) = 20.261505 >= F(w) = 20.210772
         F(u) = 20.268915 >= F(w) = 20.23849
         F(u) = 20.268515 >= F(w) = 20.257843
         F(u) = 20.270369 >= F(w) = 20.26358
         F(u) = 20.271987 >= F(w) = 20.251915
         F(u) = 20.274546 >= F(w) = 20.256032
         F(u) = 20.277103 >= F(w) = 20.267884
         F(u) = 20.280664 >= F(w) = 20.261712
         F(u) = 20.280233 >= F(w) = 20.274431
         F(u) = 20.282404 >= F(w) = 20.278153
Landing# 1200. Elapsed time: 94
u =		       2.7752836        2.093221       2.8418432       8.3335594       5.6713623        13.87167       0.4370251       14.323228 ...	F(t) =         20.28537
         F(u) = 20.293374 >= F(w) = 20.284934
         F(u) = 20.293185 >= F(w) = 20.27342
         F(u) = 20.294207 >= F(w) = 20.279173
         F(u) = 20.294937 >= F(w) = 20.279331
         F(u) = 20.29466 >= F(w) = 20.266429
         F(u) = 20.296221 >= F(w) = 20.279041
         F(u) = 20.295827 >= F(w) = 20.275162
         F(u) = 20.295358 >= F(w) = 20.2754
         F(u) = 20.295432 >= F(w) = 20.279973
         F(u) = 20.297222 >= F(w) = 20.296806
         F(u) = 20.297212 >= F(w) = 20.251458
         F(u) = 20.299778 >= F(w) = 20.284081
         F(u) = 20.299765 >= F(w) = 20.295697
         F(u) = 20.300317 >= F(w) = 20.288572
         F(u) = 20.304203 >= F(w) = 20.296232
         F(u) = 20.306555 >= F(w) = 20.304666
         F(u) = 20.307245 >= F(w) = 20.277294
         F(u) = 20.306864 >= F(w) = 20.289135
         F(u) = 20.312887 >= F(w) = 20.299476
         F(u) = 20.318224 >= F(w) = 20.314146
         F(u) = 20.318131 >= F(w) = 20.312327
         F(u) = 20.318158 >= F(w) = 20.310848
         F(u) = 20.320899 >= F(w) = 20.31414
         F(u) = 20.322831 >= F(w) = 20.316324
         F(u) = 20.322687 >= F(w) = 20.303404
         F(u) = 20.322739 >= F(w) = 20.3115
         F(u) = 20.322481 >= F(w) = 20.316646
         F(u) = 20.322422 >= F(w) = 20.302929
         F(u) = 20.333075 >= F(w) = 20.326377
         F(u) = 20.332917 >= F(w) = 20.322439
         F(u) = 20.332682 >= F(w) = 20.299828
Landing# 1300. Elapsed time: 102
u =		       2.7795394       2.1042237       2.8384065       8.3538395        5.687897       13.898459      0.42028967       14.362142 ...	F(t) =        20.331945
         F(u) = 20.331945 >= F(w) = 20.324487
         F(u) = 20.333021 >= F(w) = 20.313772
         F(u) = 20.333742 >= F(w) = 20.320559
         F(u) = 20.333645 >= F(w) = 20.324551
         F(u) = 20.335194 >= F(w) = 20.289616
         F(u) = 20.336255 >= F(w) = 20.327022
         F(u) = 20.336042 >= F(w) = 20.321464
         F(u) = 20.341952 >= F(w) = 20.303799
         F(u) = 20.344287 >= F(w) = 20.337467
         F(u) = 20.344132 >= F(w) = 20.343033
         F(u) = 20.344827 >= F(w) = 20.316157
         F(u) = 20.345945 >= F(w) = 20.344844
         F(u) = 20.3468 >= F(w) = 20.32744
         F(u) = 20.348262 >= F(w) = 20.343679
         F(u) = 20.352659 >= F(w) = 20.351829
         F(u) = 20.355359 >= F(w) = 20.336922
         F(u) = 20.358882 >= F(w) = 20.356627
         F(u) = 20.360871 >= F(w) = 20.359217
         F(u) = 20.364667 >= F(w) = 20.352686
         F(u) = 20.371124 >= F(w) = 20.339994
         F(u) = 20.372751 >= F(w) = 20.372609
         F(u) = 20.372748 >= F(w) = 20.368329
         F(u) = 20.373765 >= F(w) = 20.371229
         F(u) = 20.375383 >= F(w) = 20.361886
         F(u) = 20.379529 >= F(w) = 20.37244
         F(u) = 20.382255 >= F(w) = 20.374612
         F(u) = 20.387998 >= F(w) = 20.345631
Landing# 1400. Elapsed time: 109
u =		       2.7844701       2.1159331       2.8352822       8.3742108       5.7045609       13.925267      0.40378861       14.401068 ...	F(t) =        20.387049
         F(u) = 20.3877 >= F(w) = 20.385362
         F(u) = 20.393549 >= F(w) = 20.38646
         F(u) = 20.393926 >= F(w) = 20.392539
         F(u) = 20.395714 >= F(w) = 20.380639
         F(u) = 20.396386 >= F(w) = 20.38493
         F(u) = 20.396123 >= F(w) = 20.339145
         F(u) = 20.394865 >= F(w) = 20.362814
         F(u) = 20.394143 >= F(w) = 20.393698
         F(u) = 20.395693 >= F(w) = 20.369205
         F(u) = 20.400538 >= F(w) = 20.399264
         F(u) = 20.403759 >= F(w) = 20.390061
         F(u) = 20.407004 >= F(w) = 20.368393
         F(u) = 20.407605 >= F(w) = 20.392273
         F(u) = 20.409731 >= F(w) = 20.399308
         F(u) = 20.412975 >= F(w) = 20.381137
         F(u) = 20.412255 >= F(w) = 20.392539
         F(u) = 20.414529 >= F(w) = 20.408772
         F(u) = 20.415451 >= F(w) = 20.385253
         F(u) = 20.414769 >= F(w) = 20.409059
         F(u) = 20.414637 >= F(w) = 20.40645
         F(u) = 20.420537 >= F(w) = 20.407244
         F(u) = 20.420295 >= F(w) = 20.366154
         F(u) = 20.421595 >= F(w) = 20.415568
         F(u) = 20.421456 >= F(w) = 20.419925
         F(u) = 20.42142 >= F(w) = 20.406126
         F(u) = 20.423906 >= F(w) = 20.4177
         F(u) = 20.423763 >= F(w) = 20.399062
         F(u) = 20.426508 >= F(w) = 20.397561
Landing# 1500. Elapsed time: 117
u =		       2.7883728       2.1265453       2.8318386       8.3943728       5.7212028       13.952098      0.38724832       14.440009 ...	F(t) =        20.428281
         F(u) = 20.433636 >= F(w) = 20.429072
         F(u) = 20.436946 >= F(w) = 20.385204
         F(u) = 20.435791 >= F(w) = 20.43464
         F(u) = 20.435764 >= F(w) = 20.426033
         F(u) = 20.435541 >= F(w) = 20.428986
         F(u) = 20.440026 >= F(w) = 20.404695
         F(u) = 20.439227 >= F(w) = 20.400555
         F(u) = 20.438655 >= F(w) = 20.433114
         F(u) = 20.440506 >= F(w) = 20.416118
         F(u) = 20.440299 >= F(w) = 20.41773
         F(u) = 20.440332 >= F(w) = 20.373914
         F(u) = 20.439929 >= F(w) = 20.422335
         F(u) = 20.441327 >= F(w) = 20.411541
         F(u) = 20.4447 >= F(w) = 20.439302
         F(u) = 20.446334 >= F(w) = 20.44437
         F(u) = 20.450118 >= F(w) = 20.446577
         F(u) = 20.452098 >= F(w) = 20.449444
         F(u) = 20.455861 >= F(w) = 20.449454
         F(u) = 20.455717 >= F(w) = 20.452952
         F(u) = 20.455654 >= F(w) = 20.446786
         F(u) = 20.459852 >= F(w) = 20.437541
         F(u) = 20.462177 >= F(w) = 20.433312
         F(u) = 20.464788 >= F(w) = 20.455326
         F(u) = 20.46457 >= F(w) = 20.461793
         F(u) = 20.464506 >= F(w) = 20.456607
         F(u) = 20.472843 >= F(w) = 20.47085
         F(u) = 20.474806 >= F(w) = 20.470989
         F(u) = 20.474718 >= F(w) = 20.456688
         F(u) = 20.475917 >= F(w) = 20.46511
         F(u) = 20.475774 >= F(w) = 20.463537
         F(u) = 20.476981 >= F(w) = 20.445685
Landing# 1600. Elapsed time: 125
u =		       2.7929964       2.1380856       2.8284142       8.4147265       5.7379656       13.978762      0.37090412       14.478777 ...	F(t) =        20.479404
         F(u) = 20.47964 >= F(w) = 20.46688
         F(u) = 20.480201 >= F(w) = 20.473902
         F(u) = 20.48725 >= F(w) = 20.463715
         F(u) = 20.488617 >= F(w) = 20.481279
         F(u) = 20.490334 >= F(w) = 20.475772
         F(u) = 20.491733 >= F(w) = 20.452662
         F(u) = 20.49145 >= F(w) = 20.452075
         F(u) = 20.490566 >= F(w) = 20.488687
         F(u) = 20.490522 >= F(w) = 20.480447
         F(u) = 20.49029 >= F(w) = 20.486697
         F(u) = 20.49099 >= F(w) = 20.430238
         F(u) = 20.501454 >= F(w) = 20.489324
         F(u) = 20.503738 >= F(w) = 20.498664
         F(u) = 20.503621 >= F(w) = 20.503327
         F(u) = 20.503614 >= F(w) = 20.497941
         F(u) = 20.503554 >= F(w) = 20.485925
         F(u) = 20.503817 >= F(w) = 20.480926
         F(u) = 20.511488 >= F(w) = 20.487891
         F(u) = 20.514661 >= F(w) = 20.50693
         F(u) = 20.514483 >= F(w) = 20.507978
         F(u) = 20.514333 >= F(w) = 20.503131
         F(u) = 20.514084 >= F(w) = 20.492554
         F(u) = 20.51359 >= F(w) = 20.497235
         F(u) = 20.514926 >= F(w) = 20.51104
         F(u) = 20.514836 >= F(w) = 20.502881
         F(u) = 20.516699 >= F(w) = 20.515236
         F(u) = 20.516665 >= F(w) = 20.513823
         F(u) = 20.518615 >= F(w) = 20.509841
         F(u) = 20.519782 >= F(w) = 20.510474
         F(u) = 20.520374 >= F(w) = 20.461107
         F(u) = 20.521263 >= F(w) = 20.505026
         F(u) = 20.522283 >= F(w) = 20.518439
         F(u) = 20.523033 >= F(w) = 20.502396
         F(u) = 20.523055 >= F(w) = 20.500744
         F(u) = 20.522712 >= F(w) = 20.476429
Landing# 1700. Elapsed time: 133
u =		       2.7969215       2.1487409       2.8249349        8.435111        5.754777       14.005369      0.35471743       14.517489 ...	F(t) =        20.521673
srun: Job step aborted: Waiting up to 2 seconds for job step to finish.
slurmd[node152]: error: *** STEP 325718.0 CANCELLED AT 2022-08-30T14:14:00 ***
slurmd[node152]: error: *** JOB 325718 CANCELLED AT 2022-08-30T14:14:00 ***
[mpiexec@node152] handle_exit_status (./pm/pmiserv/pmiserv_cb.c:538): assert (!closed) failed
[mpiexec@node152] HYDT_dmxu_poll_wait_for_event (./tools/demux/demux_poll.c:77): callback returned error status
[mpiexec@node152] HYD_pmci_wait_for_completion (./pm/pmiserv/pmiserv_pmci.c:388): error waiting for event
[mpiexec@node152] main (./ui/mpich/mpiexec.c:718): process manager error waiting for completion
cat: /tmp/srun___logue: No such file or directory
