=================================================== BSF Target ====================================================
Problem name: blend
Number of Workers: 10
OpenMP is turned off!
Map List is not Fragmented.
Before conversion: m =	74	n = 114
After conversion:  m =	196	n = 81
Eps Min Dir Length:	1e-07
Eps Objective:		1e-07
Eps Shift:		1e-07
Eps Zero Compare:	1e-07
Eps Zero Direction:	1e-07
Exact Obj Value:	30.812
Distance to Apex:	0
Low Cost Percentile:	0.5
Gap Max:		0.005
Obj Vector Length:	0.0001
Start Shift Lengt:	1
Blocking obj var:	false
Use low cost vars:	false
--------------- Statisics ---------------
Number of high-cost variables:	9
Number of low-cost variables:	21
Number of zero-cost variables:	51
Problem Scale:			26.32
--------------- Data ---------------
Obj Function:	            5.36            5.08            4.51             4.2             3.6            -3.2              -3           -2.87 ...
Start point:	      0.19099882     0.052888431       2.9133276       5.7150136       3.9239021       9.8368579       7.1386459        8.241433 ...	F(x) = 2.9648001
Apex point:	      0.19099882     0.052888431       2.9133276       5.7150136       3.9239021       9.8368579       7.1386459        8.241433 ...	F(x) = 2.9648001
-------------------------------------------
--------- Finding feasible point ------------
Iter # 0. Elapsed time: 0
u =		      0.19099882     0.052888431       2.9133276       5.7150136       3.9239021       9.8368579       7.1386459        8.241433 ...	F(t) =        2.9648001
Iter # 531050. Elapsed time: 12
u =		      0.19954917     0.067140834       2.9173841        5.724998       3.9197597       9.8284571       7.0956383       8.2321518 ...	F(t) =         3.343539
Iter # 1467430. Elapsed time: 34
u =		      0.21002644     0.079391342       2.9211611       5.7378035       3.9154182       9.8177926       7.0427604       8.2206228 ...	F(t) =        3.7821831
Iter # 1826290. Elapsed time: 42
u =		      0.21387296     0.083177592       2.9224167        5.741837       3.9137848       9.8141591        7.023572       8.2165671 ...	F(t) =        3.9344147
Iter # 1897620. Elapsed time: 44
u =		      0.21468164     0.085103841       2.9229257       5.7437368       3.9129231       9.8129425       7.0185735       8.2153005 ...	F(t) =         3.981766
Iter # 2139780. Elapsed time: 49
u =		      0.21912393      0.09059169       2.9242171        5.749011       3.9108631       9.8083566       6.9951052        8.210223 ...	F(t) =        4.1715579
Iter # 2812430. Elapsed time: 65
u =		      0.23895587     0.099438673        2.913485       5.7491859       3.9060632       9.7993813       6.9145135       8.1974184 ...	F(t) =        4.6407287
Iter # 2884190. Elapsed time: 66
u =		      0.23996074     0.099818829        2.913129       5.7492698        3.906479       9.7989868       6.9115345       8.1970005 ...	F(t) =        4.6618244
Iter # 3921830. Elapsed time: 90
u =		      0.27973656      0.11751738       2.8906177       5.7487055       3.8972944       9.7808875       6.7470667       8.1709982 ...	F(t) =        5.6088046
Iter # 4728370. Elapsed time: 108
u =		      0.30078409      0.12805419       2.8795762       5.7492273       3.8928849       9.7721091        6.662309       8.1586528 ...	F(t) =        6.1023787
Iter # 4918050. Elapsed time: 113
u =		      0.30616165      0.13163966       2.8760385       5.7493352       3.8916329       9.7696142       6.6358818       8.1551511 ...	F(t) =        6.2475784
Iter # 4968280. Elapsed time: 114
u =		       0.3068519      0.13194335       2.8759902       5.7495357       3.8915574       9.7694548       6.6343784        8.154983 ...	F(t) =        6.2595628
Iter # 5131280. Elapsed time: 117
u =		      0.31048777      0.13419206       2.8738528       5.7495712       3.8898838       9.7680268       6.6177442       8.1527763 ...	F(t) =         6.349691
Iter # 5145130. Elapsed time: 118
u =		      0.31059335      0.13425527       2.8738797       5.7496175       3.8899236       9.7680024       6.6175967       8.1527631 ...	F(t) =        6.3515743
Iter # 5187030. Elapsed time: 119
u =		      0.31083656      0.13444525       2.8737597       5.7497363       3.8902183       9.7677989       6.6163516       8.1525924 ...	F(t) =        6.3602334
Iter # 5275220. Elapsed time: 121
u =		      0.31208127      0.13509592       2.8730079       5.7497401       3.8904339       9.7672609       6.6110461       8.1519344 ...	F(t) =        6.3908535
Iter # 5439000. Elapsed time: 124
u =		      0.31434798      0.13663859       2.8716373       5.7498525       3.8899332       9.7663161       6.6009445       8.1506172 ...	F(t) =        6.4484614
Iter # 5474110. Elapsed time: 125
u =		      0.31440485      0.13674603       2.8716253       5.7499085       3.8899756       9.7662714        6.600693       8.1505804 ...	F(t) =        6.4507578
Iter # 6024920. Elapsed time: 138
u =		      0.32131594      0.14428743        2.866888       5.7511028       3.8886359       9.7636217       6.5727959       8.1470079 ...	F(t) =        6.6315815
Iter # 6056950. Elapsed time: 139
u =		      0.32141163       0.1444384       2.8668463       5.7511644       3.8886328       9.7635662       6.5723709       8.1469487 ...	F(t) =        6.6348278
Iter # 6120710. Elapsed time: 140
u =		      0.32268468      0.14556091       2.8659197        5.751318       3.8882895       9.7630867       6.5672183       8.1462672 ...	F(t) =          6.66621
Iter # 6238020. Elapsed time: 143
u =		       0.3234049      0.14588126       2.8646819       5.7513084       3.8878562       9.7625645       6.5620535       8.1455194 ...	F(t) =        6.6889761
Iter # 6419470. Elapsed time: 147
u =		        0.324744      0.14655374       2.8653142       5.7521378       3.8878786        9.762204       6.5594966       8.1452108 ...	F(t) =         6.717209
Iter # 6427120. Elapsed time: 147
u =		      0.32477362       0.1465938       2.8653437       5.7521637       3.8879017       9.7621956       6.5594709       8.1452089 ...	F(t) =         6.717972
Iter # 6449480. Elapsed time: 147
u =		      0.32489797      0.14661037       2.8653267       5.7522177       3.8879744       9.7621416       6.5590765       8.1451648 ...	F(t) =        6.7208826
Iter # 6684430. Elapsed time: 153
u =		      0.32778718      0.14720691       2.8642884       5.7531584       3.8865048       9.7609884       6.5480679       8.1435685 ...	F(t) =        6.7853323
Iter # 6835610. Elapsed time: 156
u =		      0.32857931      0.14737118       2.8645403       5.7537814       3.8872349       9.7605388       6.5456303       8.1432711 ...	F(t) =        6.8074827
Iter # 6932450. Elapsed time: 158
u =		      0.32905562      0.14748336       2.8644036        5.753997       3.8871332       9.7603188       6.5438414        8.143011 ...	F(t) =        6.8189232
Iter # 6982960. Elapsed time: 160
u =		      0.32998843      0.14764336       2.8638344        5.754173       3.8868472       9.7598888       6.5401296       8.1424353 ...	F(t) =        6.8394404
Iter # 7446320. Elapsed time: 170
u =		      0.33725898        0.149166       2.8618724       5.7575376       3.8847271       9.7566481        6.512424       8.1385078 ...	F(t) =        7.0135473
Iter # 7455390. Elapsed time: 170
u =		      0.33746813      0.14940388       2.8620367       5.7576126        3.884799       9.7566372       6.5124102       8.1385156 ...	F(t) =        7.0170246
Iter # 7513810. Elapsed time: 172
u =		      0.33781717      0.14977197       2.8620361       5.7577646       3.8851839       9.7564665       6.5115092       8.1383977 ...	F(t) =        7.0265811
Iter # 7642060. Elapsed time: 175
u =		      0.33888611      0.15004719       2.8616668       5.7581819       3.8850375       9.7560077        6.507577       8.1378556 ...	F(t) =        7.0515203
Iter # 7650340. Elapsed time: 175
u =		      0.33892148      0.15006098       2.8617076       5.7582047       3.8850603       9.7559991       6.5075488       8.1378531 ...	F(t) =        7.0522326
Iter # 7826670. Elapsed time: 179
u =		       0.3407507      0.15059145       2.8611758       5.7589944       3.8842393       9.7551912       6.5004762       8.1368005 ...	F(t) =        7.0961169
Iter # 8289910. Elapsed time: 190
u =		      0.34669899      0.15211426       2.8593589       5.7612774       3.8835659       9.7526402       6.4788075       8.1338049 ...	F(t) =        7.2351029
Iter # 8327760. Elapsed time: 190
u =		      0.34677655      0.15205011       2.8595329        5.761568       3.8833585       9.7525153       6.4782828       8.1336795 ...	F(t) =        7.2392777
Iter # 8530480. Elapsed time: 195
u =		      0.34768809      0.15231703       2.8593462       5.7619851       3.8833375       9.7521197       6.4751989       8.1332548 ...	F(t) =        7.2605819
Iter # 8564400. Elapsed time: 196
u =		      0.34848935      0.15219726       2.8584978       5.7620087       3.8831513       9.7517462       6.4712224       8.1327372 ...	F(t) =        7.2784289
Iter # 8669900. Elapsed time: 198
u =		      0.34897497      0.15265578       2.8589443       5.7624549       3.8830746       9.7515864       6.4705039        8.132602 ...	F(t) =         7.290233
Iter # 8748680. Elapsed time: 200
u =		      0.35019471      0.15286582       2.8581964       5.7627337       3.8826838       9.7509799       6.4654856        8.131805 ...	F(t) =        7.3180716
Iter # 8846190. Elapsed time: 202
u =		      0.35058567      0.15307441       2.8585727       5.7632463       3.8827249       9.7508383       6.4645054        8.131729 ...	F(t) =        7.3294432
Iter # 8991460. Elapsed time: 206
u =		      0.35183112      0.15318591        2.857894       5.7635333       3.8824528       9.7502913       6.4596623       8.1310276 ...	F(t) =        7.3565667
Iter # 9051900. Elapsed time: 207
u =		      0.35203902      0.15345927       2.8581791       5.7638385       3.8823913       9.7502139       6.4591486       8.1309704 ...	F(t) =        7.3637042
Iter # 9251470. Elapsed time: 211
u =		      0.35382718      0.15393712       2.8577334       5.7646769       3.8817946       9.7494191       6.4524401       8.1299957 ...	F(t) =        7.4065762
Iter # 9836510. Elapsed time: 225
u =		       0.3587452       0.1551487       2.8564313       5.7668046       3.8810898       9.7473109       6.4349123        8.127551 ...	F(t) =        7.5196046
Iter # 9924520. Elapsed time: 227
u =		      0.35885377      0.15524893       2.8564804         5.76698       3.8810558       9.7472667       6.4347096       8.1275174 ...	F(t) =         7.521195
Iter # 10036510. Elapsed time: 229
u =		      0.35894008      0.15527309       2.8565061        5.767217       3.8810594       9.7471815       6.4343774       8.1274559 ...	F(t) =        7.5229397
Iter # 10205020. Elapsed time: 233
u =		      0.35925012      0.15557783       2.8566493       5.7675817       3.8810189        9.747101       6.4340111       8.1274001 ...	F(t) =         7.526742
Iter # 10242880. Elapsed time: 234
u =		       0.3592642      0.15561147        2.856709       5.7676664        3.880997       9.7470825       6.4340005       8.1273893 ...	F(t) =        7.5271719
Iter # 10295100. Elapsed time: 235
u =		      0.35935296      0.15566918       2.8567089        5.767757       3.8809703       9.7470558       6.4338213       8.1273634 ...	F(t) =        7.5282346
Iter # 10373590. Elapsed time: 237
u =		      0.35939879      0.15563826       2.8566553       5.7678876       3.8809775       9.7469905       6.4334897       8.1273077 ...	F(t) =        7.5290993
Iter # 10554290. Elapsed time: 241
u =		      0.35965235      0.15586637        2.856786       5.7682512       3.8809453       9.7468988       6.4331182       8.1272439 ...	F(t) =        7.5325837
Iter # 10608220. Elapsed time: 242
u =		      0.35972754      0.15592166       2.8568002       5.7683613       3.8809367       9.7468628       6.4329568       8.1272154 ...	F(t) =        7.5335988
Iter # 10782070. Elapsed time: 246
u =		      0.35995673      0.15612267       2.8569141       5.7687221       3.8808758       9.7467686       6.4325617       8.1271448 ...	F(t) =        7.5368103
Iter # 10971650. Elapsed time: 251
u =		      0.36022943      0.15641892        2.857129       5.7691425       3.8808565       9.7466806        6.432324       8.1270981 ...	F(t) =        7.5404302
Iter # 11000510. Elapsed time: 251
u =		      0.36026247      0.15644345       2.8571356       5.7691907       3.8808533       9.7466631        6.432245       8.1270837 ...	F(t) =        7.5410231
Iter # 11167210. Elapsed time: 255
u =		      0.36046648      0.15658285       2.8571989       5.7695299       3.8807921       9.7465579       6.4317539       8.1269971 ...	F(t) =         7.544039
Iter # 11285130. Elapsed time: 258
u =		      0.36061336      0.15669411       2.8572541       5.7697612       3.8807739       9.7464915       6.4314726       8.1269485 ...	F(t) =        7.5460824
Iter # 11309350. Elapsed time: 258
u =		      0.36066215      0.15670781       2.8572119       5.7697822       3.8807926       9.7464784       6.4313422        8.126936 ...	F(t) =        7.5464993
Iter # 11440830. Elapsed time: 261
u =		      0.36087995      0.15695072       2.8573876        5.770105       3.8807604       9.7464114       6.4311646       8.1268976 ...	F(t) =        7.5494824
Iter # 11636650. Elapsed time: 266
u =		      0.36110826      0.15715367       2.8575022       5.7704823       3.8807309       9.7463091       6.4307664       8.1268261 ...	F(t) =        7.5527179
Iter # 11836780. Elapsed time: 270
u =		      0.36141755       0.1573974       2.8575741       5.7708752       3.8806463       9.7462017       6.4301879       8.1267346 ...	F(t) =        7.5566613
Iter # 11890250. Elapsed time: 272
u =		      0.36141848      0.15738349       2.8576199        5.770994        3.880625       9.7461597       6.4300863       8.1267037 ...	F(t) =        7.5572533
Iter # 12402820. Elapsed time: 283
u =		      0.36214803      0.15801691       2.8579227       5.7720247       3.8805621       9.7458864       6.4289376        8.126512 ...	F(t) =        7.5669529
Iter # 12578010. Elapsed time: 287
u =		      0.36235878      0.15819843        2.858024       5.7723573       3.8805407       9.7457956       6.4285749       8.1264486 ...	F(t) =        7.5698821
Iter # 12848480. Elapsed time: 294
u =		      0.36271457      0.15849618       2.8581821       5.7729055       3.8804536       9.7456475       6.4279416        8.126335 ...	F(t) =        7.5748113
Iter # 13222950. Elapsed time: 302
u =		      0.36322652      0.15892526       2.8583963       5.7736775       3.8804029        9.745435       6.4270543       8.1261842 ...	F(t) =        7.5818371
Iter # 13255270. Elapsed time: 303
u =		      0.36326817      0.15896355       2.8584222       5.7737509       3.8803203        9.745419         6.42695       8.1261602 ...	F(t) =        7.5825117
Iter # 13307490. Elapsed time: 304
u =		      0.36332223      0.15900287       2.8584302       5.7738515       3.8803602       9.7453801       6.4268088       8.1261372 ...	F(t) =         7.583428
Iter # 13319030. Elapsed time: 304
u =		      0.36334111      0.15902486       2.8584504       5.7738679       3.8803637       9.7453831        6.426836       8.1261431 ...	F(t) =        7.5834761
Iter # 13375770. Elapsed time: 306
u =		      0.36341987      0.15908906       2.8584835       5.7739799       3.8803461       9.7453541       6.4267069       8.1261208 ...	F(t) =        7.5845622
Iter # 13613540. Elapsed time: 311
u =		      0.36373912      0.15931693       2.8585411       5.7744268        3.880318       9.7452147       6.4260206       8.1260117 ...	F(t) =         7.588877
Iter # 13956380. Elapsed time: 319
u =		      0.36415684      0.15968551       2.8587856       5.7751602        3.880186       9.7450189       6.4252591       8.1258642 ...	F(t) =        7.5951108
Iter # 14182870. Elapsed time: 324
u =		      0.36452305      0.16000178       2.8589066       5.7755981       3.8801624       9.7449093       6.4247411       8.1257872 ...	F(t) =        7.5995617
Iter # 14356920. Elapsed time: 328
u =		      0.36469588      0.16011581       2.8589892       5.7759515       3.8801507       9.7447975       6.4243263       8.1257078 ...	F(t) =        7.6024001
Iter # 14366900. Elapsed time: 328
u =		      0.36474007      0.16019056       2.8590434       5.7759808       3.8801551       9.7448039       6.4243904       8.1257189 ...	F(t) =        7.6028036
Iter # 14687850. Elapsed time: 336
u =		      0.36511519      0.16048702       2.8592016       5.7765988       3.8800534       9.7446274       6.4236258       8.1255808 ...	F(t) =        7.6082457
Iter # 14802170. Elapsed time: 338
u =		      0.36527234       0.1606373       2.8592625       5.7768202       3.8800456        9.744568        6.423374         8.12554 ...	F(t) =        7.6103961
Iter # 14815420. Elapsed time: 339
u =		      0.36529402      0.16066568       2.8592874       5.7768397       3.8800488       9.7445727       6.4234126       8.1255482 ...	F(t) =        7.6104256
Iter # 14860120. Elapsed time: 340
u =		      0.36533043      0.16065732       2.8592746       5.7769249       3.8800334       9.7445332       6.4232109       8.1255121 ...	F(t) =        7.6112219
Iter # 15109700. Elapsed time: 345
u =		       0.3656934      0.16098432       2.8594379       5.7774083       3.8800001       9.7444102       6.4226927       8.1254258 ...	F(t) =        7.6159784
Iter # 15137490. Elapsed time: 346
u =		      0.36571736      0.16099695       2.8594389       5.7774966        3.879896       9.7443862       6.4225333       8.1253916 ...	F(t) =        7.6164513
Iter # 15437150. Elapsed time: 353
u =		      0.36615985      0.16137876       2.8596079       5.7780941       3.8798311       9.7442315       6.4218387       8.1252783 ...	F(t) =        7.6221119
Iter # 15863730. Elapsed time: 362
u =		       0.3667153      0.16182955       2.8598283       5.7789084       3.8798564       9.7439985       6.4208959       8.1251231 ...	F(t) =        7.6297544
Iter # 15998110. Elapsed time: 365
u =		      0.36684061      0.16191742       2.8599194       5.7792198       3.8797942       9.7439046       6.4205535       8.1250501 ...	F(t) =        7.6320596
Iter # 16255630. Elapsed time: 371
u =		      0.36719534      0.16225871       2.8600961       5.7797187       3.8797374       9.7437851       6.4200694       8.1249672 ...	F(t) =        7.6366107
Iter # 16302290. Elapsed time: 372
u =		      0.36723862      0.16227707        2.860099       5.7798055       3.8797374       9.7437506         6.41992       8.1249398 ...	F(t) =        7.6375168
Iter # 16597900. Elapsed time: 379
u =		      0.36759591      0.16250939       2.8601679       5.7803618       3.8796214       9.7435799       6.4190716       8.1247933 ...	F(t) =        7.6423493
Iter # 16784640. Elapsed time: 383
u =		        0.367902      0.16284726       2.8603957       5.7807862       3.8796338       9.7434918       6.4188275       8.1247525 ...	F(t) =        7.6464104
Iter # 16812640. Elapsed time: 384
u =		      0.36794511      0.16286828       2.8604085       5.7808457        3.879645       9.7434708       6.4187531        8.124738 ...	F(t) =        7.6470586
Iter # 16985390. Elapsed time: 388
u =		      0.36817732      0.16307303       2.8605049       5.7811928       3.8796217       9.7433779       6.4183561       8.1246729 ...	F(t) =        7.6501695
Iter # 17377320. Elapsed time: 397
u =		      0.36875349      0.16354336       2.8607237       5.7820348       3.8795177       9.7431461       6.4173262       8.1244971 ...	F(t) =        7.6580245
Iter # 17411280. Elapsed time: 398
u =		      0.36876782      0.16357238        2.860766       5.7821031       3.8794994       9.7431315       6.4173116       8.1244883 ...	F(t) =        7.6583515
Iter # 17459780. Elapsed time: 399
u =		      0.36881035      0.16359455       2.8607607       5.7821941       3.8794811       9.7430949       6.4171292       8.1244554 ...	F(t) =        7.6592204
Iter # 17500870. Elapsed time: 400
u =		      0.36888398      0.16366263       2.8608127       5.7822756        3.879496       9.7430812       6.4171104       8.1244526 ...	F(t) =        7.6600199
Iter # 17593190. Elapsed time: 402
u =		        0.369001      0.16376741       2.8608706       5.7824686        3.879433       9.7430325       6.4168883       8.1244112 ...	F(t) =        7.6616487
Iter # 17639280. Elapsed time: 403
u =		      0.36903601      0.16376623       2.8608561       5.7825565       3.8794042       9.7429953       6.4166846       8.1243749 ...	F(t) =        7.6623611
Iter # 17722940. Elapsed time: 405
u =		      0.36916052      0.16383908       2.8608496       5.7826836       3.8794531       9.7429507       6.4164456       8.1243465 ...	F(t) =        7.6638017
Iter # 17830130. Elapsed time: 407
u =		      0.36931057      0.16402538       2.8609941       5.7829213       3.8794104       9.7429072       6.4163539       8.1243223 ...	F(t) =        7.6658283
Iter # 18521130. Elapsed time: 423
u =		      0.37019966      0.16480813       2.8614022       5.7843376       3.8792399       9.7425225       6.4147494       8.1240377 ...	F(t) =        7.6783945
Iter # 19810960. Elapsed time: 452
u =		      0.37194174       0.1661641       2.8620307       5.7869349       3.8790086       9.7417841       6.4115257        8.123489 ...	F(t) =        7.7022837
Iter # 19824190. Elapsed time: 453
u =		      0.37200817       0.1662712        2.862113       5.7869796       3.8790043       9.7417932       6.4116139       8.1235037 ...	F(t) =        7.7029412
Iter # 19982410. Elapsed time: 456
u =		      0.37218112      0.16635526       2.8621171       5.7872681       3.8789737       9.7416925       6.4111017       8.1234198 ...	F(t) =        7.7054488
Iter # 20550940. Elapsed time: 469
u =		      0.37292893      0.16703634       2.8625087       5.7884474       3.8788328       9.7413819        6.409882       8.1231968 ...	F(t) =        7.7160414
Iter # 20692890. Elapsed time: 472
u =		      0.37315085      0.16723428       2.8625944        5.788713       3.8787604       9.7413244       6.4095826       8.1231492 ...	F(t) =        7.7186226
Iter # 20781370. Elapsed time: 474
u =		      0.37325061      0.16732618       2.8626726       5.7889039       3.8787918       9.7412699       6.4094382       8.1231202 ...	F(t) =        7.7201933
Iter # 20870080. Elapsed time: 476
u =		      0.37336633      0.16742027       2.8627187       5.7890734       3.8788018        9.741221       6.4092411       8.1230884 ...	F(t) =        7.7217955
Iter # 21050080. Elapsed time: 481
u =		      0.37359588      0.16761319       2.8628156       5.7894231       3.8787657       9.7411258       6.4088405       8.1230189 ...	F(t) =        7.7249772
Iter # 21162080. Elapsed time: 483
u =		      0.37372913      0.16772266       2.8628812       5.7896422       3.8787314       9.7410652       6.4085973       8.1229726 ...	F(t) =        7.7268974
Iter # 21177800. Elapsed time: 483
u =		       0.3737358      0.16766601       2.8627956       5.7896383       3.8786833       9.7410498       6.4083787       8.1229432 ...	F(t) =        7.7269103
Iter # 21210260. Elapsed time: 484
u =		      0.37377027      0.16773444       2.8628601       5.7897227       3.8787115       9.7410312       6.4084019       8.1229401 ...	F(t) =         7.727637
Iter # 21384420. Elapsed time: 488
u =		      0.37402517      0.16796984       2.8629998       5.7900736       3.8786978       9.7409474        6.408087       8.1228877 ...	F(t) =        7.7308758
Iter # 21489130. Elapsed time: 491
u =		      0.37411357      0.16799506       2.8630045       5.7902654       3.8786666       9.7408772       6.4077605       8.1228284 ...	F(t) =        7.7324195
Iter # 21675050. Elapsed time: 495
u =		      0.37436376      0.16819759       2.8631096        5.790643       3.8786057       9.7407752       6.4073126       8.1227498 ...	F(t) =         7.735816
Iter # 22115010. Elapsed time: 505
u =		      0.37501042      0.16879164       2.8633973       5.7915441       3.8784258        9.740551       6.4062946       8.1225738 ...	F(t) =        7.7443481
Iter # 22471660. Elapsed time: 513
u =		      0.37549542      0.16918646       2.8635769       5.7922485       3.8784458       9.7403513       6.4054757       8.1224411 ...	F(t) =        7.7509223
Iter # 22598420. Elapsed time: 516
u =		      0.37562255      0.16931562       2.8636883       5.7925104       3.8784091       9.7402839       6.4052686       8.1223954 ...	F(t) =        7.7529467
Iter # 22784530. Elapsed time: 520
u =		      0.37584804      0.16943499       2.8637093       5.7928777       3.8783921       9.7401586       6.4046759       8.1222967 ...	F(t) =        7.7562378
Iter # 23271130. Elapsed time: 531
u =		      0.37647135      0.16999094       2.8640244       5.7938521       3.8782708       9.7398986       6.4036176       8.1221062 ...	F(t) =        7.7650312
Iter # 23516070. Elapsed time: 537
u =		      0.37683867      0.17032892       2.8642082       5.7943587       3.8782265       9.7397764       6.4031377       8.1220237 ...	F(t) =         7.769755
Iter # 23687660. Elapsed time: 541
u =		      0.37707924      0.17052706       2.8643118       5.7947245       3.8781878       9.7396761       6.4027146         8.12195 ...	F(t) =         7.773094
Iter # 23777200. Elapsed time: 543
u =		      0.37721462      0.17063394       2.8643245       5.7948776       3.8781826       9.7396333       6.4024725       8.1219176 ...	F(t) =        7.7746955
Iter # 23853390. Elapsed time: 545
u =		      0.37726878      0.17064441       2.8643604       5.7950525       3.8781429       9.7395711       6.4022279       8.1218659 ...	F(t) =        7.7759413
Iter # 23983350. Elapsed time: 548
u =		      0.37746625      0.17085402       2.8644762       5.7953109       3.8781277       9.7395163       6.4020362        8.121833 ...	F(t) =        7.7784176
Iter # 24288200. Elapsed time: 555
u =		       0.3778692      0.17112102       2.8645497       5.7959058       3.8780761         9.73933       6.4011267       8.1216855 ...	F(t) =        7.7839471
Iter # 24366130. Elapsed time: 556
u =		       0.3779976       0.1712855       2.8646806       5.7960922       3.8780553       9.7392989       6.4010945       8.1216723 ...	F(t) =        7.7856955
Iter # 24744170. Elapsed time: 565
u =		      0.37849099      0.17170054       2.8648638       5.7968087       3.8779804       9.7391041       6.4002258       8.1215277 ...	F(t) =        7.7922979
Iter # 24846370. Elapsed time: 568
u =		      0.37859178      0.17173293       2.8648651       5.7970018       3.8779628       9.7390316       6.3998724        8.121467 ...	F(t) =        7.7939318
Iter # 24890760. Elapsed time: 569
u =		      0.37866534      0.17185886       2.8649861       5.7971302        3.877937       9.7390179       6.3999285       8.1214662 ...	F(t) =        7.7949759
Iter # 25007410. Elapsed time: 571
u =		      0.37881869      0.17198222       2.8650557       5.7973656       3.8779148        9.738953       6.3996617        8.121419 ...	F(t) =        7.7970944
Iter # 25096740. Elapsed time: 573
u =		      0.37892356       0.1720762       2.8650988       5.7975325       3.8779066        9.738907       6.3994772       8.1213871 ...	F(t) =        7.7985751
Iter # 25121200. Elapsed time: 574
u =		      0.37899108      0.17211477       2.8650756       5.7975681       3.8778896       9.7388953       6.3993338       8.1213715 ...	F(t) =        7.7992333
Iter # 25184240. Elapsed time: 575
u =		      0.37903976      0.17217122       2.8651478       5.7977042       3.8778765       9.7388598       6.3992667       8.1213501 ...	F(t) =         7.800199
Iter # 25443880. Elapsed time: 581
u =		      0.37941772      0.17247801       2.8652915       5.7982546       3.8778303       9.7387078       6.3986044       8.1212387 ...	F(t) =        7.8053109
Iter # 26278680. Elapsed time: 600
u =		      0.38049028      0.17336253       2.8657229       5.7999268       3.8776343       9.7382391       6.3965862       8.1208866 ...	F(t) =        7.8203518
Iter # 26371290. Elapsed time: 602
u =		       0.3806092      0.17346906       2.8657773       5.8001026       3.8776362       9.7381912       6.3964008       8.1208548 ...	F(t) =        7.8220151
Iter # 26479810. Elapsed time: 605
u =		       0.3807705      0.17362933       2.8658832       5.8003281       3.8775768       9.7381453       6.3962165       8.1208213 ...	F(t) =        7.8239401
Iter # 26544310. Elapsed time: 606
u =		      0.38083913      0.17365303       2.8658782       5.8004554       3.8775882       9.7380944       6.3959862       8.1207819 ...	F(t) =        7.8251624
Iter # 26600770. Elapsed time: 608
u =		      0.38091323      0.17367999       2.8658504       5.8005303       3.8775845       9.7380664       6.3957856       8.1207563 ...	F(t) =        7.8259733
Iter # 26673170. Elapsed time: 609
u =		      0.38104903      0.17384107       2.8659653       5.8007036       3.8775765       9.7380369       6.3957328       8.1207441 ...	F(t) =        7.8277016
Iter # 27017830. Elapsed time: 617
u =		      0.38143881      0.17415147       2.8661555       5.8013816       3.8775098       9.7378416       6.3949586       8.1206015 ...	F(t) =        7.8335129
Iter # 27263020. Elapsed time: 623
u =		      0.38178052      0.17446841       2.8663168       5.8018723         3.87746       9.7377185       6.3944587       8.1205149 ...	F(t) =         7.838015
Iter # 27286600. Elapsed time: 623
u =		      0.38184604      0.17450465       2.8662968       5.8019092       3.8774182       9.7377088       6.3943129       8.1204974 ...	F(t) =        7.8386332
Iter # 28119460. Elapsed time: 642
u =		       0.3829882      0.17546609       2.8667896         5.80365       3.8772376       9.7372331       6.3923111       8.1201488 ...	F(t) =        7.8544245
         F(u) = 7.8557925 >= F(w) = 7.8557892
Maybe, you should decreas PP_EPS_OBJECTIVE.
=============================================
Elapsed time: 643.88376
Iterations: 28193294
Optimal objective value:        7.8557925
Exact objective value:             30.812
Relative error = 0.74504114
=============================================
Solution is saved into the file 'Problems/lp_blend_so.mtx'.
Solution:	       9.7371911       8.1201149       5.2288717       2.3800057               0      0.01248145   3.0336752e-07      0.30895523	...
Ordered:	      0.38306578      0.17554539       2.8668625        5.803808       3.8771933       9.7371911       6.3921683       8.1201149	...
