=================================================== BSF Target ====================================================
Problem name: blend
Number of Workers: 10
OpenMP is turned off!
Map List is not Fragmented.
Before conversion: m =	74	n = 114
After conversion:  m =	196	n = 81
Eps Min Dir Length:	0.001
Eps Objective:		1e-06
Eps Shift:		0.001
Eps Zero Compare:	0.001
Eps Zero Direction:	0.001
Exact Obj Value:	30.812
Distance to Apex:	0
Low Cost Percentile:	0.02
Gap Max:		0.2
Obj Vector Length:	1
Start Shift Lengt:	1
Blocking obj var:	false
Use low cost vars:	true
--------------- Statisics ---------------
Number of high-cost variables:	17
Number of low-cost variables:	13
Number of zero-cost variables:	51
Problem Scale:			26.32
--------------- Data ---------------
Obj Function:	            5.36            5.08            4.51             4.2             3.6            -3.2              -3           -2.87 ...
Start point:	       2.7982891       2.1509102        2.824932       8.4370578       5.7563122       14.007647       0.3535106       14.520827 ...	F(x) = 20.539033
Apex point:	       2.7982891       2.1509102        2.824932       8.4370578       5.7563122       14.007647       0.3535106       14.520827 ...	F(x) = 20.539033
-------------------------------------------
--------- Finding feasible point ------------
Iter # 0. Elapsed time: 0
u =		       2.7982891       2.1509102        2.824932       8.4370578       5.7563122       14.007647       0.3535106       14.520827 ...	F(t) =        20.539033
Landing# 0. Elapsed time: 10
u =		       2.7984393       2.1511519       2.8249246       8.4372763       5.7564872       14.007911      0.35337019       14.521212 ...	F(t) =          20.5409
Landing# 10. Elapsed time: 109
u =		       2.7997038       2.1532671       2.8247905       8.4393782       5.7582007       14.010494      0.35197359       14.525015 ...	F(t) =        20.556297
Landing# 20. Elapsed time: 211
u =		       2.8008119       2.1552684       2.8246137       8.4413367        5.759817       14.012978      0.35060813       14.528619 ...	F(t) =        20.569835
Landing# 30. Elapsed time: 311
u =		       2.8017678       2.1570949       2.8243428       8.4433142       5.7615207       14.015564      0.34918402        14.53236 ...	F(t) =        20.581045
Landing# 40. Elapsed time: 414
u =		       2.8025893       2.1587522       2.8240101       8.4453008       5.7632234       14.018219      0.34772884       14.536175 ...	F(t) =        20.590155
Landing# 50. Elapsed time: 516
u =		       2.8033779       2.1603841       2.8236635       8.4472121       5.7648711       14.020775      0.34630177       14.539866 ...	F(t) =        20.598929
Optimal LCV not found!
Landing# 60. Elapsed time: 623
u =		       2.8039963       2.1618084       2.8232527       8.4491031       5.7665024       14.023346      0.34483069        14.54357 ...	F(t) =        20.605352
Landing# 70. Elapsed time: 727
u =		       2.8045892        2.163274       2.8228444       8.4510337       5.7681751       14.025979      0.34330217       14.547376 ...	F(t) =        20.611791
Landing# 80. Elapsed time: 833
u =		       2.8051912       2.1646611       2.8224359       8.4528593       5.7697993       14.028549      0.34178516       14.551062 ...	F(t) =        20.617755
Landing# 90. Elapsed time: 937
u =		       2.8056763        2.165983       2.8219695       8.4547902       5.7715101       14.031231      0.34024269       14.554905 ...	F(t) =        20.622596
Optimal LCV not found!
         F(u) = 20.626637 >= F(w) = 20.543994
Landing# 100. Elapsed time: 1042
u =		       2.8059727        2.167008       2.8214944       8.4566425       5.7731653       14.033848      0.33869426       14.558665 ...	F(t) =        20.624839
Optimal LCV not found!
Landing# 110. Elapsed time: 1145
u =		       2.8065184       2.1683284       2.8210696       8.4585553       5.7747974       14.036426      0.33718165       14.562389 ...	F(t) =        20.630378
Landing# 120. Elapsed time: 1250
u =		       2.8071075       2.1697082       2.8206872       8.4604153       5.7763896        14.03894      0.33572261       14.566018 ...	F(t) =        20.636591
Landing# 130. Elapsed time: 1360
u =		        2.807622        2.171035       2.8202353       8.4624519       5.7780608       14.041552      0.33415328       14.569815 ...	F(t) =        20.642308
Landing# 140. Elapsed time: 1472
u =		       2.8080926       2.1723223       2.8197677       8.4643464       5.7797219       14.044202      0.33258797       14.573607 ...	F(t) =        20.646928
Optimal LCV not found!
         F(u) = 20.647805 >= F(w) = 20.580894
Landing# 150. Elapsed time: 1576
u =		       2.8083514       2.1733512       2.8192902       8.4661744       5.7813234       14.046765      0.33106113         14.5773 ...	F(t) =        20.648969
Optimal LCV not found!
         F(u) = 20.650488 >= F(w) = 20.585211
Landing# 160. Elapsed time: 1681
u =		       2.8087315       2.1745043       2.8188104       8.4680472       5.7829181       14.049286      0.32951423       14.580949 ...	F(t) =        20.652723
Landing# 170. Elapsed time: 1785
u =		       2.8091987       2.1757753       2.8183676       8.4698557       5.7844614       14.051768      0.32801897       14.584519 ...	F(t) =        20.657468
Optimal LCV not found!
         F(u) = 20.6608 >= F(w) = 20.591519
Optimal LCV not found!
         F(u) = 20.659967 >= F(w) = 20.572201
Landing# 180. Elapsed time: 1888
u =		       2.8094178       2.1766958       2.8178249        8.471749       5.7861051       14.054373      0.32635805       14.588315 ...	F(t) =        20.658863
Optimal LCV not found!
         F(u) = 20.658863 >= F(w) = 20.556221
Optimal LCV not found!
         F(u) = 20.65835 >= F(w) = 20.601103
Landing# 190. Elapsed time: 1992
u =		       2.8095705       2.1775698       2.8173352       8.4735697       5.7876854         14.0569       0.3247922       14.591905 ...	F(t) =        20.659827
Landing# 200. Elapsed time: 2096
u =		       2.8101166       2.1789865       2.8168944       8.4754839       5.7893021       14.059442      0.32326468       14.595464 ...	F(t) =        20.666148
Optimal LCV not found!
         F(u) = 20.668501 >= F(w) = 20.573047
Optimal LCV not found!
         F(u) = 20.666378 >= F(w) = 20.633213
Landing# 210. Elapsed time: 2207
u =		       2.8103857       2.1799906       2.8163924       8.4773979         5.79082       14.062036      0.32165625       14.599016 ...	F(t) =         20.66814
Optimal LCV not found!
         F(u) = 20.671679 >= F(w) = 20.59227
Landing# 220. Elapsed time: 2315
u =		       2.8108053       2.1813087       2.8158549       8.4791376       5.7921837       14.064425       0.3202215       14.602148 ...	F(t) =          20.6721
Optimal LCV not found!
         F(u) = 20.674817 >= F(w) = 20.607153
Optimal LCV not found!
         F(u) = 20.674655 >= F(w) = 20.541393
Landing# 230. Elapsed time: 2419
u =		       2.8110413       2.1823437       2.8152827       8.4809538       5.7935144       14.066893      0.31873217       14.605224 ...	F(t) =        20.673298
Optimal LCV not found!
         F(u) = 20.67845 >= F(w) = 20.580563
Optimal LCV not found!
         F(u) = 20.676925 >= F(w) = 20.5867
Landing# 240. Elapsed time: 2525
u =		       2.8112421       2.1834716        2.814636       8.4828299       5.7947791       14.069344      0.31720202       14.608115 ...	F(t) =        20.674699
Optimal LCV not found!
         F(u) = 20.677804 >= F(w) = 20.588346
Optimal LCV not found!
         F(u) = 20.678447 >= F(w) = 20.633191
Landing# 250. Elapsed time: 2628
u =		       2.8116236       2.1848304       2.8140406       8.4847078        5.795957       14.071754      0.31579973       14.610725 ...	F(t) =        20.678195
Optimal LCV not found!
         F(u) = 20.685783 >= F(w) = 20.599692
Landing# 260. Elapsed time: 2734
u =		       2.8121533       2.1864321       2.8133917       8.4864205       5.7969925       14.073967      0.31446749       14.612955 ...	F(t) =         20.68351
Optimal LCV not found!
         F(u) = 20.68351 >= F(w) = 20.611445
Optimal LCV not found!
         F(u) = 20.684062 >= F(w) = 20.673809
Landing# 270. Elapsed time: 2838
u =		       2.8125907       2.1880454       2.8126927       8.4880849       5.7979626       14.076116       0.3131377       14.614819 ...	F(t) =        20.688361
Optimal LCV not found!
         F(u) = 20.688361 >= F(w) = 20.63894
Optimal LCV not found!
         F(u) = 20.68893 >= F(w) = 20.621524
Landing# 280. Elapsed time: 2943
u =		       2.8130107       2.1895086       2.8119413       8.4896821        5.798768       14.078124      0.31183352       14.616219 ...	F(t) =        20.692619
Optimal LCV not found!
         F(u) = 20.694484 >= F(w) = 20.591402
Optimal LCV not found!
         F(u) = 20.696369 >= F(w) = 20.665276
Optimal LCV not found!
         F(u) = 20.696643 >= F(w) = 20.630191
Landing# 290. Elapsed time: 3048
u =		       2.8132451       2.1907647       2.8111189       8.4911639       5.7994553       14.079993      0.31052748       14.617232 ...	F(t) =        20.694737
Optimal LCV not found!
         F(u) = 20.702538 >= F(w) = 20.637421
Landing# 300. Elapsed time: 3156
u =		       2.8138617       2.1925597       2.8103298       8.4927012       5.8001069         14.0819      0.30931028       14.617969 ...	F(t) =         20.70155
Optimal LCV not found!
         F(u) = 20.707355 >= F(w) = 20.656819
Landing# 310. Elapsed time: 3261
u =		       2.8144166       2.1944097       2.8095585       8.4941692       5.8006941       14.083707      0.30816971        14.61835 ...	F(t) =        20.708341
Optimal LCV not found!
         F(u) = 20.714927 >= F(w) = 20.638977
Landing# 320. Elapsed time: 3367
u =		         2.81505       2.1963283       2.8087789       8.4955848       5.8011678       14.085451      0.30706146       14.618472 ...	F(t) =        20.715599
Landing# 330. Elapsed time: 3471
u =		         2.81585       2.1984061       2.8080378        8.496942       5.8015778       14.087094      0.30599877       14.618305 ...	F(t) =        20.724996
Landing# 340. Elapsed time: 3577
u =		       2.8165756       2.2004321       2.8072598       8.4982951       5.8019046       14.088667      0.30507435       14.618006 ...	F(t) =        20.733242
Landing# 350. Elapsed time: 3682
u =		       2.8171216       2.2023414       2.8063469       8.4995048       5.8021738       14.090249      0.30404854       14.617492 ...	F(t) =        20.738868
Landing# 360. Elapsed time: 3788
u =		       2.8178259       2.2043156       2.8055426       8.5006264       5.8023875       14.091779      0.30316992       14.616869 ...	F(t) =         20.74552
Landing# 370. Elapsed time: 3893
u =		       2.8184814        2.206286       2.8047091       8.5017642       5.8025454       14.093286      0.30222665       14.616089 ...	F(t) =        20.752018
Landing# 380. Elapsed time: 3999
u =		       2.8191666       2.2081657       2.8039998       8.5027341       5.8026631       14.094732      0.30139261       14.615351 ...	F(t) =        20.757994
Optimal LCV not found!
         F(u) = 20.759323 >= F(w) = 20.715053
Landing# 390. Elapsed time: 4103
u =		       2.8198431       2.2100975       2.8032384        8.503699       5.8027461       14.096085      0.30055142       14.614619 ...	F(t) =         20.76413
Landing# 400. Elapsed time: 4209
u =		       2.8205608       2.2120659       2.8025022       8.5047896       5.8028213       14.097662      0.29968831       14.613714 ...	F(t) =        20.770105
Landing# 410. Elapsed time: 4314
u =		       2.8213497       2.2141328       2.8017677       8.5057103       5.8029073       14.099058      0.29901433       14.612902 ...	F(t) =        20.777313
Optimal LCV not found!
Landing# 420. Elapsed time: 4424
u =		       2.8219951       2.2161452       2.8009478        8.506712       5.8029508       14.100656      0.29841418       14.611855 ...	F(t) =        20.782857
Landing# 430. Elapsed time: 4531
u =		       2.8227287       2.2183038        2.800078       8.5077721       5.8029523       14.102331       0.2980732       14.610816 ...	F(t) =        20.788845
Optimal LCV not found!
         F(u) = 20.789109 >= F(w) = 20.726003
Landing# 440. Elapsed time: 4634
u =		         2.82322        2.220216       2.7990694       8.5088974       5.8028695       14.104067      0.29795525       14.609755 ...	F(t) =        20.791456
Landing# 450. Elapsed time: 4739
u =		       2.8239997       2.2223966       2.7982306       8.5100045       5.8026432        14.10588       0.2981708       14.608588 ...	F(t) =        20.797309
Landing# 460. Elapsed time: 4842
u =		       2.8247429       2.2245239       2.7973969       8.5109908       5.8024579       14.107581      0.29856451       14.607454 ...	F(t) =        20.803179
Landing# 470. Elapsed time: 4947
u =		       2.8255276       2.2267041       2.7965413         8.51214       5.8022838       14.109474      0.29924226       14.606287 ...	F(t) =        20.809399
Landing# 480. Elapsed time: 5050
u =		       2.8262639       2.2287924       2.7957852       8.5133503       5.8020022       14.111458      0.30024323       14.605062 ...	F(t) =        20.814965
Landing# 490. Elapsed time: 5153
u =		       2.8270467       2.2308151       2.7951417       8.5145459        5.801587        14.11353      0.30138081       14.603759 ...	F(t) =        20.820751
Landing# 500. Elapsed time: 5253
u =		       2.8278672       2.2327522       2.7946148       8.5157283       5.8012964       14.115632      0.30278437         14.6025 ...	F(t) =        20.826666
Landing# 510. Elapsed time: 5359
u =		       2.8286262       2.2345349        2.794171        8.516878       5.8009083       14.117659      0.30424656       14.601217 ...	F(t) =        20.831966
Landing# 520. Elapsed time: 5463
u =		       2.8294053       2.2362459       2.7938117       8.5178987       5.8003541       14.119765      0.30585863       14.599792 ...	F(t) =        20.836366
Landing# 530. Elapsed time: 5568
u =		        2.830181       2.2378085       2.7935811       8.5189582       5.7998509       14.121941      0.30760301       14.598397 ...	F(t) =        20.840426
Landing# 540. Elapsed time: 5668
u =		        2.830948       2.2392455       2.7934396       8.5200471       5.7993677        14.12414      0.30948387       14.596967 ...	F(t) =        20.844127
Landing# 550. Elapsed time: 5771
u =		       2.8317097       2.2406466       2.7933758       8.5208786       5.7988738       14.126146      0.31114556       14.595626 ...	F(t) =        20.848109
Landing# 560. Elapsed time: 5870
u =		       2.8324993        2.242001        2.793444       8.5218119       5.7983633       14.128269      0.31306804       14.594187 ...	F(t) =        20.852125
Optimal LCV not found!
         F(u) = 20.854146 >= F(w) = 20.792195
Optimal LCV not found!
         F(u) = 20.85162 >= F(w) = 20.839202
Landing# 570. Elapsed time: 5970
u =		       2.8331084       2.2429816       2.7934976       8.5226854       5.7978737       14.130544       0.3150129       14.592823 ...	F(t) =        20.852547
Landing# 580. Elapsed time: 6069
u =		       2.8339659       2.2442547       2.7937891       8.5235847       5.7973973       14.132803      0.31705962       14.591381 ...	F(t) =        20.856995
Optimal LCV not found!
         F(u) = 20.859843 >= F(w) = 20.795825
Landing# 590. Elapsed time: 6170
u =		       2.8346849       2.2452327       2.7940705       8.5243811       5.7969277       14.135128      0.31916387       14.589945 ...	F(t) =        20.858453
Landing# 600. Elapsed time: 6268
u =		       2.8355571       2.2463162       2.7945096       8.5251621       5.7963727       14.137449      0.32129531       14.588477 ...	F(t) =        20.861723
Optimal LCV not found!
         F(u) = 20.865341 >= F(w) = 20.821441
Landing# 610. Elapsed time: 6368
u =		       2.8363015       2.2473078       2.7949159       8.5259149       5.7958292       14.139775      0.32340853       14.587034 ...	F(t) =        20.863522
Landing# 620. Elapsed time: 6466
u =		       2.8371991       2.2483668       2.7954385       8.5267153       5.7952376        14.14213      0.32549901       14.585457 ...	F(t) =        20.867562
Optimal LCV not found!
         F(u) = 20.869938 >= F(w) = 20.839833
Landing# 630. Elapsed time: 6567
u =		       2.8380168       2.2493139        2.795947        8.527309       5.7947081       14.144508      0.32764662       14.583826 ...	F(t) =        20.869763
Optimal LCV not found!
         F(u) = 20.869763 >= F(w) = 20.836459
Landing# 640. Elapsed time: 6664
u =		       2.8388386       2.2501902       2.7964833       8.5280466       5.7941771        14.14696      0.32984845        14.58237 ...	F(t) =        20.871477
Landing# 650. Elapsed time: 6764
u =		       2.8398035       2.2511961       2.7972071       8.5287751       5.7936949       14.149365      0.33201555       14.580817 ...	F(t) =        20.876184
Optimal LCV not found!
         F(u) = 20.878664 >= F(w) = 20.82557
Landing# 660. Elapsed time: 6861
u =		       2.8405949       2.2519731       2.7978434       8.5294453       5.7931024       14.151774      0.33423243       14.579271 ...	F(t) =         20.87763
Landing# 670. Elapsed time: 6962
u =		        2.841542       2.2528959       2.7986032       8.5301091       5.7925828       14.154213       0.3364657       14.577751 ...	F(t) =          20.8813
Optimal LCV not found!
         F(u) = 20.881868 >= F(w) = 20.856134
Optimal LCV not found!
         F(u) = 20.88091 >= F(w) = 20.823756
Landing# 680. Elapsed time: 7059
u =		       2.8422007       2.2535751       2.7991921       8.5306674       5.7919535       14.156516      0.33860491       14.576218 ...	F(t) =        20.881108
Optimal LCV not found!
         F(u) = 20.881515 >= F(w) = 20.869233
Optimal LCV not found!
         F(u) = 20.883856 >= F(w) = 20.859087
Landing# 690. Elapsed time: 7158
u =		       2.8430594        2.254333       2.7999094       8.5311533       5.7913518       14.158928      0.34083849        14.57455 ...	F(t) =        20.882731
Optimal LCV not found!
         F(u) = 20.884996 >= F(w) = 20.854195
Landing# 700. Elapsed time: 7255
u =		       2.8439708       2.2551717       2.8006642       8.5317722       5.7907476       14.161341      0.34308815       14.572959 ...	F(t) =        20.885584
Optimal LCV not found!
         F(u) = 20.886674 >= F(w) = 20.858553
Landing# 710. Elapsed time: 7355
u =		       2.8448287       2.2559483       2.8014208       8.5323176        5.790224       14.163791      0.34536214        14.57139 ...	F(t) =        20.887407
Optimal LCV not found!
         F(u) = 20.887896 >= F(w) = 20.865546
Optimal LCV not found!
         F(u) = 20.889045 >= F(w) = 20.863133
Landing# 720. Elapsed time: 7453
u =		       2.8456332       2.2566585       2.8021208       8.5328962       5.7896293       14.166227       0.3476366       14.569811 ...	F(t) =        20.888382
Optimal LCV not found!
         F(u) = 20.889757 >= F(w) = 20.870977
Landing# 730. Elapsed time: 7551
u =		       2.8465876       2.2575384       2.8029749       8.5334218       5.7891494       14.168569      0.34998828       14.568238 ...	F(t) =        20.891894
Optimal LCV not found!
Optimal LCV not found!
         F(u) = 20.891964 >= F(w) = 20.852463
Optimal LCV not found!
         F(u) = 20.890558 >= F(w) = 20.832359
Landing# 740. Elapsed time: 7648
u =		       2.8472774        2.258127         2.80366       8.5338267       5.7885674       14.171019      0.35218528       14.566751 ...	F(t) =        20.890887
Landing# 750. Elapsed time: 7748
u =		       2.8483362       2.2590879       2.8045416       8.5344642       5.7880453       14.173569      0.35444531       14.565239 ...	F(t) =        20.895453
Optimal LCV not found!
         F(u) = 20.896387 >= F(w) = 20.875427
Optimal LCV not found!
         F(u) = 20.897146 >= F(w) = 20.88323
Landing# 760. Elapsed time: 7845
u =		       2.8492088       2.2598754         2.80523       8.5348608       5.7874726       14.176011       0.3567634       14.563537 ...	F(t) =        20.896688
Optimal LCV not found!
         F(u) = 20.899265 >= F(w) = 20.869353
Landing# 770. Elapsed time: 7946
u =		       2.8501168       2.2606478       2.8060435       8.5352149       5.7868722       14.178461      0.35894725       14.562007 ...	F(t) =        20.898412
Optimal LCV not found!
         F(u) = 20.899701 >= F(w) = 20.890962
Optimal LCV not found!
         F(u) = 20.899512 >= F(w) = 20.883799
Landing# 780. Elapsed time: 8043
u =		       2.8510515       2.2614171       2.8068869       8.5356704       5.7862335       14.180941      0.36116201        14.56048 ...	F(t) =        20.900425
Optimal LCV not found!
         F(u) = 20.902998 >= F(w) = 20.848449
Landing# 790. Elapsed time: 8142
u =		       2.8518993       2.2621559       2.8077439       8.5361069       5.7856496       14.183367      0.36337441        14.55892 ...	F(t) =        20.902252
Optimal LCV not found!
         F(u) = 20.902345 >= F(w) = 20.86958
Landing# 800. Elapsed time: 8239
u =		       2.8528553       2.2630388       2.8085834       8.5365667       5.7851369       14.185825      0.36561061       14.557403 ...	F(t) =        20.905375
Landing# 810. Elapsed time: 8338
u =		       2.8539008       2.2640096       2.8095932       8.5370723        5.784579       14.188338      0.36789922       14.555819 ...	F(t) =        20.910057
Optimal LCV not found!
         F(u) = 20.910057 >= F(w) = 20.906307
Optimal LCV not found!
         F(u) = 20.910851 >= F(w) = 20.879015
Optimal LCV not found!
         F(u) = 20.910164 >= F(w) = 20.886407
Landing# 820. Elapsed time: 8435
u =		       2.8546905       2.2646571       2.8103017       8.5374494       5.7838645       14.190772       0.3701468       14.554171 ...	F(t) =         20.90987
Optimal LCV not found!
         F(u) = 20.913355 >= F(w) = 20.888245
Landing# 830. Elapsed time: 8534
u =		       2.8556178        2.265442       2.8111272       8.5379663       5.7831852       14.193222      0.37239182       14.552566 ...	F(t) =        20.912239
Optimal LCV not found!
         F(u) = 20.912595 >= F(w) = 20.90097
Optimal LCV not found!
         F(u) = 20.912778 >= F(w) = 20.902102
Landing# 840. Elapsed time: 8631
u =		       2.8565467       2.2661704        2.812013       8.5383278       5.7825413       14.195687        0.374654       14.550974 ...	F(t) =        20.913825
Optimal LCV not found!
         F(u) = 20.914736 >= F(w) = 20.879455
Optimal LCV not found!
Landing# 850. Elapsed time: 8730
u =		       2.8574612       2.2669519       2.8128085       8.5386162       5.7818856       14.198205      0.37680894       14.549324 ...	F(t) =        20.915402
Optimal LCV not found!
         F(u) = 20.915402 >= F(w) = 20.87043
Optimal LCV not found!
         F(u) = 20.914783 >= F(w) = 20.894751
Landing# 860. Elapsed time: 8827
u =		       2.8582947       2.2676778       2.8136566       8.5389732       5.7813424        14.20059      0.37902391        14.54769 ...	F(t) =         20.91708
Landing# 870. Elapsed time: 8926
u =		       2.8593919       2.2686605       2.8146242        8.539406       5.7808094       14.203072      0.38128358       14.546182 ...	F(t) =        20.921782
Optimal LCV not found!
         F(u) = 20.921782 >= F(w) = 20.900972
Optimal LCV not found!
         F(u) = 20.92177 >= F(w) = 20.889023
Landing# 880. Elapsed time: 9022
u =		       2.8602299       2.2693484       2.8154048       8.5396429       5.7802762       14.205497      0.38353592       14.544546 ...	F(t) =        20.922365
Optimal LCV not found!
         F(u) = 20.922365 >= F(w) = 20.879542
Optimal LCV not found!
         F(u) = 20.920989 >= F(w) = 20.90472
Landing# 890. Elapsed time: 9121
u =		       2.8611066       2.2700185       2.8162071        8.539811       5.7797022       14.208009      0.38578781       14.542905 ...	F(t) =         20.92256
Optimal LCV not found!
         F(u) = 20.924296 >= F(w) = 20.896347
Optimal LCV not found!
         F(u) = 20.924284 >= F(w) = 20.900837
Landing# 900. Elapsed time: 9218
u =		        2.862026       2.2707286       2.8171325       8.5400636       5.7789413       14.210489      0.38799588       14.541269 ...	F(t) =        20.923651
Optimal LCV not found!
Landing# 910. Elapsed time: 9317
u =		       2.8630842       2.2716161       2.8181311       8.5404794        5.778412       14.212924      0.39022859        14.53976 ...	F(t) =        20.927941
Optimal LCV not found!
         F(u) = 20.928893 >= F(w) = 20.89095
Optimal LCV not found!
         F(u) = 20.930332 >= F(w) = 20.91669
Landing# 920. Elapsed time: 9414
u =		       2.8639753        2.272394       2.8189954       8.5407405       5.7778518       14.215433      0.39243111       14.538135 ...	F(t) =        20.929696
Optimal LCV not found!
         F(u) = 20.931625 >= F(w) = 20.906915
Optimal LCV not found!
         F(u) = 20.932007 >= F(w) = 20.930072
Landing# 930. Elapsed time: 9513
u =		       2.8649561       2.2732025        2.819938       8.5410589       5.7773007       14.217998       0.3947322       14.536545 ...	F(t) =        20.931917
Optimal LCV not found!
         F(u) = 20.932879 >= F(w) = 20.895898
Landing# 940. Elapsed time: 9610
u =		       2.8659332       2.2739944       2.8209127       8.5413038       5.7767119       14.220543      0.39701747       14.534934 ...	F(t) =         20.93401
Landing# 950. Elapsed time: 9708
u =		        2.867056       2.2749392       2.8219425       8.5416012       5.7761991       14.223038      0.39919572       14.533395 ...	F(t) =        20.938858
Optimal LCV not found!
         F(u) = 20.940792 >= F(w) = 20.905214
Landing# 960. Elapsed time: 9805
u =		       2.8680064       2.2757466       2.8228336       8.5417949       5.7754616       14.225529      0.40140825       14.531671 ...	F(t) =        20.940519
srun: Job step aborted: Waiting up to 2 seconds for job step to finish.
slurmd[node152]: error: *** STEP 325721.0 CANCELLED AT 2022-08-30T17:06:55 ***
slurmd[node152]: error: *** JOB 325721 CANCELLED AT 2022-08-30T17:06:55 ***
[mpiexec@node152] handle_exit_status (./pm/pmiserv/pmiserv_cb.c:538): assert (!closed) failed
[mpiexec@node152] HYDT_dmxu_poll_wait_for_event (./tools/demux/demux_poll.c:77): callback returned error status
[mpiexec@node152] HYD_pmci_wait_for_completion (./pm/pmiserv/pmiserv_pmci.c:388): error waiting for event
[mpiexec@node152] main (./ui/mpich/mpiexec.c:718): process manager error waiting for completion
