=================================================== BSF Target ====================================================
Problem name: blend
Number of Workers: 10
OpenMP is turned off!
Map List is not Fragmented.
Before conversion: m =	74	n = 114
After conversion:  m =	196	n = 81
Eps Min Dir Length:	1e-07
Eps Objective:		1e-07
Eps Shift:		1e-07
Eps Zero Compare:	1e-07
Eps Zero Direction:	1e-07
Exact Obj Value:	30.812
Distance to Apex:	0
Low Cost Percentile:	0.5
Gap Max:		0.005
Obj Vector Length:	0.0001
Start Shift Lengt:	1
Blocking obj var:	false
Use low cost vars:	true
--------------- Statisics ---------------
Number of high-cost variables:	9
Number of low-cost variables:	21
Number of zero-cost variables:	51
Problem Scale:			26.32
--------------- Data ---------------
Obj Function:	            5.36            5.08            4.51             4.2             3.6            -3.2              -3           -2.87 ...
Start point:	      0.39650895      0.18786407       2.8746437       5.8152248       3.8667443       9.7250456       6.3710027       8.0788582 ...	F(x) = 8.0623234
Apex point:	      0.39650895      0.18786407       2.8746437       5.8152248       3.8667443       9.7250456       6.3710027       8.0788582 ...	F(x) = 8.0623234
-------------------------------------------
--------- Finding feasible point ------------
Iter # 0. Elapsed time: 0
u =		      0.39650895      0.18786407       2.8746437       5.8152248       3.8667443       9.7250456       6.3710027       8.0788582 ...	F(t) =        8.0623234
Iter # 879720. Elapsed time: 20
u =		      0.39655961      0.18793383       2.8746657       5.8153133       3.8667447       9.7250596       6.3710249       8.0788858 ...	F(t) =        8.0628583
Iter # 6371260. Elapsed time: 145
u =		      0.39688248      0.18808154       2.8746654       5.8157276       3.8666681       9.7250453       6.3708494       8.0785005 ...	F(t) =        8.0657111
Iter # 19644040. Elapsed time: 446
u =		      0.39757641      0.18851662       2.8748161        5.816372       3.8663394       9.7248847       6.3701434       8.0769956 ...	F(t) =        8.0732511
Iter # 20341690. Elapsed time: 463
u =		      0.39767522      0.18857214       2.8748714       5.8164076       3.8663922       9.7249212       6.3701947       8.0770468 ...	F(t) =        8.0738954
Iter # 39142160. Elapsed time: 892
u =		      0.39948652      0.18975173        2.875429       5.8177326       3.8654245       9.7243876        6.368821       8.0724431 ...	F(t) =        8.0929188
Iter # 39557310. Elapsed time: 902
u =		      0.39949883      0.18975547       2.8754285       5.8177441       3.8654297       9.7243927       6.3688001        8.072449 ...	F(t) =        8.0930951
Iter # 41585240. Elapsed time: 951
u =		      0.39973197      0.18977507       2.8754172       5.8178667       3.8654286       9.7244864       6.3686775       8.0725576 ...	F(t) =        8.0941504
Iter # 49721970. Elapsed time: 1138
u =		      0.40012457      0.18994126       2.8753918       5.8184789       3.8655024       9.7245508       6.3684339       8.0726624 ...	F(t) =        8.0979156
Iter # 52825780. Elapsed time: 1212
u =		      0.40026207      0.19010947       2.8754757       5.8186583       3.8654078       9.7245503       6.3684272       8.0725034 ...	F(t) =        8.0994768
Iter # 58968440. Elapsed time: 1353
u =		      0.40045528      0.19018939       2.8755522       5.8188486       3.8654893       9.7245947       6.3683236       8.0725779 ...	F(t) =        8.1009054
Iter # 60846880. Elapsed time: 1397
u =		      0.40049916      0.19021084       2.8755998       5.8188966       3.8655053       9.7246084       6.3682848        8.072596 ...	F(t) =        8.1013699
Iter # 67519180. Elapsed time: 1550
u =		      0.40068148      0.19029696       2.8757385       5.8190788       3.8655308       9.7246588       6.3681514       8.0726597 ...	F(t) =        8.1030312
Iter # 69350050. Elapsed time: 1592
u =		      0.40088718       0.1904196       2.8757825       5.8190954       3.8651959       9.7247397       6.3677435       8.0723643 ...	F(t) =         8.103863
Iter # 71696490. Elapsed time: 1646
u =		      0.40109406      0.19053701       2.8758798       5.8194154       3.8653553       9.7246122        6.367704       8.0719654 ...	F(t) =        8.1074865
Iter # 75393460. Elapsed time: 1733
u =		      0.40124896      0.19059544        2.875913       5.8196308       3.8652524       9.7245426       6.3675061       8.0715259 ...	F(t) =        8.1093133
Iter # 81449260. Elapsed time: 1870
u =		      0.40168521      0.19086549       2.8759881       5.8200468       3.8652753       9.7246261       6.3673647       8.0716804 ...	F(t) =        8.1125764
Iter # 88199490. Elapsed time: 2030
u =		      0.40183647      0.19094177        2.876159       5.8202772       3.8653722       9.7246749       6.3672843       8.0717562 ...	F(t) =        8.1142431
Iter # 89156890. Elapsed time: 2052
u =		      0.40185571      0.19095479       2.8761856        5.820301       3.8653653       9.7246809       6.3672533       8.0717617 ...	F(t) =        8.1144802
Iter # 108188970. Elapsed time: 2483
u =		      0.40282948      0.19143224       2.8764042       5.8211721        3.865265       9.7247215       6.3665522       8.0712675 ...	F(t) =        8.1227326
Iter # 119195310. Elapsed time: 2741
u =		      0.40320493      0.19159253       2.8766069       5.8215383       3.8652887       9.7247543        6.366212       8.0711191 ...	F(t) =        8.1264872
Iter # 119647060. Elapsed time: 2752
u =		      0.40323533      0.19163129       2.8766512       5.8215436       3.8652559       9.7247802       6.3662603       8.0711393 ...	F(t) =        8.1264887
Iter # 123517330. Elapsed time: 2842
u =		      0.40333121      0.19168249       2.8767521       5.8216264       3.8652728       9.7247902       6.3661711       8.0710676 ...	F(t) =        8.1275892
Iter # 128932950. Elapsed time: 2965
u =		      0.40355578      0.19182233       2.8768544       5.8218622       3.8652141       9.7247847       6.3659786       8.0707711 ...	F(t) =          8.13001
Iter # 136251940. Elapsed time: 3131
u =		      0.40371903      0.19189418       2.8770222       5.8220467       3.8652281       9.7248035       6.3657639       8.0707149 ...	F(t) =        8.1320996
Iter # 139119800. Elapsed time: 3198
u =		      0.40380446      0.19191459       2.8770671       5.8221537       3.8652376       9.7248222       6.3656836       8.0707452 ...	F(t) =        8.1328483
Iter # 152375950. Elapsed time: 3500
u =		      0.40429911      0.19216283       2.8774206       5.8225819       3.8651874       9.7248862       6.3654039       8.0704991 ...	F(t) =        8.1372974
Iter # 161386200. Elapsed time: 3706
u =		      0.40612359      0.19298244       2.8774467        5.823797       3.8648714       9.7247231       6.3652495       8.0691247 ...	F(t) =        8.1496169
Iter # 164182770. Elapsed time: 3769
u =		      0.40621701       0.1930525       2.8775353       5.8238567       3.8649076       9.7247295       6.3652087       8.0690533 ...	F(t) =        8.1506454
srun: Job step aborted: Waiting up to 2 seconds for job step to finish.
slurmd[node247]: error: *** STEP 325464.0 CANCELLED AT 2022-08-25T09:23:30 ***
[10:node460] unexpected disconnect completion event from [6:node443]
Assertion failed in file ../../dapl_conn_rc.c at line 1128: 0
internal ABORT - process 10
slurmd[node247]: error: *** JOB 325464 CANCELLED AT 2022-08-25T09:23:30 ***
[mpiexec@node247] handle_exit_status (./pm/pmiserv/pmiserv_cb.c:538): assert (!closed) failed
[mpiexec@node247] HYDT_dmxu_poll_wait_for_event (./tools/demux/demux_poll.c:77): callback returned error status
[mpiexec@node247] HYD_pmci_wait_for_completion (./pm/pmiserv/pmiserv_pmci.c:388): error waiting for event
[mpiexec@node247] main (./ui/mpich/mpiexec.c:718): process manager error waiting for completion
/bin/rm: cannot remove `/tmp/srun___logue': No such file or directory
