=================================================== BSF Target ====================================================
Problem name: blend
Number of Workers: 10
OpenMP is turned off!
Map List is not Fragmented.
Before conversion: m =	74	n = 114
After conversion:  m =	196	n = 81
Eps Min Dir Length:	0.001
Eps Objective:		1e-06
Eps Shift:		0.001
Eps Zero Compare:	0.001
Eps Zero Direction:	0.001
Exact Obj Value:	30.812
Distance to Apex:	0
Low Cost Percentile:	0.02
Gap Max:		0.2
Obj Vector Length:	1
Start Shift Lengt:	1
Blocking obj var:	false
Use low cost vars:	false
--------------- Statisics ---------------
Number of high-cost variables:	17
Number of low-cost variables:	13
Number of zero-cost variables:	51
Problem Scale:			26.32
--------------- Data ---------------
Obj Function:	            5.36            5.08            4.51             4.2             3.6            -3.2              -3           -2.87 ...
Start point:	       3.1806664       2.5275858       3.1264884       8.5400549       5.5176131       15.012194      0.98034524       14.024131 ...	F(x) = 21.598821
Apex point:	       3.1806664       2.5275858       3.1264884       8.5400549       5.5176131       15.012194      0.98034524       14.024131 ...	F(x) = 21.598821
-------------------------------------------
--------- Finding feasible point ------------
Iter # 0. Elapsed time: 0
u =		       3.1806664       2.5275858       3.1264884       8.5400549       5.5176131       15.012194      0.98034524       14.024131 ...	F(t) =        21.598821
Landing# 0. Elapsed time: 0
u =		       3.1806901       2.5276047       3.1265603       8.5400157       5.5174489       15.012463      0.98046659       14.023935 ...	F(t) =        21.598017
Landing# 500. Elapsed time: 37
u =		       3.2337118       2.5702657       3.1784974       8.5358477       5.4491847       15.148893       1.0508893       13.935783 ...	F(t) =        21.705347
Landing# 1000. Elapsed time: 77
u =		       3.2855421       2.6111221       3.2296617       8.5328716       5.3811676       15.286016       1.1173492       13.847396 ...	F(t) =         21.80791
Landing# 1500. Elapsed time: 117
u =		       3.3368044       2.6522833       3.2796146       8.5314496       5.3132234       15.423038       1.1812377       13.758935 ...	F(t) =        21.916126
Landing# 2000. Elapsed time: 155
u =		       3.3879436       2.6932757       3.3293617       8.5300187       5.2451542        15.56022       1.2441916       13.670483 ...	F(t) =        22.023586
Landing# 2500. Elapsed time: 193
u =		       3.4386383       2.7342307       3.3785646       8.5296852       5.1770387       15.697322       1.3063314       13.581983 ...	F(t) =        22.132999
Landing# 3000. Elapsed time: 231
u =		       3.4884341       2.7746172       3.4268152        8.533449       5.1082587       15.835287       1.3690891       13.493031 ...	F(t) =        22.241455
Landing# 3500. Elapsed time: 270
u =		       3.5378432       2.8147223       3.4745399       8.5394811       5.0390573       15.974003        1.432173       13.403656 ...	F(t) =        22.350903
Landing# 4000. Elapsed time: 310
u =		       3.5864557       2.8537779       3.5218019       8.5462083       4.9693515       16.113183       1.4950307       13.313758 ...	F(t) =        22.451084
Landing# 4500. Elapsed time: 348
u =		       3.6358053       2.8938607       3.5694717       8.5537614       4.8992934       16.253337       1.5579383       13.223486 ...	F(t) =        22.563129
Landing# 5000. Elapsed time: 385
u =		       3.6847829       2.9331264       3.6169426       8.5613274       4.8287751       16.394076       1.6204538       13.132618 ...	F(t) =        22.668329
Landing# 5500. Elapsed time: 423
u =		       3.7336585        2.972727       3.6645889       8.5688484       4.7579432       16.535203       1.6823682       13.041588 ...	F(t) =        22.775365
Landing# 6000. Elapsed time: 460
u =		       3.7824342       3.0118907       3.7120893       8.5760332       4.6865786        16.67701       1.7437921       12.949974 ...	F(t) =        22.877349
Landing# 6500. Elapsed time: 497
u =		        3.831773        3.051702       3.7598534       8.5835628       4.6153554       16.818942       1.8043985       12.858597 ...	F(t) =        22.990481
Landing# 7000. Elapsed time: 538
u =		       3.8802542       3.0907672       3.8071539        8.590727       4.5435903        16.96125        1.864338       12.766744 ...	F(t) =        23.091883
Landing# 7500. Elapsed time: 578
u =		        3.928169       3.1295981       3.8537587       8.5968863       4.4656246        17.10521       1.9150885       12.674161 ...	F(t) =        23.192966
Landing# 8000. Elapsed time: 619
u =		       3.9748994       3.1677182       3.8988855        8.603095       4.3685454       17.254218       1.9374838       12.578108 ...	F(t) =        23.302324
Landing# 8500. Elapsed time: 659
u =		       4.0213107       3.2051261        3.943744       8.6104428       4.2703814       17.403414       1.9596176        12.48175 ...	F(t) =        23.408093
Landing# 9000. Elapsed time: 697
u =		       4.0678702       3.2428159       3.9890632       8.6188401       4.1716788       17.553177       1.9822065       12.385114 ...	F(t) =        23.519602
Landing# 9500. Elapsed time: 738
u =		       4.1142789        3.280153       4.0341492       8.6278556       4.0727226       17.702671       2.0047332       12.288673 ...	F(t) =        23.630132
Landing# 10000. Elapsed time: 776
u =		       4.1493344       3.3095083       4.0680301       8.6284523       4.0390208        17.86559       2.0141415       12.183816 ...	F(t) =        23.738411
Landing# 10500. Elapsed time: 818
u =		       4.1747114       3.3304531        4.092401       8.6245122       4.0538422       18.039157       2.0065593       12.071767 ...	F(t) =        23.838507
Landing# 11000. Elapsed time: 859
u =		       4.1995459       3.3509136       4.1163491       8.6220983       4.0687627       18.213331       1.9987487       11.959458 ...	F(t) =        23.938314
Landing# 11500. Elapsed time: 898
u =		       4.2245848       3.3710701       4.1403731       8.6205042       4.0837481       18.388008       1.9911169       11.846707 ...	F(t) =        24.040894
         F(u) = 24.097381 == F(w) = 24.097381
Maybe, you should decreas PP_EPS_OBJ.
=============================================
Elapsed time: 925.14303
Iterations: 39549314
Optimal objective value:        24.097381
Exact objective value:             30.812
Relative error = 0.21792221
=============================================
Solution is saved into the file 'Problems/lp_blend_so.mtx'.
Solution:	       18.500764       11.773997       9.9360757       3.4519583     0.051361583     0.076704105    0.0015214208       1.7373662	...
Ordered:	       4.2398544       3.3834459         4.15532       8.6195815        4.093296       18.500764       1.9858918       11.773997	...
