=================================================== BSF Target ====================================================
Problem name: blend
Number of Workers: 10
OpenMP is turned off!
Map List is not Fragmented.
Before conversion: m =	74	n = 114
After conversion:  m =	196	n = 81
Eps Min Dir Length:	0.001
Eps Objective:		0.001
Eps Shift:		0.001
Eps Zero Compare:	0.001
Eps Zero Direction:	0.001
Exact Obj Value:	30.812
Distance to Apex:	0
Low Cost Percentile:	0.1
Gap Max:		0.2
Obj Vector Length:	1
Start Shift Lengt:	1
Blocking obj var:	false
Use low cost vars:	false
--------------- Statisics ---------------
Number of high-cost variables:	10
Number of low-cost variables:	20
Number of zero-cost variables:	51
Problem Scale:			26.32
--------------- Data ---------------
Obj Function:	            5.36            5.08            4.51             4.2             3.6            -3.2              -3           -2.87 ...
Start point:	       3.9178978        3.128937       3.8210348       7.3606522       4.7759132       13.043925       2.7083178       12.905877 ...	F(x) = 28.426427
Apex point:	       3.9178978        3.128937       3.8210348       7.3606522       4.7759132       13.043925       2.7083178       12.905877 ...	F(x) = 28.426427
-------------------------------------------
--------- Finding feasible point ------------
Iter # 41962. Elapsed time: 1
u =		       1.9209718       1.8356997       3.0264869       7.2957804       4.5804063       12.464336       2.0951799        12.24189 ...	F(t) =        12.774229
Landing# 0. Elapsed time: 1
u =		       1.9211153       1.8357434         3.02654       7.2958648        4.580555       12.464219       2.0947323       12.241788 ...	F(t) =        12.778974
Landing# 100. Elapsed time: 10
u =		       1.9351646       1.8399646       3.0308758       7.3035869       4.5953546       12.452879       2.0495941       12.231901 ...	F(t) =         13.24315
Landing# 200. Elapsed time: 18
u =		       1.9482646       1.8435296       3.0333705       7.3103157       4.6099573       12.442189       2.0024768       12.222616 ...	F(t) =        13.683332
Landing# 300. Elapsed time: 26
u =		       1.9604699       1.8465373       3.0343202        7.316213       4.6242194       12.432285       1.9536212       12.214102 ...	F(t) =        14.097154
Landing# 400. Elapsed time: 35
u =		       1.9718232       1.8489962       3.0339716       7.3213784       4.6380673       12.423158       1.9038513       12.206327 ...	F(t) =        14.484846
Landing# 500. Elapsed time: 43
u =		       1.9824463       1.8509633       3.0326079       7.3259509       4.6515122       12.414692       1.8536538       12.199186 ...	F(t) =        14.849876
Landing# 600. Elapsed time: 51
u =		       1.9922645       1.8526884       3.0305761       7.3302518       4.6641228        12.40714       1.8021437       12.193138 ...	F(t) =        15.196611
Landing# 700. Elapsed time: 60
u =		       2.0014067       1.8543052       3.0279143       7.3345736       4.6759273        12.40077       1.7493789        12.18865 ...	F(t) =         15.52983
Landing# 800. Elapsed time: 68
u =		       2.0101088        1.855771       3.0243266       7.3392597       4.6870886       12.396154       1.6975086       12.186607 ...	F(t) =        15.844744
Landing# 900. Elapsed time: 76
u =		        2.018155       1.8572169       3.0200894       7.3441537       4.6973526       12.393272       1.6478542       12.186803 ...	F(t) =        16.135666
Landing# 1000. Elapsed time: 84
u =		       2.0255373       1.8585031       3.0153893       7.3491091       4.7067804       12.391747       1.6005663       12.188642 ...	F(t) =        16.403406
Landing# 1100. Elapsed time: 92
u =		       2.0324257       1.8597201       3.0104412       7.3540838       4.7155649       12.391149       1.5551879       12.191521 ...	F(t) =        16.654482
Landing# 1200. Elapsed time: 100
u =		       2.0391253       1.8609551       3.0052982       7.3591353       4.7239953       12.391239       1.5110486       12.195174 ...	F(t) =        16.895271
Landing# 1300. Elapsed time: 108
u =		        2.047738       1.8629866       2.9981717       7.3659883       4.7332597       12.394471       1.4670942       12.203169 ...	F(t) =        17.121836
Landing# 1400. Elapsed time: 116
u =		       2.0609675        1.865586       2.9870245       7.3774956       4.7440274       12.406079       1.4290573       12.222395 ...	F(t) =        17.288349
         F(u) = 17.328097 == F(w) = 17.329012
Maybe, you should decreas PP_EPS_ZERO_COMPARE.
=============================================
Elapsed time: 118.74812
Iterations: 5215534
Optimal objective value:        17.328097
Exact objective value:             30.812
Relative error = 0.43761855
=============================================
Solution is saved into the file 'Problems/lp_blend_so.mtx'.
Solution:	       12.413432       12.233508       6.6665871       3.5847041               0     0.049404341               0       1.2473348	...
Ordered:	       2.0675468       1.8666211       2.9819619       7.3835654       4.7484317       12.413432       1.4176987       12.233508	...
