=================================================== BSF Target ====================================================
Problem name: blend
Number of Workers: 10
OpenMP is turned off!
Map List is not Fragmented.
Before conversion: m =	74	n = 114
After conversion:  m =	196	n = 81
Eps Min Dir Length:	1e-07
Eps Objective:		1e-07
Eps Shift:		1e-07
Eps Zero Compare:	1e-07
Eps Zero Direction:	1e-07
Exact Obj Value:	30.812
Distance to Apex:	0
Low Cost Percentile:	0.5
Gap Max:		0.005
Obj Vector Length:	0.0001
Start Shift Lengt:	1
Blocking obj var:	false
Use low cost vars:	true
--------------- Statisics ---------------
Number of high-cost variables:	9
Number of low-cost variables:	21
Number of zero-cost variables:	51
Problem Scale:			26.32
--------------- Data ---------------
Obj Function:	            5.36            5.08            4.51             4.2             3.6            -3.2              -3           -2.87 ...
Start point:	       0.3829882      0.17546609       2.8667896         5.80365       3.8772376       9.7372331       6.3923111       8.1201488 ...	F(x) = 7.8544245
Apex point:	       0.3829882      0.17546609       2.8667896         5.80365       3.8772376       9.7372331       6.3923111       8.1201488 ...	F(x) = 7.8544245
-------------------------------------------
--------- Finding feasible point ------------
Iter # 0. Elapsed time: 0
u =		       0.3829882      0.17546609       2.8667896         5.80365       3.8772376       9.7372331       6.3923111       8.1201488 ...	F(t) =        7.8544245
-----------------------------------------------------
Optimal LCV is found with native c = 2 and new c = -3.375 :
#9|69:	      0.38299406      0.17547037       2.8667937       5.8036522       3.8772461       9.7372267       6.3922987       8.1201371 ...	F(t) =        7.8546039
-----------------------------------------------------
-----------------------------------------------------
Optimal LCV is found with native c = 0 and new c = 1.375 :
#34|34:	      0.38299681      0.17547464       2.8668205        5.803682       3.8772294       9.7371634       6.3922255       8.1199549 ...	F(t) =        7.8551105
-----------------------------------------------------
-----------------------------------------------------
Optimal LCV is found with native c = 0 and new c = 1.375 :
#45|45:	      0.38301751      0.17550684       2.8668506       5.8036957       3.8772202       9.7371665       6.3922466       8.1199578 ...	F(t) =        7.8553457
-----------------------------------------------------
-----------------------------------------------------
Optimal LCV is found with native c = 2 and new c = -3.375 :
#9|69:	      0.38302702      0.17551499       2.8668668       5.8036907       3.8772312       9.7371654       6.3922228       8.1199501 ...	F(t) =        7.8554915
-----------------------------------------------------
-----------------------------------------------------
Optimal LCV is found with native c = 0 and new c = 1.375 :
#45|45:	      0.38303316      0.17554601        2.866904       5.8037217       3.8771771       9.7371016       6.3921484       8.1197499 ...	F(t) =        7.8561294
-----------------------------------------------------
-----------------------------------------------------
Optimal LCV is found with native c = 0 and new c = -1.375 :
#71|71:	      0.38305394      0.17556347        2.866933       5.8037212       3.8771582       9.7371093        6.392134        8.119753 ...	F(t) =        7.8562997
-----------------------------------------------------
Iter # 2799110. Elapsed time: 63
u =		       0.3830401      0.17551461       2.8668948       5.8037393        3.877168       9.7370932       6.3920557       8.1197404 ...	F(t) =        7.8561951
-----------------------------------------------------
Optimal LCV is found with native c = 2 and new c = -3.375 :
#9|69:	      0.38304635      0.17552165       2.8668999       5.8037416       3.8771717       9.7370893       6.3920589       8.1197306 ...	F(t) =        7.8562869
-----------------------------------------------------
-----------------------------------------------------
Optimal LCV is found with native c = 0 and new c = 1.375 :
#45|45:	      0.38307561      0.17559596       2.8669618       5.8037561       3.8771374       9.7370517       6.3920684       8.1195897 ...	F(t) =        7.8568901
-----------------------------------------------------
-----------------------------------------------------
Optimal LCV is found with native c = 2 and new c = -3.375 :
#9|69:	      0.38310629      0.17559433       2.8669666       5.8037365       3.8770377       9.7370645       6.3919309        8.119571 ...	F(t) =        7.8571147
-----------------------------------------------------
-----------------------------------------------------
Optimal LCV is found with native c = 2 and new c = -3.375 :
#9|69:	      0.38312547      0.17563545        2.866991       5.8037397       3.8771037       9.7370189       6.3919293       8.1194479 ...	F(t) =        7.8576558
-----------------------------------------------------
-----------------------------------------------------
Optimal LCV is found with native c = 2 and new c = -3.375 :
#9|69:	      0.38313492      0.17564992       2.8670677       5.8037913        3.877025       9.7369217       6.3918277       8.1191473 ...	F(t) =        7.8585429
-----------------------------------------------------
-----------------------------------------------------
Optimal LCV is found with native c = 0 and new c = -1.375 :
#71|71:	      0.38315892      0.17570897       2.8670976       5.8037984       3.8769937       9.7368883        6.391814       8.1190217 ...	F(t) =        7.8590173
-----------------------------------------------------
-----------------------------------------------------
Optimal LCV is found with native c = 2 and new c = -3.375 :
#9|69:	      0.38318557      0.17569186       2.8670511       5.8038052        3.876878       9.7368965        6.391641       8.1190011 ...	F(t) =        7.8591001
-----------------------------------------------------
-----------------------------------------------------
Optimal LCV is found with native c = 0 and new c = -1.375 :
#71|71:	      0.38322545      0.17577091        2.867112       5.8038185       3.8769487       9.7368395       6.3916688       8.1188402 ...	F(t) =        7.8599731
-----------------------------------------------------
-----------------------------------------------------
Optimal LCV is found with native c = 2 and new c = -3.375 :
#9|69:	       0.3832112      0.17573641       2.8671275       5.8038706       3.8768743       9.7368289       6.3916014       8.1188173 ...	F(t) =         7.860009
-----------------------------------------------------
-----------------------------------------------------
Optimal LCV is found with native c = -0.0132 and new c = 1.3882 :
#27|79:	      0.38325293      0.17581424       2.8671824        5.803881       3.8769015       9.7367804       6.3916252       8.1186604 ...	F(t) =        7.8607248
-----------------------------------------------------
-----------------------------------------------------
Optimal LCV is found with native c = 2 and new c = -3.375 :
#9|69:	      0.38332742      0.17581701       2.8671523       5.8039077       3.8767615       9.7367799       6.3914909       8.1186331 ...	F(t) =        7.8610751
-----------------------------------------------------
-----------------------------------------------------
Optimal LCV is found with native c = 0 and new c = -1.375 :
#71|71:	      0.38336007      0.17588249       2.8672011       5.8039171       3.8768492       9.7367249       6.3915138       8.1184868 ...	F(t) =        7.8618633
-----------------------------------------------------
-----------------------------------------------------
Optimal LCV is found with native c = 0 and new c = 1.375 :
#34|34:	      0.38335215      0.17584133       2.8671976       5.8039557       3.8768488       9.7367143       6.3914567       8.1184817 ...	F(t) =         7.861889
-----------------------------------------------------
-----------------------------------------------------
Optimal LCV is found with native c = 0 and new c = -1.375 :
#79|27:	      0.38338819      0.17589305       2.8672291       5.8039745       3.8768492       9.7367177       6.3914948       8.1184878 ...	F(t) =        7.8622441
-----------------------------------------------------
-----------------------------------------------------
Optimal LCV is found with native c = 0 and new c = 1.375 :
#79|27:	      0.38340447      0.17589573       2.8672343       5.8040074       3.8768306       9.7367106        6.391467       8.1184831 ...	F(t) =        7.8624277
-----------------------------------------------------
-----------------------------------------------------
Optimal LCV is found with native c = 2 and new c = -3.375 :
#9|69:	      0.38340411      0.17590945       2.8672384       5.8040193       3.8768376       9.7367012       6.3914445        8.118468 ...	F(t) =        7.8625421
-----------------------------------------------------
-----------------------------------------------------
Optimal LCV is found with native c = -0.0924 and new c = 1.4674 :
#18|43:	      0.38341307      0.17595072         2.86728        5.804031       3.8768046       9.7366535       6.3914211       8.1183003 ...	F(t) =        7.8629326
-----------------------------------------------------
-----------------------------------------------------
Optimal LCV is found with native c = 0 and new c = 1.375 :
#34|34:	      0.38346176       0.1759507       2.8672193       5.8040312        3.876652       9.7366602       6.3912116       8.1182745 ...	F(t) =        7.8631908
-----------------------------------------------------
-----------------------------------------------------
Optimal LCV is found with native c = 0 and new c = -1.375 :
#79|27:	      0.38348296      0.17599629        2.867242       5.8040418       3.8766601       9.7366624       6.3912411       8.1182793 ...	F(t) =        7.8634518
-----------------------------------------------------
-----------------------------------------------------
Optimal LCV is found with native c = 0 and new c = 1.375 :
#79|27:	      0.38350349      0.17605331       2.8672567       5.8040769       3.8766785       9.7366562       6.3912531        8.118282 ...	F(t) =        7.8638361
-----------------------------------------------------
-----------------------------------------------------
Optimal LCV is found with native c = 2 and new c = -3.375 :
#9|69:	      0.38350019      0.17607987       2.8672684       5.8040932       3.8767132       9.7366436       6.3912385       8.1182685 ...	F(t) =        7.8640576
-----------------------------------------------------
-----------------------------------------------------
Optimal LCV is found with native c = -0.0924 and new c = 1.4674 :
#18|43:	      0.38351343      0.17611668       2.8673003       5.8040958        3.876756       9.7365925       6.3912307       8.1181152 ...	F(t) =        7.8645112
-----------------------------------------------------
-----------------------------------------------------
Optimal LCV is found with native c = 2 and new c = -3.375 :
#9|69:	      0.38356271      0.17611953       2.8672463       5.8040958       3.8766123       9.7365981       6.3910326       8.1180838 ...	F(t) =         7.864743
-----------------------------------------------------
-----------------------------------------------------
Optimal LCV is found with native c = 0 and new c = -1.375 :
#79|27:	      0.38358964      0.17620322       2.8672878       5.8041018       3.8766771       9.7365593       6.3910655       8.1179762 ...	F(t) =        7.8654505
-----------------------------------------------------
-----------------------------------------------------
Optimal LCV is found with native c = 2 and new c = -3.375 :
#9|69:	      0.38359933      0.17623092       2.8672948       5.8041165       3.8766909       9.7365569        6.391067       8.1179726 ...	F(t) =        7.8656457
-----------------------------------------------------
-----------------------------------------------------
Optimal LCV is found with native c = 0 and new c = -1.375 :
#72|72:	      0.38361847      0.17626743       2.8673355       5.8041378       3.8766623       9.7364864       6.3910095       8.1177433 ...	F(t) =        7.8662656
-----------------------------------------------------
-----------------------------------------------------
Optimal LCV is found with native c = 2 and new c = -3.375 :
#9|69:	      0.38363262        0.176272       2.8673451       5.8041453       3.8766495       9.7364835       6.3909748       8.1177321 ...	F(t) =        7.8665214
-----------------------------------------------------
-----------------------------------------------------
Optimal LCV is found with native c = -0.0132 and new c = 1.3882 :
#27|79:	      0.38366786       0.1763474       2.8673977       5.8041501       3.8765731       9.7363906       6.3908962       8.1173837 ...	F(t) =        7.8672345
-----------------------------------------------------
-----------------------------------------------------
Optimal LCV is found with native c = 0 and new c = 1.375 :
#34|34:	      0.38371084      0.17634871       2.8674219       5.8041955       3.8765252       9.7363835       6.3908273       8.1173751 ...	F(t) =        7.8678963
-----------------------------------------------------
-----------------------------------------------------
Optimal LCV is found with native c = 2 and new c = -3.375 :
#9|69:	      0.38372532      0.17636572       2.8674244       5.8041987       3.8765383       9.7363819       6.3908261       8.1173694 ...	F(t) =        7.8680309
-----------------------------------------------------
-----------------------------------------------------
Optimal LCV is found with native c = 2 and new c = -3.375 :
#9|69:	       0.3837637      0.17635813       2.8673988       5.8041734       3.8764753       9.7362765       6.3905967       8.1169989 ...	F(t) =        7.8688259
-----------------------------------------------------
-----------------------------------------------------
Optimal LCV is found with native c = 0 and new c = -1.375 :
#79|27:	      0.38379748      0.17644793       2.8674702       5.8041963       3.8764421       9.7362412       6.3906179       8.1168732 ...	F(t) =        7.8695856
-----------------------------------------------------
-----------------------------------------------------
Optimal LCV is found with native c = 2 and new c = -3.375 :
#9|69:	      0.38382778      0.17645553       2.8674943        5.804248       3.8764006       9.7362397       6.3905877       8.1168674 ...	F(t) =        7.8698733
-----------------------------------------------------
-----------------------------------------------------
Optimal LCV is found with native c = 0 and new c = -1.375 :
#79|27:	       0.3838534      0.17647096       2.8675274       5.8042756       3.8763886       9.7361738       6.3905254       8.1166722 ...	F(t) =        7.8705409
-----------------------------------------------------
-----------------------------------------------------
Optimal LCV is found with native c = 0 and new c = -1.375 :
#71|71:	       0.3838715      0.17648319       2.8675447       5.8043023       3.8763662       9.7361746       6.3905166       8.1166732 ...	F(t) =        7.8706995
-----------------------------------------------------
-----------------------------------------------------
Optimal LCV is found with native c = 2 and new c = -3.375 :
#9|69:	      0.38388627      0.17640672       2.8674685        5.804309       3.8763777       9.7361497       6.3903597        8.116642 ...	F(t) =        7.8706562
-----------------------------------------------------
-----------------------------------------------------
Optimal LCV is found with native c = 0 and new c = 1.375 :
#45|45:	      0.38392972      0.17651476       2.8675554       5.8043337       3.8763407       9.7361073       6.3903849        8.116489 ...	F(t) =        7.8715812
-----------------------------------------------------
-----------------------------------------------------
Optimal LCV is found with native c = 2 and new c = -3.375 :
#9|69:	       0.3839396      0.17652803       2.8675751       5.8043315       3.8763106       9.7361141       6.3903647       8.1164827 ...	F(t) =        7.8716809
-----------------------------------------------------
-----------------------------------------------------
Optimal LCV is found with native c = -0.0924 and new c = 1.4674 :
#18|43:	      0.38395047      0.17657325       2.8676229       5.8043559       3.8762881       9.7360502       6.3903379       8.1162777 ...	F(t) =        7.8722148
-----------------------------------------------------
Iter # 18762880. Elapsed time: 422
u =		      0.38397348      0.17658527       2.8676235       5.8043599        3.876247       9.7360567       6.3902757       8.1162757 ...	F(t) =        7.8725026
-----------------------------------------------------
Optimal LCV is found with native c = 0 and new c = -1.375 :
#79|27:	      0.38397837      0.17659232       2.8676262       5.8043629       3.8762482       9.7360567       6.3902784       8.1162763 ...	F(t) =        7.8725674
-----------------------------------------------------
-----------------------------------------------------
Optimal LCV is found with native c = 0 and new c = 1.375 :
#79|27:	      0.38399418      0.17660211       2.8676286       5.8043873       3.8762634       9.7360559       6.3902776       8.1162829 ...	F(t) =        7.8726845
-----------------------------------------------------
-----------------------------------------------------
Optimal LCV is found with native c = 0 and new c = -1.375 :
#79|27:	      0.38399912      0.17659352       2.8676123       5.8043931       3.8762831       9.7360469       6.3902261       8.1162756 ...	F(t) =        7.8727987
-----------------------------------------------------
-----------------------------------------------------
Optimal LCV is found with native c = 0 and new c = -1.375 :
#71|71:	      0.38402454      0.17661633       2.8676345       5.8044291       3.8762842       9.7360425       6.3902361       8.1162777 ...	F(t) =        7.8730385
-----------------------------------------------------
-----------------------------------------------------
Optimal LCV is found with native c = 2 and new c = -3.375 :
#9|69:	      0.38403453       0.1765849       2.8676118       5.8044493       3.8762581       9.7360269       6.3901567       8.1162536 ...	F(t) =        7.8731349
-----------------------------------------------------
-----------------------------------------------------
Optimal LCV is found with native c = 0 and new c = -1.375 :
#71|71:	      0.38405619      0.17664301       2.8676554       5.8044596        3.876247       9.7359915       6.3901573       8.1161316 ...	F(t) =        7.8736463
-----------------------------------------------------
Iter # 21493360. Elapsed time: 484
u =		      0.38406514      0.17660322       2.8676031       5.8044686       3.8761052       9.7359948        6.389968       8.1161072 ...	F(t) =        7.8735737
-----------------------------------------------------
Optimal LCV is found with native c = 2 and new c = -3.375 :
#9|69:	      0.38407131      0.17660996       2.8676081       5.8044704       3.8761106       9.7359911       6.3899717       8.1160981 ...	F(t) =        7.8736594
-----------------------------------------------------
-----------------------------------------------------
Optimal LCV is found with native c = -0.118 and new c = 1.493 :
#16|23:	      0.38412198      0.17670198       2.8676749       5.8044818       3.8761967       9.7359327       6.3900127       8.1159356 ...	F(t) =        7.8746555
-----------------------------------------------------
-----------------------------------------------------
Optimal LCV is found with native c = 2 and new c = -3.375 :
#9|69:	      0.38413499      0.17669853       2.8676838       5.8045166       3.8761346       9.7359194       6.3899937       8.1159064 ...	F(t) =        7.8747414
-----------------------------------------------------
-----------------------------------------------------
Optimal LCV is found with native c = 0 and new c = -1.375 :
#71|71:	      0.38416231      0.17674621       2.8677298       5.8045246       3.8761517       9.7358757       6.3900022       8.1157646 ...	F(t) =        7.8752396
-----------------------------------------------------
-----------------------------------------------------
Optimal LCV is found with native c = 2 and new c = -3.375 :
#9|69:	      0.38417759      0.17670657        2.867686       5.8045374       3.8760132       9.7358719       6.3897998       8.1157269 ...	F(t) =        7.8753462
-----------------------------------------------------
-----------------------------------------------------
Optimal LCV is found with native c = -0.0132 and new c = 1.3882 :
#27|79:	      0.38422815      0.17680179       2.8677492       5.8045526       3.8760983       9.7358113       6.3898385       8.1155587 ...	F(t) =        7.8763548
-----------------------------------------------------
-----------------------------------------------------
Optimal LCV is found with native c = 2 and new c = -3.375 :
#9|69:	      0.38425499      0.17681008       2.8677708       5.8046029       3.8760273       9.7358076       6.3898147       8.1155456 ...	F(t) =        7.8765761
-----------------------------------------------------
-----------------------------------------------------
Optimal LCV is found with native c = 0 and new c = 1.375 :
#57|57:	       0.3842774      0.17685183       2.8678087       5.8046113       3.8760611       9.7357653        6.389823       8.1154164 ...	F(t) =        7.8770572
-----------------------------------------------------
-----------------------------------------------------
Optimal LCV is found with native c = 2 and new c = -3.375 :
#9|69:	      0.38428725      0.17681958       2.8677418       5.8047173       3.8759423       9.7357545       6.3896821       8.1153811 ...	F(t) =        7.8772526
-----------------------------------------------------
-----------------------------------------------------
Optimal LCV is found with native c = -0.0132 and new c = 1.3882 :
#27|79:	      0.38433739      0.17689539       2.8677824       5.8047145        3.876015       9.7357077       6.3896983       8.1152405 ...	F(t) =        7.8780651
-----------------------------------------------------
-----------------------------------------------------
Optimal LCV is found with native c = 2 and new c = -3.375 :
#9|69:	      0.38439626      0.17692398       2.8677845       5.8047415       3.8759133       9.7357124       6.3896394       8.1152265 ...	F(t) =        7.8783476
-----------------------------------------------------
-----------------------------------------------------
Optimal LCV is found with native c = -0.0132 and new c = 1.3882 :
#27|79:	       0.3844128      0.17696639       2.8678291       5.8047537       3.8759684       9.7356543       6.3896529       8.1150573 ...	F(t) =        7.8788465
-----------------------------------------------------
-----------------------------------------------------
Optimal LCV is found with native c = 2 and new c = -3.375 :
#9|69:	      0.38443596      0.17695581       2.8678422       5.8047953       3.8759203       9.7356407       6.3895943       8.1150355 ...	F(t) =        7.8792267
-----------------------------------------------------
-----------------------------------------------------
Optimal LCV is found with native c = 0 and new c = 1.375 :
#45|45:	      0.38445464      0.17699977       2.8678688       5.8047951       3.8759318       9.7356072       6.3895897       8.1149194 ...	F(t) =        7.8796063
-----------------------------------------------------
-----------------------------------------------------
Optimal LCV is found with native c = 2 and new c = -3.375 :
#9|69:	      0.38448988      0.17698943       2.8678673       5.8047666        3.875792       9.7356205       6.3893926       8.1148909 ...	F(t) =        7.8798493
-----------------------------------------------------
-----------------------------------------------------
Optimal LCV is found with native c = 2 and new c = -3.375 :
#9|69:	       0.3845166      0.17704794       2.8678936       5.8047664       3.8758716       9.7355709       6.3893957        8.114755 ...	F(t) =        7.8805036
-----------------------------------------------------
-----------------------------------------------------
Optimal LCV is found with native c = -0.0132 and new c = 1.3882 :
#27|79:	      0.38454621      0.17713758       2.8680229       5.8048342       3.8757694       9.7354244       6.3893076       8.1142753 ...	F(t) =        7.8818546
-----------------------------------------------------
-----------------------------------------------------
Optimal LCV is found with native c = 2 and new c = -3.375 :
#9|69:	      0.38459211      0.17712411       2.8680384       5.8048804       3.8757185        9.735419       6.3892416       8.1142618 ...	F(t) =        7.8823658
-----------------------------------------------------
-----------------------------------------------------
Optimal LCV is found with native c = 0 and new c = -1.375 :
#72|72:	      0.38461013      0.17717739       2.8680634       5.8048817       3.8757343       9.7353824       6.3892375       8.1141382 ...	F(t) =        7.8827909
-----------------------------------------------------
-----------------------------------------------------
Optimal LCV is found with native c = 0 and new c = 1.375 :
#45|45:	      0.38461547       0.1771389       2.8680138       5.8048918       3.8755942        9.735383       6.3890237       8.1141128 ...	F(t) =        7.8828363
-----------------------------------------------------
-----------------------------------------------------
Optimal LCV is found with native c = 0 and new c = -1.375 :
#72|72:	      0.38466543      0.17720921       2.8680793       5.8048982       3.8756207       9.7353933       6.3890623       8.1141275 ...	F(t) =        7.8833174
-----------------------------------------------------
-----------------------------------------------------
Optimal LCV is found with native c = 2 and new c = -3.375 :
#9|69:	      0.38463464      0.17718402       2.8680699       5.8049434       3.8756543       9.7353628       6.3889927       8.1141026 ...	F(t) =        7.8834698
-----------------------------------------------------
-----------------------------------------------------
Optimal LCV is found with native c = -0.0132 and new c = 1.3882 :
#27|79:	      0.38468738      0.17726777       2.8681529       5.8049632       3.8756753       9.7353056        6.389026       8.1139185 ...	F(t) =        7.8843597
-----------------------------------------------------
-----------------------------------------------------
Optimal LCV is found with native c = 2 and new c = -3.375 :
#9|69:	      0.38471453      0.17724063       2.8681566       5.8050035       3.8756098        9.735297       6.3889515       8.1138991 ...	F(t) =        7.8845829
-----------------------------------------------------
-----------------------------------------------------
Optimal LCV is found with native c = -0.0132 and new c = 1.3882 :
#27|79:	       0.3847462      0.17731134       2.8681936       5.8050069       3.8756371       9.7352585       6.3889606       8.1137719 ...	F(t) =        7.8851997
-----------------------------------------------------
-----------------------------------------------------
Optimal LCV is found with native c = 2 and new c = -3.375 :
#9|69:	      0.38481423      0.17730727       2.8681664       5.8050356       3.8754986       9.7352562       6.3888297        8.113744 ...	F(t) =          7.88548
-----------------------------------------------------
-----------------------------------------------------
Optimal LCV is found with native c = 2 and new c = -3.375 :
#9|69:	      0.38484672      0.17737606       2.8682161       5.8050434       3.8755873       9.7352001       6.3888539       8.1135938 ...	F(t) =        7.8862834
-----------------------------------------------------
-----------------------------------------------------
Optimal LCV is found with native c = 0 and new c = 1.375 :
#34|34:	      0.38485021      0.17737548       2.8682491       5.8050788       3.8755382       9.7351373       6.3887719       8.1134031 ...	F(t) =        7.8868084
-----------------------------------------------------
-----------------------------------------------------
Optimal LCV is found with native c = 0 and new c = 1.375 :
#34|34:	      0.38487496      0.17741003        2.868272       5.8050929       3.8755292       9.7351411       6.3887921       8.1134068 ...	F(t) =        7.8870501
-----------------------------------------------------
-----------------------------------------------------
Optimal LCV is found with native c = 0 and new c = 1.375 :
#57|57:	      0.38496174      0.17745561       2.8682384       5.8051313        3.875539       9.7351351        6.388681       8.1134032 ...	F(t) =        7.8876762
-----------------------------------------------------
-----------------------------------------------------
Optimal LCV is found with native c = 0 and new c = -1.375 :
#79|27:	      0.38496817      0.17746151       2.8682386        5.805255       3.8754738       9.7351199       6.3886535       8.1133865 ...	F(t) =        7.8879854
-----------------------------------------------------
-----------------------------------------------------
Optimal LCV is found with native c = 0 and new c = -1.375 :
#71|71:	       0.3849801      0.17746947       2.8682409       5.8052807       3.8754898       9.7351144       6.3886565       8.1133883 ...	F(t) =        7.8880475
-----------------------------------------------------
-----------------------------------------------------
Optimal LCV is found with native c = 2 and new c = -3.375 :
#9|69:	      0.38499516      0.17741444       2.8682004        5.805293       3.8755134       9.7350918       6.3885529       8.1133636 ...	F(t) =        7.8881776
-----------------------------------------------------
-----------------------------------------------------
Optimal LCV is found with native c = 0 and new c = -1.375 :
#72|72:	      0.38502086      0.17749433       2.8682571        5.805309       3.8754887       9.7350549       6.3885652       8.1132319 ...	F(t) =        7.8887985
-----------------------------------------------------
-----------------------------------------------------
Optimal LCV is found with native c = 2 and new c = -3.375 :
#9|69:	       0.3850291      0.17747554       2.8682159       5.8053204       3.8753558       9.7350584       6.3883824       8.1132052 ...	F(t) =        7.8888427
-----------------------------------------------------
-----------------------------------------------------
Optimal LCV is found with native c = 0 and new c = 1.375 :
#57|57:	      0.38507826      0.17756422       2.8682839       5.8053363       3.8754391       9.7349981       6.3884202        8.113037 ...	F(t) =        7.8898417
-----------------------------------------------------
-----------------------------------------------------
Optimal LCV is found with native c = 2 and new c = -3.375 :
#9|69:	      0.38507926        0.177555       2.8682748       5.8053961       3.8753916       9.7349958        6.388382       8.1130247 ...	F(t) =        7.8899332
-----------------------------------------------------
-----------------------------------------------------
Optimal LCV is found with native c = 0 and new c = -1.375 :
#71|71:	      0.38509798      0.17760134       2.8683067       5.8054006       3.8754025       9.7349558       6.3883807       8.1128927 ...	F(t) =        7.8903443
-----------------------------------------------------
-----------------------------------------------------
Optimal LCV is found with native c = 2 and new c = -3.375 :
#9|69:	      0.38512157      0.17757971       2.8682753       5.8054155       3.8752705       9.7349545       6.3881975       8.1128595 ...	F(t) =        7.8905424
-----------------------------------------------------
-----------------------------------------------------
Optimal LCV is found with native c = 0 and new c = 1.375 :
#57|57:	      0.38515979       0.1776582        2.868329       5.8054291       3.8753555          9.7349       6.3882293       8.1127128 ...	F(t) =        7.8914136
-----------------------------------------------------
-----------------------------------------------------
Optimal LCV is found with native c = 0 and new c = 1.375 :
#45|45:	      0.38516563      0.17765288       2.8683183       5.8054888       3.8753352       9.7348999       6.3882035        8.112714 ...	F(t) =        7.8915307
-----------------------------------------------------
-----------------------------------------------------
Optimal LCV is found with native c = 0 and new c = -1.375 :
#71|71:	       0.3851842      0.17768043       2.8683543       5.8054874       3.8753531       9.7349055       6.3882131       8.1127215 ...	F(t) =         7.891678
-----------------------------------------------------
-----------------------------------------------------
Optimal LCV is found with native c = 2 and new c = -3.375 :
#9|69:	      0.38517915      0.17767297       2.8683471       5.8055098       3.8753446       9.7348895       6.3881597       8.1126997 ...	F(t) =        7.8918626
-----------------------------------------------------
-----------------------------------------------------
Optimal LCV is found with native c = 0 and new c = 1.375 :
#45|45:	      0.38519359      0.17772092       2.8683904       5.8055178       3.8753131       9.7348484       6.3881537       8.1125464 ...	F(t) =        7.8922077
-----------------------------------------------------
-----------------------------------------------------
Optimal LCV is found with native c = 2 and new c = -3.375 :
#9|69:	      0.38522425      0.17772795       2.8684022       5.8055057       3.8752409        9.734854       6.3880344       8.1125266 ...	F(t) =          7.89262
-----------------------------------------------------
srun: Job step aborted: Waiting up to 2 seconds for job step to finish.
slurmd[node120]: error: *** STEP 325460.0 CANCELLED AT 2022-08-25T06:29:40 ***
[7:node246] unexpected disconnect completion event from [3:node133]
Assertion failed in file ../../dapl_conn_rc.c at line 1128: 0
internal ABORT - process 7
slurmd[node120]: error: *** JOB 325460 CANCELLED AT 2022-08-25T06:29:40 ***
[mpiexec@node120] handle_exit_status (./pm/pmiserv/pmiserv_cb.c:538): assert (!closed) failed
[mpiexec@node120] HYDT_dmxu_poll_wait_for_event (./tools/demux/demux_poll.c:77): callback returned error status
[mpiexec@node120] HYD_pmci_wait_for_completion (./pm/pmiserv/pmiserv_pmci.c:388): error waiting for event
[mpiexec@node120] main (./ui/mpich/mpiexec.c:718): process manager error waiting for completion
