=================================================== BSF Target ====================================================
Problem name: blend
Number of Workers: 10
OpenMP is turned off!
Map List is not Fragmented.
Before conversion: m =	74	n = 114
After conversion:  m =	196	n = 81
Eps Min Dir Length:	1e-07
Eps Objective:		1e-07
Eps Shift:		1e-07
Eps Zero Compare:	1e-05
Eps Zero Direction:	1e-07
Exact Obj Value:	30.812
Distance to Apex:	0
Low Cost Percentile:	0.01
Gap Max:		0.005
Obj Vector Length:	0.0001
Start Shift Lengt:	1
Blocking obj var:	true
Use low cost vars:	true
--------------- Statisics ---------------
Number of high-cost variables:	21
Number of low-cost variables:	9
Number of zero-cost variables:	51
Problem Scale:			26.32
--------------- Data ---------------
Obj Function:	            5.36            5.08            4.51             4.2             3.6            -3.2              -3           -2.87 ...
Start point:	      0.66987054      0.26657379       2.8137304       6.0398888       3.9123184       9.8467102       6.3571921       8.1643939 ...	F(x) = 9.1960836
Apex point:	      0.66987054      0.26657379       2.8137304       6.0398888       3.9123184       9.8467102       6.3571921       8.1643939 ...	F(x) = 9.1960836
-------------------------------------------
--------- Finding feasible point ------------
Iter # 0. Elapsed time: 0
u =		      0.66987054      0.26657379       2.8137304       6.0398888       3.9123184       9.8467102       6.3571921       8.1643939 ...	F(t) =        9.1960836
Iter # 750. Elapsed time: 0
u =		      0.67014012      0.26680638       2.8139182       6.0400105       3.9123827       9.8466337       6.3570644       8.1643181 ...	F(t) =        9.2015212
Optimal LCV not found!
Iter # 557420. Elapsed time: 14
u =		      0.67020184      0.26685658       2.8139325        6.040016       3.9123788       9.8466637       6.3571014       8.1643569 ...	F(t) =        9.2016984
Iter # 584610. Elapsed time: 14
u =		      0.67020191      0.26685663       2.8139325        6.040016       3.9123788       9.8466636       6.3571014       8.1643569 ...	F(t) =        9.2016997
Iter # 901000. Elapsed time: 22
u =		      0.67020265      0.26685724        2.813933       6.0400163        3.912379       9.8466633       6.3571012       8.1643568 ...	F(t) =        9.2017137
Iter # 914900. Elapsed time: 22
u =		      0.67020268      0.26685727        2.813933       6.0400163       3.9123791       9.8466633       6.3571012       8.1643568 ...	F(t) =        9.2017143
Optimal LCV not found!
Iter # 1166920. Elapsed time: 28
u =		      0.67020326      0.26685775       2.8139334       6.0400166       3.9123793        9.846663       6.3571011       8.1643566 ...	F(t) =        9.2017252
Iter # 1194680. Elapsed time: 29
u =		      0.67020333       0.2668578       2.8139334       6.0400166       3.9123793        9.846663       6.3571011       8.1643566 ...	F(t) =        9.2017264
Iter # 1378180. Elapsed time: 33
u =		      0.67020375      0.26685815       2.8139337       6.0400168       3.9123794       9.8466628        6.357101       8.1643565 ...	F(t) =        9.2017343
Iter # 1506360. Elapsed time: 36
u =		      0.67020404      0.26685839       2.8139339       6.0400169       3.9123795       9.8466627       6.3571009       8.1643565 ...	F(t) =        9.2017397
Iter # 1577810. Elapsed time: 38
u =		       0.6702042      0.26685853        2.813934        6.040017       3.9123796       9.8466626       6.3571009       8.1643564 ...	F(t) =        9.2017427
Iter # 1878140. Elapsed time: 45
u =		      0.67020488      0.26685909       2.8139344       6.0400173       3.9123798       9.8466623       6.3571008       8.1643563 ...	F(t) =        9.2017553
Iter # 2311950. Elapsed time: 56
u =		      0.67020587       0.2668599        2.813935       6.0400177       3.9123801       9.8466619       6.3571006       8.1643561 ...	F(t) =         9.201773
Iter # 2341250. Elapsed time: 56
u =		      0.67020594      0.26685995        2.813935       6.0400177       3.9123801       9.8466619       6.3571006       8.1643561 ...	F(t) =        9.2017742
Iter # 2428830. Elapsed time: 58
u =		      0.67020613      0.26686011       2.8139351       6.0400178       3.9123802       9.8466618       6.3571005       8.1643561 ...	F(t) =        9.2017777
Iter # 2532410. Elapsed time: 61
u =		      0.67020636       0.2668603       2.8139353       6.0400179       3.9123802       9.8466617       6.3571005       8.1643561 ...	F(t) =        9.2017819
Iter # 2857560. Elapsed time: 69
u =		      0.67020709       0.2668609       2.8139357       6.0400182       3.9123805       9.8466614       6.3571004        8.164356 ...	F(t) =        9.2017947
Iter # 2872400. Elapsed time: 69
u =		      0.67020712      0.26686093       2.8139357       6.0400182       3.9123805       9.8466614       6.3571004       8.1643559 ...	F(t) =        9.2017953
Iter # 3066330. Elapsed time: 74
u =		      0.67020755      0.26686128        2.813936       6.0400184       3.9123806       9.8466612       6.3571003       8.1643559 ...	F(t) =        9.2018028
Iter # 3096590. Elapsed time: 75
u =		      0.67020762      0.26686133        2.813936       6.0400184       3.9123806       9.8466612       6.3571003       8.1643559 ...	F(t) =         9.201804
Iter # 3171980. Elapsed time: 76
u =		      0.67020778      0.26686147       2.8139361       6.0400185       3.9123807       9.8466612       6.3571003       8.1643558 ...	F(t) =        9.2018069
Iter # 3578830. Elapsed time: 86
u =		      0.67020867       0.2668622       2.8139367       6.0400188       3.9123809       9.8466608       6.3571002       8.1643557 ...	F(t) =        9.2018223
Iter # 3792910. Elapsed time: 91
u =		      0.67020914      0.26686258        2.813937        6.040019       3.9123811       9.8466607       6.3571001       8.1643557 ...	F(t) =        9.2018303
Iter # 4007620. Elapsed time: 97
u =		      0.67020961      0.26686297       2.8139372       6.0400192       3.9123812       9.8466605       6.3571001       8.1643556 ...	F(t) =        9.2018382
Iter # 4176760. Elapsed time: 101
u =		      0.67020997      0.26686327       2.8139374       6.0400194       3.9123813       9.8466604          6.3571       8.1643556 ...	F(t) =        9.2018443
Iter # 4238640. Elapsed time: 102
u =		      0.67021011      0.26686338       2.8139375       6.0400194       3.9123813       9.8466603          6.3571       8.1643556 ...	F(t) =        9.2018466
Iter # 4597310. Elapsed time: 111
u =		      0.67021087      0.26686401        2.813938       6.0400197       3.9123815       9.8466601          6.3571       8.1643555 ...	F(t) =         9.201859
Optimal LCV not found!
Iter # 4816980. Elapsed time: 116
u =		      0.67021134      0.26686438       2.8139382       6.0400199       3.9123817       9.8466599       6.3570999       8.1643555 ...	F(t) =        9.2018666
Iter # 4895760. Elapsed time: 118
u =		      0.67021151      0.26686452       2.8139383         6.04002       3.9123817       9.8466599       6.3570999       8.1643555 ...	F(t) =        9.2018693
Iter # 5069430. Elapsed time: 122
u =		      0.67021187      0.26686482       2.8139385       6.0400201       3.9123818       9.8466598       6.3570999       8.1643555 ...	F(t) =        9.2018751
Iter # 5260730. Elapsed time: 127
u =		      0.67021227      0.26686515       2.8139388       6.0400203       3.9123819       9.8466597       6.3570999       8.1643554 ...	F(t) =        9.2018815
Iter # 5276230. Elapsed time: 127
u =		       0.6702123      0.26686517       2.8139388       6.0400203       3.9123819       9.8466597       6.3570999       8.1643554 ...	F(t) =         9.201882
Iter # 5562700. Elapsed time: 134
u =		      0.67021291      0.26686566       2.8139391       6.0400205       3.9123821       9.8466595       6.3570999       8.1643554 ...	F(t) =        9.2018914
Iter # 5626910. Elapsed time: 136
u =		      0.67021304      0.26686577       2.8139392       6.0400206       3.9123821       9.8466595       6.3570999       8.1643554 ...	F(t) =        9.2018934
Iter # 5785850. Elapsed time: 140
u =		      0.67021337      0.26686605       2.8139394       6.0400207       3.9123822       9.8466594       6.3570998       8.1643554 ...	F(t) =        9.2018987
Iter # 6060210. Elapsed time: 146
u =		      0.67021394       0.2668665       2.8139397       6.0400209       3.9123823       9.8466592       6.3570998       8.1643554 ...	F(t) =        9.2019072
Iter # 6156990. Elapsed time: 149
u =		      0.67021414      0.26686667       2.8139398        6.040021       3.9123823       9.8466592       6.3570998       8.1643554 ...	F(t) =        9.2019104
Iter # 6286870. Elapsed time: 152
u =		      0.67021441      0.26686689         2.81394       6.0400211       3.9123824       9.8466591       6.3570998       8.1643554 ...	F(t) =        9.2019145
Iter # 6335820. Elapsed time: 153
u =		       0.6702145      0.26686697         2.81394       6.0400211       3.9123824       9.8466591       6.3570998       8.1643554 ...	F(t) =         9.201916
Iter # 6400800. Elapsed time: 155
u =		      0.67021464      0.26686708       2.8139401       6.0400212       3.9123825        9.846659       6.3570998       8.1643554 ...	F(t) =        9.2019179
Iter # 6433060. Elapsed time: 156
u =		       0.6702147      0.26686714       2.8139401       6.0400212       3.9123825        9.846659       6.3570998       8.1643554 ...	F(t) =        9.2019189
Iter # 6465530. Elapsed time: 156
u =		      0.67021477      0.26686719       2.8139402       6.0400212       3.9123825        9.846659       6.3570998       8.1643554 ...	F(t) =          9.20192
Iter # 6612550. Elapsed time: 160
u =		      0.67021507      0.26686744       2.8139403       6.0400213       3.9123826        9.846659       6.3570998       8.1643554 ...	F(t) =        9.2019244
Iter # 6677960. Elapsed time: 161
u =		      0.67021521      0.26686755       2.8139404       6.0400214       3.9123826       9.8466589       6.3570998       8.1643554 ...	F(t) =        9.2019263
Iter # 6710670. Elapsed time: 162
u =		      0.67021528      0.26686761       2.8139404       6.0400214       3.9123826       9.8466589       6.3570998       8.1643554 ...	F(t) =        9.2019273
Optimal LCV not found!
Iter # 6874770. Elapsed time: 166
u =		      0.67021561      0.26686788       2.8139406       6.0400215       3.9123827       9.8466588       6.3570998       8.1643554 ...	F(t) =        9.2019323
Iter # 6957330. Elapsed time: 168
u =		      0.67021578      0.26686801       2.8139407       6.0400216       3.9123827       9.8466588       6.3570998       8.1643554 ...	F(t) =        9.2019347
Iter # 7122860. Elapsed time: 172
u =		      0.67021611      0.26686829       2.8139409       6.0400217       3.9123828       9.8466587       6.3570998       8.1643554 ...	F(t) =        9.2019397
Optimal LCV not found!
Iter # 7921960. Elapsed time: 191
u =		       0.6702177      0.26686957       2.8139417       6.0400223       3.9123831       9.8466584       6.3570999       8.1643555 ...	F(t) =        9.2019621
Iter # 8022490. Elapsed time: 194
u =		      0.67021789      0.26686973       2.8139418       6.0400223       3.9123831       9.8466584       6.3570999       8.1643555 ...	F(t) =        9.2019648
Iter # 8039330. Elapsed time: 194
u =		      0.67021792      0.26686976       2.8139418       6.0400223       3.9123831       9.8466584       6.3570999       8.1643555 ...	F(t) =        9.2019652
Iter # 8190470. Elapsed time: 198
u =		      0.67021823         0.26687        2.813942       6.0400225       3.9123832       9.8466583       6.3570999       8.1643555 ...	F(t) =        9.2019695
Iter # 8291220. Elapsed time: 201
u =		      0.67021842      0.26687016       2.8139421       6.0400225       3.9123832       9.8466583       6.3570999       8.1643555 ...	F(t) =        9.2019722
Iter # 8357850. Elapsed time: 202
u =		      0.67021856      0.26687027       2.8139422       6.0400226       3.9123833       9.8466583       6.3570999       8.1643555 ...	F(t) =        9.2019741
Iter # 8493200. Elapsed time: 206
u =		      0.67021882      0.26687048       2.8139423       6.0400227       3.9123833       9.8466583          6.3571       8.1643556 ...	F(t) =        9.2019777
Iter # 8680940. Elapsed time: 210
u =		      0.67021917      0.26687077       2.8139425       6.0400228       3.9123834       9.8466582          6.3571       8.1643556 ...	F(t) =        9.2019824
Iter # 8783540. Elapsed time: 213
u =		      0.67021937      0.26687093       2.8139426       6.0400229       3.9123834       9.8466582          6.3571       8.1643556 ...	F(t) =        9.2019851
Iter # 8885940. Elapsed time: 216
u =		      0.67021957      0.26687109       2.8139427       6.0400229       3.9123835       9.8466581          6.3571       8.1643556 ...	F(t) =        9.2019878
Iter # 8953610. Elapsed time: 217
u =		       0.6702197      0.26687119       2.8139428        6.040023       3.9123835       9.8466581          6.3571       8.1643556 ...	F(t) =        9.2019894
Iter # 8987630. Elapsed time: 218
u =		      0.67021976      0.26687125       2.8139428        6.040023       3.9123835       9.8466581          6.3571       8.1643556 ...	F(t) =        9.2019903
Iter # 9278890. Elapsed time: 226
u =		      0.67022031      0.26687169       2.8139431       6.0400232       3.9123836       9.8466581       6.3571001       8.1643557 ...	F(t) =        9.2019974
Iter # 9347170. Elapsed time: 227
u =		      0.67022044      0.26687179       2.8139431       6.0400232       3.9123836        9.846658       6.3571001       8.1643557 ...	F(t) =        9.2019991
Iter # 9432550. Elapsed time: 230
u =		       0.6702206      0.26687192       2.8139432       6.0400233       3.9123837        9.846658       6.3571001       8.1643557 ...	F(t) =        9.2020012
Iter # 9484210. Elapsed time: 231
u =		       0.6702207        0.266872       2.8139433       6.0400233       3.9123837        9.846658       6.3571001       8.1643557 ...	F(t) =        9.2020025
Iter # 9950720. Elapsed time: 242
u =		      0.67022157      0.26687271       2.8139437       6.0400236       3.9123838       9.8466579       6.3571002       8.1643559 ...	F(t) =        9.2020134
Iter # 10229590. Elapsed time: 249
u =		      0.67022208      0.26687312       2.8139439       6.0400238       3.9123839       9.8466579       6.3571003       8.1643559 ...	F(t) =        9.2020197
Iter # 10386420. Elapsed time: 253
u =		      0.67022237      0.26687335       2.8139441       6.0400238       3.9123839       9.8466579       6.3571004        8.164356 ...	F(t) =        9.2020231
Iter # 10858700. Elapsed time: 264
u =		      0.67022322      0.26687404       2.8139445       6.0400241       3.9123841       9.8466578       6.3571005       8.1643562 ...	F(t) =        9.2020332
Optimal LCV not found!
Iter # 11068040. Elapsed time: 270
u =		       0.6702236      0.26687434       2.8139447       6.0400242       3.9123841       9.8466578       6.3571005       8.1643562 ...	F(t) =        9.2020377
Iter # 11102980. Elapsed time: 270
u =		      0.67022366      0.26687439       2.8139447       6.0400242       3.9123841       9.8466578       6.3571006       8.1643562 ...	F(t) =        9.2020385
Iter # 11279330. Elapsed time: 275
u =		      0.67022396      0.26687464       2.8139448       6.0400243       3.9123842       9.8466578       6.3571006       8.1643563 ...	F(t) =        9.2020418
Iter # 11314430. Elapsed time: 276
u =		      0.67022403      0.26687469       2.8139449       6.0400244       3.9123842       9.8466578       6.3571006       8.1643563 ...	F(t) =        9.2020426
Iter # 11419840. Elapsed time: 279
u =		      0.67022422      0.26687485       2.8139449       6.0400244       3.9123842       9.8466578       6.3571007       8.1643563 ...	F(t) =        9.2020449
Iter # 11560400. Elapsed time: 282
u =		      0.67022446      0.26687505       2.8139451       6.0400245       3.9123842       9.8466578       6.3571007       8.1643564 ...	F(t) =        9.2020478
Iter # 11577820. Elapsed time: 283
u =		      0.67022449      0.26687507       2.8139451       6.0400245       3.9123842       9.8466578       6.3571007       8.1643564 ...	F(t) =        9.2020483
Iter # 11842030. Elapsed time: 289
u =		      0.67022496      0.26687544       2.8139453       6.0400246       3.9123843       9.8466577       6.3571008       8.1643565 ...	F(t) =        9.2020533
Iter # 12196730. Elapsed time: 298
u =		      0.67022555      0.26687592       2.8139455       6.0400248       3.9123844       9.8466577       6.3571009       8.1643566 ...	F(t) =        9.2020598
Iter # 12444990. Elapsed time: 304
u =		      0.67022598      0.26687627       2.8139457       6.0400249       3.9123844       9.8466577        6.357101       8.1643567 ...	F(t) =        9.2020646
Iter # 12819300. Elapsed time: 314
u =		      0.67022662      0.26687678        2.813946       6.0400251       3.9123845       9.8466577       6.3571011       8.1643569 ...	F(t) =        9.2020714
Iter # 13069560. Elapsed time: 320
u =		      0.67022703      0.26687712       2.8139462       6.0400252       3.9123846       9.8466577       6.3571012       8.1643569 ...	F(t) =        9.2020759
Optimal LCV not found!
Optimal LCV not found!
Iter # 13463170. Elapsed time: 329
u =		      0.67022769      0.26687765       2.8139465       6.0400254       3.9123847       9.8466577       6.3571014       8.1643571 ...	F(t) =        9.2020828
Optimal LCV not found!
Iter # 13750580. Elapsed time: 336
u =		      0.67022815      0.26687802       2.8139467       6.0400256       3.9123847       9.8466578       6.3571015       8.1643572 ...	F(t) =        9.2020874
Iter # 13912330. Elapsed time: 340
u =		      0.67022841      0.26687823       2.8139468       6.0400256       3.9123847       9.8466578       6.3571016       8.1643573 ...	F(t) =        9.2020902
Iter # 13966330. Elapsed time: 342
u =		      0.67022851      0.26687831       2.8139468       6.0400257       3.9123847       9.8466578       6.3571016       8.1643573 ...	F(t) =        9.2020911
Iter # 14056130. Elapsed time: 344
u =		      0.67022865      0.26687842       2.8139469       6.0400257       3.9123848       9.8466578       6.3571016       8.1643573 ...	F(t) =        9.2020926
Iter # 14127850. Elapsed time: 346
u =		      0.67022877      0.26687852        2.813947       6.0400257       3.9123848       9.8466578       6.3571017       8.1643574 ...	F(t) =        9.2020939
Iter # 14345060. Elapsed time: 351
u =		       0.6702291      0.26687878       2.8139471       6.0400258       3.9123848       9.8466578       6.3571018       8.1643575 ...	F(t) =         9.202097
Iter # 14507380. Elapsed time: 355
u =		      0.67022937        0.266879       2.8139472       6.0400259       3.9123848       9.8466578       6.3571018       8.1643575 ...	F(t) =           9.2021
Iter # 14634080. Elapsed time: 358
u =		      0.67022957      0.26687917       2.8139473        6.040026       3.9123849       9.8466578       6.3571019       8.1643576 ...	F(t) =        9.2021022
Iter # 14760420. Elapsed time: 361
u =		      0.67022977      0.26687933       2.8139474        6.040026       3.9123849       9.8466578       6.3571019       8.1643576 ...	F(t) =        9.2021041
Iter # 14815100. Elapsed time: 362
u =		      0.67022985       0.2668794       2.8139474        6.040026       3.9123849       9.8466578        6.357102       8.1643577 ...	F(t) =        9.2021048
Iter # 15121800. Elapsed time: 369
u =		      0.67023032      0.26687977       2.8139476       6.0400261       3.9123849       9.8466579       6.3571021       8.1643578 ...	F(t) =        9.2021088
Iter # 15375220. Elapsed time: 376
u =		      0.67023072      0.26688009       2.8139478       6.0400262        3.912385       9.8466579       6.3571022        8.164358 ...	F(t) =        9.2021125
Iter # 16044600. Elapsed time: 392
u =		      0.67023175      0.26688093       2.8139482       6.0400265       3.9123851        9.846658       6.3571025       8.1643583 ...	F(t) =        9.2021226
Iter # 16154480. Elapsed time: 394
u =		      0.67023192      0.26688106       2.8139482       6.0400266       3.9123851        9.846658       6.3571026       8.1643583 ...	F(t) =        9.2021242
Iter # 16208700. Elapsed time: 396
u =		        0.670232      0.26688113       2.8139483       6.0400266       3.9123851        9.846658       6.3571026       8.1643583 ...	F(t) =        9.2021249
Optimal LCV not found!
Iter # 16426370. Elapsed time: 401
u =		      0.67023232      0.26688139       2.8139484       6.0400267       3.9123851        9.846658       6.3571027       8.1643584 ...	F(t) =        9.2021278
Iter # 16535570. Elapsed time: 404
u =		      0.67023249      0.26688153       2.8139485       6.0400267       3.9123852       9.8466581       6.3571028       8.1643585 ...	F(t) =        9.2021294
Iter # 16681210. Elapsed time: 408
u =		      0.67023272      0.26688171       2.8139486       6.0400268       3.9123852       9.8466581       6.3571028       8.1643585 ...	F(t) =        9.2021319
Iter # 17394430. Elapsed time: 425
u =		      0.67023378      0.26688257        2.813949       6.0400271       3.9123853       9.8466582       6.3571031       8.1643589 ...	F(t) =        9.2021414
Iter # 17540810. Elapsed time: 428
u =		      0.67023399      0.26688274       2.8139491       6.0400271       3.9123853       9.8466582       6.3571032        8.164359 ...	F(t) =        9.2021433
Iter # 17742370. Elapsed time: 434
u =		       0.6702343      0.26688299       2.8139492       6.0400272       3.9123854       9.8466582       6.3571033        8.164359 ...	F(t) =        9.2021461
Iter # 17760710. Elapsed time: 434
u =		      0.67023433      0.26688301       2.8139492       6.0400272       3.9123854       9.8466582       6.3571033       8.1643591 ...	F(t) =        9.2021463
Iter # 18165420. Elapsed time: 444
u =		      0.67023491      0.26688348       2.8139494       6.0400273       3.9123854       9.8466583       6.3571035       8.1643593 ...	F(t) =        9.2021512
Iter # 18239340. Elapsed time: 446
u =		      0.67023502      0.26688356       2.8139494       6.0400274       3.9123854       9.8466583       6.3571036       8.1643593 ...	F(t) =        9.2021522
Iter # 18276430. Elapsed time: 447
u =		      0.67023507      0.26688361       2.8139495       6.0400274       3.9123854       9.8466583       6.3571036       8.1643593 ...	F(t) =        9.2021527
Iter # 18331240. Elapsed time: 448
u =		      0.67023516      0.26688368       2.8139495       6.0400274       3.9123854       9.8466583       6.3571036       8.1643594 ...	F(t) =        9.2021535
Iter # 18423390. Elapsed time: 450
u =		      0.67023529      0.26688378       2.8139496       6.0400274       3.9123855       9.8466584       6.3571036       8.1643594 ...	F(t) =        9.2021546
Iter # 18515750. Elapsed time: 453
u =		      0.67023541      0.26688389       2.8139496       6.0400275       3.9123855       9.8466584       6.3571037       8.1643594 ...	F(t) =        9.2021557
Iter # 18626420. Elapsed time: 455
u =		      0.67023556      0.26688401       2.8139496       6.0400275       3.9123855       9.8466584       6.3571037       8.1643595 ...	F(t) =        9.2021568
Iter # 18644850. Elapsed time: 456
u =		      0.67023559      0.26688403       2.8139497       6.0400275       3.9123855       9.8466584       6.3571038       8.1643595 ...	F(t) =         9.202157
Iter # 18700070. Elapsed time: 457
u =		      0.67023567      0.26688409       2.8139497       6.0400275       3.9123855       9.8466584       6.3571038       8.1643595 ...	F(t) =        9.2021578
Iter # 19067600. Elapsed time: 466
u =		       0.6702362      0.26688453       2.8139499       6.0400277       3.9123855       9.8466585        6.357104       8.1643597 ...	F(t) =        9.2021622
Iter # 19622840. Elapsed time: 479
u =		      0.67023698      0.26688515       2.8139502       6.0400278       3.9123856       9.8466586       6.3571043         8.16436 ...	F(t) =        9.2021684
Iter # 19641010. Elapsed time: 480
u =		      0.67023701      0.26688517       2.8139502       6.0400279       3.9123856       9.8466586       6.3571043         8.16436 ...	F(t) =        9.2021687
Iter # 20509710. Elapsed time: 501
u =		       0.6702382      0.26688613       2.8139506       6.0400281       3.9123857       9.8466588       6.3571047       8.1643605 ...	F(t) =        9.2021779
Iter # 20639420. Elapsed time: 504
u =		      0.67023836      0.26688627       2.8139507       6.0400282       3.9123857       9.8466588       6.3571048       8.1643606 ...	F(t) =        9.2021789
Iter # 20713230. Elapsed time: 506
u =		      0.67023847      0.26688635       2.8139507       6.0400282       3.9123857       9.8466589       6.3571048       8.1643606 ...	F(t) =        9.2021798
Iter # 20731940. Elapsed time: 507
u =		      0.67023849      0.26688637       2.8139507       6.0400282       3.9123857       9.8466589       6.3571049       8.1643606 ...	F(t) =        9.2021799
Iter # 21082550. Elapsed time: 516
u =		      0.67023899      0.26688677       2.8139509       6.0400283       3.9123857       9.8466589        6.357105       8.1643608 ...	F(t) =         9.202184
Iter # 21230400. Elapsed time: 519
u =		       0.6702392      0.26688694        2.813951       6.0400284       3.9123858        9.846659       6.3571051       8.1643609 ...	F(t) =        9.2021855
Iter # 21619060. Elapsed time: 529
u =		      0.67023974      0.26688737       2.8139512       6.0400285       3.9123858       9.8466591       6.3571053       8.1643611 ...	F(t) =        9.2021896
Iter # 21730380. Elapsed time: 531
u =		       0.6702399       0.2668875       2.8139512       6.0400285       3.9123858       9.8466591       6.3571054       8.1643612 ...	F(t) =        9.2021909
Iter # 21842270. Elapsed time: 534
u =		      0.67024004      0.26688762       2.8139513       6.0400285       3.9123858       9.8466591       6.3571054       8.1643612 ...	F(t) =         9.202192
Iter # 22028080. Elapsed time: 539
u =		       0.6702403      0.26688783       2.8139514       6.0400286       3.9123859       9.8466592       6.3571055       8.1643613 ...	F(t) =        9.2021941
Iter # 22232840. Elapsed time: 544
u =		      0.67024057      0.26688805       2.8139515       6.0400287       3.9123859       9.8466592       6.3571056       8.1643614 ...	F(t) =        9.2021961
Iter # 22325720. Elapsed time: 546
u =		      0.67024069      0.26688815       2.8139515       6.0400287       3.9123859       9.8466593       6.3571057       8.1643615 ...	F(t) =         9.202197
Iter # 22713870. Elapsed time: 555
u =		      0.67024122      0.26688859       2.8139517       6.0400288       3.9123859       9.8466593       6.3571059       8.1643617 ...	F(t) =        9.2022011
Iter # 22936330. Elapsed time: 561
u =		      0.67024152      0.26688882       2.8139518       6.0400289        3.912386       9.8466594        6.357106       8.1643618 ...	F(t) =        9.2022032
Iter # 23010470. Elapsed time: 563
u =		      0.67024162      0.26688891       2.8139518       6.0400289        3.912386       9.8466594       6.3571061       8.1643618 ...	F(t) =        9.2022041
Iter # 23140760. Elapsed time: 566
u =		      0.67024179      0.26688905       2.8139519       6.0400289        3.912386       9.8466595       6.3571061       8.1643619 ...	F(t) =        9.2022052
Iter # 23197040. Elapsed time: 567
u =		      0.67024187      0.26688911       2.8139519       6.0400289        3.912386       9.8466595       6.3571062        8.164362 ...	F(t) =        9.2022059
Optimal LCV not found!
Iter # 23382100. Elapsed time: 572
u =		      0.67024211       0.2668893        2.813952        6.040029        3.912386       9.8466595       6.3571063       8.1643621 ...	F(t) =        9.2022075
Iter # 23641960. Elapsed time: 578
u =		      0.67024246      0.26688957       2.8139521        6.040029        3.912386       9.8466596       6.3571064       8.1643622 ...	F(t) =        9.2022099
Iter # 23679600. Elapsed time: 579
u =		      0.67024251      0.26688962       2.8139521       6.0400291        3.912386       9.8466596       6.3571064       8.1643622 ...	F(t) =        9.2022104
Iter # 23977400. Elapsed time: 586
u =		      0.67024289      0.26688992       2.8139522       6.0400291       3.9123861       9.8466597       6.3571066       8.1643624 ...	F(t) =        9.2022131
Iter # 24389080. Elapsed time: 596
u =		      0.67024343      0.26689036       2.8139524       6.0400293       3.9123861       9.8466598       6.3571068       8.1643626 ...	F(t) =         9.202217
Iter # 24463730. Elapsed time: 598
u =		      0.67024354      0.26689044       2.8139525       6.0400293       3.9123861       9.8466598       6.3571068       8.1643626 ...	F(t) =         9.202218
Iter # 24650240. Elapsed time: 603
u =		      0.67024379      0.26689065       2.8139526       6.0400293       3.9123861       9.8466598       6.3571069       8.1643627 ...	F(t) =          9.20222
Iter # 24743260. Elapsed time: 605
u =		      0.67024391      0.26689074       2.8139526       6.0400294       3.9123861       9.8466599        6.357107       8.1643628 ...	F(t) =        9.2022207
Optimal LCV not found!
Iter # 25208770. Elapsed time: 616
u =		      0.67024449      0.26689121       2.8139528       6.0400295       3.9123862         9.84666       6.3571073       8.1643631 ...	F(t) =        9.2022242
Iter # 25508620. Elapsed time: 623
u =		      0.67024488      0.26689153       2.8139529       6.0400296       3.9123862       9.8466601       6.3571074       8.1643632 ...	F(t) =        9.2022271
Iter # 25732690. Elapsed time: 629
u =		      0.67024518      0.26689177        2.813953       6.0400296       3.9123862       9.8466601       6.3571076       8.1643633 ...	F(t) =        9.2022294
Iter # 25956670. Elapsed time: 635
u =		      0.67024548      0.26689202       2.8139531       6.0400297       3.9123862       9.8466602       6.3571077       8.1643635 ...	F(t) =        9.2022316
Iter # 26106620. Elapsed time: 639
u =		      0.67024567      0.26689218       2.8139532       6.0400297       3.9123863       9.8466603       6.3571078       8.1643636 ...	F(t) =        9.2022329
Optimal LCV not found!
Iter # 26647070. Elapsed time: 651
u =		       0.6702464      0.26689277       2.8139534       6.0400299       3.9123863       9.8466604        6.357108       8.1643639 ...	F(t) =        9.2022384
Iter # 26721810. Elapsed time: 653
u =		       0.6702465      0.26689284       2.8139535       6.0400299       3.9123863       9.8466604       6.3571081       8.1643639 ...	F(t) =         9.202239
Iter # 26815600. Elapsed time: 656
u =		      0.67024662      0.26689295       2.8139535       6.0400299       3.9123863       9.8466605       6.3571081       8.1643639 ...	F(t) =        9.2022399
Iter # 27021740. Elapsed time: 661
u =		      0.67024687      0.26689315       2.8139536         6.04003       3.9123864       9.8466605       6.3571083       8.1643641 ...	F(t) =        9.2022413
Iter # 27040720. Elapsed time: 661
u =		      0.67024689      0.26689316       2.8139536         6.04003       3.9123864       9.8466605       6.3571083       8.1643641 ...	F(t) =        9.2022414
Iter # 27078030. Elapsed time: 662
u =		      0.67024693       0.2668932       2.8139536         6.04003       3.9123864       9.8466605       6.3571083       8.1643641 ...	F(t) =        9.2022416
Iter # 27508720. Elapsed time: 673
u =		      0.67024746      0.26689363       2.8139538       6.0400301       3.9123864       9.8466607       6.3571086       8.1643644 ...	F(t) =        9.2022447
Iter # 27546220. Elapsed time: 674
u =		      0.67024752      0.26689367       2.8139538       6.0400301       3.9123864       9.8466607       6.3571086       8.1643644 ...	F(t) =        9.2022451
Optimal LCV not found!
         F(u) = 9.202246 >= F(w) = 9.2021427
Maybe, you should make #define PP_MODE_BLOCK_HCV_VARIABLE false.
=============================================
Elapsed time: 677.00381
Iterations: 27659022
Optimal objective value:         9.202246
Exact objective value:             30.812
Relative error = 0.70134214
=============================================
Solution is saved into the file 'Problems/lp_blend_so.mtx'.
Solution:	       9.8466607       8.1643644       5.2876687       2.3929853   4.8204969e-05    0.0074689148   1.3438691e-05      0.18450639	...
Ordered:	      0.67024764      0.26689377       2.8139538       6.0400301       3.9123864       9.8466607       6.3571086       8.1643644	...
