=================================================== BSF Target ====================================================
Problem name: blend
Number of Workers: 10
OpenMP is turned off!
Map List is not Fragmented.
Before conversion: m =	74	n = 114
After conversion:  m =	196	n = 81
Eps Min Dir Length:	0.001
Eps Objective:		0.0001
Eps Shift:		0.001
Eps Zero Compare:	0.001
Eps Zero Direction:	0.001
Exact Obj Value:	30.812
Distance to Apex:	0
Low Cost Percentile:	0.02
Gap Max:		0.2
Obj Vector Length:	1
Start Shift Lengt:	1
Blocking obj var:	false
Use low cost vars:	false
--------------- Statisics ---------------
Number of high-cost variables:	17
Number of low-cost variables:	13
Number of zero-cost variables:	51
Problem Scale:			26.32
--------------- Data ---------------
Obj Function:	            5.36            5.08            4.51             4.2             3.6            -3.2              -3           -2.87 ...
Start point:	       1.9449259       1.3091703       3.4746787        7.537328       4.9032969       12.408479       1.2585994        12.30453 ...	F(x) = 17.154642
Apex point:	       1.9449259       1.3091703       3.4746787        7.537328       4.9032969       12.408479       1.2585994        12.30453 ...	F(x) = 17.154642
-------------------------------------------
--------- Finding feasible point ------------
Iter # 0. Elapsed time: 0
u =		       1.9449259       1.3091703       3.4746787        7.537328       4.9032969       12.408479       1.2585994        12.30453 ...	F(t) =        17.154642
Landing# 0. Elapsed time: 0
u =		       1.9452442       1.3093476       3.4744502       7.5372984       4.9033901       12.408761       1.2584558       12.304862 ...	F(t) =        17.154987
         F(u) = 17.157706 >= F(w) = 17.157358
         F(u) = 17.161042 >= F(w) = 17.14593
Landing# 20. Elapsed time: 1
u =		       1.9516023       1.3128303       3.4700006        7.536703       4.9052127       12.414397        1.255529       12.311494 ...	F(t) =        17.162157
Landing# 40. Elapsed time: 3
u =		       1.9581165       1.3165134       3.4657332       7.5362234       4.9070598       12.419991       1.2526142       12.318093 ...	F(t) =        17.172776
Landing# 60. Elapsed time: 4
u =		       1.9647172       1.3202999       3.4615255        7.535791       4.9089515       12.425566        1.249682       12.324677 ...	F(t) =        17.185226
         F(u) = 17.188483 >= F(w) = 17.185751
Landing# 80. Elapsed time: 5
u =		       1.9713718       1.3241454       3.4573537        7.535391       4.9108571       12.431131       1.2467189       12.331261 ...	F(t) =        17.198799
Landing# 100. Elapsed time: 6
u =		       1.9780391       1.3279693       3.4532481       7.5350091       4.9127708       12.436691       1.2437665       12.337841 ...	F(t) =        17.212768
         F(u) = 17.212768 >= F(w) = 17.211236
Landing# 120. Elapsed time: 7
u =		        1.984733       1.3318719       3.4491707       7.5346937       4.9146923        12.44223       1.2407908       12.344405 ...	F(t) =        17.227915
Landing# 140. Elapsed time: 9
u =		       1.9914415       1.3357995       3.4451019       7.5344023        4.916599       12.447766       1.2378175       12.350976 ...	F(t) =        17.243301
Landing# 160. Elapsed time: 10
u =		       1.9981413       1.3396867       3.4410859       7.5341178       4.9185349       12.453304       1.2348326       12.357556 ...	F(t) =        17.258849
Landing# 180. Elapsed time: 11
u =		       2.0048785       1.3436964       3.4371671       7.5338814       4.9204908       12.458829       1.2318523       12.364126 ...	F(t) =        17.276047
Landing# 200. Elapsed time: 12
u =		        2.011623       1.3477009        3.433257       7.5336743       4.9224518       12.464348       1.2288851         12.3707 ...	F(t) =        17.293325
Landing# 220. Elapsed time: 13
u =		        2.018357       1.3516905        3.429375       7.5334982       4.9244006       12.469871       1.2259209       12.377283 ...	F(t) =        17.310581
Landing# 240. Elapsed time: 15
u =		       2.0250074       1.3556059       3.4253633       7.5332832       4.9263417       12.475421       1.2229187       12.383885 ...	F(t) =        17.326271
Landing# 260. Elapsed time: 16
u =		       2.0316165       1.3594945       3.4213951       7.5331024       4.9282653       12.480962       1.2198923       12.390496 ...	F(t) =        17.341991
Landing# 280. Elapsed time: 17
u =		       2.0381582       1.3633227         3.41742       7.5329192       4.9301917       12.486511       1.2168608       12.397112 ...	F(t) =        17.356929
Landing# 300. Elapsed time: 18
u =		       2.0448861       1.3673943       3.4136349       7.5328388       4.9321779        12.49201       1.2138801       12.403694 ...	F(t) =        17.375685
Landing# 320. Elapsed time: 19
u =		       2.0515155       1.3713128       3.4097365        7.532716       4.9341439       12.497544        1.210881       12.410308 ...	F(t) =        17.392269
Landing# 340. Elapsed time: 21
u =		       2.0581545       1.3752811       3.4058472       7.5326504       4.9361056        12.50307       1.2078985       12.416928 ...	F(t) =        17.409318
Landing# 360. Elapsed time: 22
u =		       2.0648036       1.3792726       3.4020133       7.5326237       4.9380748       12.508588       1.2049017       12.423543 ...	F(t) =        17.427081
         F(u) = 17.43369 >= F(w) = 17.419195
Landing# 380. Elapsed time: 23
u =		        2.071398       1.3832222       3.3982044       7.5326036       4.9400412       12.514097       1.2018826       12.430156 ...	F(t) =        17.444523
Landing# 400. Elapsed time: 24
u =		       2.0779996       1.3871951       3.3943591       7.5325871        4.942014       12.519623       1.1989013       12.436785 ...	F(t) =         17.46178
Landing# 420. Elapsed time: 25
u =		       2.0846136        1.391179       3.3905763       7.5325938       4.9439944        12.52515       1.1959087       12.443421 ...	F(t) =        17.479569
Landing# 440. Elapsed time: 26
u =		       2.0911094       1.3950459       3.3867415       7.5325885       4.9459565       12.530688       1.1928875       12.450069 ...	F(t) =        17.495877
Landing# 460. Elapsed time: 28
u =		       2.0975612       1.3988907       3.3829121       7.5326014       4.9478831       12.536246       1.1898652       12.456752 ...	F(t) =        17.511501
Landing# 480. Elapsed time: 29
u =		       2.1041006       1.4028621       3.3791285       7.5326739       4.9498688       12.541761       1.1868628       12.463395 ...	F(t) =        17.529128
Landing# 500. Elapsed time: 30
u =		       2.1106729        1.406813       3.3754062       7.5327942       4.9518521       12.547262       1.1838487       12.470026 ...	F(t) =        17.547427
Landing# 520. Elapsed time: 31
u =		       2.1171307       1.4107075       3.3715979       7.5328836       4.9538415        12.55279       1.1808384       12.476691 ...	F(t) =        17.564092
Landing# 540. Elapsed time: 32
u =		       2.1235057       1.4144735       3.3677557       7.5329331       4.9557976       12.558355       1.1778001       12.483387 ...	F(t) =        17.579147
Landing# 560. Elapsed time: 34
u =		       2.1300441       1.4184203       3.3640826       7.5331073       4.9578059       12.563856       1.1748063       12.490038 ...	F(t) =        17.597568
Landing# 580. Elapsed time: 35
u =		       2.1365153       1.4223526       3.3603477       7.5332591       4.9598234       12.569399       1.1718104       12.496735 ...	F(t) =         17.61486
         F(u) = 17.615261 >= F(w) = 17.614217
Landing# 600. Elapsed time: 36
u =		       2.1429589        1.426247       3.3566164       7.5334459       4.9618329       12.574941       1.1687764       12.503434 ...	F(t) =        17.632063
Landing# 620. Elapsed time: 37
u =		       2.1494349       1.4300989       3.3528047       7.5336451       4.9638815       12.580492       1.1657379       12.510161 ...	F(t) =        17.648911
Landing# 640. Elapsed time: 38
u =		       2.1558083       1.4339152       3.3490332       7.5338416       4.9659253       12.586067       1.1626942       12.516917 ...	F(t) =        17.664986
Landing# 660. Elapsed time: 40
u =		        2.162204       1.4377277       3.3451538       7.5340419       4.9679874       12.591663       1.1596652         12.5237 ...	F(t) =         17.68057
Landing# 680. Elapsed time: 41
u =		       2.1686905       1.4416499       3.3414001       7.5343167       4.9700899       12.597245       1.1566682       12.530486 ...	F(t) =        17.698063
Landing# 700. Elapsed time: 42
u =		       2.1751743       1.4455244        3.337628       7.5346111       4.9722039       12.602831       1.1536656       12.537277 ...	F(t) =        17.715339
         F(u) = 17.71868 >= F(w) = 17.713803
Landing# 720. Elapsed time: 43
u =		       2.1815978       1.4494027       3.3338223       7.5349355       4.9743214       12.608415       1.1506566       12.544086 ...	F(t) =        17.732264
Landing# 740. Elapsed time: 44
u =		       2.1879909        1.453226       3.3300027       7.5352459       4.9764586        12.61404       1.1476911        12.55094 ...	F(t) =         17.74825
Landing# 760. Elapsed time: 46
u =		       2.1944093       1.4570526       3.3261885       7.5355944       4.9785978       12.619665       1.1447165       12.557797 ...	F(t) =        17.764654
Landing# 780. Elapsed time: 47
u =		       2.2007353       1.4607711       3.3223401       7.5359259       4.9807559        12.62533       1.1417567       12.564709 ...	F(t) =        17.779453
Landing# 800. Elapsed time: 48
u =		       2.2072651       1.4647907       3.3186927       7.5363868       4.9829666       12.630931       1.1388364       12.571575 ...	F(t) =        17.798733
Landing# 820. Elapsed time: 49
u =		       2.2136477       1.4685676       3.3148241       7.5368123       4.9851523       12.636582       1.1358897       12.578504 ...	F(t) =         17.81455
Landing# 840. Elapsed time: 50
u =		       2.2200201       1.4723644       3.3110334       7.5372479       4.9873604       12.642249        1.132976       12.585456 ...	F(t) =        17.830607
Landing# 860. Elapsed time: 52
u =		       2.2264622       1.4762258       3.3072823       7.5377532       4.9896013       12.647914       1.1301039       12.592413 ...	F(t) =        17.847807
         F(u) = 17.847807 >= F(w) = 17.847575
Landing# 880. Elapsed time: 53
u =		       2.2327531       1.4799318       3.3033896        7.538212       4.9918138       12.653618       1.1272117       12.599423 ...	F(t) =        17.862288
Landing# 900. Elapsed time: 54
u =		       2.2390605       1.4836546       3.2995352       7.5386903       4.9940689       12.659327       1.1243392       12.606441 ...	F(t) =        17.877261
Landing# 920. Elapsed time: 55
u =		       2.2455106       1.4875394       3.2958457       7.5392623       4.9963772       12.665002       1.1214973        12.61344 ...	F(t) =        17.895229
Landing# 940. Elapsed time: 57
u =		       2.2518741        1.491342       3.2920519       7.5398402       4.9986856       12.670707       1.1186675        12.62048 ...	F(t) =        17.911575
Landing# 960. Elapsed time: 58
u =		       2.2582536       1.4951221       3.2882407       7.5404395       5.0009996       12.676424       1.1158599       12.627543 ...	F(t) =         17.92774
Landing# 980. Elapsed time: 59
u =		       2.2646792       1.4989139       3.2845027       7.5410839       5.0033458        12.68214       1.1130726       12.634615 ...	F(t) =        17.944783
Landing# 1000. Elapsed time: 60
u =		       2.2710463       1.5026947       3.2807397       7.5417439       5.0056929       12.687861       1.1102979       12.641708 ...	F(t) =        17.961237
Landing# 1020. Elapsed time: 61
u =		       2.2775511       1.5066684       3.2770935       7.5424949       5.0080977       12.693554       1.1075527       12.648776 ...	F(t) =        17.980604
Landing# 1040. Elapsed time: 63
u =		       2.2839088       1.5104041       3.2732714        7.543189       5.0104762       12.699298       1.1048085       12.655907 ...	F(t) =        17.996507
Landing# 1060. Elapsed time: 64
u =		       2.2901419       1.5140482       3.2694661       7.5438779       5.0128636        12.70507        1.102072        12.66308 ...	F(t) =        18.011121
Landing# 1080. Elapsed time: 65
u =		       2.2965361       1.5178634       3.2657226       7.5446642       5.0152801       12.710806       1.0993535        12.67022 ...	F(t) =        18.028466
Landing# 1100. Elapsed time: 66
u =		       2.3029166       1.5216609       3.2620122        7.545469       5.0177348        12.71655       1.0966476       12.677381 ...	F(t) =        18.045838
Landing# 1120. Elapsed time: 67
u =		        2.309252       1.5253374       3.2582198       7.5462668       5.0201615       12.722334       1.0939621       12.684588 ...	F(t) =        18.061512
Landing# 1140. Elapsed time: 69
u =		       2.3155742       1.5290916       3.2544845        7.547101       5.0226109       12.728106       1.0913122       12.691806 ...	F(t) =        18.077891
Landing# 1160. Elapsed time: 70
u =		       2.3219405       1.5328279       3.2508101       7.5480073       5.0250988       12.733859       1.0886667       12.699007 ...	F(t) =        18.095218
Landing# 1180. Elapsed time: 71
u =		        2.328296       1.5366157       3.2471302       7.5489097       5.0276029       12.739626       1.0860423       12.706227 ...	F(t) =        18.112585
Landing# 1200. Elapsed time: 72
u =		       2.3345593       1.5402785       3.2433078       7.5498605       5.0300792       12.745449       1.0834003       12.713538 ...	F(t) =        18.127916
Landing# 1220. Elapsed time: 74
u =		       2.3408484       1.5439702       3.2394645       7.5510043       5.0325562       12.751305       1.0807558       12.720939 ...	F(t) =        18.143834
         F(u) = 18.148464 >= F(w) = 18.134476
         F(u) = 18.157165 >= F(w) = 18.150581
Landing# 1240. Elapsed time: 75
u =		       2.3471624       1.5476501       3.2356151       7.5522702       5.0350383        12.75717       1.0781373       12.728381 ...	F(t) =         18.16005
Landing# 1260. Elapsed time: 76
u =		       2.3535064       1.5512771       3.2317172       7.5536406       5.0375599       12.763045       1.0755493       12.735868 ...	F(t) =        18.176285
Landing# 1280. Elapsed time: 77
u =		       2.3598516       1.5549619       3.2277965       7.5550949       5.0400881       12.768916       1.0729798       12.743379 ...	F(t) =        18.192949
Landing# 1300. Elapsed time: 79
u =		       2.3660127       1.5584737        3.223792       7.5565672       5.0425894        12.77483       1.0703975        12.75095 ...	F(t) =        18.207084
Landing# 1320. Elapsed time: 80
u =		       2.3723925       1.5621391       3.2200133       7.5582043       5.0451582       12.780676       1.0678372       12.758468 ...	F(t) =        18.225519
Landing# 1340. Elapsed time: 81
u =		       2.3787175       1.5657642       3.2161963       7.5598691       5.0477327       12.786538       1.0652946        12.76602 ...	F(t) =        18.243128
Landing# 1360. Elapsed time: 82
u =		       2.3847728        1.569177       3.2121369       7.5614679       5.0502477       12.792469       1.0627402       12.773646 ...	F(t) =        18.256224
Landing# 1380. Elapsed time: 84
u =		       2.3909303       1.5726665       3.2082013       7.5631832       5.0528349        12.79835       1.0602029       12.781243 ...	F(t) =        18.271809
         F(u) = 18.282208 >= F(w) = 18.27547
         F(u) = 18.283437 >= F(w) = 18.273513
Landing# 1400. Elapsed time: 85
u =		       2.3970196       1.5761547       3.2043094       7.5649517       5.0554094        12.80423         1.05767        12.78885 ...	F(t) =         18.28732
Landing# 1420. Elapsed time: 86
u =		       2.4032527       1.5797014       3.2005047       7.5667936       5.0580463       12.810094       1.0551772        12.79647 ...	F(t) =        18.304667
Landing# 1440. Elapsed time: 87
u =		       2.4094238       1.5831733       3.1966821       7.5686645       5.0606717        12.81598       1.0526955       12.804108 ...	F(t) =        18.321191
         F(u) = 18.321191 >= F(w) = 18.320228
         F(u) = 18.334551 >= F(w) = 18.326704
Landing# 1460. Elapsed time: 89
u =		       2.4154898        1.586574        3.192818        7.570554       5.0632836        12.82187       1.0502026        12.81177 ...	F(t) =        18.336516
Landing# 1480. Elapsed time: 90
u =		       2.4214685       1.5899405       3.1889312       7.5724633       5.0659315       12.827775       1.0477315       12.819456 ...	F(t) =        18.351142
Landing# 1500. Elapsed time: 91
u =		       2.4276918       1.5934849       3.1852862       7.5745277       5.0686339       12.833617        1.045277       12.827099 ...	F(t) =        18.370229
Landing# 1520. Elapsed time: 92
u =		       2.4337134       1.5968406       3.1815214       7.5765975       5.0712972        12.83951       1.0428525       12.834814 ...	F(t) =        18.386055
         F(u) = 18.396838 >= F(w) = 18.392513
Landing# 1540. Elapsed time: 94
u =		       2.4396065       1.6000395       3.1776982       7.5786505       5.0739513       12.845439       1.0404176       12.842572 ...	F(t) =        18.399783
         F(u) = 18.409371 >= F(w) = 18.407454
Landing# 1560. Elapsed time: 95
u =		       2.4455504       1.6032719       3.1739666       7.5807937       5.0766619       12.851353       1.0379892       12.850339 ...	F(t) =        18.415006
         F(u) = 18.422612 >= F(w) = 18.420193
Landing# 1580. Elapsed time: 96
u =		       2.4513452       1.6064307       3.1701459       7.5829566       5.0793508       12.857288        1.035575       12.858132 ...	F(t) =        18.428379
Landing# 1600. Elapsed time: 97
u =		       2.4572404       1.6095712       3.1664408       7.5852154       5.0820681       12.863197       1.0331612       12.865931 ...	F(t) =        18.443342
         F(u) = 18.454398 >= F(w) = 18.435084
Landing# 1620. Elapsed time: 99
u =		       2.4630593       1.6126685       3.1627564       7.5875266       5.0847931       12.869114       1.0307613       12.873742 ...	F(t) =        18.457836
Landing# 1640. Elapsed time: 100
u =		        2.469069       1.6159612       3.1592355       7.5899794       5.0875841       12.874965       1.0283876       12.881509 ...	F(t) =        18.476217
Landing# 1660. Elapsed time: 101
u =		       2.4748184       1.6189189       3.1555508        7.592398       5.0903283       12.880881       1.0260196       12.889356 ...	F(t) =         18.48987
         F(u) = 18.497269 >= F(w) = 18.476963
         F(u) = 18.500882 >= F(w) = 18.481913
Landing# 1680. Elapsed time: 102
u =		       2.4805224       1.6218017       3.1519067       7.5948504       5.0930798       12.886795       1.0236348        12.89721 ...	F(t) =        18.503267
         F(u) = 18.505237 >= F(w) = 18.462469
Landing# 1700. Elapsed time: 103
u =		       2.4862728       1.6245909       3.1483249       7.5973987       5.0958687       12.892697        1.021256       12.905079 ...	F(t) =        18.517275
Landing# 1720. Elapsed time: 105
u =		       2.4918711       1.6271279       3.1446745        7.599968       5.0986599       12.898636       1.0188833       12.913013 ...	F(t) =        18.528572
         F(u) = 18.53783 >= F(w) = 18.537572
Landing# 1740. Elapsed time: 106
u =		       2.4974372       1.6297901        3.141078       7.6026093       5.1014693       12.904564       1.0165358       12.920938 ...	F(t) =         18.54085
Landing# 1760. Elapsed time: 107
u =		       2.5029903       1.6325019       3.1375217       7.6052808       5.1042815       12.910491       1.0142033        12.92887 ...	F(t) =        18.553641
Landing# 1780. Elapsed time: 108
u =		       2.5085729       1.6353794       3.1340371       7.6080231       5.1071235       12.916399       1.0118795       12.936779 ...	F(t) =        18.568261
Landing# 1800. Elapsed time: 110
u =		       2.5139873       1.6381473       3.1304977       7.6107314       5.1099496       12.922328        1.009565       12.944735 ...	F(t) =        18.580591
         F(u) = 18.58912 >= F(w) = 18.587196
Landing# 1820. Elapsed time: 111
u =		       2.5193813       1.6409882       3.1270035       7.6135205       5.1127929       12.928217       1.0072454       12.952662 ...	F(t) =        18.594062
         F(u) = 18.600536 >= F(w) = 18.597698
Landing# 1840. Elapsed time: 112
u =		       2.5246515       1.6436531       3.1234454       7.6162838       5.1156457       12.934147       1.0049313       12.960628 ...	F(t) =         18.60535
         F(u) = 18.611978 >= F(w) = 18.609407
         F(u) = 18.614404 >= F(w) = 18.609412
Landing# 1860. Elapsed time: 113
u =		       2.5299177       1.6465086       3.1199515       7.6190963        5.118497       12.940057       1.0026252       12.968585 ...	F(t) =        18.618145
Landing# 1880. Elapsed time: 115
u =		       2.5351464       1.6491864       3.1164481        7.621948       5.1213521       12.945969       1.0003467       12.976555 ...	F(t) =        18.629814
         F(u) = 18.636028 >= F(w) = 18.60921
Landing# 1900. Elapsed time: 116
u =		       2.5402466       1.6519657       3.1129457       7.6248192       5.1242124       12.951871      0.99805383       12.984514 ...	F(t) =        18.641477
Landing# 1920. Elapsed time: 117
u =		       2.5454059       1.6548849       3.1095303       7.6277572       5.1271199       12.957724      0.99577344       12.992428 ...	F(t) =        18.655281
         F(u) = 18.655529 >= F(w) = 18.652359
         F(u) = 18.663709 >= F(w) = 18.657871
         F(u) = 18.664049 >= F(w) = 18.651795
Landing# 1940. Elapsed time: 118
u =		       2.5502984       1.6573927       3.1058819       7.6306191       5.1300823       12.963517      0.99346118       13.000256 ...	F(t) =        18.664999
         F(u) = 18.666873 >= F(w) = 18.658716
         F(u) = 18.676306 >= F(w) = 18.672483
Landing# 1960. Elapsed time: 120
u =		       2.5551482       1.6600076       3.1022129       7.6335482       5.1331445       12.969205      0.99114477       13.007955 ...	F(t) =        18.676227
         F(u) = 18.681393 >= F(w) = 18.669717
         F(u) = 18.684699 >= F(w) = 18.68399
Landing# 1980. Elapsed time: 121
u =		       2.5596267       1.6623894       3.0983473       7.6364774       5.1362697       12.974772      0.98874106       13.015516 ...	F(t) =        18.684685
         F(u) = 18.691791 >= F(w) = 18.679187
Landing# 2000. Elapsed time: 122
u =		       2.5638982       1.6647892       3.0943748       7.6394967       5.1393621       12.980249      0.98622261       13.023019 ...	F(t) =         18.69245
         F(u) = 18.69251 >= F(w) = 18.691078
         F(u) = 18.697034 >= F(w) = 18.693343
Landing# 2020. Elapsed time: 123
u =		       2.5679446       1.6669262       3.0902498       7.6426543       5.1424089       12.985657      0.98361424       13.030516 ...	F(t) =         18.69765
         F(u) = 18.69765 >= F(w) = 18.694796
         F(u) = 18.697589 >= F(w) = 18.688383
         F(u) = 18.700731 >= F(w) = 18.697683
Landing# 2040. Elapsed time: 125
u =		       2.5717433       1.6690553       3.0860677       7.6460153       5.1454099       12.990983      0.98090999       13.037994 ...	F(t) =        18.702286
         F(u) = 18.703084 >= F(w) = 18.702383
Landing# 2060. Elapsed time: 126
u =		       2.5753951       1.6712317       3.0820242       7.6495659       5.1483991       12.996212      0.97809396       13.045417 ...	F(t) =        18.708437
Landing# 2080. Elapsed time: 128
u =		       2.5790678       1.6735191       3.0782317        7.653278       5.1513738       13.001399      0.97526697       13.052839 ...	F(t) =        18.716994
Landing# 2100. Elapsed time: 129
u =		       2.5826327       1.6757222       3.0745348       7.6570538       5.1543358       13.006523      0.97238212       13.060206 ...	F(t) =        18.725603
         F(u) = 18.727164 == F(w) = 18.727118
Maybe, you should decreas PP_EPS_OBJ.
=============================================
Elapsed time: 129.25321
Iterations: 5687741
Optimal objective value:        18.727164
Exact objective value:             30.812
Relative error = 0.392212
=============================================
Solution is saved into the file 'Problems/lp_blend_so.mtx'.
Solution:	       13.007545       13.061681       6.9861103       3.8283493               0     0.042514937    0.0033677376       1.1351655	...
Ordered:	        2.583318       1.6761621       3.0737985        7.657814       5.1549159       13.007545      0.97179908       13.061681	...
