=================================================== BSF Target ====================================================
Problem name: fit1d
Number of Workers: 40
OpenMP is turned off!
Map List is not Fragmented.
Before conversion: m =	24	n = 1049
After conversion:  m =	2077	n = 1026
Eps Min Dir Length:	1e-08
Eps Objective:		1e-07
Eps Shift:		1e-08
Eps Zero Compare:	1e-08
Eps Zero Direction:	1e-05
Exact Obj Value:	9146.378
Distance to Apex:	0
Low Cost Percentile:	0
Gap Max:		0.001
Obj Vector Length:	0.01
Start Shift Lengt:	1
Blocking obj var:	true
Use low cost vars:	false
--------------- Statisics ---------------
Number of high-cost variables:	1026
Number of low-cost variables:	0
Number of zero-cost variables:	0
Problem Scale:			3
--------------- Data ---------------
Obj Function:	           -1440            -800            -770            -710            -700            -660            -650            -600 ...
Start point:	   0.00013281829    0.0002173003   0.00016708833   0.00011732648   8.5756798e-05   8.4950568e-05   0.00011219883   0.00012753084 ...	F(x) = 7923.0706
Apex point:	   0.00013281829    0.0002173003   0.00016708833   0.00011732648   8.5756798e-05   8.4950568e-05   0.00011219883   0.00012753084 ...	F(x) = 7923.0706
-------------------------------------------
--------- Finding feasible point ------------
Iter # 0. Elapsed time: 0
u =		   0.00013281829    0.0002173003   0.00016708833   0.00011732648   8.5756798e-05   8.4950568e-05   0.00011219883   0.00012753084 ...	F(t) =        7923.0706
Iter # 18760. Elapsed time: 6
u =		   0.00013281796   0.00021729981   0.00016708793   0.00011732619   8.5756581e-05   8.4950353e-05   0.00011219855   0.00012753052 ...	F(t) =        7923.0706
Iter # 37516. Elapsed time: 13
u =		   0.00013281763   0.00021729932   0.00016708753   0.00011732589   8.5756364e-05   8.4950138e-05   0.00011219827    0.0001275302 ...	F(t) =        7923.0706
Iter # 56245. Elapsed time: 19
u =		    0.0001328173   0.00021729882   0.00016708714    0.0001173256   8.5756147e-05   8.4949923e-05   0.00011219798   0.00012752989 ...	F(t) =        7923.0707
Iter # 75003. Elapsed time: 25
u =		   0.00013281697   0.00021729833   0.00016708674   0.00011732531    8.575593e-05   8.4949708e-05    0.0001121977   0.00012752957 ...	F(t) =        7923.0707
Iter # 93755. Elapsed time: 31
u =		   0.00013281664   0.00021729784   0.00016708634   0.00011732501   8.5755713e-05   8.4949493e-05   0.00011219742   0.00012752925 ...	F(t) =        7923.0707
Iter # 112508. Elapsed time: 38
u =		   0.00013281631   0.00021729735   0.00016708594   0.00011732472   8.5755496e-05   8.4949278e-05   0.00011219714   0.00012752894 ...	F(t) =        7923.0707
Iter # 131239. Elapsed time: 44
u =		   0.00013281598   0.00021729685   0.00016708555   0.00011732442   8.5755279e-05   8.4949063e-05   0.00011219685   0.00012752862 ...	F(t) =        7923.0708
Iter # 150004. Elapsed time: 50
u =		   0.00013281565   0.00021729636   0.00016708515   0.00011732413   8.5755063e-05   8.4948848e-05   0.00011219657    0.0001275283 ...	F(t) =        7923.0708
Iter # 168727. Elapsed time: 57
u =		   0.00013281532   0.00021729587   0.00016708475   0.00011732383   8.5754846e-05   8.4948633e-05   0.00011219629   0.00012752798 ...	F(t) =        7923.0708
Iter # 187477. Elapsed time: 63
u =		     0.000132815   0.00021729537   0.00016708435   0.00011732354   8.5754629e-05   8.4948418e-05   0.00011219601   0.00012752767 ...	F(t) =        7923.0708
Iter # 206221. Elapsed time: 69
u =		   0.00013281467   0.00021729488   0.00016708396   0.00011732324   8.5754412e-05   8.4948203e-05   0.00011219572   0.00012752735 ...	F(t) =        7923.0709
Iter # 224975. Elapsed time: 75
u =		   0.00013281434   0.00021729439   0.00016708356   0.00011732295   8.5754195e-05   8.4947988e-05   0.00011219544   0.00012752703 ...	F(t) =        7923.0709
Iter # 243717. Elapsed time: 82
u =		   0.00013281401    0.0002172939   0.00016708316   0.00011732265   8.5753978e-05   8.4947773e-05   0.00011219516   0.00012752672 ...	F(t) =        7923.0709
Iter # 262475. Elapsed time: 88
u =		   0.00013281368    0.0002172934   0.00016708276   0.00011732236   8.5753761e-05   8.4947558e-05   0.00011219488    0.0001275264 ...	F(t) =        7923.0709
Iter # 281202. Elapsed time: 94
u =		   0.00013281335   0.00021729291   0.00016708237   0.00011732206   8.5753544e-05   8.4947343e-05    0.0001121946   0.00012752608 ...	F(t) =         7923.071
Iter # 299925. Elapsed time: 101
u =		   0.00013281302   0.00021729242   0.00016708197   0.00011732177   8.5753327e-05   8.4947127e-05   0.00011219431   0.00012752577 ...	F(t) =         7923.071
Iter # 318802. Elapsed time: 107
u =		   0.00013281269   0.00021729193   0.00016708157   0.00011732147    8.575311e-05   8.4946912e-05   0.00011219403   0.00012752545 ...	F(t) =         7923.071
Iter # 337518. Elapsed time: 113
u =		   0.00013281236   0.00021729143   0.00016708117   0.00011732118   8.5752893e-05   8.4946697e-05   0.00011219375   0.00012752513 ...	F(t) =         7923.071
Iter # 356266. Elapsed time: 119
u =		   0.00013281203   0.00021729094   0.00016708078   0.00011732088   8.5752676e-05   8.4946482e-05   0.00011219347   0.00012752481 ...	F(t) =        7923.0711
Iter # 374994. Elapsed time: 126
u =		   0.00013281171   0.00021729045   0.00016708038   0.00011732059   8.5752459e-05   8.4946267e-05   0.00011219318    0.0001275245 ...	F(t) =        7923.0711
Iter # 393756. Elapsed time: 132
u =		   0.00013281138   0.00021728996   0.00016707998   0.00011732029   8.5752242e-05   8.4946052e-05    0.0001121929   0.00012752418 ...	F(t) =        7923.0711
Iter # 412484. Elapsed time: 138
u =		   0.00013281105   0.00021728946   0.00016707958      0.00011732   8.5752025e-05   8.4945837e-05   0.00011219262   0.00012752386 ...	F(t) =        7923.0711
Iter # 431242. Elapsed time: 144
u =		   0.00013281072   0.00021728897   0.00016707918    0.0001173197   8.5751808e-05   8.4945622e-05   0.00011219234   0.00012752355 ...	F(t) =        7923.0712
Iter # 450008. Elapsed time: 151
u =		   0.00013281039   0.00021728848   0.00016707879   0.00011731941   8.5751591e-05   8.4945407e-05   0.00011219205   0.00012752323 ...	F(t) =        7923.0712
Iter # 468770. Elapsed time: 157
u =		   0.00013281006   0.00021728799   0.00016707839   0.00011731911   8.5751374e-05   8.4945192e-05   0.00011219177   0.00012752291 ...	F(t) =        7923.0712
Iter # 487532. Elapsed time: 163
u =		   0.00013280973   0.00021728749   0.00016707799   0.00011731882   8.5751158e-05   8.4944977e-05   0.00011219149    0.0001275226 ...	F(t) =        7923.0712
Iter # 506296. Elapsed time: 170
u =		    0.0001328094     0.000217287   0.00016707759   0.00011731852   8.5750941e-05   8.4944762e-05   0.00011219121   0.00012752228 ...	F(t) =        7923.0713
Iter # 525045. Elapsed time: 176
u =		   0.00013280907   0.00021728651    0.0001670772   0.00011731823   8.5750724e-05   8.4944547e-05   0.00011219093   0.00012752196 ...	F(t) =        7923.0713
Iter # 543778. Elapsed time: 182
u =		   0.00013280875   0.00021728602    0.0001670768   0.00011731793   8.5750507e-05   8.4944332e-05   0.00011219064   0.00012752164 ...	F(t) =        7923.0713
Iter # 562551. Elapsed time: 188
u =		   0.00013280842   0.00021728552    0.0001670764   0.00011731764    8.575029e-05   8.4944117e-05   0.00011219036   0.00012752133 ...	F(t) =        7923.0713
Iter # 581333. Elapsed time: 195
u =		   0.00013280809   0.00021728503     0.000167076   0.00011731734   8.5750073e-05   8.4943902e-05   0.00011219008   0.00012752101 ...	F(t) =        7923.0714
Iter # 600090. Elapsed time: 201
u =		   0.00013280776   0.00021728454   0.00016707561   0.00011731705   8.5749856e-05   8.4943687e-05    0.0001121898   0.00012752069 ...	F(t) =        7923.0714
Iter # 618804. Elapsed time: 207
u =		   0.00013280743   0.00021728405   0.00016707521   0.00011731676   8.5749639e-05   8.4943472e-05   0.00011218951   0.00012752038 ...	F(t) =        7923.0714
Iter # 637523. Elapsed time: 214
u =		    0.0001328071   0.00021728355   0.00016707481   0.00011731646   8.5749422e-05   8.4943257e-05   0.00011218923   0.00012752006 ...	F(t) =        7923.0714
Iter # 656385. Elapsed time: 220
u =		   0.00013280677   0.00021728306   0.00016707441   0.00011731617   8.5749205e-05   8.4943042e-05   0.00011218895   0.00012751974 ...	F(t) =        7923.0715
Iter # 675099. Elapsed time: 226
u =		   0.00013280644   0.00021728257   0.00016707402   0.00011731587   8.5748988e-05   8.4942827e-05   0.00011218867   0.00012751943 ...	F(t) =        7923.0715
Iter # 693896. Elapsed time: 232
u =		   0.00013280611   0.00021728208   0.00016707362   0.00011731558   8.5748771e-05   8.4942612e-05   0.00011218838   0.00012751911 ...	F(t) =        7923.0715
Iter # 712659. Elapsed time: 239
u =		   0.00013280578   0.00021728158   0.00016707322   0.00011731528   8.5748554e-05   8.4942397e-05    0.0001121881   0.00012751879 ...	F(t) =        7923.0715
Iter # 731413. Elapsed time: 245
u =		   0.00013280546   0.00021728109   0.00016707282   0.00011731499   8.5748337e-05   8.4942182e-05   0.00011218782   0.00012751847 ...	F(t) =        7923.0716
Iter # 750183. Elapsed time: 251
u =		   0.00013280513    0.0002172806   0.00016707243   0.00011731469    8.574812e-05   8.4941967e-05   0.00011218754   0.00012751816 ...	F(t) =        7923.0716
Iter # 768954. Elapsed time: 258
u =		    0.0001328048    0.0002172801   0.00016707203    0.0001173144   8.5747903e-05   8.4941752e-05   0.00011218726   0.00012751784 ...	F(t) =        7923.0716
Iter # 787695. Elapsed time: 264
u =		   0.00013280447   0.00021727961   0.00016707163    0.0001173141   8.5747686e-05   8.4941537e-05   0.00011218697   0.00012751752 ...	F(t) =        7923.0716
Iter # 806415. Elapsed time: 270
u =		   0.00013280414   0.00021727912   0.00016707123   0.00011731381    8.574747e-05   8.4941321e-05   0.00011218669   0.00012751721 ...	F(t) =        7923.0717
Iter # 825226. Elapsed time: 276
u =		   0.00013280381   0.00021727863   0.00016707084   0.00011731351   8.5747253e-05   8.4941106e-05   0.00011218641   0.00012751689 ...	F(t) =        7923.0717
Iter # 844019. Elapsed time: 283
u =		   0.00013280348   0.00021727813   0.00016707044   0.00011731322   8.5747036e-05   8.4940891e-05   0.00011218613   0.00012751657 ...	F(t) =        7923.0717
Iter # 862768. Elapsed time: 289
u =		   0.00013280315   0.00021727764   0.00016707004   0.00011731292   8.5746819e-05   8.4940676e-05   0.00011218584   0.00012751626 ...	F(t) =        7923.0717
Iter # 881546. Elapsed time: 295
u =		   0.00013280282   0.00021727715   0.00016706964   0.00011731263   8.5746602e-05   8.4940461e-05   0.00011218556   0.00012751594 ...	F(t) =        7923.0718
Iter # 900377. Elapsed time: 302
u =		    0.0001328025   0.00021727666   0.00016706924   0.00011731233   8.5746385e-05   8.4940246e-05   0.00011218528   0.00012751562 ...	F(t) =        7923.0718
Iter # 919121. Elapsed time: 308
u =		   0.00013280217   0.00021727616   0.00016706885   0.00011731204   8.5746168e-05   8.4940031e-05     0.000112185    0.0001275153 ...	F(t) =        7923.0718
Iter # 937876. Elapsed time: 314
u =		   0.00013280184   0.00021727567   0.00016706845   0.00011731174   8.5745951e-05   8.4939816e-05   0.00011218471   0.00012751499 ...	F(t) =        7923.0718
Iter # 956629. Elapsed time: 320
u =		   0.00013280151   0.00021727518   0.00016706805   0.00011731145   8.5745734e-05   8.4939601e-05   0.00011218443   0.00012751467 ...	F(t) =        7923.0719
Iter # 975364. Elapsed time: 327
u =		   0.00013280118   0.00021727469   0.00016706765   0.00011731115   8.5745517e-05   8.4939386e-05   0.00011218415   0.00012751435 ...	F(t) =        7923.0719
Iter # 994103. Elapsed time: 333
u =		   0.00013280085   0.00021727419   0.00016706726   0.00011731086     8.57453e-05   8.4939171e-05   0.00011218387   0.00012751404 ...	F(t) =        7923.0719
Iter # 1012846. Elapsed time: 339
u =		   0.00013280052    0.0002172737   0.00016706686   0.00011731056   8.5745083e-05   8.4938956e-05   0.00011218359   0.00012751372 ...	F(t) =        7923.0719
Iter # 1031617. Elapsed time: 346
u =		   0.00013280019   0.00021727321   0.00016706646   0.00011731027   8.5744866e-05   8.4938741e-05    0.0001121833    0.0001275134 ...	F(t) =         7923.072
Iter # 1050347. Elapsed time: 352
u =		   0.00013279986   0.00021727272   0.00016706606   0.00011730997   8.5744649e-05   8.4938526e-05   0.00011218302   0.00012751309 ...	F(t) =         7923.072
Iter # 1069083. Elapsed time: 358
u =		   0.00013279953   0.00021727222   0.00016706567   0.00011730968   8.5744432e-05   8.4938311e-05   0.00011218274   0.00012751277 ...	F(t) =         7923.072
Iter # 1087855. Elapsed time: 364
u =		   0.00013279921   0.00021727173   0.00016706527   0.00011730938   8.5744215e-05   8.4938096e-05   0.00011218246   0.00012751245 ...	F(t) =         7923.072
Iter # 1106608. Elapsed time: 371
u =		   0.00013279888   0.00021727124   0.00016706487   0.00011730909   8.5743999e-05   8.4937881e-05   0.00011218217   0.00012751214 ...	F(t) =        7923.0721
Iter # 1125340. Elapsed time: 377
u =		   0.00013279855   0.00021727075   0.00016706447   0.00011730879   8.5743782e-05   8.4937666e-05   0.00011218189   0.00012751182 ...	F(t) =        7923.0721
Iter # 1144111. Elapsed time: 383
u =		   0.00013279822   0.00021727025   0.00016706408    0.0001173085   8.5743565e-05   8.4937451e-05   0.00011218161    0.0001275115 ...	F(t) =        7923.0721
Iter # 1163619. Elapsed time: 390
u =		   0.00013279789   0.00021726976   0.00016706368    0.0001173082   8.5743348e-05   8.4937236e-05   0.00011218133   0.00012751118 ...	F(t) =        7923.0721
Iter # 1182371. Elapsed time: 396
u =		   0.00013279756   0.00021726927   0.00016706328   0.00011730791   8.5743131e-05   8.4937021e-05   0.00011218104   0.00012751087 ...	F(t) =        7923.0722
Iter # 1201127. Elapsed time: 402
u =		   0.00013279723   0.00021726878   0.00016706288   0.00011730762   8.5742914e-05   8.4936806e-05   0.00011218076   0.00012751055 ...	F(t) =        7923.0722
Iter # 1219865. Elapsed time: 409
u =		    0.0001327969   0.00021726828   0.00016706249   0.00011730732   8.5742697e-05   8.4936591e-05   0.00011218048   0.00012751023 ...	F(t) =        7923.0722
Iter # 1238594. Elapsed time: 415
u =		   0.00013279657   0.00021726779   0.00016706209   0.00011730703    8.574248e-05   8.4936376e-05    0.0001121802   0.00012750992 ...	F(t) =        7923.0722
Iter # 1257302. Elapsed time: 421
u =		   0.00013279625    0.0002172673   0.00016706169   0.00011730673   8.5742263e-05   8.4936161e-05   0.00011217991    0.0001275096 ...	F(t) =        7923.0723
Iter # 1276039. Elapsed time: 427
u =		   0.00013279592   0.00021726681   0.00016706129   0.00011730644   8.5742046e-05   8.4935946e-05   0.00011217963   0.00012750928 ...	F(t) =        7923.0723
Iter # 1294962. Elapsed time: 434
u =		   0.00013279559   0.00021726631    0.0001670609   0.00011730614   8.5741829e-05   8.4935731e-05   0.00011217935   0.00012750896 ...	F(t) =        7923.0723
Iter # 1313765. Elapsed time: 440
u =		   0.00013279526   0.00021726582    0.0001670605   0.00011730585   8.5741612e-05   8.4935516e-05   0.00011217907   0.00012750865 ...	F(t) =        7923.0723
Iter # 1332783. Elapsed time: 446
u =		   0.00013279493   0.00021726533    0.0001670601   0.00011730555   8.5741395e-05   8.4935301e-05   0.00011217878   0.00012750833 ...	F(t) =        7923.0724
Iter # 1351522. Elapsed time: 453
u =		    0.0001327946   0.00021726484    0.0001670597   0.00011730526   8.5741178e-05   8.4935086e-05    0.0001121785   0.00012750801 ...	F(t) =        7923.0724
Iter # 1370272. Elapsed time: 459
u =		   0.00013279427   0.00021726434   0.00016705931   0.00011730496   8.5740961e-05   8.4934871e-05   0.00011217822    0.0001275077 ...	F(t) =        7923.0724
Iter # 1389002. Elapsed time: 465
u =		   0.00013279394   0.00021726385   0.00016705891   0.00011730467   8.5740745e-05   8.4934656e-05   0.00011217794   0.00012750738 ...	F(t) =        7923.0724
Iter # 1407839. Elapsed time: 471
u =		   0.00013279361   0.00021726336   0.00016705851   0.00011730437   8.5740528e-05   8.4934441e-05   0.00011217765   0.00012750706 ...	F(t) =        7923.0725
Iter # 1426592. Elapsed time: 478
u =		   0.00013279328   0.00021726287   0.00016705811   0.00011730408   8.5740311e-05   8.4934226e-05   0.00011217737   0.00012750675 ...	F(t) =        7923.0725
Iter # 1445335. Elapsed time: 484
u =		   0.00013279296   0.00021726237   0.00016705772   0.00011730378   8.5740094e-05   8.4934011e-05   0.00011217709   0.00012750643 ...	F(t) =        7923.0725
Iter # 1464059. Elapsed time: 490
u =		   0.00013279263   0.00021726188   0.00016705732   0.00011730349   8.5739877e-05   8.4933796e-05   0.00011217681   0.00012750611 ...	F(t) =        7923.0726
Iter # 1482834. Elapsed time: 497
u =		    0.0001327923   0.00021726139   0.00016705692   0.00011730319    8.573966e-05   8.4933581e-05   0.00011217653   0.00012750579 ...	F(t) =        7923.0726
Iter # 1501571. Elapsed time: 503
u =		   0.00013279197    0.0002172609   0.00016705652    0.0001173029   8.5739443e-05   8.4933366e-05   0.00011217624   0.00012750548 ...	F(t) =        7923.0726
Iter # 1520343. Elapsed time: 509
u =		   0.00013279164    0.0002172604   0.00016705613    0.0001173026   8.5739226e-05   8.4933151e-05   0.00011217596   0.00012750516 ...	F(t) =        7923.0726
Iter # 1539686. Elapsed time: 516
u =		   0.00013279131   0.00021725991   0.00016705573   0.00011730231   8.5739009e-05   8.4932936e-05   0.00011217568   0.00012750484 ...	F(t) =        7923.0727
Iter # 1558535. Elapsed time: 522
u =		   0.00013279098   0.00021725942   0.00016705533   0.00011730201   8.5738792e-05   8.4932721e-05    0.0001121754   0.00012750453 ...	F(t) =        7923.0727
Iter # 1577331. Elapsed time: 528
u =		   0.00013279065   0.00021725893   0.00016705493   0.00011730172   8.5738575e-05   8.4932506e-05   0.00011217511   0.00012750421 ...	F(t) =        7923.0727
Iter # 1596069. Elapsed time: 535
u =		   0.00013279032   0.00021725843   0.00016705454   0.00011730142   8.5738358e-05   8.4932291e-05   0.00011217483   0.00012750389 ...	F(t) =        7923.0727
Iter # 1614888. Elapsed time: 541
u =		      0.00013279   0.00021725794   0.00016705414   0.00011730113   8.5738141e-05   8.4932076e-05   0.00011217455   0.00012750358 ...	F(t) =        7923.0728
Iter # 1633726. Elapsed time: 547
u =		   0.00013278967   0.00021725745   0.00016705374   0.00011730083   8.5737924e-05   8.4931862e-05   0.00011217427   0.00012750326 ...	F(t) =        7923.0728
Iter # 1652446. Elapsed time: 554
u =		   0.00013278934   0.00021725696   0.00016705334   0.00011730054   8.5737707e-05   8.4931646e-05   0.00011217398   0.00012750294 ...	F(t) =        7923.0728
Iter # 1671204. Elapsed time: 560
u =		   0.00013278901   0.00021725646   0.00016705295   0.00011730024    8.573749e-05   8.4931431e-05    0.0001121737   0.00012750262 ...	F(t) =        7923.0728
Iter # 1690345. Elapsed time: 566
u =		   0.00013278868   0.00021725597   0.00016705255   0.00011729995   8.5737273e-05   8.4931217e-05   0.00011217342   0.00012750231 ...	F(t) =        7923.0729
Iter # 1709116. Elapsed time: 573
u =		   0.00013278835   0.00021725548   0.00016705215   0.00011729965   8.5737057e-05   8.4931002e-05   0.00011217314   0.00012750199 ...	F(t) =        7923.0729
Iter # 1727885. Elapsed time: 579
u =		   0.00013278802   0.00021725499   0.00016705175   0.00011729936    8.573684e-05   8.4930787e-05   0.00011217285   0.00012750167 ...	F(t) =        7923.0729
Iter # 1746674. Elapsed time: 585
u =		   0.00013278769   0.00021725449   0.00016705136   0.00011729907   8.5736623e-05   8.4930572e-05   0.00011217257   0.00012750136 ...	F(t) =        7923.0729
Iter # 1765390. Elapsed time: 591
u =		   0.00013278736     0.000217254   0.00016705096   0.00011729877   8.5736406e-05   8.4930357e-05   0.00011217229   0.00012750104 ...	F(t) =         7923.073
Iter # 1784113. Elapsed time: 598
u =		   0.00013278704   0.00021725351   0.00016705056   0.00011729848   8.5736189e-05   8.4930141e-05   0.00011217201   0.00012750072 ...	F(t) =         7923.073
Iter # 1802919. Elapsed time: 604
u =		   0.00013278671   0.00021725302   0.00016705016   0.00011729818   8.5735972e-05   8.4929927e-05   0.00011217172   0.00012750041 ...	F(t) =         7923.073
Iter # 1821640. Elapsed time: 610
u =		   0.00013278638   0.00021725252   0.00016704976   0.00011729789   8.5735755e-05   8.4929712e-05   0.00011217144   0.00012750009 ...	F(t) =         7923.073
Iter # 1840931. Elapsed time: 617
u =		   0.00013278605   0.00021725203   0.00016704937   0.00011729759   8.5735538e-05   8.4929497e-05   0.00011217116   0.00012749977 ...	F(t) =        7923.0731
Iter # 1859662. Elapsed time: 623
u =		   0.00013278572   0.00021725154   0.00016704897    0.0001172973   8.5735321e-05   8.4929282e-05   0.00011217088   0.00012749945 ...	F(t) =        7923.0731
Iter # 1878402. Elapsed time: 629
u =		   0.00013278539   0.00021725105   0.00016704857     0.000117297   8.5735104e-05   8.4929067e-05   0.00011217059   0.00012749914 ...	F(t) =        7923.0731
Iter # 1897359. Elapsed time: 636
u =		   0.00013278506   0.00021725055   0.00016704817   0.00011729671   8.5734887e-05   8.4928852e-05   0.00011217031   0.00012749882 ...	F(t) =        7923.0731
Iter # 1916090. Elapsed time: 642
u =		   0.00013278473   0.00021725006   0.00016704778   0.00011729641    8.573467e-05   8.4928637e-05   0.00011217003    0.0001274985 ...	F(t) =        7923.0732
Iter # 1934846. Elapsed time: 648
u =		    0.0001327844   0.00021724957   0.00016704738   0.00011729612   8.5734453e-05   8.4928422e-05   0.00011216975   0.00012749819 ...	F(t) =        7923.0732
Iter # 1953569. Elapsed time: 654
u =		   0.00013278407   0.00021724908   0.00016704698   0.00011729582   8.5734236e-05   8.4928207e-05   0.00011216947   0.00012749787 ...	F(t) =        7923.0732
Iter # 1972293. Elapsed time: 661
u =		   0.00013278375   0.00021724858   0.00016704658   0.00011729553    8.573402e-05   8.4927992e-05   0.00011216918   0.00012749755 ...	F(t) =        7923.0732
Iter # 1991703. Elapsed time: 667
u =		   0.00013278342   0.00021724809   0.00016704619   0.00011729523   8.5733803e-05   8.4927777e-05    0.0001121689   0.00012749723 ...	F(t) =        7923.0733
Iter # 2010855. Elapsed time: 674
u =		   0.00013278309    0.0002172476   0.00016704579   0.00011729494   8.5733586e-05   8.4927562e-05   0.00011216862   0.00012749692 ...	F(t) =        7923.0733
Iter # 2029607. Elapsed time: 680
u =		   0.00013278276   0.00021724711   0.00016704539   0.00011729464   8.5733369e-05   8.4927347e-05   0.00011216833    0.0001274966 ...	F(t) =        7923.0733
Iter # 2048363. Elapsed time: 686
u =		   0.00013278243   0.00021724661   0.00016704499   0.00011729435   8.5733152e-05   8.4927132e-05   0.00011216805   0.00012749628 ...	F(t) =        7923.0733
srun: Job step aborted: Waiting up to 2 seconds for job step to finish.
slurmd[node004]: error: *** JOB 325427 CANCELLED AT 2022-08-24T18:49:26 ***
slurmd[node004]: error: *** STEP 325427.0 CANCELLED AT 2022-08-24T18:49:26 ***
