=================================================== BSF Target ====================================================
Problem name: fit1d
Number of Workers: 40
OpenMP is turned off!
Map List is not Fragmented.
Before conversion: m =	24	n = 1049
After conversion:  m =	2077	n = 1026
Eps Min Dir Length:	0.0001
Eps Objective:		0.01
Eps Shift:		0.0001
Eps Zero Compare:	0.0001
Eps Zero Direction:	0.0001
Exact Obj Value:	9146.378
Distance to Apex:	0
Low Cost Percentile:	0
Gap Max:		0.01
Obj Vector Length:	1
Start Shift Lengt:	0.1
Blocking obj var:	false
Use low cost vars:	false
--------------- Statisics ---------------
Number of high-cost variables:	1026
Number of low-cost variables:	0
Number of zero-cost variables:	0
Problem Scale:			3
--------------- Data ---------------
Obj Function:	           -1440            -800            -770            -710            -700            -660            -650            -600 ...
Start point:	       0.0119814  -2.7971192e-05   0.00036638143  -8.9472815e-05    0.0048501832   0.00061075516  -9.9200573e-05     0.080602938 ...	F(x) = 8568.7549
Apex point:	       0.0119814  -2.7971192e-05   0.00036638143  -8.9472815e-05    0.0048501832   0.00061075516  -9.9200573e-05     0.080602938 ...	F(x) = 8568.7549
-------------------------------------------
--------- Finding feasible point ------------
Iter # 0. Elapsed time: 0
u =		       0.0119814  -2.7971192e-05   0.00036638143  -8.9472815e-05    0.0048501832   0.00061075516  -9.9200573e-05     0.080602938 ...	F(t) =        8568.7549
Landing# 0. Elapsed time: 5
u =		     0.011975517  -2.8008938e-05   0.00036620285  -8.9472815e-05    0.0048477723      0.00061052  -9.9200573e-05      0.08056961 ...	F(t) =        8568.9107
Landing# 20. Elapsed time: 94
u =		     0.011857964  -2.8757163e-05   0.00036236622  -8.9472815e-05    0.0047990829   0.00060534192  -9.9200573e-05      0.07989981 ...	F(t) =         8572.041
Landing# 40. Elapsed time: 183
u =		     0.011741062  -2.9488144e-05   0.00035855363  -8.9472815e-05    0.0047506698   0.00060017361  -9.9200573e-05     0.079227664 ...	F(t) =        8575.1651
Landing# 60. Elapsed time: 272
u =		       0.0116247  -3.0203938e-05   0.00035470363  -8.9472815e-05    0.0047024281   0.00059493195  -9.9200573e-05     0.078552938 ...	F(t) =        8578.2866
Landing# 80. Elapsed time: 362
u =		      0.01150924  -3.0934061e-05   0.00035095145  -8.9472815e-05     0.004654672    0.0005898571  -9.9200573e-05     0.077876705 ...	F(t) =        8581.3959
Landing# 100. Elapsed time: 451
u =		     0.011394499  -3.1656876e-05   0.00034721942  -8.9472815e-05    0.0046072024   0.00058480126  -9.9200573e-05     0.077198331 ...	F(t) =         8584.498
Landing# 120. Elapsed time: 541
u =		     0.011280311  -3.2369605e-05   0.00034340977  -8.9472815e-05    0.0045598596   0.00057962888  -9.9200573e-05     0.076517315 ...	F(t) =        8587.5988
Landing# 140. Elapsed time: 630
u =		     0.011166863  -3.3082067e-05   0.00033967474  -8.9472815e-05    0.0045129004   0.00057457106  -9.9200573e-05     0.075834102 ...	F(t) =        8590.6895
Landing# 160. Elapsed time: 720
u =		     0.011054233  -3.3802487e-05   0.00033601879  -8.9472815e-05    0.0044663483   0.00056964398  -9.9200573e-05     0.075148781 ...	F(t) =        8593.7687
Landing# 180. Elapsed time: 809
u =		     0.010941993  -3.4493867e-05    0.0003323423  -8.9472815e-05    0.0044199241   0.00056463654  -9.9200573e-05     0.074460361 ...	F(t) =        8596.8459
Landing# 200. Elapsed time: 899
u =		     0.010830387   -3.517784e-05   0.00032867437  -8.9472815e-05    0.0043737423   0.00055963273  -9.9188441e-05     0.073769333 ...	F(t) =        8599.9165
Landing# 220. Elapsed time: 988
u =		     0.010719585  -3.5869385e-05   0.00032505107  -8.9472815e-05    0.0043279513   0.00055473775  -9.9188441e-05     0.073076329 ...	F(t) =        8602.9766
Landing# 240. Elapsed time: 1078
u =		     0.010609299  -3.6560291e-05   0.00032139003  -8.9472815e-05    0.0042823083   0.00054976693  -9.9188441e-05     0.072380508 ...	F(t) =        8606.0344
Landing# 260. Elapsed time: 1167
u =		     0.010499511  -3.7230797e-05    0.0003177351  -8.9472815e-05    0.0042368731   0.00054477635  -9.9188441e-05     0.071682034 ...	F(t) =        8609.0873
Landing# 280. Elapsed time: 1256
u =		     0.010390534  -3.7905443e-05   0.00031415334  -8.9472815e-05    0.0041918398   0.00053991009  -9.9188441e-05     0.070981676 ...	F(t) =        8612.1286
Landing# 300. Elapsed time: 1345
u =		     0.010282132  -3.8575698e-05    0.0003105897  -8.9472815e-05     0.004147061   0.00053505533  -9.9188441e-05     0.070278959 ...	F(t) =         8615.164
Landing# 320. Elapsed time: 1435
u =		     0.010174508  -3.9237513e-05   0.00030709218  -8.9472815e-05    0.0041026645   0.00053030663  -9.9188441e-05     0.069574371 ...	F(t) =        8618.1882
Landing# 340. Elapsed time: 1524
u =		     0.010067254  -3.9904079e-05   0.00030350084  -8.9472815e-05    0.0040583032   0.00052539489  -9.9188441e-05     0.068866836 ...	F(t) =        8621.2141
Landing# 360. Elapsed time: 1613
u =		     0.009960804  -4.0565804e-05   0.00029997219  -8.9472815e-05    0.0040143332   0.00052060476  -9.9188441e-05     0.068158682 ...	F(t) =        8624.2278
Landing# 380. Elapsed time: 1703
u =		    0.0098550434  -4.1233011e-05   0.00029649565  -8.9472815e-05    0.0039707135   0.00051591963  -9.9188441e-05     0.067452689 ...	F(t) =        8627.2307
Landing# 400. Elapsed time: 1792
u =		    0.0097493982  -4.1887831e-05   0.00029293317  -8.9472815e-05    0.0039270523    0.0005110516  -9.9188441e-05     0.066748253 ...	F(t) =        8630.2375
Landing# 420. Elapsed time: 1881
u =		     0.009644365  -4.2543479e-05   0.00028939488  -8.9472815e-05    0.0038836774    0.0005062425  -9.9188441e-05      0.06604688 ...	F(t) =        8633.2354
Landing# 440. Elapsed time: 1971
u =		    0.0095399882  -4.3194759e-05   0.00028592878  -8.9472815e-05    0.0038406594   0.00050155496  -9.9188441e-05     0.065348889 ...	F(t) =        8636.2221
Landing# 460. Elapsed time: 2060
u =		    0.0094359448  -4.3843314e-05   0.00028241562  -8.9472815e-05    0.0037977307   0.00049677846  -9.9188441e-05     0.064653537 ...	F(t) =        8639.2072
Landing# 480. Elapsed time: 2149
u =		     0.009332353  -4.4483724e-05   0.00027888156  -8.9472815e-05     0.003754939    0.0004919516  -9.9188441e-05     0.063961016 ...	F(t) =         8642.188
Landing# 500. Elapsed time: 2238
u =		    0.0092294873  -4.5129265e-05   0.00027544626  -8.9472815e-05    0.0037125505    0.0004872804  -9.9188441e-05     0.063272267 ...	F(t) =        8645.1562
Landing# 520. Elapsed time: 2326
u =		     0.009126807  -4.5753882e-05   0.00027195013  -8.9472815e-05    0.0036701722   0.00048246121  -9.9188441e-05     0.062585851 ...	F(t) =        8648.1249
Landing# 540. Elapsed time: 2415
u =		    0.0090248159  -4.6382983e-05   0.00026847862  -8.9472815e-05    0.0036281217   0.00047772015  -9.9188441e-05     0.061903022 ...	F(t) =        8651.0829
Landing# 560. Elapsed time: 2503
u =		     0.008923353  -4.7008844e-05   0.00026500901  -8.9472815e-05    0.0035862776   0.00047297597  -9.9188441e-05     0.061223525 ...	F(t) =        8654.0347
Landing# 580. Elapsed time: 2591
u =		    0.0088223751  -4.7635951e-05   0.00026154869  -8.9472815e-05    0.0035446516   0.00046823569  -9.9188441e-05     0.060547352 ...	F(t) =        8656.9805
Landing# 600. Elapsed time: 2680
u =		    0.0087219003  -4.8263544e-05   0.00025806804  -8.9472815e-05     0.003503218   0.00046347219  -9.9188441e-05     0.059874504 ...	F(t) =        8659.9205
Landing# 620. Elapsed time: 2768
u =		    0.0086218145  -4.8883006e-05    0.0002545602  -8.9472815e-05    0.0034618908   0.00045862913  -9.9188441e-05     0.059204634 ...	F(t) =        8662.8578
Landing# 640. Elapsed time: 2856
u =		    0.0085222223  -4.9498274e-05   0.00025104154  -8.9472815e-05    0.0034207582   0.00045376723  -9.9188441e-05      0.05853814 ...	F(t) =        8665.7892
Landing# 660. Elapsed time: 2944
u =		    0.0084234333  -5.0090938e-05   0.00024771005  -8.9472815e-05    0.0033801622   0.00044917656  -9.9188441e-05     0.057875797 ...	F(t) =        8668.7016
Landing# 680. Elapsed time: 3032
u =		    0.0083250195  -5.0704736e-05   0.00024428921  -8.9472815e-05    0.0033396494   0.00044447975  -9.9188441e-05     0.057216253 ...	F(t) =        8671.6127
Landing# 700. Elapsed time: 3120
u =		    0.0082271749  -5.1309747e-05   0.00024090998  -8.9472815e-05    0.0032993983   0.00043983348  -9.9188441e-05     0.056559905 ...	F(t) =        8674.5143
Landing# 720. Elapsed time: 3208
u =		    0.0081297168  -5.1915664e-05    0.0002374852  -8.9472815e-05    0.0032592816   0.00043512787  -9.9188441e-05     0.055906482 ...	F(t) =        8677.4121
Landing# 740. Elapsed time: 3295
u =		    0.0080326913  -5.2508904e-05   0.00023406758  -8.9472815e-05    0.0032193457   0.00043041205  -9.9188441e-05     0.055256041 ...	F(t) =        8680.3034
Landing# 760. Elapsed time: 3384
u =		    0.0079365563  -5.3090146e-05   0.00023081838  -8.9472815e-05    0.0031799368   0.00042595785  -9.9188441e-05     0.054609725 ...	F(t) =        8683.1746
Landing# 780. Elapsed time: 3472
u =		    0.0078407842   -5.369029e-05   0.00022748661  -8.9472815e-05    0.0031406113   0.00042139373  -9.9188441e-05     0.053966314 ...	F(t) =        8686.0444
Landing# 800. Elapsed time: 3560
u =		      0.00774538  -5.4267315e-05   0.00022413819  -8.9472815e-05    0.0031014149   0.00041677256  -9.9188441e-05     0.053325822 ...	F(t) =         8688.909
Landing# 820. Elapsed time: 3647
u =		    0.0076504872  -5.4856265e-05   0.00022077323  -8.9472815e-05    0.0030624069   0.00041213004  -9.9188441e-05     0.052688577 ...	F(t) =        8691.7672
Landing# 840. Elapsed time: 3735
u =		    0.0075560899  -5.5431256e-05   0.00021743588  -8.9472815e-05    0.0030236392   0.00040751588  -9.9188441e-05     0.052054645 ...	F(t) =        8694.6165
Landing# 860. Elapsed time: 3822
u =		    0.0074623283   -5.600846e-05   0.00021412589  -8.9472815e-05    0.0029851649   0.00040296213  -9.9188441e-05     0.051424298 ...	F(t) =        8697.4554
Landing# 880. Elapsed time: 3909
u =		    0.0073690035  -5.6580487e-05   0.00021081716  -8.9472815e-05     0.002946889   0.00039839633  -9.9178059e-05     0.050797192 ...	F(t) =        8700.2873
Landing# 900. Elapsed time: 3997
u =		    0.0072763616  -5.7159374e-05   0.00020757098  -8.9472815e-05    0.0029089967   0.00039395413  -9.9178059e-05     0.050174036 ...	F(t) =        8703.1063
Landing# 920. Elapsed time: 4085
u =		    0.0071841235  -5.7734015e-05   0.00020426203  -8.9472815e-05    0.0028711815   0.00038940305  -9.9178059e-05     0.049553823 ...	F(t) =        8705.9218
Landing# 940. Elapsed time: 4172
u =		    0.0070925272  -5.8299394e-05   0.00020102366  -8.9472815e-05    0.0028337079   0.00038495468  -9.9178059e-05     0.048937398 ...	F(t) =        8708.7246
Landing# 960. Elapsed time: 4259
u =		    0.0070013408  -5.8866297e-05   0.00019775078  -8.9472815e-05    0.0027963638   0.00038043501  -9.9178059e-05       0.0483241 ...	F(t) =        8711.5227
Landing# 980. Elapsed time: 4345
u =		     0.006910441  -5.9409812e-05   0.00019447801  -8.9472815e-05    0.0027591407   0.00037585372  -9.9178059e-05     0.047713693 ...	F(t) =        8714.3163
Landing# 1000. Elapsed time: 4432
u =		    0.0068205221   -5.995057e-05   0.00019132629  -8.9472815e-05    0.0027224726    0.0003715263  -9.9178059e-05     0.047107897 ...	F(t) =        8717.0886
Landing# 1020. Elapsed time: 4519
u =		    0.0067308239  -6.0496138e-05   0.00018810537  -8.9472815e-05     0.002685805   0.00036703742  -9.9178059e-05     0.046504722 ...	F(t) =        8719.8613
Landing# 1040. Elapsed time: 4606
u =		    0.0066415411  -6.1024909e-05   0.00018487015  -8.9472815e-05     0.002649321   0.00036251502  -9.9178059e-05     0.045904887 ...	F(t) =        8722.6269
Landing# 1060. Elapsed time: 4692
u =		    0.0065530237  -6.1551774e-05   0.00018171313  -8.9472815e-05    0.0026132054   0.00035811137  -9.9178059e-05      0.04530899 ...	F(t) =         8725.378
Landing# 1080. Elapsed time: 4778
u =		    0.0064649333  -6.2086046e-05   0.00017852078  -8.9472815e-05    0.0025772402   0.00035364763  -9.9178059e-05     0.044716436 ...	F(t) =        8728.1239
Landing# 1100. Elapsed time: 4864
u =		    0.0063775567   -6.258967e-05   0.00017545635  -8.9472815e-05    0.0025417224   0.00034936312  -9.9178059e-05     0.044128083 ...	F(t) =        8730.8522
Landing# 1120. Elapsed time: 4951
u =		    0.0062907171  -6.3115211e-05   0.00017234395  -8.9472815e-05     0.002506416   0.00034504659  -9.9178059e-05      0.04354347 ...	F(t) =        8733.5739
Landing# 1140. Elapsed time: 5036
u =		    0.0062042674  -6.3631566e-05   0.00016915576  -8.9472815e-05    0.0024711529    0.0003405911  -9.9178059e-05     0.042961828 ...	F(t) =        8736.2916
Landing# 1160. Elapsed time: 5122
u =		    0.0061185843   -6.414015e-05    0.0001661009  -8.9472815e-05     0.002436359   0.00033633337  -9.9178059e-05     0.042384403 ...	F(t) =        8738.9919
Landing# 1180. Elapsed time: 5208
u =		    0.0060335352  -6.4660813e-05   0.00016305133  -8.9472815e-05    0.0024018405   0.00033210407  -9.9178059e-05     0.041810723 ...	F(t) =        8741.6816
Landing# 1200. Elapsed time: 5294
u =		    0.0059489172  -6.5155643e-05   0.00015998421  -8.9472815e-05    0.0023674839   0.00032783003  -9.9178059e-05     0.041240357 ...	F(t) =        8744.3633
Landing# 1220. Elapsed time: 5380
u =		    0.0058648768  -6.5667428e-05   0.00015690299  -8.9472815e-05    0.0023333557   0.00032354763  -9.9178059e-05     0.040673668 ...	F(t) =        8747.0366
Landing# 1240. Elapsed time: 5465
u =		    0.0057812245   -6.614015e-05   0.00015386377  -8.9472815e-05    0.0022994276   0.00031925742  -9.9178059e-05     0.040110299 ...	F(t) =        8749.7005
Landing# 1260. Elapsed time: 5550
u =		    0.0056982769  -6.6650922e-05   0.00015077209  -8.9472815e-05    0.0022657679   0.00031497058  -9.9178059e-05     0.039551003 ...	F(t) =        8752.3547
Landing# 1280. Elapsed time: 5635
u =		    0.0056158965   -6.715176e-05    0.0001477516  -8.9472815e-05    0.0022323964   0.00031074484  -9.9178059e-05     0.038995417 ...	F(t) =        8754.9973
Landing# 1300. Elapsed time: 5720
u =		    0.0055341136  -6.7646088e-05   0.00014473877  -8.9472815e-05    0.0021992977   0.00030653969  -9.9178059e-05     0.038443744 ...	F(t) =        8757.6281
Landing# 1320. Elapsed time: 5805
u =		    0.0054531355  -6.8143584e-05   0.00014179012  -8.9472815e-05    0.0021665711   0.00030244102  -9.9178059e-05     0.037896296 ...	F(t) =        8760.2437
Landing# 1340. Elapsed time: 5891
u =		    0.0053728043  -6.8642855e-05   0.00013885318  -8.9472815e-05    0.0021341161   0.00029836531  -9.9178059e-05      0.03735286 ...	F(t) =        8762.8473
Landing# 1360. Elapsed time: 5976
u =		    0.0052930452  -6.9130069e-05   0.00013596284  -8.9472815e-05    0.0021019722   0.00029435011  -9.9178059e-05     0.036813549 ...	F(t) =        8765.4384
Landing# 1380. Elapsed time: 6060
u =		    0.0052140047   -6.960337e-05   0.00013312164  -8.9472815e-05    0.0020701533   0.00029039908  -9.9178059e-05     0.036278442 ...	F(t) =        8768.0149
Landing# 1400. Elapsed time: 6145
u =		    0.0051354394  -7.0071803e-05   0.00013024642  -8.9472815e-05    0.0020384735    0.0002863689  -9.9178059e-05     0.035746986 ...	F(t) =         8770.584
Landing# 1420. Elapsed time: 6229
u =		    0.0050574745  -7.0553951e-05   0.00012733301  -8.9472815e-05      0.00200698    0.0002822876  -9.9178059e-05     0.035219445 ...	F(t) =        8773.1442
Landing# 1440. Elapsed time: 6314
u =		    0.0049804786  -7.1013038e-05   0.00012456682  -8.9472815e-05    0.0019760157   0.00027844243  -9.9178059e-05     0.034696568 ...	F(t) =        8775.6813
Landing# 1460. Elapsed time: 6397
u =		    0.0049034986   -7.146453e-05   0.00012163969  -8.9472815e-05    0.0019448907   0.00027429224  -9.9178059e-05     0.034176018 ...	F(t) =        8778.2218
Landing# 1480. Elapsed time: 6481
u =		    0.0048273973  -7.1928969e-05    0.0001187754  -8.9472815e-05    0.0019141633   0.00027027073  -9.9178059e-05     0.033659776 ...	F(t) =        8780.7447
Landing# 1500. Elapsed time: 6565
u =		    0.0047516074  -7.2360127e-05   0.00011590227  -8.9472815e-05    0.0018835209   0.00026615063  -9.9178059e-05     0.033146549 ...	F(t) =        8783.2606
Landing# 1520. Elapsed time: 6648
u =		    0.0046767249  -7.2812601e-05   0.00011305693  -8.9472815e-05    0.0018533128   0.00026216193  -9.9165267e-05        0.032638 ...	F(t) =        8785.7587
Landing# 1540. Elapsed time: 6732
u =		    0.0046023907  -7.3264587e-05    0.0001101728  -8.9472815e-05    0.0018232706   0.00025811328  -9.9165267e-05       0.0321331 ...	F(t) =        8788.2475
Landing# 1560. Elapsed time: 6815
u =		    0.0045286733  -7.3700533e-05   0.00010735437  -8.9472815e-05    0.0017935712   0.00025414946  -9.9165267e-05     0.031632295 ...	F(t) =        8790.7213
Landing# 1580. Elapsed time: 6898
u =		     0.004455723  -7.4130311e-05   0.00010458545  -8.9472815e-05    0.0017641977   0.00025026217  -9.9165267e-05     0.031135631 ...	F(t) =        8793.1791
Landing# 1600. Elapsed time: 6982
u =		    0.0043835398  -7.4575515e-05   0.00010181677  -8.9472815e-05    0.0017351371   0.00024641197  -9.9165267e-05     0.030643264 ...	F(t) =        8795.6227
Landing# 1620. Elapsed time: 7065
u =		    0.0043118308  -7.4998777e-05   9.9062625e-05  -8.9472815e-05    0.0017062443   0.00024252293  -9.9165267e-05     0.030154413 ...	F(t) =        8798.0558
Landing# 1640. Elapsed time: 7147
u =		    0.0042406283  -7.5397953e-05   9.6356012e-05  -8.9472815e-05    0.0016775806   0.00023864317  -9.9165267e-05     0.029669362 ...	F(t) =        8800.4768
Landing# 1660. Elapsed time: 7230
u =		    0.0041699402  -7.5791455e-05   9.3637382e-05  -8.9472815e-05    0.0016491389   0.00023473916  -9.9165267e-05     0.029188293 ...	F(t) =        8802.8872
Landing# 1680. Elapsed time: 7313
u =		    0.0041002035  -7.6198912e-05   9.0945454e-05  -8.9472815e-05    0.0016210927   0.00023093601  -9.9165267e-05      0.02871198 ...	F(t) =        8805.2784
Landing# 1700. Elapsed time: 7395
u =		    0.0040310662  -7.6612043e-05   8.8239662e-05  -8.9472815e-05    0.0015932416   0.00022710154  -9.9165267e-05     0.028239907 ...	F(t) =        8807.6598
Landing# 1720. Elapsed time: 7477
u =		    0.0039626816  -7.7032586e-05   8.5549295e-05  -8.9472815e-05    0.0015657069   0.00022330645  -9.9165267e-05     0.027772349 ...	F(t) =        8810.0263
Landing# 1740. Elapsed time: 7560
u =		    0.0038950606  -7.7420782e-05   8.3019199e-05  -8.9472815e-05    0.0015386135   0.00021969578  -9.9165267e-05     0.027309294 ...	F(t) =        8812.3721
Landing# 1760. Elapsed time: 7642
u =		    0.0038281678  -7.7820138e-05   8.0418965e-05  -8.9472815e-05    0.0015117245   0.00021602637  -9.9165267e-05     0.026850428 ...	F(t) =        8814.7055
Landing# 1780. Elapsed time: 7724
u =		    0.0037618382  -7.8209801e-05   7.7889074e-05  -8.9502233e-05    0.0014851035   0.00021241134  -9.9165267e-05     0.026394981 ...	F(t) =        8817.0247
Landing# 1800. Elapsed time: 7805
u =		    0.0036960244  -7.8606959e-05   7.5292881e-05  -8.9590553e-05    0.0014586413   0.00020873001  -9.9165267e-05     0.025942987 ...	F(t) =        8819.3346
Landing# 1820. Elapsed time: 7887
u =		    0.0036310433  -7.8999772e-05   7.2798093e-05  -8.9678793e-05    0.0014326152   0.00020522301  -9.9165267e-05     0.025495079 ...	F(t) =        8821.6241
Landing# 1840. Elapsed time: 7968
u =		    0.0035663279  -7.9389015e-05   7.0206675e-05  -8.9747685e-05    0.0014065832   0.00020153324  -9.9165267e-05     0.025049943 ...	F(t) =        8823.9093
Landing# 1860. Elapsed time: 8050
u =		    0.0035024718   -7.976236e-05   6.7763481e-05  -8.9826335e-05    0.0013810626   0.00019807858  -9.9165267e-05     0.024609253 ...	F(t) =         8826.171
Landing# 1880. Elapsed time: 8131
u =		    0.0034392172  -8.0136317e-05   6.5283535e-05   -8.992444e-05    0.0013557075   0.00019456608  -9.9165267e-05     0.024171955 ...	F(t) =         8828.421
Landing# 1900. Elapsed time: 8212
u =		    0.0033764146  -8.0498659e-05   6.2810847e-05  -9.0003163e-05    0.0013305322   0.00019102969  -9.9165267e-05     0.023738076 ...	F(t) =        8830.6597
Landing# 1920. Elapsed time: 8292
u =		    0.0033145585  -8.0880164e-05   6.0365554e-05  -9.0121043e-05    0.0013057883   0.00018761995  -9.9165267e-05     0.023308756 ...	F(t) =        8832.8786
Landing# 1940. Elapsed time: 8372
u =		     0.003253278  -8.1255506e-05   5.7944497e-05  -9.0180055e-05    0.0012812848   0.00018422755  -9.9165267e-05     0.022883157 ...	F(t) =        8835.0834
Landing# 1960. Elapsed time: 8453
u =		    0.0031926066  -8.1627746e-05   5.5539022e-05  -9.0278276e-05    0.0012570536   0.00018086136  -9.9165267e-05     0.022461421 ...	F(t) =        8837.2737
Landing# 1980. Elapsed time: 8533
u =		    0.0031322925  -8.1989541e-05   5.3100822e-05  -9.0366666e-05     0.001232902   0.00017738628  -9.9165267e-05     0.022042903 ...	F(t) =        8839.4558
Landing# 2000. Elapsed time: 8612
u =		    0.0030725485   -8.233901e-05   5.0708474e-05  -9.0445141e-05    0.0012090029   0.00017393904  -9.9165267e-05     0.021628125 ...	F(t) =        8841.6236
Landing# 2020. Elapsed time: 8692
u =		    0.0030135979  -8.2684369e-05   4.8374164e-05  -9.0504014e-05    0.0011854955   0.00017060315  -9.9165267e-05      0.02121781 ...	F(t) =        8843.7716
Landing# 2040. Elapsed time: 8771
u =		    0.0029552988  -8.3028575e-05   4.6046293e-05  -9.0582465e-05    0.0011622282   0.00016727102  -9.9165267e-05     0.020811396 ...	F(t) =         8845.905
Landing# 2060. Elapsed time: 8850
u =		     0.002897637  -8.3355433e-05     4.37387e-05   -9.069025e-05    0.0011392256   0.00016395614  -9.9165267e-05      0.02040897 ...	F(t) =        8848.0232
Landing# 2080. Elapsed time: 8952
u =		    0.0028404415  -8.3661805e-05   4.1425016e-05  -9.0749115e-05    0.0011164111   0.00016061159  -9.9165267e-05     0.020010217 ...	F(t) =        8850.1295
Landing# 2100. Elapsed time: 9031
u =		    0.0027842251   -8.398887e-05    3.919554e-05   -9.084732e-05    0.0010940967    0.0001574594  -9.9165267e-05     0.019616032 ...	F(t) =        8852.2123
Landing# 2120. Elapsed time: 9109
u =		    0.0027285653  -8.4312412e-05    3.697556e-05  -9.0955249e-05    0.0010720249   0.00015432061  -9.9165267e-05     0.019225423 ...	F(t) =        8854.2804
Landing# 2140. Elapsed time: 9187
u =		     0.002673113  -8.4592939e-05   3.4769334e-05  -9.1023943e-05    0.0010499623   0.00015106238  -9.9165267e-05     0.018837239 ...	F(t) =        8856.3409
Landing# 2160. Elapsed time: 9266
u =		    0.0026188983  -8.4886783e-05   3.2697972e-05  -9.1092578e-05    0.0010286051   0.00014814396  -9.9165267e-05     0.018454512 ...	F(t) =        8858.3703
Landing# 2180. Elapsed time: 9343
u =		     0.002564835  -8.5166613e-05   3.0544046e-05  -9.1161299e-05    0.0010072024   0.00014502545  -9.9165267e-05     0.018074295 ...	F(t) =        8860.3948
Landing# 2200. Elapsed time: 9420
u =		    0.0025117599  -8.5477255e-05   2.8432097e-05  -9.1249764e-05   0.00098627287   0.00014207783  -9.9165267e-05     0.017698628 ...	F(t) =        8862.3965
Landing# 2220. Elapsed time: 9497
u =		    0.0024592597  -8.5751082e-05   2.6424561e-05  -9.1338152e-05   0.00096566455   0.00013923323  -9.9165267e-05     0.017326436 ...	F(t) =        8864.3794
Landing# 2240. Elapsed time: 9573
u =		    0.0024075256  -8.6055491e-05   2.4428115e-05  -9.1387275e-05   0.00094542064   0.00013647882  -9.9165267e-05     0.016958317 ...	F(t) =        8866.3432
Landing# 2260. Elapsed time: 9649
u =		    0.0023559787  -8.6309402e-05   2.2385835e-05  -9.1495962e-05   0.00092515293    0.0001335548  -9.9165267e-05     0.016592627 ...	F(t) =        8868.3002
Landing# 2280. Elapsed time: 9725
u =		    0.0023050107  -8.6591577e-05   2.0451591e-05    -9.15746e-05   0.00090529116   0.00013077597  -9.9165267e-05     0.016231127 ...	F(t) =        8870.2384
Landing# 2300. Elapsed time: 9801
u =		    0.0022547506   -8.687063e-05   1.8468333e-05  -9.1643605e-05   0.00088566059   0.00012798113  -9.9165267e-05     0.015873551 ...	F(t) =        8872.1594
Landing# 2320. Elapsed time: 9875
u =		    0.0022052131  -8.7115544e-05   1.6593088e-05  -9.1712576e-05    0.0008664207   0.00012532879  -9.9165267e-05     0.015520003 ...	F(t) =        8874.0587
Landing# 2340. Elapsed time: 9950
u =		    0.0021561941  -8.7357483e-05   1.4723078e-05  -9.1801334e-05   0.00084736482   0.00012264727  -9.9165267e-05     0.015169823 ...	F(t) =        8875.9438
Landing# 2360. Elapsed time: 10023
u =		    0.0021075246  -8.7598312e-05   1.2810488e-05  -9.1909523e-05   0.00082837951   0.00011985625  -9.9165267e-05     0.014822649 ...	F(t) =        8877.8185
Landing# 2380. Elapsed time: 10097
u =		    0.0020601687  -8.7880222e-05   1.1004105e-05  -9.1987933e-05   0.00081009544   0.00011739016  -9.9165267e-05      0.01448118 ...	F(t) =        8879.6603
Landing# 2400. Elapsed time: 10170
u =		    0.0020133827  -8.8157824e-05   9.2121138e-06  -9.2017313e-05   0.00079207341   0.00011495102  -9.9165267e-05      0.01414381 ...	F(t) =        8881.4856
Landing# 2420. Elapsed time: 10243
u =		    0.0019670795  -8.8418124e-05   7.4084966e-06  -9.2086204e-05   0.00077412885   0.00011242739  -9.9165267e-05     0.013810032 ...	F(t) =        8883.2975
Landing# 2440. Elapsed time: 10315
u =		    0.0019212953  -8.8688536e-05   5.6759899e-06  -9.2174729e-05   0.00075626678   0.00010984945  -9.9165267e-05     0.013480252 ...	F(t) =        8885.0918
Landing# 2460. Elapsed time: 10386
u =		    0.0018742608  -8.8968577e-05   3.6180127e-06  -9.2262978e-05   0.00073737468   0.00010637221  -9.9165267e-05     0.013150622 ...	F(t) =        8886.9118
Landing# 2480. Elapsed time: 10457
u =		    0.0018273465  -8.9244706e-05   1.5294093e-06  -9.2321816e-05   0.00071833549   0.00010264655  -9.9165267e-05     0.012824447 ...	F(t) =        8888.7227
Landing# 2500. Elapsed time: 10527
u =		    0.0017814035  -8.9515318e-05  -3.0239831e-07  -9.2380701e-05   0.00069986962    9.922035e-05  -9.9165267e-05     0.012504254 ...	F(t) =        8890.4984
Landing# 2520. Elapsed time: 10598
u =		    0.0017356503  -8.9702804e-05  -2.0100724e-06  -9.2429665e-05   0.00068142438   9.5707894e-05  -9.9165267e-05     0.012187749 ...	F(t) =        8892.2563
Landing# 2540. Elapsed time: 10673
u =		    0.0016912835  -8.9952115e-05  -3.5425706e-06   -9.250826e-05   0.00066368727   9.2543466e-05  -9.9165267e-05     0.011878254 ...	F(t) =        8893.9742
Landing# 2560. Elapsed time: 10743
u =		    0.0016463395  -9.0184703e-05  -5.3722534e-06  -9.2586774e-05   0.00064534358   8.8747735e-05  -9.9165267e-05     0.011570957 ...	F(t) =        8895.7008
Landing# 2580. Elapsed time: 10812
u =		     0.001600523  -9.0402487e-05  -7.7461223e-06   -9.263572e-05   0.00062592123   8.3940451e-05  -9.9165267e-05     0.011264395 ...	F(t) =        8897.4518
Landing# 2600. Elapsed time: 10881
u =		    0.0015554391  -9.0654757e-05  -1.0189162e-05  -9.2714081e-05   0.00060667765   7.9066558e-05  -9.9165267e-05     0.010963089 ...	F(t) =         8899.182
Landing# 2620. Elapsed time: 10949
u =		    0.0015112157  -9.0901199e-05  -1.2585338e-05  -9.2792309e-05   0.00058780096   7.4285852e-05  -9.9165267e-05     0.010667525 ...	F(t) =        8900.8845
Landing# 2640. Elapsed time: 11018
u =		    0.0014678481  -9.1143281e-05  -1.4935438e-05   -9.282168e-05   0.00056929006   6.9597358e-05  -9.9165267e-05     0.010377697 ...	F(t) =        8902.5588
Landing# 2660. Elapsed time: 11087
u =		    0.0014253307   -9.138175e-05  -1.7240679e-05  -9.2890247e-05   0.00055114024   6.4999587e-05  -9.9165267e-05     0.010093536 ...	F(t) =        8904.2062
Landing# 2680. Elapsed time: 11155
u =		    0.0013835643  -9.1613234e-05  -1.9502988e-05  -9.2968647e-05   0.00053331257   6.0484291e-05  -9.9165267e-05    0.0098144029 ...	F(t) =        8905.8315
Landing# 2700. Elapsed time: 11225
u =		    0.0013425848  -9.1842769e-05  -2.1724535e-05  -9.3027387e-05   0.00051581957   5.6053022e-05  -9.9165267e-05    0.0095405202 ...	F(t) =        8907.4292
Landing# 2720. Elapsed time: 11294
u =		    0.0013024013  -9.2067485e-05  -2.3902632e-05  -9.3056761e-05    0.0004986658   5.1708201e-05  -9.9165267e-05    0.0092719415 ...	F(t) =        8908.9998
Landing# 2740. Elapsed time: 11363
u =		    0.0012630078  -9.2288521e-05  -2.6038767e-05  -9.3135123e-05   0.00048184962   4.7448029e-05  -9.9165267e-05    0.0090086676 ...	F(t) =        8910.5427
Landing# 2760. Elapsed time: 11432
u =		    0.0012244078  -9.2503359e-05  -2.8130368e-05  -9.3193976e-05   0.00046537264    4.327418e-05  -9.9165267e-05    0.0087506957 ...	F(t) =        8912.0578
Landing# 2780. Elapsed time: 11501
u =		    0.0011866012  -9.2713683e-05  -3.0178225e-05  -9.3252717e-05   0.00044923616   3.9188325e-05  -9.9165267e-05    0.0084980173 ...	F(t) =         8913.545
Landing# 2800. Elapsed time: 11570
u =		    0.0011495395   -9.292071e-05  -3.2186729e-05  -9.3321253e-05   0.00043341637   3.5181084e-05  -9.9165267e-05     0.008250332 ...	F(t) =        8915.0044
Landing# 2820. Elapsed time: 11640
u =		    0.0011132052  -9.3053369e-05  -3.4151063e-05  -9.3360406e-05   0.00041791166   3.1256916e-05  -9.9165267e-05    0.0080075102 ...	F(t) =        8916.4358
Landing# 2840. Elapsed time: 11709
u =		    0.0010776051  -9.3155109e-05  -3.6075986e-05  -9.3438839e-05   0.00040271881   2.7411016e-05  -9.9165267e-05    0.0077695869 ...	F(t) =        8917.8389
Landing# 2860. Elapsed time: 11779
u =		    0.0010427405  -9.3305668e-05  -3.7964423e-05  -9.3477995e-05   0.00038783924   2.3643697e-05  -9.9165267e-05    0.0075365854 ...	F(t) =        8919.2136
Landing# 2880. Elapsed time: 11849
u =		    0.0010086139  -9.3425043e-05  -3.9810749e-05  -9.3527045e-05     0.000373276   1.9957445e-05  -9.9165267e-05    0.0073085157 ...	F(t) =        8920.5597
Landing# 2900. Elapsed time: 11918
u =		   0.00097522662  -9.3533644e-05  -4.1617571e-05  -9.3605545e-05   0.00035902759   1.6349758e-05  -9.9165267e-05    0.0070853844 ...	F(t) =        8921.8777
Landing# 2920. Elapsed time: 11988
u =		   0.00094258104  -9.3602533e-05  -4.3382591e-05  -9.3654491e-05    0.0003450966   1.2824333e-05  -9.9165267e-05    0.0068672005 ...	F(t) =        8923.1672
Landing# 2940. Elapsed time: 12058
u =		   0.00091064123  -9.3671573e-05   -4.511041e-05  -9.3713368e-05   0.00033146685   9.3745314e-06  -9.9165267e-05    0.0066537466 ...	F(t) =        8924.4312
Landing# 2960. Elapsed time: 12128
u =		   0.00087939961  -9.3759953e-05  -4.6804667e-05  -9.3762412e-05   0.00031813058   5.9956366e-06  -9.9165267e-05    0.0064449596 ...	F(t) =        8925.6703
Landing# 2980. Elapsed time: 12198
u =		   0.00084889306  -9.3809046e-05  -4.8457226e-05  -9.3811443e-05    0.0003051092    2.698232e-06  -9.9165267e-05    0.0062410672 ...	F(t) =         8926.881
Landing# 3000. Elapsed time: 12268
u =		   0.00081911477  -9.3848313e-05  -5.0070472e-05  -9.3870307e-05    0.0002923991  -5.2090082e-07  -9.9165267e-05    0.0060420519 ...	F(t) =        8928.0632
Landing# 3020. Elapsed time: 12338
u =		    0.0007900616  -9.3907031e-05  -5.1646708e-05  -9.3919239e-05   0.00027999668  -3.6635951e-06  -9.9165267e-05    0.0058478914 ...	F(t) =        8929.2175
Landing# 3040. Elapsed time: 12409
u =		    0.0007617311  -9.3955967e-05   -5.318175e-05   -9.395834e-05   0.00026790438  -6.7261263e-06  -9.9165267e-05     0.005658555 ...	F(t) =        8930.3437
Landing# 3060. Elapsed time: 12479
u =		   0.00073411811  -9.3995162e-05  -5.4678775e-05  -9.3997527e-05   0.00025611726  -9.7117538e-06  -9.9165267e-05    0.0054740106 ...	F(t) =        8931.4425
Landing# 3080. Elapsed time: 12549
u =		   0.00070721533  -9.4014705e-05  -5.6137184e-05  -9.4017098e-05   0.00024463318  -1.2620971e-05  -9.9165267e-05    0.0052942134 ...	F(t) =        8932.5134
Landing# 3100. Elapsed time: 12619
u =		   0.00068095133  -9.4083451e-05  -5.7560632e-05  -9.4095441e-05   0.00023342243  -1.5460498e-05  -9.9165267e-05    0.0051186845 ...	F(t) =         8933.564
Landing# 3120. Elapsed time: 12690
u =		    0.0006553888  -9.4103101e-05  -5.8946512e-05   -9.411504e-05   0.00022251041  -1.8224607e-05  -9.9165267e-05    0.0049478377 ...	F(t) =        8934.5874
Landing# 3140. Elapsed time: 12760
u =		    0.0006305193  -9.4132499e-05  -6.0295639e-05  -9.4134636e-05   0.00021189341  -2.0914598e-05  -9.9165267e-05    0.0047816253 ...	F(t) =        8935.5838
Landing# 3160. Elapsed time: 12830
u =		   0.00060633217  -9.4161886e-05  -6.1606537e-05  -9.4173785e-05   0.00020156833  -2.3530501e-05  -9.9165267e-05    0.0046199799 ...	F(t) =        8936.5537
Landing# 3180. Elapsed time: 12901
u =		    0.0005828191  -9.4230534e-05  -6.2881666e-05  -9.4232537e-05   0.00019153273  -2.6071785e-05  -9.9165267e-05    0.0044628386 ...	F(t) =        8937.4984
Landing# 3200. Elapsed time: 12971
u =		   0.00055997173  -9.4259886e-05  -6.4120697e-05  -9.4252088e-05   0.00018178064  -2.8541387e-05  -9.9165267e-05     0.004310139 ...	F(t) =         8938.417
Landing# 3220. Elapsed time: 13041
u =		   0.00053772326  -9.4308792e-05  -6.5327588e-05  -9.4310746e-05   0.00017228246  -3.0947906e-05  -9.9165267e-05    0.0041614402 ...	F(t) =        8939.3168
Landing# 3240. Elapsed time: 13112
u =		   0.00051611826  -9.4338108e-05  -6.6499417e-05  -9.4330296e-05   0.00016305897   -3.328469e-05  -9.9165267e-05    0.0040170395 ...	F(t) =        8940.1919
Landing# 3260. Elapsed time: 13182
u =		   0.00049514772  -9.4357672e-05  -6.7633828e-05  -9.4359635e-05   0.00015410855  -3.5551105e-05  -9.9165267e-05    0.0038768814 ...	F(t) =        8941.0426
Landing# 3280. Elapsed time: 13253
u =		   0.00047479975  -9.4386988e-05  -6.8737461e-05  -9.4379197e-05   0.00014542216  -3.7751741e-05  -9.9165267e-05    0.0037408917 ...	F(t) =        8941.8692
Landing# 3300. Elapsed time: 13323
u =		   0.00045506331  -9.4406566e-05  -6.9807558e-05  -9.4408538e-05   0.00013699679  -3.9886233e-05  -9.9165267e-05    0.0036089818 ...	F(t) =        8942.6721
Landing# 3320. Elapsed time: 13394
u =		   0.00043589804  -9.4455444e-05  -7.0846464e-05  -9.4447661e-05   0.00012881508   -4.195867e-05  -9.9165267e-05    0.0034808805 ...	F(t) =        8943.4553
Landing# 3340. Elapsed time: 13464
u =		   0.00041729638  -9.4474988e-05  -7.1856105e-05  -9.4476978e-05   0.00012087127  -4.3971587e-05  -9.9165267e-05    0.0033565212 ...	F(t) =        8944.2188
Landing# 3360. Elapsed time: 13535
u =		   0.00039926446  -9.4494549e-05  -7.2833817e-05  -9.4496521e-05   0.00011317284   -4.592148e-05  -9.9165267e-05    0.0032359984 ...	F(t) =        8944.9605
Landing# 3380. Elapsed time: 13605
u =		   0.00038179075  -9.4514105e-05  -7.3781443e-05  -9.4506295e-05   0.00010571366  -4.7811242e-05  -9.9165267e-05    0.0031192181 ...	F(t) =        8945.6806
Landing# 3400. Elapsed time: 13675
u =		   0.00036486264  -9.4543456e-05  -7.4699475e-05  -9.4545424e-05   9.8487664e-05   -4.964032e-05  -9.9165267e-05    0.0030060872 ...	F(t) =        8946.3803
Landing# 3420. Elapsed time: 13746
u =		   0.00034846131  -9.4563024e-05  -7.5587836e-05  -9.4555214e-05    9.148787e-05  -5.1412982e-05  -9.9165267e-05    0.0028964829 ...	F(t) =          8947.06
Landing# 3440. Elapsed time: 13816
u =		   0.00033254363  -9.4572802e-05  -7.6450649e-05  -9.4565001e-05   8.4692927e-05  -5.3134068e-05  -9.9165267e-05    0.0027900943 ...	F(t) =        8947.7251
Landing# 3460. Elapsed time: 13887
u =		   0.00031713541  -9.4592409e-05  -7.7286456e-05  -9.4594385e-05   7.8114983e-05  -5.4800703e-05  -9.9165267e-05     0.002687113 ...	F(t) =        8948.3707
Landing# 3480. Elapsed time: 13957
u =		   0.00030222421  -9.4631573e-05  -7.8094575e-05  -9.4643284e-05   7.1749999e-05  -5.6412984e-05  -9.9165267e-05    0.0025874583 ...	F(t) =        8948.9974
Landing# 3500. Elapsed time: 14028
u =		   0.00028779866  -9.4631573e-05  -7.8875852e-05  -9.4643284e-05   6.5592902e-05  -5.7972082e-05  -9.9165267e-05    0.0024910472 ...	F(t) =        8949.6057
Landing# 3520. Elapsed time: 14099
u =		   0.00027384254  -9.4651177e-05  -7.9632011e-05  -9.4662848e-05   5.9635903e-05  -5.9480746e-05  -9.9165267e-05    0.0023977747 ...	F(t) =        8950.1958
Landing# 3540. Elapsed time: 14170
u =		   0.00026032252  -9.4690316e-05  -8.0364083e-05   -9.469225e-05   5.3864763e-05  -6.0941916e-05  -9.9165267e-05    0.0023074022 ...	F(t) =         8950.771
Landing# 3560. Elapsed time: 14241
u =		   0.00024723011  -9.4719651e-05  -8.1074752e-05  -9.4721632e-05   4.8274631e-05  -6.2358582e-05  -9.9165267e-05    0.0022198921 ...	F(t) =        8951.3313
Landing# 3580. Elapsed time: 14312
u =		   0.00023456999    -9.47392e-05  -8.1760668e-05  -9.4731422e-05   4.2871317e-05  -6.3727055e-05  -9.9165267e-05    0.0021352879 ...	F(t) =        8951.8748
Landing# 3600. Elapsed time: 14383
u =		   0.00022233435   -9.475876e-05  -8.2425471e-05  -9.4751001e-05   3.7646837e-05  -6.5051596e-05  -9.9165267e-05    0.0020535121 ...	F(t) =        8952.4018
Landing# 3620. Elapsed time: 14453
u =		   0.00021051107  -9.4768556e-05  -8.3065891e-05   -9.478033e-05   3.2600361e-05  -6.6329527e-05  -9.9165267e-05    0.0019744925 ...	F(t) =        8952.9126
Landing# 3640. Elapsed time: 14524
u =		   0.00019907051  -9.4797928e-05  -8.3679005e-05  -9.4809688e-05   2.7722628e-05  -6.7559642e-05  -9.9165267e-05    0.0018980088 ...	F(t) =        8953.4116
Landing# 3660. Elapsed time: 14595
u =		   0.00018800494  -9.4797928e-05  -8.4273094e-05  -9.4809688e-05   2.3005435e-05  -6.8750118e-05  -9.9165267e-05    0.0018240627 ...	F(t) =        8953.8969
Landing# 3680. Elapsed time: 14666
u =		   0.00017732146  -9.4827311e-05  -8.4851149e-05  -9.4829267e-05    1.844595e-05  -6.9904255e-05  -9.9165267e-05    0.0017526584 ...	F(t) =        8954.3681
Landing# 3700. Elapsed time: 14736
u =		   0.00016700823  -9.4846862e-05  -8.5411212e-05  -9.4848813e-05   1.4042735e-05  -7.1019646e-05  -9.9165267e-05    0.0016837223 ...	F(t) =        8954.8246
Landing# 3720. Elapsed time: 14808
u =		   0.00015705105  -9.4846862e-05  -8.5952424e-05  -9.4848813e-05   9.7911186e-06  -7.2097753e-05  -9.9165267e-05    0.0016171788 ...	F(t) =        8955.2668
Landing# 3740. Elapsed time: 14879
u =		   0.00014741686  -9.4866479e-05  -8.6474186e-05  -9.4868415e-05    5.679628e-06   -7.313895e-05  -9.9165267e-05    0.0015528012 ...	F(t) =        8955.7007
Landing# 3760. Elapsed time: 14950
u =		   0.00013811742  -9.4905597e-05  -8.6980646e-05  -9.4887988e-05   1.7080526e-06  -7.4146587e-05  -9.9165267e-05    0.0014906565 ...	F(t) =         8956.122
Landing# 3780. Elapsed time: 15021
u =		    0.0001291447  -9.4905597e-05  -8.7466905e-05  -9.4897781e-05  -2.1223587e-06  -7.5117519e-05  -9.9165267e-05    0.0014306996 ...	F(t) =        8956.5305
Landing# 3800. Elapsed time: 15092
u =		   0.00012048834  -9.4915376e-05  -8.7934203e-05  -9.4927145e-05  -5.8155919e-06  -7.6051501e-05  -9.9165267e-05    0.0013728431 ...	F(t) =        8956.9263
Landing# 3820. Elapsed time: 15163
u =		   0.00011213101  -9.4925181e-05  -8.8385585e-05  -9.4927145e-05  -9.3813453e-06  -7.6953518e-05  -9.9165267e-05    0.0013169885 ...	F(t) =        8957.3111
Landing# 3840. Elapsed time: 15234
u =		   0.00010405627  -9.4974135e-05  -8.8820708e-05  -9.4966276e-05  -1.2827699e-05  -7.7824353e-05  -9.9165267e-05    0.0012629848 ...	F(t) =        8957.6876
Landing# 3860. Elapsed time: 15306
u =		   9.6261638e-05   -9.498392e-05  -8.9242778e-05  -9.4985845e-05  -1.6153555e-05  -7.8666588e-05  -9.9165267e-05    0.0012109062 ...	F(t) =        8958.0525
Landing# 3880. Elapsed time: 15377
u =		   8.8750204e-05  -9.4993718e-05  -8.9650414e-05  -9.4995635e-05  -1.9361013e-05  -7.9479347e-05  -9.9165267e-05    0.0011606924 ...	F(t) =        8958.4059
Landing# 3900. Elapsed time: 15448
u =		   8.1507448e-05  -9.5013275e-05  -9.0040256e-05  -9.5015176e-05  -2.2451132e-05  -8.0259908e-05  -9.9165267e-05    0.0011122675 ...	F(t) =         8958.748
Landing# 3920. Elapsed time: 15520
u =		   7.4505854e-05  -9.5032867e-05  -9.0422083e-05  -9.5024988e-05  -2.5442814e-05  -8.1019671e-05  -9.9165267e-05    0.0010654669 ...	F(t) =        8959.0824
Landing# 3940. Elapsed time: 15591
u =		   6.7748122e-05  -9.5032867e-05  -9.0789706e-05  -9.5024988e-05  -2.8328409e-05  -8.1751625e-05  -9.9165267e-05    0.0010203077 ...	F(t) =        8959.4072
Landing# 3960. Elapsed time: 15662
u =		   6.1234203e-05  -9.5062239e-05  -9.1142642e-05  -9.5064131e-05  -3.1108189e-05  -8.2455706e-05  -9.9165267e-05   0.00097678322 ...	F(t) =        8959.7218
Landing# 3980. Elapsed time: 15733
u =		   5.4959257e-05  -9.5081783e-05  -9.1480622e-05  -9.5073919e-05  -3.3784781e-05  -8.3132064e-05  -9.9165267e-05    0.0009348416 ...	F(t) =         8960.026
Landing# 4000. Elapsed time: 15805
u =		   4.8901985e-05  -9.5091597e-05  -9.1806542e-05  -9.5093513e-05  -3.6366965e-05   -8.378445e-05  -9.9165267e-05   0.00089437839 ...	F(t) =        8960.3228
Landing# 4020. Elapsed time: 15876
u =		   4.3061497e-05   -9.511115e-05  -9.2119954e-05   -9.511305e-05  -3.8857474e-05  -8.4412872e-05  -9.9165267e-05   0.00085533621 ...	F(t) =        8960.6122
Landing# 4040. Elapsed time: 15947
u =		    3.743307e-05  -9.5130682e-05  -9.2425915e-05   -9.512283e-05  -4.1260431e-05  -8.5022252e-05  -9.9165267e-05   0.00081772664 ...	F(t) =        8960.8921
Landing# 4060. Elapsed time: 16019
u =		   3.2012105e-05  -9.5140455e-05    -9.27207e-05  -9.5152177e-05  -4.3575126e-05  -8.5609392e-05  -9.9165267e-05   0.00078150282 ...	F(t) =        8961.1632
Landing# 4080. Elapsed time: 16090
u =		    2.678514e-05  -9.5150237e-05  -9.3005432e-05  -9.5152177e-05  -4.5806433e-05  -8.6175777e-05  -9.9165267e-05   0.00074659143 ...	F(t) =        8961.4262
Landing# 4100. Elapsed time: 16162
u =		   2.1747474e-05  -9.5189383e-05  -9.3280497e-05  -9.5181513e-05  -4.7960063e-05  -8.6722655e-05  -9.9165267e-05   0.00071289987 ...	F(t) =        8961.6845
Landing# 4120. Elapsed time: 16233
u =		   1.6897993e-05  -9.5199152e-05  -9.3543855e-05  -9.5210853e-05  -5.0031615e-05  -8.7247252e-05  -9.9165267e-05    0.0006804715 ...	F(t) =         8961.934
Landing# 4140. Elapsed time: 16304
u =		   1.2229051e-05  -9.5208944e-05  -9.3795693e-05  -9.5210853e-05  -5.2023612e-05  -8.7750893e-05  -9.9165267e-05   0.00064926396 ...	F(t) =        8962.1755
Landing# 4160. Elapsed time: 16376
u =		    7.733642e-06  -9.5218719e-05  -9.4040402e-05  -9.5220621e-05  -5.3943261e-05  -8.8237079e-05  -9.9165267e-05   0.00061922165 ...	F(t) =        8962.4096
Landing# 4180. Elapsed time: 16447
u =		   3.3995469e-06  -9.5248103e-05  -9.4278505e-05  -9.5249983e-05  -5.5797999e-05  -8.8709147e-05  -9.9165267e-05   0.00059022761 ...	F(t) =          8962.64
Landing# 4200. Elapsed time: 16519
u =		  -7.7197744e-07  -9.5267653e-05  -9.4495256e-05  -9.5269518e-05  -5.7580129e-05  -8.9160497e-05  -9.9165267e-05   0.00056232349 ...	F(t) =        8962.8631
Landing# 4220. Elapsed time: 16591
u =		  -4.7871357e-06  -9.5287197e-05  -9.4693081e-05  -9.5279288e-05  -5.9293487e-05  -8.9593161e-05  -9.9165267e-05   0.00053546762 ...	F(t) =        8963.0783
Landing# 4240. Elapsed time: 16663
u =		  -8.6587721e-06  -9.5296965e-05     -9.4906e-05  -9.5298848e-05   -6.094695e-05  -9.0013517e-05  -9.9165267e-05   0.00050961136 ...	F(t) =        8963.2862
Landing# 4260. Elapsed time: 16734
u =		  -1.2399032e-05   -9.531657e-05  -9.5091754e-05  -9.5318461e-05  -6.2540656e-05  -9.0418064e-05  -9.9165267e-05   0.00048464142 ...	F(t) =        8963.4914
Landing# 4280. Elapsed time: 16806
u =		  -1.5995422e-05  -9.5336143e-05  -9.5251946e-05   -9.533802e-05  -6.4073635e-05  -9.0805198e-05  -9.9165267e-05    0.0004606147 ...	F(t) =        8963.6896
Landing# 4300. Elapsed time: 16877
u =		  -1.9451627e-05  -9.5355712e-05   -9.532067e-05  -9.5347829e-05  -6.5552117e-05  -9.1181363e-05  -9.9165267e-05   0.00043749946 ...	F(t) =        8963.8798
Landing# 4320. Elapsed time: 16949
u =		  -2.2781609e-05  -9.5355712e-05   -9.532067e-05  -9.5347829e-05  -6.6970849e-05  -9.1539423e-05  -9.9165267e-05   0.00041526139 ...	F(t) =        8964.0637
Landing# 4340. Elapsed time: 17020
u =		  -2.5991022e-05  -9.5394861e-05  -9.5389499e-05  -9.5396811e-05  -6.8340965e-05  -9.1885915e-05  -9.9165267e-05   0.00039380018 ...	F(t) =        8964.2451
Landing# 4360. Elapsed time: 17092
u =		  -2.9082984e-05  -9.5404654e-05  -9.5399303e-05  -9.5406596e-05  -6.9656504e-05  -9.2216858e-05  -9.9165267e-05   0.00037315883 ...	F(t) =        8964.4185
Landing# 4380. Elapsed time: 17164
u =		  -3.2051271e-05  -9.5433999e-05  -9.5438452e-05  -9.5435969e-05   -7.092639e-05  -9.2540089e-05  -9.9165267e-05   0.00035330904 ...	F(t) =        8964.5855
Landing# 4400. Elapsed time: 17236
u =		  -3.4907275e-05  -9.5443795e-05  -9.5448239e-05  -9.5445758e-05  -7.2143308e-05    -9.28471e-05  -9.9165267e-05   0.00033423053 ...	F(t) =        8964.7461
Landing# 4420. Elapsed time: 17307
u =		  -3.7659644e-05  -9.5492733e-05   -9.548745e-05  -9.5494659e-05  -7.3319935e-05  -9.3147053e-05  -9.9165267e-05     0.000315849 ...	F(t) =        8964.9042
Landing# 4440. Elapsed time: 17379
u =		  -4.0301402e-05  -9.5502502e-05  -9.5497218e-05  -9.5494659e-05  -7.4452771e-05  -9.3437145e-05  -9.9165267e-05   0.00029817686 ...	F(t) =        8965.0565
Landing# 4460. Elapsed time: 17450
u =		  -4.2825324e-05  -9.5502502e-05  -9.5506985e-05  -9.5504429e-05  -7.5538347e-05  -9.3713377e-05  -9.9165267e-05   0.00028120385 ...	F(t) =        8965.2026
Landing# 4480. Elapsed time: 17522
u =		  -4.5260388e-05  -9.5531862e-05  -9.5526554e-05  -9.5524002e-05   -7.658232e-05   -9.398028e-05  -9.9165267e-05   0.00026490827 ...	F(t) =        8965.3433
Landing# 4500. Elapsed time: 17593
u =		  -4.7609531e-05  -9.5531862e-05  -9.5536326e-05  -9.5533777e-05  -7.7583868e-05  -9.4234042e-05  -9.9165267e-05   0.00024922994 ...	F(t) =         8965.482
Landing# 4520. Elapsed time: 17665
u =		  -4.9864563e-05  -9.5561244e-05  -9.5565679e-05  -9.5553368e-05   -7.854556e-05  -9.4477448e-05  -9.9165267e-05   0.00023416782 ...	F(t) =         8965.617
Landing# 4540. Elapsed time: 17736
u =		  -5.2020411e-05  -9.5571028e-05  -9.5575453e-05  -9.5563167e-05  -7.9469101e-05  -9.4711309e-05  -9.9165267e-05   0.00021970489 ...	F(t) =        8965.7452
Landing# 4560. Elapsed time: 17808
u =		  -5.4098641e-05  -9.5590612e-05  -9.5585262e-05   -9.558278e-05  -8.0355658e-05  -9.4935799e-05  -9.9165267e-05   0.00020582389 ...	F(t) =        8965.8682
Landing# 4580. Elapsed time: 17880
u =		   -5.609961e-05  -9.5590612e-05  -9.5585262e-05   -9.558278e-05    -8.12103e-05  -9.5153162e-05  -9.9165267e-05   0.00019246109 ...	F(t) =        8965.9887
Landing# 4600. Elapsed time: 17951
u =		  -5.8020061e-05   -9.561028e-05  -9.5604954e-05  -9.5602477e-05   -8.203038e-05  -9.5361558e-05  -9.9165267e-05    0.0001796352 ...	F(t) =        8966.1051
Landing# 4620. Elapsed time: 18023
u =		   -5.986203e-05  -9.5629898e-05  -9.5624596e-05  -9.5622124e-05  -8.2814882e-05  -9.5551394e-05  -9.9165267e-05   0.00016733438 ...	F(t) =        8966.2175
Landing# 4640. Elapsed time: 18094
u =		  -6.1623497e-05  -9.5639734e-05   -9.564429e-05  -9.5622124e-05  -8.3563114e-05  -9.5600425e-05  -9.9165267e-05   0.00015554189 ...	F(t) =        8966.3238
Landing# 4660. Elapsed time: 18165
u =		  -6.3324638e-05  -9.5649545e-05  -9.5654091e-05  -9.5631972e-05  -8.4288473e-05  -9.5629828e-05  -9.9165267e-05   0.00014419769 ...	F(t) =        8966.4294
Landing# 4680. Elapsed time: 18236
u =		  -6.4955299e-05  -9.5659357e-05  -9.5663893e-05  -9.5641821e-05  -8.4983942e-05  -9.5639685e-05  -9.9165267e-05   0.00013332328 ...	F(t) =        8966.5302
Landing# 4700. Elapsed time: 18307
u =		  -6.6515424e-05  -9.5688776e-05  -9.5693282e-05  -9.5690794e-05  -8.5650197e-05  -9.5688697e-05  -9.9165267e-05   0.00012290197 ...	F(t) =        8966.6273
Landing# 4720. Elapsed time: 18379
u =		  -6.8010858e-05   -9.573789e-05  -9.5742345e-05   -9.573987e-05  -8.6290285e-05  -9.5737811e-05  -9.9165267e-05   0.00011290568 ...	F(t) =        8966.7203
Landing# 4740. Elapsed time: 18449
u =		  -6.9449061e-05   -9.577705e-05  -9.5771704e-05  -9.5779016e-05  -8.6903184e-05  -9.5776972e-05  -9.9165267e-05   0.00010328898 ...	F(t) =        8966.8105
Landing# 4760. Elapsed time: 18521
u =		  -7.0827042e-05  -9.5786826e-05  -9.5781478e-05  -9.5788784e-05  -8.7488552e-05  -9.5786748e-05  -9.9165267e-05   9.4073981e-05 ...	F(t) =        8966.8955
Landing# 4780. Elapsed time: 18592
u =		  -7.2141036e-05  -9.5806375e-05  -9.5801053e-05   -9.580832e-05  -8.8047201e-05  -9.5806298e-05  -9.9165267e-05   8.5247134e-05 ...	F(t) =        8966.9748
Landing# 4800. Elapsed time: 18663
u =		  -7.3404903e-05  -9.5816167e-05   -9.582061e-05  -9.5818094e-05  -8.8585107e-05   -9.581609e-05  -9.9165267e-05    7.678993e-05 ...	F(t) =        8967.0503
Landing# 4820. Elapsed time: 18735
u =		   -7.462139e-05  -9.5845525e-05  -9.5849946e-05  -9.5847439e-05  -8.9105216e-05  -9.5845449e-05  -9.9165267e-05   6.8664066e-05 ...	F(t) =        8967.1251
Landing# 4840. Elapsed time: 18806
u =		    -7.57685e-05   -9.586506e-05  -9.5859728e-05  -9.5866989e-05  -8.9600537e-05  -9.5864985e-05  -9.9165267e-05   6.0888635e-05 ...	F(t) =        8967.1952
Landing# 4860. Elapsed time: 18877
u =		  -7.6873536e-05   -9.586506e-05  -9.5869497e-05  -9.5866989e-05  -9.0073641e-05  -9.5864985e-05  -9.9165267e-05   5.3447336e-05 ...	F(t) =        8967.2602
Landing# 4880. Elapsed time: 18947
u =		  -7.7934528e-05  -9.5894413e-05  -9.5889057e-05  -9.5886555e-05  -9.0533177e-05  -9.5894338e-05  -9.9165267e-05   4.6321166e-05 ...	F(t) =        8967.3236
Landing# 4900. Elapsed time: 19019
u =		  -7.8949939e-05  -9.5904193e-05  -9.5908597e-05  -9.5906095e-05  -9.0968607e-05  -9.5904119e-05  -9.9165267e-05   3.9491658e-05 ...	F(t) =        8967.3853
Landing# 4920. Elapsed time: 19090
u =		  -7.9919985e-05  -9.5923731e-05  -9.5928156e-05  -9.5925632e-05  -9.1383819e-05  -9.5923657e-05  -9.9165267e-05   3.2963315e-05 ...	F(t) =        8967.4435
Landing# 4940. Elapsed time: 19161
u =		   -8.085566e-05  -9.5933497e-05  -9.5937922e-05  -9.5935402e-05   -9.178002e-05  -9.5933424e-05  -9.9165267e-05   2.6726201e-05 ...	F(t) =        8967.4974
Landing# 4960. Elapsed time: 19232
u =		   -8.175576e-05  -9.5943302e-05  -9.5947717e-05  -9.5945199e-05  -9.2163408e-05   -9.594323e-05  -9.9165267e-05   2.0750513e-05 ...	F(t) =        8967.5513
Landing# 4980. Elapsed time: 19302
u =		  -8.2612565e-05  -9.5943302e-05  -9.5947717e-05  -9.5945199e-05  -9.2531144e-05   -9.594323e-05  -9.9165267e-05   1.5036779e-05 ...	F(t) =        8967.6018
Landing# 5000. Elapsed time: 19374
u =		     -8.3431e-05  -9.5972658e-05  -9.5967303e-05  -9.5974533e-05  -9.2877051e-05  -9.5972587e-05  -9.9165267e-05   9.5821692e-06 ...	F(t) =        8967.6498
Landing# 5020. Elapsed time: 19444
u =		  -8.4212532e-05  -9.5972658e-05  -9.5977071e-05  -9.5974533e-05  -9.3211745e-05  -9.5972587e-05  -9.9165267e-05   4.3723422e-06 ...	F(t) =        8967.6941
Landing# 5040. Elapsed time: 19515
u =		  -8.4961802e-05  -9.5982478e-05   -9.598688e-05  -9.5984345e-05  -9.3531331e-05  -9.5982407e-05  -9.9165267e-05  -6.1623936e-07 ...	F(t) =        8967.7399
Landing# 5060. Elapsed time: 19586
u =		  -8.5678581e-05  -9.5992275e-05  -9.5996667e-05  -9.5994135e-05  -9.3838286e-05  -9.5992205e-05  -9.9165267e-05  -5.3801324e-06 ...	F(t) =        8967.7827
Landing# 5080. Elapsed time: 19656
u =		  -8.6363308e-05  -9.6011863e-05  -9.6006465e-05  -9.6013708e-05  -9.4130277e-05  -9.6002014e-05  -9.9165267e-05  -9.9248246e-06 ...	F(t) =         8967.824
Landing# 5100. Elapsed time: 19728
u =		  -8.7016784e-05  -9.6050983e-05   -9.604564e-05  -9.6043061e-05  -9.4408926e-05  -9.6050953e-05  -9.9165267e-05  -1.4263029e-05 ...	F(t) =        8967.8636
Landing# 5120. Elapsed time: 19799
u =		   -8.764194e-05  -9.6060761e-05  -9.6055431e-05  -9.6052834e-05  -9.4677418e-05  -9.6060731e-05  -9.9165267e-05  -1.8415244e-05 ...	F(t) =        8967.9031
Landing# 5140. Elapsed time: 19869
u =		  -8.8239573e-05  -9.6060761e-05  -9.6055431e-05  -9.6052834e-05  -9.4932086e-05  -9.6060731e-05  -9.9165267e-05  -2.2373087e-05 ...	F(t) =        8967.9401
Landing# 5160. Elapsed time: 19940
u =		  -8.8808017e-05  -9.6070527e-05   -9.607499e-05  -9.6072399e-05  -9.5174562e-05  -9.6070498e-05  -9.9165267e-05   -2.614579e-05 ...	F(t) =         8967.975
Landing# 5180. Elapsed time: 20011
u =		  -8.9351507e-05  -9.6080331e-05  -9.6094591e-05  -9.6082195e-05  -9.5406681e-05  -9.6090122e-05  -9.9165267e-05  -2.9743436e-05 ...	F(t) =        8968.0087
Landing# 5200. Elapsed time: 20082
u =		  -8.9860452e-05  -9.6090109e-05  -9.6094591e-05  -9.6091965e-05  -9.5591515e-05  -9.6090122e-05  -9.9165267e-05  -3.3183484e-05 ...	F(t) =        8968.0435
Landing# 5220. Elapsed time: 20153
u =		  -9.0353327e-05  -9.6119431e-05  -9.6114149e-05    -9.61115e-05  -9.5783973e-05  -9.6119445e-05  -9.9165267e-05  -3.6461795e-05 ...	F(t) =        8968.0768
Landing# 5240. Elapsed time: 20223
u =		  -9.0820603e-05  -9.6129196e-05  -9.6123928e-05  -9.6121283e-05  -9.5977559e-05  -9.6129211e-05  -9.9165267e-05  -3.9583179e-05 ...	F(t) =        8968.1076
Landing# 5260. Elapsed time: 20294
u =		  -9.1267294e-05  -9.6138998e-05  -9.6143487e-05  -9.6140857e-05  -9.6106514e-05  -9.6139013e-05  -9.9165267e-05  -4.2563487e-05 ...	F(t) =        8968.1387
Landing# 5280. Elapsed time: 20364
u =		  -9.1690098e-05  -9.6148785e-05  -9.6153264e-05  -9.6160428e-05  -9.6145735e-05  -9.6148801e-05  -9.9165267e-05  -4.5407026e-05 ...	F(t) =        8968.1686
Landing# 5300. Elapsed time: 20436
u =		  -9.2088451e-05   -9.616836e-05   -9.617282e-05  -9.6170196e-05  -9.6165327e-05  -9.6168376e-05  -9.9165267e-05  -4.8119074e-05 ...	F(t) =        8968.1958
Landing# 5320. Elapsed time: 20507
u =		  -9.2468343e-05  -9.6178127e-05  -9.6182588e-05  -9.6179965e-05  -9.6175102e-05  -9.6178143e-05  -9.9165267e-05  -5.0702195e-05 ...	F(t) =        8968.2208
Landing# 5340. Elapsed time: 20577
u =		  -9.2839719e-05  -9.6207446e-05   -9.620215e-05  -9.6199503e-05   -9.620443e-05  -9.6207464e-05  -9.9165267e-05  -5.3168787e-05 ...	F(t) =        8968.2471
Landing# 5360. Elapsed time: 20648
u =		  -9.3187998e-05  -9.6207446e-05  -9.6211922e-05  -9.6209278e-05  -9.6214196e-05  -9.6207464e-05  -9.9165267e-05  -5.5518398e-05 ...	F(t) =        8968.2718
Landing# 5380. Elapsed time: 20719
u =		  -9.3522785e-05  -9.6217225e-05  -9.6221689e-05  -9.6228817e-05  -9.6214196e-05  -9.6217243e-05  -9.9165267e-05  -5.7756087e-05 ...	F(t) =        8968.2941
Landing# 5400. Elapsed time: 20790
u =		   -9.383801e-05  -9.6226994e-05  -9.6221689e-05  -9.6228817e-05  -9.6223973e-05  -9.6227012e-05  -9.9165267e-05  -5.9881236e-05 ...	F(t) =        8968.3146
Landing# 5420. Elapsed time: 20860
u =		  -9.4144874e-05  -9.6256357e-05  -9.6251095e-05  -9.6258156e-05  -9.6253361e-05  -9.6256376e-05  -9.9165267e-05  -6.1913275e-05 ...	F(t) =        8968.3368
Landing# 5440. Elapsed time: 20931
u =		  -9.4437441e-05  -9.6266153e-05  -9.6260905e-05  -9.6267944e-05  -9.6263165e-05  -9.6266172e-05  -9.9165267e-05  -6.3850881e-05 ...	F(t) =        8968.3549
Landing# 5460. Elapsed time: 21001
u =		  -9.4712155e-05  -9.6275938e-05  -9.6280482e-05  -9.6277722e-05   -9.628273e-05  -9.6275958e-05  -9.9165267e-05  -6.5695537e-05 ...	F(t) =        8968.3691
Landing# 5480. Elapsed time: 21072
u =		  -9.4975922e-05  -9.6295474e-05  -9.6300036e-05  -9.6297284e-05  -9.6302273e-05  -9.6295494e-05  -9.9165267e-05  -6.7452715e-05 ...	F(t) =        8968.3816
Landing# 5500. Elapsed time: 21143
u =		  -9.5228503e-05  -9.6324799e-05  -9.6319581e-05  -9.6316836e-05  -9.6321824e-05  -9.6324821e-05  -9.9165267e-05  -6.9132209e-05 ...	F(t) =        8968.3941
Landing# 5520. Elapsed time: 21214
u =		  -9.5467651e-05  -9.6334577e-05  -9.6339114e-05  -9.6336377e-05   -9.633161e-05  -9.6334599e-05  -9.9165267e-05  -7.0727111e-05 ...	F(t) =        8968.4025
Landing# 5540. Elapsed time: 21285
u =		  -9.5698286e-05  -9.6344344e-05  -9.6339114e-05  -9.6336377e-05  -9.6341386e-05  -9.6344367e-05  -9.9165267e-05  -7.2243867e-05 ...	F(t) =        8968.4084
Landing# 5560. Elapsed time: 21355
u =		  -9.5919974e-05  -9.6354162e-05  -9.6348946e-05  -9.6355978e-05  -9.6351213e-05  -9.6354186e-05  -9.9165267e-05  -7.3689826e-05 ...	F(t) =        8968.4141
Landing# 5580. Elapsed time: 21426
u =		  -9.6130584e-05  -9.6363941e-05   -9.636849e-05  -9.6355978e-05  -9.6360984e-05  -9.6363964e-05  -9.9165267e-05  -7.5066929e-05 ...	F(t) =        8968.4183
Landing# 5600. Elapsed time: 21497
u =		  -9.6321373e-05  -9.6363941e-05   -9.636849e-05  -9.6355978e-05  -9.6360984e-05  -9.6363964e-05  -9.9165267e-05  -7.6373948e-05 ...	F(t) =        8968.4196
Landing# 5620. Elapsed time: 21568
u =		   -9.637055e-05  -9.6363941e-05   -9.636849e-05  -9.6355978e-05  -9.6360984e-05  -9.6363964e-05  -9.9165267e-05  -7.7613763e-05 ...	F(t) =        8968.4185
Landing# 5640. Elapsed time: 21638
u =		  -9.6399904e-05  -9.6383505e-05  -9.6388044e-05  -9.6385333e-05  -9.6390323e-05  -9.6383529e-05  -9.9165267e-05  -7.8795684e-05 ...	F(t) =         8968.419
Landing# 5660. Elapsed time: 21709
u =		  -9.6409697e-05  -9.6393355e-05  -9.6397882e-05  -9.6395175e-05  -9.6400155e-05   -9.639338e-05  -9.9165267e-05  -7.9916932e-05 ...	F(t) =         8968.418
Landing# 5680. Elapsed time: 21780
u =		  -9.6429253e-05  -9.6412937e-05  -9.6417441e-05  -9.6414741e-05  -9.6419701e-05  -9.6412963e-05  -9.9165267e-05  -8.0981565e-05 ...	F(t) =        8968.4158
Landing# 5700. Elapsed time: 21851
u =		   -9.643902e-05  -9.6432533e-05  -9.6437013e-05  -9.6434321e-05  -9.6439262e-05   -9.643256e-05  -9.9165267e-05  -8.1993249e-05 ...	F(t) =        8968.4112
Landing# 5720. Elapsed time: 21922
u =		  -9.6448796e-05  -9.6452132e-05  -9.6456588e-05  -9.6453904e-05  -9.6458825e-05  -9.6452159e-05  -9.9165267e-05  -8.2954401e-05 ...	F(t) =        8968.4085
Landing# 5740. Elapsed time: 21992
u =		  -9.6468343e-05  -9.6471702e-05   -9.646637e-05  -9.6473457e-05    -9.64686e-05  -9.6471729e-05  -9.9165267e-05  -8.3867531e-05 ...	F(t) =        8968.4032
Landing# 5760. Elapsed time: 22063
u =		  -9.6487906e-05  -9.6481477e-05  -9.6485914e-05  -9.6483225e-05  -9.6488152e-05  -9.6481506e-05  -9.9165267e-05   -8.473384e-05 ...	F(t) =        8968.3956
Landing# 5780. Elapsed time: 22134
u =		  -9.6507475e-05  -9.6491267e-05  -9.6495691e-05  -9.6493006e-05  -9.6497924e-05  -9.6491295e-05  -9.9165267e-05  -8.5555683e-05 ...	F(t) =        8968.3873
Landing# 5800. Elapsed time: 22205
u =		  -9.6507475e-05  -9.6510829e-05   -9.651523e-05  -9.6512552e-05  -9.6507697e-05  -9.6510858e-05  -9.9165267e-05  -8.6337097e-05 ...	F(t) =        8968.3798
Landing# 5820. Elapsed time: 22276
u =		  -9.6517247e-05  -9.6520601e-05   -9.651523e-05  -9.6512552e-05  -9.6517479e-05  -9.6520631e-05  -9.9165267e-05  -8.7076599e-05 ...	F(t) =        8968.3701
         F(u) = 8968.363 == F(w) = 8968.3678
Maybe, you should decreas PP_EPS_OBJ.
=============================================
Elapsed time: 22325.148
Iterations: 76184348
Optimal objective value:         8968.363
Exact objective value:           9146.378
Relative error = 0.019462895
=============================================
Solution is saved into the file 'Problems/lp_fit1d_so.mtx'.
Solution:	               0       1.0000992               0       1.0000973               0      0.91174111               0       1.0000965	...
Ordered:	               0               0               0               0               0               0               0               0	...
