=================================================== BSF Target ====================================================
Problem name: fit1d
Number of Workers: 40
OpenMP is turned off!
Map List is not Fragmented.
Before conversion: m =	24	n = 1049
After conversion:  m =	2077	n = 1026
Eps Min Dir Length:	0.001
Eps Objective:		0.001
Eps Shift:		0.001
Eps Zero Compare:	0.001
Eps Zero Direction:	0.001
Exact Obj Value:	9146.378
Distance to Apex:	0
Low Cost Percentile:	0
Gap Max:		0.01
Obj Vector Length:	1
Start Shift Lengt:	1
Blocking obj var:	false
Use low cost vars:	false
--------------- Statisics ---------------
Number of high-cost variables:	1026
Number of low-cost variables:	0
Number of zero-cost variables:	0
Problem Scale:			3
--------------- Data ---------------
Obj Function:	           -1440            -800            -770            -710            -700            -660            -650            -600 ...
Start point:	  -0.00099889723  -0.00098558345  -0.00098566862  -0.00098527581  -0.00098954115  -0.00098531289  -0.00099237055  -0.00098519113 ...	F(x) = 8979.9848
Apex point:	  -0.00099889723  -0.00098558345  -0.00098566862  -0.00098527581  -0.00098954115  -0.00098531289  -0.00099237055  -0.00098519113 ...	F(x) = 8979.9848
-------------------------------------------
--------- Finding feasible point ------------
Iter # 0. Elapsed time: 0
u =		  -0.00099889723  -0.00098558345  -0.00098566862  -0.00098527581  -0.00098954115  -0.00098531289  -0.00099237055  -0.00098519113 ...	F(t) =        8979.9848
Landing# 0. Elapsed time: 1
u =		  -0.00099889723  -0.00098558345  -0.00098566862  -0.00098527581  -0.00098954115  -0.00098531289  -0.00099237055  -0.00098519113 ...	F(t) =        8980.0359
Landing# 50. Elapsed time: 56
u =		  -0.00099889723  -0.00098558345  -0.00098566862  -0.00098527581  -0.00098954115  -0.00098531289  -0.00099237055  -0.00098519113 ...	F(t) =        8982.4977
Landing# 100. Elapsed time: 111
u =		  -0.00099889723  -0.00098558345  -0.00098566862  -0.00098626148  -0.00098954115  -0.00098629272  -0.00099237055  -0.00098617603 ...	F(t) =         8985.012
Landing# 150. Elapsed time: 165
u =		  -0.00099889723  -0.00098656158  -0.00098566862  -0.00098626148  -0.00098954115  -0.00098629272  -0.00099237055  -0.00098617603 ...	F(t) =        8987.7034
Landing# 200. Elapsed time: 220
u =		  -0.00099889723  -0.00098656158  -0.00098664635  -0.00098626148  -0.00098954115  -0.00098629272  -0.00099237055  -0.00098617603 ...	F(t) =          8990.39
Landing# 250. Elapsed time: 275
u =		  -0.00099889723  -0.00098656158  -0.00098664635  -0.00098626148  -0.00098954115  -0.00098629272  -0.00099237055  -0.00098617603 ...	F(t) =        8992.9174
Landing# 300. Elapsed time: 330
u =		  -0.00099889723  -0.00098656158  -0.00098664635  -0.00098626148  -0.00098954115  -0.00098629272  -0.00099237055  -0.00098715287 ...	F(t) =        8995.4669
Landing# 350. Elapsed time: 385
u =		  -0.00099889723  -0.00098656158  -0.00098664635  -0.00098724447  -0.00098954115  -0.00098629272  -0.00099237055  -0.00098715287 ...	F(t) =        8998.1018
Landing# 400. Elapsed time: 439
u =		  -0.00099889723  -0.00098753877  -0.00098664635  -0.00098724447  -0.00098954115  -0.00098727425  -0.00099237055  -0.00098715287 ...	F(t) =        9000.7908
Landing# 450. Elapsed time: 494
u =		  -0.00099889723  -0.00098753877  -0.00098762328  -0.00098724447  -0.00098954115  -0.00098727425  -0.00099237055  -0.00098715287 ...	F(t) =        9003.4721
Landing# 500. Elapsed time: 549
u =		  -0.00099889723  -0.00098753877  -0.00098762328  -0.00098724447  -0.00098954115  -0.00098727425  -0.00099237055  -0.00098715287 ...	F(t) =        9006.3134
Landing# 550. Elapsed time: 603
u =		  -0.00099889723  -0.00098753877  -0.00098762328  -0.00098724447  -0.00098954115  -0.00098727425  -0.00099237055  -0.00098715287 ...	F(t) =        9009.1849
Landing# 600. Elapsed time: 658
u =		  -0.00099889723  -0.00098753877  -0.00098762328  -0.00098822279  -0.00098954115  -0.00098727425  -0.00099237055  -0.00098813599 ...	F(t) =          9012.13
Landing# 650. Elapsed time: 713
u =		  -0.00099783074   -0.0009885189  -0.00098762328  -0.00098822279  -0.00098954115  -0.00098825863  -0.00099237055  -0.00098813599 ...	F(t) =        9015.1158
Landing# 700. Elapsed time: 768
u =		  -0.00099783074   -0.0009885189  -0.00098861373  -0.00098822279  -0.00098954115  -0.00098825863  -0.00099237055  -0.00098813599 ...	F(t) =        9018.1106
Landing# 750. Elapsed time: 822
u =		  -0.00099783074   -0.0009885189  -0.00098861373  -0.00098822279  -0.00098954115  -0.00098825863  -0.00099237055  -0.00098813599 ...	F(t) =        9021.0726
Landing# 800. Elapsed time: 877
u =		  -0.00099783074   -0.0009885189  -0.00098861373  -0.00098822279  -0.00098954115  -0.00098825863  -0.00099237055  -0.00098813599 ...	F(t) =        9023.9919
Landing# 850. Elapsed time: 932
u =		  -0.00099783074   -0.0009885189  -0.00098861373  -0.00098822279  -0.00098954115  -0.00098825863  -0.00099237055  -0.00098813599 ...	F(t) =        9026.8895
Landing# 900. Elapsed time: 986
u =		  -0.00099783074   -0.0009885189  -0.00098861373  -0.00098920238  -0.00098954115  -0.00098923606  -0.00099237055   -0.0009891268 ...	F(t) =        9029.6921
Landing# 950. Elapsed time: 1041
u =		  -0.00099783074  -0.00098949794  -0.00098960272  -0.00098920238  -0.00098954115  -0.00098923606  -0.00099237055   -0.0009891268 ...	F(t) =        9032.2946
Landing# 1000. Elapsed time: 1097
u =		  -0.00099783074  -0.00098949794  -0.00098960272  -0.00098920238  -0.00098954115  -0.00098923606  -0.00099237055   -0.0009891268 ...	F(t) =        9034.7803
Landing# 1050. Elapsed time: 1152
u =		  -0.00099783074  -0.00098949794  -0.00098960272  -0.00098920238  -0.00098954115  -0.00098923606  -0.00099237055   -0.0009891268 ...	F(t) =        9037.2347
Landing# 1100. Elapsed time: 1207
u =		   -0.0009963625  -0.00098949794  -0.00098960272  -0.00098920238  -0.00098954115  -0.00098923606  -0.00099237055   -0.0009891268 ...	F(t) =        9039.6525
Landing# 1150. Elapsed time: 1262
u =		  -0.00099508993  -0.00098949794  -0.00098960272  -0.00099020167  -0.00098954115  -0.00098923606  -0.00099237055  -0.00099011185 ...	F(t) =        9041.9995
Landing# 1200. Elapsed time: 1317
u =		  -0.00099379486  -0.00099047553  -0.00098960272  -0.00099020167  -0.00098954115  -0.00099024892  -0.00099237055  -0.00099011185 ...	F(t) =        9044.1482
Landing# 1250. Elapsed time: 1372
u =		  -0.00099268132  -0.00099047553  -0.00099058807  -0.00099020167  -0.00099052546  -0.00099024892  -0.00099237055  -0.00099011185 ...	F(t) =        9046.3193
Landing# 1300. Elapsed time: 1427
u =		  -0.00099268132  -0.00099047553  -0.00099058807  -0.00099020167  -0.00099052546  -0.00099024892  -0.00099237055  -0.00099011185 ...	F(t) =         9048.483
Landing# 1350. Elapsed time: 1483
u =		  -0.00099268132  -0.00099047553  -0.00099058807  -0.00099020167  -0.00099052546  -0.00099024892  -0.00099237055  -0.00099011185 ...	F(t) =        9050.6593
Landing# 1400. Elapsed time: 1538
u =		  -0.00099268132  -0.00099047553  -0.00099058807  -0.00099020167  -0.00099052546  -0.00099024892  -0.00099237055  -0.00099011185 ...	F(t) =        9052.5857
Landing# 1450. Elapsed time: 1593
u =		  -0.00099268132  -0.00099047553  -0.00099058807  -0.00099020167  -0.00099052546  -0.00099024892  -0.00099237055  -0.00099011185 ...	F(t) =        9054.4345
Landing# 1500. Elapsed time: 1648
u =		  -0.00099268132  -0.00099047553  -0.00099058807  -0.00099020167  -0.00099052546  -0.00099024892  -0.00099237055  -0.00099109154 ...	F(t) =        9056.2261
Landing# 1550. Elapsed time: 1704
u =		  -0.00099268132  -0.00099047553  -0.00099058807  -0.00099118344  -0.00099052546  -0.00099123018  -0.00099237055  -0.00099109154 ...	F(t) =        9058.0147
Landing# 1600. Elapsed time: 1759
u =		  -0.00099268132  -0.00099145458  -0.00099058807  -0.00099118344  -0.00099052546  -0.00099123018  -0.00099237055  -0.00099109154 ...	F(t) =        9059.8721
Landing# 1650. Elapsed time: 1814
u =		  -0.00099268132  -0.00099145458  -0.00099158703  -0.00099118344  -0.00099052546  -0.00099123018  -0.00099237055  -0.00099109154 ...	F(t) =        9061.7457
Landing# 1700. Elapsed time: 1868
u =		  -0.00099268132  -0.00099145458  -0.00099158703  -0.00099118344  -0.00099151661  -0.00099123018  -0.00099237055  -0.00099109154 ...	F(t) =        9063.6835
Landing# 1750. Elapsed time: 1923
u =		  -0.00099268132  -0.00099145458  -0.00099158703  -0.00099118344  -0.00099151661  -0.00099123018  -0.00099237055  -0.00099109154 ...	F(t) =         9065.673
Landing# 1800. Elapsed time: 1978
u =		  -0.00099268132  -0.00099145458  -0.00099158703  -0.00099118344  -0.00099151661  -0.00099123018  -0.00099237055  -0.00099109154 ...	F(t) =        9067.7203
Landing# 1850. Elapsed time: 2033
u =		  -0.00099151364  -0.00099145458  -0.00099158703  -0.00099118344  -0.00099151661  -0.00099123018  -0.00099237055  -0.00099109154 ...	F(t) =        9069.6919
Landing# 1900. Elapsed time: 2087
u =		  -0.00099151364  -0.00099145458  -0.00099158703  -0.00099118344  -0.00099151661  -0.00099123018  -0.00099237055  -0.00099109154 ...	F(t) =        9071.6508
Landing# 1950. Elapsed time: 2142
u =		  -0.00099151364  -0.00099145458  -0.00099158703  -0.00099118344  -0.00099151661  -0.00099123018  -0.00099237055  -0.00099109154 ...	F(t) =        9073.6465
Landing# 2000. Elapsed time: 2197
u =		  -0.00099151364  -0.00099145458  -0.00099158703  -0.00099118344  -0.00099151661  -0.00099123018  -0.00099237055  -0.00099109154 ...	F(t) =        9075.7208
Landing# 2050. Elapsed time: 2251
u =		  -0.00099147158  -0.00099145458  -0.00099158703  -0.00099118344  -0.00099151661  -0.00099123018  -0.00099237055  -0.00099109154 ...	F(t) =        9077.7208
Landing# 2100. Elapsed time: 2306
u =		  -0.00099147158  -0.00099145458  -0.00099158703  -0.00099118344  -0.00099151661  -0.00099123018  -0.00099237055  -0.00099206989 ...	F(t) =        9079.7709
Landing# 2150. Elapsed time: 2361
u =		  -0.00099136597  -0.00099145458  -0.00099158703  -0.00099118344  -0.00099151661  -0.00099123018  -0.00099237055  -0.00099206989 ...	F(t) =        9081.8338
Landing# 2200. Elapsed time: 2415
u =		  -0.00099136597  -0.00099145458  -0.00099158703  -0.00099118344  -0.00099151661  -0.00099220694  -0.00099237055  -0.00099206989 ...	F(t) =        9083.9051
Landing# 2250. Elapsed time: 2470
u =		  -0.00099234392  -0.00099145458  -0.00099158703  -0.00099216993  -0.00099151661   -0.0009920079  -0.00099237055  -0.00099206989 ...	F(t) =         9085.978
Landing# 2300. Elapsed time: 2525
u =		  -0.00099190375  -0.00099245939  -0.00099158703  -0.00099216993  -0.00099151661  -0.00099191081  -0.00099237055  -0.00099206989 ...	F(t) =        9088.0309
Landing# 2350. Elapsed time: 2579
u =		  -0.00098588729  -0.00099245939  -0.00099257215  -0.00099216993   -0.0009925239  -0.00099191081  -0.00099237055  -0.00099206989 ...	F(t) =        9089.9749
Landing# 2400. Elapsed time: 2634
u =		  -0.00099010946  -0.00099245939  -0.00099257215  -0.00099314696   -0.0009925239  -0.00099291104  -0.00099237055  -0.00099305192 ...	F(t) =        9091.7722
Landing# 2450. Elapsed time: 2688
u =		  -0.00099268577  -0.00099245939  -0.00099257215  -0.00099314696   -0.0009925239   -0.0009928909  -0.00099237055  -0.00099305192 ...	F(t) =        9093.5267
Landing# 2500. Elapsed time: 2742
u =		  -0.00099234434  -0.00099345206  -0.00099257215  -0.00099314696   -0.0009925239  -0.00099278789  -0.00099335105  -0.00099305192 ...	F(t) =        9095.2763
Landing# 2550. Elapsed time: 2797
u =		  -0.00099180846  -0.00099345206  -0.00099257215  -0.00099314696  -0.00099350211  -0.00099278789  -0.00099335105  -0.00099305192 ...	F(t) =        9096.9808
Landing# 2600. Elapsed time: 2851
u =		  -0.00099087278  -0.00099345206  -0.00099355442  -0.00099314696  -0.00099350211  -0.00099278789  -0.00099335105  -0.00099305192 ...	F(t) =        9098.6741
Landing# 2650. Elapsed time: 2905
u =		  -0.00099283414  -0.00099345206  -0.00099355442  -0.00099314696  -0.00099350211  -0.00099278789  -0.00099335105  -0.00099305192 ...	F(t) =        9100.3821
Landing# 2700. Elapsed time: 2960
u =		  -0.00099270595  -0.00099345206  -0.00099355442  -0.00099314696  -0.00099350211  -0.00099278789  -0.00099335105  -0.00099305192 ...	F(t) =        9102.1202
Landing# 2750. Elapsed time: 3014
u =		  -0.00099116808  -0.00099345206  -0.00099355442  -0.00099314696  -0.00099350211  -0.00099262259  -0.00099335105  -0.00099305192 ...	F(t) =        9103.8549
Landing# 2800. Elapsed time: 3069
u =		  -0.00099146936  -0.00099345206  -0.00099355442  -0.00099314696  -0.00099350211  -0.00099262259  -0.00099335105  -0.00099305192 ...	F(t) =        9105.5739
Landing# 2850. Elapsed time: 3123
u =		  -0.00098838829  -0.00099345206  -0.00099355442  -0.00099314696  -0.00099350211  -0.00099262259  -0.00099335105  -0.00099305192 ...	F(t) =        9107.3089
Landing# 2900. Elapsed time: 3177
u =		  -0.00099131144  -0.00099345206  -0.00099355442  -0.00099314696  -0.00099350211  -0.00099262259  -0.00099335105  -0.00099305192 ...	F(t) =        9109.0877
Landing# 2950. Elapsed time: 3232
u =		  -0.00099314879  -0.00099345206  -0.00099355442  -0.00099314696  -0.00099350211  -0.00099327751  -0.00099335105  -0.00099305192 ...	F(t) =        9110.8112
Landing# 3000. Elapsed time: 3286
u =		  -0.00099314146  -0.00099345206  -0.00099355442  -0.00099314696  -0.00099350211  -0.00099327751  -0.00099335105  -0.00099305192 ...	F(t) =        9112.4958
Landing# 3050. Elapsed time: 3341
u =		  -0.00099333206  -0.00099345206  -0.00099355442  -0.00099314696  -0.00099350211  -0.00099327751  -0.00099335105  -0.00099305192 ...	F(t) =          9114.06
Landing# 3100. Elapsed time: 3395
u =		  -0.00099301046  -0.00099345206  -0.00099355442  -0.00099314696  -0.00099350211  -0.00099319108  -0.00099335105  -0.00099305192 ...	F(t) =        9115.5937
Landing# 3150. Elapsed time: 3449
u =		  -0.00099297675  -0.00099345206  -0.00099355442  -0.00099314696  -0.00099350211  -0.00099266327  -0.00099335105  -0.00099305192 ...	F(t) =        9117.1887
Landing# 3200. Elapsed time: 3504
u =		  -0.00099355426  -0.00099345206  -0.00099355442  -0.00099314696  -0.00099350211  -0.00099365565  -0.00099335105  -0.00099305192 ...	F(t) =        9118.8236
Landing# 3250. Elapsed time: 3558
u =		  -0.00099070202  -0.00099345206  -0.00099355442  -0.00099314696  -0.00099350211  -0.00099365565  -0.00099335105  -0.00099305192 ...	F(t) =        9120.3611
Landing# 3300. Elapsed time: 3612
u =		  -0.00099128004  -0.00099345206  -0.00099355442  -0.00099314696  -0.00099350211    -0.000993233  -0.00099335105  -0.00099403197 ...	F(t) =        9121.8184
Landing# 3350. Elapsed time: 3667
u =		  -0.00099094117  -0.00099345206  -0.00099355442  -0.00099314696  -0.00099350211  -0.00099202104  -0.00099335105  -0.00099403197 ...	F(t) =        9123.3574
Landing# 3400. Elapsed time: 3721
u =		  -0.00099139496  -0.00099345206  -0.00099355442  -0.00099412984  -0.00099350211  -0.00099304636  -0.00099335105  -0.00099403197 ...	F(t) =         9124.927
Landing# 3450. Elapsed time: 3776
u =		   -0.0009935387  -0.00099345206  -0.00099355442  -0.00099412984  -0.00099350211  -0.00099296546  -0.00099335105  -0.00099403197 ...	F(t) =        9126.5331
Landing# 3500. Elapsed time: 3830
u =		  -0.00098966794  -0.00099345206  -0.00099355442  -0.00099412984  -0.00099350211  -0.00099387942  -0.00099335105  -0.00099403197 ...	F(t) =        9128.1525
Landing# 3550. Elapsed time: 3884
u =		  -0.00099254252  -0.00099345206  -0.00099355442  -0.00099412984  -0.00099350211  -0.00099361257  -0.00099335105  -0.00099403197 ...	F(t) =        9129.7776
Landing# 3600. Elapsed time: 3939
u =		  -0.00098845971  -0.00099443156  -0.00099355442  -0.00099412984  -0.00099433762  -0.00099194154  -0.00099433155  -0.00099403197 ...	F(t) =        9131.4901
Landing# 3650. Elapsed time: 3994
u =		  -0.00098395405  -0.00099443156   -0.0009945454  -0.00099412984  -0.00099433762  -0.00099400538  -0.00099433155  -0.00099403197 ...	F(t) =        9133.1567
Landing# 3700. Elapsed time: 4049
u =		  -0.00098188969  -0.00099443156   -0.0009945454  -0.00099412984  -0.00099433762  -0.00099394509  -0.00099433155  -0.00099403197 ...	F(t) =        9134.8347
Landing# 3750. Elapsed time: 4103
u =		  -0.00098433784  -0.00099443156   -0.0009945454  -0.00099412984  -0.00099433762  -0.00099430006  -0.00099433155  -0.00099501104 ...	F(t) =        9136.4721
Landing# 3800. Elapsed time: 4158
u =		  -0.00098604334  -0.00099443156   -0.0009945454  -0.00099510985  -0.00099433762  -0.00099382839  -0.00099433155  -0.00099501104 ...	F(t) =        9138.0233
Landing# 3850. Elapsed time: 4213
u =		  -0.00099432179  -0.00099542931   -0.0009945454  -0.00099510985  -0.00099533169  -0.00099271626  -0.00099533703  -0.00099501104 ...	F(t) =        9139.5326
Landing# 3900. Elapsed time: 4268
u =		  -0.00099389431  -0.00099542931   -0.0009955295  -0.00099510985  -0.00099533169  -0.00099511657  -0.00099533703  -0.00099501104 ...	F(t) =        9141.0215
Landing# 3950. Elapsed time: 4323
u =		  -0.00098874023  -0.00099542931   -0.0009955295  -0.00099510985  -0.00099533169  -0.00099473779  -0.00099533703  -0.00099501104 ...	F(t) =        9142.4834
Landing# 4000. Elapsed time: 4378
u =		  -0.00099463561  -0.00099542931   -0.0009955295  -0.00099510985  -0.00099533169  -0.00099473779  -0.00099533703  -0.00099501104 ...	F(t) =        9143.9495
Landing# 4050. Elapsed time: 4433
u =		  -0.00099272737  -0.00099542931   -0.0009955295  -0.00099510985  -0.00099533169  -0.00099423381  -0.00099533703  -0.00099501104 ...	F(t) =        9145.3577
Landing# 4100. Elapsed time: 4488
u =		   -0.0009888212  -0.00099542931   -0.0009955295  -0.00099510985  -0.00099533169  -0.00099488151  -0.00099533703  -0.00099501104 ...	F(t) =        9146.6378
Landing# 4150. Elapsed time: 4543
u =		   -0.0009936761  -0.00099542931   -0.0009955295  -0.00099510985  -0.00099533169  -0.00099301653  -0.00099533703  -0.00099501104 ...	F(t) =        9148.0606
Landing# 4200. Elapsed time: 4598
u =		  -0.00099401221  -0.00099542931   -0.0009955295  -0.00099510985  -0.00099533169  -0.00099534612  -0.00099533703  -0.00099600552 ...	F(t) =        9149.4907
Landing# 4250. Elapsed time: 4653
u =		  -0.00099566036  -0.00099542931   -0.0009955295  -0.00099608757  -0.00099533169  -0.00099452509  -0.00099533703  -0.00099600552 ...	F(t) =        9150.9609
Landing# 4300. Elapsed time: 4709
u =		  -0.00099579117  -0.00099542931   -0.0009955295  -0.00099608757  -0.00099533169  -0.00099395967  -0.00099533703  -0.00099600552 ...	F(t) =        9152.4494
Landing# 4350. Elapsed time: 4764
u =		  -0.00099526282  -0.00099542931   -0.0009955295  -0.00099608757  -0.00099533169  -0.00099517009  -0.00099533703  -0.00099600552 ...	F(t) =        9153.8958
Landing# 4400. Elapsed time: 4819
u =		  -0.00099444089  -0.00099542931   -0.0009955295  -0.00099608757  -0.00099533169  -0.00099540971  -0.00099533703  -0.00099600552 ...	F(t) =        9155.3299
Landing# 4450. Elapsed time: 4874
u =		  -0.00098933457  -0.00099542931   -0.0009955295  -0.00099608757  -0.00099631323  -0.00099393379  -0.00099533703  -0.00099600552 ...	F(t) =        9156.6651
Landing# 4500. Elapsed time: 4929
u =		   -0.0009948783  -0.00099542931   -0.0009955295  -0.00099608757  -0.00099631323  -0.00099451168   -0.0009963183  -0.00099600552 ...	F(t) =        9157.9106
Landing# 4550. Elapsed time: 4985
u =		   -0.0009884871  -0.00099542931   -0.0009955295  -0.00099608757  -0.00099631323  -0.00099586833   -0.0009963183  -0.00099600552 ...	F(t) =        9159.0627
Landing# 4600. Elapsed time: 5040
u =		  -0.00099312811  -0.00099542931   -0.0009955295  -0.00099608757  -0.00099545317  -0.00099505646   -0.0009963183  -0.00099600552 ...	F(t) =        9160.1677
Landing# 4650. Elapsed time: 5095
u =		   -0.0009957533  -0.00099641712  -0.00099651164  -0.00099608757  -0.00099545317  -0.00099611791   -0.0009963183  -0.00099600552 ...	F(t) =         9161.285
Landing# 4700. Elapsed time: 5151
u =		  -0.00099483481  -0.00099641712  -0.00099651164  -0.00099608757  -0.00099645911  -0.00099611791   -0.0009963183  -0.00099600552 ...	F(t) =         9162.375
Landing# 4750. Elapsed time: 5206
u =		  -0.00099631509  -0.00099641712  -0.00099651164  -0.00099608757  -0.00099645911  -0.00099608738   -0.0009963183  -0.00099600552 ...	F(t) =        9163.4334
Landing# 4800. Elapsed time: 5262
u =		  -0.00099582169  -0.00099641712  -0.00099651164  -0.00099608757  -0.00099625566  -0.00099528246   -0.0009963183  -0.00099600552 ...	F(t) =          9164.57
Landing# 4850. Elapsed time: 5318
u =		   -0.0009957436  -0.00099641712  -0.00099651164  -0.00099608757  -0.00099625566  -0.00099548818   -0.0009963183  -0.00099600552 ...	F(t) =        9165.8082
Landing# 4900. Elapsed time: 5374
u =		  -0.00099448706  -0.00099641712  -0.00099651164  -0.00099608757  -0.00099614063  -0.00099601217   -0.0009963183  -0.00099600552 ...	F(t) =        9167.0753
Landing# 4950. Elapsed time: 5431
u =		  -0.00099655962  -0.00099641712  -0.00099651164  -0.00099608757  -0.00099607136  -0.00099515011   -0.0009963183  -0.00099600552 ...	F(t) =        9168.3319
Landing# 5000. Elapsed time: 5487
u =		  -0.00099668545  -0.00099641712  -0.00099651164  -0.00099608757  -0.00099607136  -0.00099475004   -0.0009963183  -0.00099600552 ...	F(t) =        9169.5868
Landing# 5050. Elapsed time: 5543
u =		  -0.00099479068  -0.00099641712  -0.00099651164  -0.00099608757  -0.00099607136  -0.00099550319   -0.0009963183  -0.00099600552 ...	F(t) =        9170.8773
Landing# 5100. Elapsed time: 5599
u =		  -0.00099641564  -0.00099641712  -0.00099651164  -0.00099608757  -0.00099607136  -0.00099600638   -0.0009963183  -0.00099600552 ...	F(t) =        9172.2305
Landing# 5150. Elapsed time: 5655
u =		  -0.00099435688  -0.00099641712  -0.00099651164  -0.00099608757  -0.00099607136   -0.0009945439   -0.0009963183   -0.0009969931 ...	F(t) =        9173.4773
Landing# 5200. Elapsed time: 5711
u =		  -0.00099390246  -0.00099641712  -0.00099651164   -0.0009970728  -0.00099661609  -0.00099521563   -0.0009963183   -0.0009969931 ...	F(t) =        9174.8475
Landing# 5250. Elapsed time: 5767
u =		  -0.00099602763  -0.00099641712  -0.00099651164   -0.0009970728  -0.00099661609  -0.00099593631   -0.0009963183   -0.0009969931 ...	F(t) =        9176.2472
Landing# 5300. Elapsed time: 5823
u =		  -0.00099663228  -0.00099641712  -0.00099651164   -0.0009970728  -0.00099661609  -0.00099433104   -0.0009963183   -0.0009969931 ...	F(t) =        9177.6345
Landing# 5350. Elapsed time: 5879
u =		  -0.00099145871  -0.00099641712  -0.00099651164   -0.0009970728   -0.0009963941  -0.00099640757   -0.0009963183   -0.0009969931 ...	F(t) =        9178.9654
Landing# 5400. Elapsed time: 5935
u =		  -0.00099314162  -0.00099641712  -0.00099651164   -0.0009970728   -0.0009963941   -0.0009962489   -0.0009963183   -0.0009969931 ...	F(t) =        9180.2221
Landing# 5450. Elapsed time: 5991
u =		  -0.00099096351  -0.00099641712  -0.00099651164   -0.0009970728   -0.0009963941  -0.00099705333   -0.0009963183   -0.0009969931 ...	F(t) =        9181.4499
Landing# 5500. Elapsed time: 6048
u =		  -0.00099598705  -0.00099641712  -0.00099651164   -0.0009970728   -0.0009963941  -0.00099577103   -0.0009963183   -0.0009969931 ...	F(t) =        9182.6781
Landing# 5550. Elapsed time: 6104
u =		  -0.00099673772  -0.00099641712  -0.00099651164   -0.0009970728   -0.0009963941  -0.00099720391   -0.0009963183   -0.0009969931 ...	F(t) =        9183.8283
Landing# 5600. Elapsed time: 6160
u =		   -0.0009970681  -0.00099641712  -0.00099651164   -0.0009970728  -0.00099705714  -0.00099590966  -0.00099730133   -0.0009969931 ...	F(t) =        9184.9776
Landing# 5650. Elapsed time: 6216
u =		  -0.00099649255  -0.00099641712  -0.00099651164   -0.0009970728  -0.00099587289  -0.00099405853  -0.00099730133   -0.0009969931 ...	F(t) =         9186.109
Landing# 5700. Elapsed time: 6272
u =		  -0.00099630073  -0.00099641712  -0.00099651164   -0.0009970728  -0.00099695274  -0.00099460234  -0.00099730133   -0.0009969931 ...	F(t) =        9187.2558
Landing# 5750. Elapsed time: 6329
u =		  -0.00099681138  -0.00099739981  -0.00099651164   -0.0009970728  -0.00099695274   -0.0009963216  -0.00099730133   -0.0009969931 ...	F(t) =        9188.4467
slurmd[node093]: error: *** STEP 325702.0 CANCELLED AT 2022-08-30T13:11:14 ***
srun: Job step aborted: Waiting up to 2 seconds for job step to finish.
slurmd[node093]: error: *** JOB 325702 CANCELLED AT 2022-08-30T13:11:14 ***
[mpiexec@node093] HYD_pmcd_pmiserv_send_signal (./pm/pmiserv/pmiserv_cb.c:221): assert (!closed) failed
[mpiexec@node093] ui_cmd_cb (./pm/pmiserv/pmiserv_pmci.c:128): unable to send SIGUSR1 downstream
[mpiexec@node093] HYDT_dmxu_poll_wait_for_event (./tools/demux/demux_poll.c:77): callback returned error status
[mpiexec@node093] HYD_pmci_wait_for_completion (./pm/pmiserv/pmiserv_pmci.c:388): error waiting for event
[mpiexec@node093] main (./ui/mpich/mpiexec.c:718): process manager error waiting for completion
/bin/rm: cannot remove `/tmp/srun___logue': No such file or directory
