=================================================== BSF Target ====================================================
Problem name: fit1d
Number of Workers: 40
OpenMP is turned off!
Map List is not Fragmented.
Before conversion: m =	24	n = 1049
After conversion:  m =	2077	n = 1026
Eps Min Dir Length:	0.01
Eps Objective:		0.01
Eps Shift:		0.01
Eps Zero Compare:	0.01
Eps Zero Direction:	0.01
Exact Obj Value:	9146.378
Distance to Apex:	0
Low Cost Percentile:	0
Gap Max:		0.01
Obj Vector Length:	1
Start Shift Lengt:	1
Blocking obj var:	false
Use low cost vars:	false
--------------- Statisics ---------------
Number of high-cost variables:	1026
Number of low-cost variables:	0
Number of zero-cost variables:	0
Problem Scale:			3
--------------- Data ---------------
Obj Function:	           -1440            -800            -770            -710            -700            -660            -650            -600 ...
Start point:	  -9.9646014e-07   -9.964571e-07  -9.9646403e-07  -9.9646336e-07  -9.9646238e-07  -9.9645987e-07  -9.9646564e-07  -9.9645582e-07 ...	F(x) = 8017.4375
Apex point:	  -9.9646014e-07   -9.964571e-07  -9.9646403e-07  -9.9646336e-07  -9.9646238e-07  -9.9645987e-07  -9.9646564e-07  -9.9645582e-07 ...	F(x) = 8017.4375
-------------------------------------------
--------- Finding feasible point ------------
Iter # 0. Elapsed time: 0
u =		  -9.9646014e-07   -9.964571e-07  -9.9646403e-07  -9.9646336e-07  -9.9646238e-07  -9.9645987e-07  -9.9646564e-07  -9.9645582e-07 ...	F(t) =        8017.4375
Landing# 0. Elapsed time: 0
u =		  -0.00022651583  -0.00024311828  -0.00035499319  -0.00033126084  -0.00032097188  -0.00031233651    -0.000345956  -0.00033021118 ...	F(t) =        8050.9936
Landing# 50. Elapsed time: 8
u =		   -0.0073519134   -0.0081640693   -0.0089436616   -0.0088635666   -0.0085494818    -0.009176252   -0.0092151821    -0.008840004 ...	F(t) =        8899.8568
Landing# 100. Elapsed time: 17
u =		   -0.0078178148   -0.0083601726   -0.0084985562   -0.0094908138   -0.0095031289   -0.0094978315    -0.009534257   -0.0096525088 ...	F(t) =        9021.3002
Landing# 150. Elapsed time: 27
u =		   -0.0077978701   -0.0088672735   -0.0089712417   -0.0092641872    -0.009366535   -0.0095714659   -0.0095625411   -0.0095678892 ...	F(t) =         9111.712
Landing# 200. Elapsed time: 37
u =		   -0.0072788456   -0.0085391177   -0.0087671757    -0.009595355   -0.0095940675   -0.0096410582   -0.0095661181   -0.0095580439 ...	F(t) =        9200.8374
Landing# 250. Elapsed time: 47
u =		    -0.007301841   -0.0087255882   -0.0088934149    -0.009565126    -0.009285088    -0.009487375   -0.0095064965   -0.0096342066 ...	F(t) =        9286.8323
Landing# 300. Elapsed time: 57
u =		   -0.0082813937    -0.009201883   -0.0096963772   -0.0096359114   -0.0097982515   -0.0097356138    -0.009623267   -0.0098947547 ...	F(t) =        9384.4384
         F(u) = 9385.0245 >= F(w) = 9383.4418
Landing# 350. Elapsed time: 67
u =		   -0.0083902121   -0.0094925458   -0.0096338006   -0.0093032596   -0.0095814097   -0.0094175635   -0.0094585616   -0.0097079611 ...	F(t) =         9451.514
Landing# 400. Elapsed time: 77
u =		   -0.0081862981   -0.0094810252   -0.0095455563   -0.0096340628   -0.0095073812   -0.0096971358   -0.0095251531   -0.0097585948 ...	F(t) =        9520.8108
Landing# 450. Elapsed time: 87
u =		   -0.0069663755   -0.0092416318    -0.009364213    -0.009313306    -0.009355444   -0.0094297157   -0.0097109887   -0.0094812416 ...	F(t) =        9578.6847
Landing# 500. Elapsed time: 98
u =		    -0.007247685    -0.008643354   -0.0086854554    -0.009402712    -0.008981726   -0.0094146736     -0.00956364     -0.00943348 ...	F(t) =        9637.7859
Landing# 550. Elapsed time: 108
u =		   -0.0086516411    -0.009687936   -0.0097088588   -0.0094044326   -0.0097500041   -0.0094861917   -0.0095529123   -0.0094894794 ...	F(t) =        9699.8722
Landing# 600. Elapsed time: 119
u =		   -0.0078623686   -0.0088975109   -0.0091448374   -0.0097173353   -0.0095827813   -0.0097337367   -0.0096366688   -0.0097391456 ...	F(t) =        9750.9451
Landing# 650. Elapsed time: 130
u =		   -0.0083565782   -0.0092758842   -0.0095545712   -0.0096116105   -0.0094931333   -0.0096734159   -0.0096981841   -0.0097039969 ...	F(t) =         9797.329
         F(u) = 9819.8024 >= F(w) = 9817.078
         F(u) = 9826.4133 >= F(w) = 9825.9012
         F(u) = 9836.5709 >= F(w) = 9834.9861
Landing# 700. Elapsed time: 140
u =		   -0.0077111082   -0.0090761268   -0.0094094834   -0.0097929194   -0.0094260832   -0.0097396481   -0.0098095351   -0.0097874568 ...	F(t) =        9840.8067
         F(u) = 9859.6624 >= F(w) = 9858.9106
         F(u) = 9867.4524 >= F(w) = 9866.6251
         F(u) = 9875.1965 >= F(w) = 9874.6691
         F(u) = 9881.9084 >= F(w) = 9880.3919
Landing# 750. Elapsed time: 151
u =		   -0.0078506788   -0.0095657529   -0.0095692121   -0.0095407572   -0.0095038694   -0.0095469815   -0.0095992223   -0.0096257177 ...	F(t) =        9882.3071
         F(u) = 9886.0806 >= F(w) = 9884.8823
         F(u) = 9894.5409 >= F(w) = 9894.5182
         F(u) = 9900.7876 >= F(w) = 9897.3137
         F(u) = 9908.4886 >= F(w) = 9903.7808
Landing# 800. Elapsed time: 162
u =		    -0.008096246   -0.0092795801   -0.0093521186   -0.0094639929     -0.00954405   -0.0094545671   -0.0096840239   -0.0095677118 ...	F(t) =        9919.5777
         F(u) = 9935.3156 >= F(w) = 9933.3703
         F(u) = 9945.5492 >= F(w) = 9943.1401
         F(u) = 9963.2625 >= F(w) = 9956.2617
         F(u) = 9960.9222 >= F(w) = 9953.8611
Landing# 850. Elapsed time: 172
u =		    -0.009192268   -0.0090355568   -0.0094491557   -0.0096447625   -0.0094166561   -0.0096380755   -0.0094528631   -0.0096847344 ...	F(t) =        9961.5494
         F(u) = 9961.5494 >= F(w) = 9960.804
         F(u) = 9962.9047 >= F(w) = 9960.0118
         F(u) = 9962.5809 >= F(w) = 9962.3503
         F(u) = 9961.8864 >= F(w) = 9960.2495
         F(u) = 9971.8883 >= F(w) = 9969.8241
         F(u) = 9974.0313 >= F(w) = 9972.6867
         F(u) = 9973.0645 >= F(w) = 9971.9706
         F(u) = 9977.4735 >= F(w) = 9976.2213
         F(u) = 9976.2906 >= F(w) = 9975.4209
         F(u) = 9981.3351 >= F(w) = 9978.7574
         F(u) = 9988.0056 >= F(w) = 9987.7974
         F(u) = 9986.9272 >= F(w) = 9985.1002
Landing# 900. Elapsed time: 183
u =		   -0.0080699512   -0.0096620629   -0.0097763484    -0.009571155   -0.0098561273   -0.0098318579   -0.0095763156   -0.0097593561 ...	F(t) =        9994.4736
         F(u) = 9994.4736 >= F(w) = 9992.3451
         F(u) = 9992.6723 >= F(w) = 9991.8506
         F(u) = 10001.047 >= F(w) = 9999.9368
         F(u) = 10000.725 >= F(w) = 9995.4678
         F(u) = 9998.354 >= F(w) = 9997.3761
         F(u) = 10002.683 >= F(w) = 10001.455
         F(u) = 10006.882 >= F(w) = 10005.066
         F(u) = 10015.87 >= F(w) = 10013.977
         F(u) = 10014.24 >= F(w) = 10009.74
         F(u) = 10013.816 >= F(w) = 10012.826
         F(u) = 10018.035 >= F(w) = 10016.289
         F(u) = 10019.81 >= F(w) = 10018.105
         F(u) = 10018.366 >= F(w) = 10018.356
         F(u) = 10020.301 >= F(w) = 10019.881
Landing# 950. Elapsed time: 194
u =		   -0.0071515651   -0.0087356375   -0.0090599146   -0.0098484937      -0.0090985   -0.0098461114   -0.0092564876   -0.0096491195 ...	F(t) =         10021.11
         F(u) = 10026.429 >= F(w) = 10023.771
         F(u) = 10036.524 >= F(w) = 10035.54
         F(u) = 10039.755 >= F(w) = 10039.439
         F(u) = 10042.565 >= F(w) = 10041.783
         F(u) = 10051.598 >= F(w) = 10051.417
         F(u) = 10050.563 >= F(w) = 10048.193
Landing# 1000. Elapsed time: 205
u =		   -0.0085224687   -0.0095582766   -0.0095483222   -0.0097567965   -0.0096761926   -0.0098183478   -0.0098211821   -0.0098123017 ...	F(t) =        10057.047
         F(u) = 10057.047 >= F(w) = 10056.305
         F(u) = 10056.899 >= F(w) = 10053.288
         F(u) = 10058.922 >= F(w) = 10056.606
         F(u) = 10063.119 >= F(w) = 10058.56
         F(u) = 10064.105 >= F(w) = 10063.609
         F(u) = 10065.31 >= F(w) = 10064.847
         F(u) = 10064.374 >= F(w) = 10064.302
         F(u) = 10067.427 >= F(w) = 10066.921
         F(u) = 10069.746 == F(w) = 10069.755
Maybe, you should decreas PP_EPS_ZERO_COMPARE.
=============================================
Elapsed time: 211.43761
Iterations: 725098
Optimal objective value:        10069.746
Exact objective value:           9146.378
Relative error = 0.1009545
=============================================
Solution is saved into the file 'Problems/lp_fit1d_so.mtx'.
Solution:	               0       1.0099761               0       1.0099342               0        1.009976               0      0.89113765	...
Ordered:	               0               0               0               0               0               0               0               0	...
