=================================================== BSF Target ====================================================
Problem name: fit1d
Number of Workers: 40
OpenMP is turned off!
Map List is not Fragmented.
Before conversion: m =	24	n = 1049
After conversion:  m =	2077	n = 1026
Eps Min Dir Length:	0.0001
Eps Objective:		0.01
Eps Shift:		0.0001
Eps Zero Compare:	0.0001
Eps Zero Direction:	0.0001
Exact Obj Value:	9146.378
Distance to Apex:	0
Low Cost Percentile:	0
Gap Max:		0.01
Obj Vector Length:	0.1
Start Shift Lengt:	0.1
Blocking obj var:	false
Use low cost vars:	false
--------------- Statisics ---------------
Number of high-cost variables:	1026
Number of low-cost variables:	0
Number of zero-cost variables:	0
Problem Scale:			3
--------------- Data ---------------
Obj Function:	           -1440            -800            -770            -710            -700            -660            -650            -600 ...
Start point:	  -6.6498565e-05  -9.1945329e-05  -9.0839336e-05  -9.1637537e-05  -9.3616402e-05  -9.5203523e-05   -9.553264e-05  -9.6420859e-05 ...	F(x) = 8977.0212
Apex point:	  -6.6498565e-05  -9.1945329e-05  -9.0839336e-05  -9.1637537e-05  -9.3616402e-05  -9.5203523e-05   -9.553264e-05  -9.6420859e-05 ...	F(x) = 8977.0212
-------------------------------------------
--------- Finding feasible point ------------
Iter # 0. Elapsed time: 0
u =		  -6.6498565e-05  -9.1945329e-05  -9.0839336e-05  -9.1637537e-05  -9.3616402e-05  -9.5203523e-05   -9.553264e-05  -9.6420859e-05 ...	F(t) =        8977.0212
Landing# 0. Elapsed time: 1
u =		  -6.6438972e-05  -9.1906721e-05  -9.0794852e-05  -9.1522775e-05  -9.3464529e-05  -9.5252598e-05  -9.5569854e-05  -9.6385657e-05 ...	F(t) =        8977.0547
Landing# 100. Elapsed time: 79
u =		    -6.64052e-05  -9.2231127e-05  -9.1661831e-05  -9.2996243e-05  -9.3324935e-05  -9.5288156e-05  -9.5299418e-05  -9.7077103e-05 ...	F(t) =         8980.432
Landing# 200. Elapsed time: 159
u =		  -6.8049701e-05  -9.3176135e-05   -9.407744e-05  -9.3310208e-05  -9.3187168e-05  -9.4869777e-05   -9.503459e-05  -9.7628202e-05 ...	F(t) =        8983.7161
Landing# 300. Elapsed time: 243
u =		  -7.3693008e-05  -9.1778798e-05  -9.4250857e-05  -9.3547529e-05  -9.3511177e-05   -9.627886e-05  -9.6296047e-05  -9.7595367e-05 ...	F(t) =        8986.9024
Landing# 400. Elapsed time: 327
u =		  -6.7397587e-05  -8.9019944e-05    -8.98348e-05  -9.3375889e-05  -9.4066702e-05  -9.6629417e-05  -9.6656123e-05   -9.668126e-05 ...	F(t) =        8989.8217
Landing# 500. Elapsed time: 413
u =		  -7.2225779e-05  -9.0924399e-05  -9.5038456e-05  -9.4675757e-05  -9.4468149e-05  -9.4556289e-05  -9.4615625e-05   -9.863373e-05 ...	F(t) =        8992.6573
Landing# 600. Elapsed time: 501
u =		  -7.0459739e-05  -9.1854304e-05  -9.3887318e-05  -9.3967875e-05  -9.4146445e-05  -9.4430045e-05  -9.4563373e-05  -9.8543125e-05 ...	F(t) =        8995.3894
Landing# 700. Elapsed time: 590
u =		  -6.7881558e-05  -9.1378441e-05  -9.1878931e-05  -9.2236458e-05  -9.2937682e-05  -9.5786055e-05  -9.5057064e-05  -9.8377065e-05 ...	F(t) =        8998.0515
Landing# 800. Elapsed time: 680
u =		  -6.8577239e-05  -9.2045006e-05   -9.250381e-05  -9.4443732e-05  -9.4766493e-05  -9.4676539e-05  -9.4645905e-05  -9.8115995e-05 ...	F(t) =          9000.67
Landing# 900. Elapsed time: 770
u =		  -7.2434226e-05  -9.4118573e-05  -9.4784523e-05  -9.5038021e-05  -9.5032747e-05  -9.5099384e-05  -9.5707319e-05  -9.8736235e-05 ...	F(t) =        9003.2026
Landing# 1000. Elapsed time: 860
u =		  -6.9732462e-05  -8.9193347e-05  -9.1965602e-05  -9.4958273e-05  -9.6029792e-05  -9.5847704e-05  -9.5482292e-05   -9.860988e-05 ...	F(t) =        9005.5818
Landing# 1100. Elapsed time: 952
u =		  -6.6603127e-05  -8.9211613e-05  -9.1410758e-05  -9.4780691e-05  -9.5607259e-05  -9.5807698e-05  -9.6799851e-05  -9.8348517e-05 ...	F(t) =        9007.7958
Landing# 1200. Elapsed time: 1045
u =		  -7.3379571e-05  -9.1342949e-05  -9.1595913e-05  -9.5973721e-05  -9.6426043e-05   -9.717004e-05  -9.7451831e-05  -9.8737659e-05 ...	F(t) =         9009.899
Landing# 1300. Elapsed time: 1139
u =		  -9.1585107e-05   -9.732491e-05  -9.7155268e-05  -9.8036438e-05  -9.7997119e-05  -9.7496249e-05  -9.9074703e-05   -9.950248e-05 ...	F(t) =        9011.8438
Landing# 1400. Elapsed time: 1232
u =		  -9.3622707e-05  -9.8495336e-05  -9.8592697e-05  -9.9253739e-05  -9.8625848e-05  -9.8375566e-05  -9.9491481e-05  -9.9681399e-05 ...	F(t) =        9013.7515
Landing# 1500. Elapsed time: 1326
u =		  -9.6693947e-05    -9.92098e-05  -9.9339747e-05   -9.943464e-05  -9.9309411e-05  -9.8714197e-05  -9.9583435e-05  -9.9711699e-05 ...	F(t) =        9015.5271
Landing# 1600. Elapsed time: 1420
u =		  -9.9119861e-05  -9.9570257e-05  -9.9618204e-05  -9.9645929e-05  -9.9517379e-05  -9.9527414e-05  -9.9573955e-05  -9.9711699e-05 ...	F(t) =        9017.3045
Landing# 1700. Elapsed time: 1516
u =		  -9.9625556e-05  -9.9715424e-05  -9.9722875e-05  -9.9717894e-05  -9.9634641e-05   -9.939194e-05  -9.9630466e-05  -9.9721606e-05 ...	F(t) =        9018.9326
Landing# 1800. Elapsed time: 1612
u =		  -9.9443431e-05   -9.970118e-05  -9.9722875e-05   -9.972767e-05  -9.9705568e-05  -9.9531948e-05  -9.9615765e-05  -9.9721606e-05 ...	F(t) =        9020.5129
Landing# 1900. Elapsed time: 1707
u =		  -9.9284189e-05  -9.9722146e-05  -9.9732733e-05   -9.972767e-05  -9.9698598e-05   -9.905974e-05   -9.951704e-05  -9.9731405e-05 ...	F(t) =        9022.0717
Landing# 2000. Elapsed time: 1804
u =		   -9.956374e-05  -9.9741815e-05  -9.9742546e-05  -9.9747475e-05  -9.9699598e-05   -9.954067e-05   -9.962092e-05  -9.9741229e-05 ...	F(t) =        9023.5278
Landing# 2100. Elapsed time: 1900
u =		  -9.9238037e-05  -9.9741815e-05  -9.9735457e-05   -9.973211e-05  -9.9674461e-05   -9.953665e-05  -9.9702027e-05  -9.9741229e-05 ...	F(t) =        9024.9689
Landing# 2200. Elapsed time: 1998
u =		  -9.9589554e-05  -9.9744952e-05  -9.9745407e-05  -9.9751872e-05  -9.9658296e-05  -9.9396817e-05  -9.9708348e-05  -9.9751059e-05 ...	F(t) =         9026.417
Landing# 2300. Elapsed time: 2094
u =		  -9.9550027e-05  -9.9754813e-05  -9.9745407e-05  -9.9751872e-05   -9.968541e-05  -9.9523012e-05  -9.9708694e-05  -9.9751059e-05 ...	F(t) =         9027.851
Landing# 2400. Elapsed time: 2191
u =		  -9.9086697e-05  -9.9764683e-05  -9.9765296e-05  -9.9771425e-05  -9.9663823e-05  -9.9376954e-05  -9.9731816e-05  -9.9760939e-05 ...	F(t) =        9029.1299
Landing# 2500. Elapsed time: 2288
u =		  -9.8484852e-05  -9.9764683e-05  -9.9765296e-05  -9.9771425e-05  -9.9721395e-05    -9.93863e-05  -9.9732797e-05  -9.9760939e-05 ...	F(t) =        9030.4489
Landing# 2600. Elapsed time: 2385
u =		  -9.7791658e-05  -9.9764683e-05  -9.9765296e-05  -9.9771425e-05  -9.9670616e-05  -9.9541467e-05  -9.9703799e-05  -9.9770791e-05 ...	F(t) =        9031.7728
Landing# 2700. Elapsed time: 2481
u =		  -9.8591402e-05  -9.9759161e-05  -9.9767661e-05  -9.9771425e-05  -9.9670075e-05  -9.9621258e-05   -9.974469e-05  -9.9770791e-05 ...	F(t) =         9033.099
Landing# 2800. Elapsed time: 2578
u =		  -9.9002858e-05   -9.976902e-05  -9.9767661e-05  -9.9771121e-05  -9.9669426e-05  -9.9500178e-05  -9.9698495e-05  -9.9770791e-05 ...	F(t) =        9034.4118
Landing# 2900. Elapsed time: 2675
u =		  -9.9605434e-05   -9.977644e-05  -9.9777438e-05  -9.9770643e-05  -9.9675999e-05  -9.9466397e-05  -9.9766184e-05  -9.9770791e-05 ...	F(t) =        9035.7199
Landing# 3000. Elapsed time: 2773
u =		  -9.9394332e-05   -9.977644e-05  -9.9777438e-05  -9.9770643e-05  -9.9692222e-05  -9.9462564e-05   -9.973429e-05  -9.9770791e-05 ...	F(t) =        9037.0226
Landing# 3100. Elapsed time: 2870
u =		   -9.940025e-05  -9.9771818e-05  -9.9777438e-05  -9.9770643e-05  -9.9621654e-05  -9.9305741e-05  -9.9730075e-05  -9.9770791e-05 ...	F(t) =        9038.3155
Landing# 3200. Elapsed time: 2968
u =		  -9.9338972e-05  -9.9781677e-05  -9.9777438e-05  -9.9770643e-05  -9.9692835e-05  -9.9372469e-05  -9.9719749e-05  -9.9780606e-05 ...	F(t) =        9039.6116
Landing# 3300. Elapsed time: 3066
u =		  -9.9510894e-05  -9.9781677e-05  -9.9777438e-05  -9.9770652e-05  -9.9687357e-05  -9.9387653e-05  -9.9713959e-05  -9.9776564e-05 ...	F(t) =        9040.9026
Landing# 3400. Elapsed time: 3164
u =		  -9.9179538e-05  -9.9781677e-05  -9.9777438e-05  -9.9780696e-05  -9.9662314e-05  -9.9383837e-05  -9.9769615e-05  -9.9776564e-05 ...	F(t) =        9042.1913
Landing# 3500. Elapsed time: 3262
u =		   -9.902813e-05  -9.9781677e-05  -9.9777438e-05  -9.9780696e-05  -9.9675995e-05  -9.9396096e-05  -9.9749671e-05  -9.9776564e-05 ...	F(t) =        9043.4786
Landing# 3600. Elapsed time: 3360
u =		  -9.8929805e-05  -9.9781677e-05  -9.9787353e-05  -9.9780696e-05  -9.9653399e-05  -9.9453295e-05   -9.977205e-05  -9.9786395e-05 ...	F(t) =        9044.7571
Landing# 3700. Elapsed time: 3459
u =		  -9.9222586e-05  -9.9781677e-05  -9.9774844e-05   -9.978072e-05  -9.9703154e-05  -9.9460251e-05  -9.9702558e-05  -9.9786395e-05 ...	F(t) =        9046.0373
Landing# 3800. Elapsed time: 3557
u =		  -9.9297203e-05  -9.9780809e-05   -9.978477e-05  -9.9790494e-05  -9.9701001e-05  -9.9582198e-05  -9.9743368e-05  -9.9786395e-05 ...	F(t) =        9047.3072
Landing# 3900. Elapsed time: 3657
u =		  -9.9437726e-05  -9.9789973e-05   -9.978477e-05  -9.9790494e-05  -9.9648847e-05   -9.946699e-05  -9.9711592e-05  -9.9786395e-05 ...	F(t) =         9048.548
Landing# 4000. Elapsed time: 3756
u =		  -9.9548629e-05  -9.9788638e-05  -9.9794547e-05  -9.9790494e-05  -9.9721193e-05  -9.9483648e-05  -9.9721146e-05  -9.9796181e-05 ...	F(t) =        9049.7849
Landing# 4100. Elapsed time: 3855
u =		  -9.9477087e-05  -9.9778399e-05  -9.9794547e-05  -9.9790494e-05  -9.9717515e-05  -9.9532152e-05  -9.9749536e-05  -9.9796181e-05 ...	F(t) =        9051.0152
Landing# 4200. Elapsed time: 3955
u =		  -9.9713418e-05  -9.9788369e-05  -9.9783333e-05  -9.9790494e-05  -9.9739176e-05  -9.9523402e-05  -9.9740597e-05  -9.9796181e-05 ...	F(t) =        9052.2369
Landing# 4300. Elapsed time: 4055
u =		  -9.9766177e-05  -9.9788369e-05  -9.9783308e-05  -9.9790458e-05  -9.9693674e-05  -9.9509215e-05  -9.9777503e-05  -9.9796181e-05 ...	F(t) =        9053.4453
Landing# 4400. Elapsed time: 4155
u =		  -9.9759886e-05  -9.9798206e-05  -9.9793659e-05  -9.9800337e-05   -9.961504e-05  -9.9436169e-05  -9.9747327e-05  -9.9796181e-05 ...	F(t) =        9054.6157
Landing# 4500. Elapsed time: 4256
u =		  -9.9807878e-05  -9.9808214e-05  -9.9799266e-05  -9.9798318e-05  -9.9698201e-05  -9.9409826e-05  -9.9786744e-05  -9.9796181e-05 ...	F(t) =        9055.6761
Landing# 4600. Elapsed time: 4356
u =		  -9.9795514e-05  -9.9819436e-05  -9.9809562e-05  -9.9818365e-05  -9.9645186e-05  -9.9410573e-05  -9.9756255e-05  -9.9816336e-05 ...	F(t) =        9056.7371
Landing# 4700. Elapsed time: 4456
u =		  -9.9798603e-05  -9.9808952e-05  -9.9819349e-05  -9.9817232e-05  -9.9670117e-05  -9.9405035e-05  -9.9802005e-05  -9.9826171e-05 ...	F(t) =        9057.6559
Landing# 4800. Elapsed time: 4556
u =		  -9.9175895e-05  -9.9828821e-05   -9.979899e-05  -9.9816201e-05  -9.9701103e-05  -9.9395848e-05  -9.9815513e-05  -9.9826171e-05 ...	F(t) =        9058.6546
Landing# 4900. Elapsed time: 4656
u =		  -9.8048165e-05  -9.9827085e-05   -9.980924e-05   -9.980431e-05   -9.963716e-05  -9.9239971e-05  -9.9811809e-05  -9.9826171e-05 ...	F(t) =        9059.6998
Landing# 5000. Elapsed time: 4756
u =		  -9.9404122e-05  -9.9797835e-05  -9.9817905e-05  -9.9815489e-05   -9.968574e-05  -9.9279101e-05  -9.9796461e-05  -9.9826171e-05 ...	F(t) =        9060.7489
Landing# 5100. Elapsed time: 4856
u =		   -9.979716e-05  -9.9824057e-05  -9.9817132e-05  -9.9815489e-05  -9.9713306e-05  -9.9359492e-05  -9.9806108e-05  -9.9826171e-05 ...	F(t) =        9061.7896
Landing# 5200. Elapsed time: 4957
u =		  -9.9810815e-05  -9.9829257e-05  -9.9813689e-05   -9.981166e-05  -9.9670274e-05  -9.9408683e-05     -9.9826e-05  -9.9826171e-05 ...	F(t) =         9062.827
Landing# 5300. Elapsed time: 5058
u =		  -9.9819573e-05  -9.9829257e-05  -9.9795874e-05  -9.9792091e-05  -9.9613964e-05  -9.9331404e-05  -9.9825277e-05  -9.9826171e-05 ...	F(t) =        9063.8608
Landing# 5400. Elapsed time: 5159
u =		  -9.9779703e-05  -9.9823118e-05  -9.9825944e-05   -9.982304e-05  -9.9683684e-05  -9.9573653e-05  -9.9825277e-05  -9.9826171e-05 ...	F(t) =        9064.8865
Landing# 5500. Elapsed time: 5259
u =		  -9.9819223e-05  -9.9824578e-05  -9.9824676e-05  -9.9810934e-05  -9.9613706e-05  -9.9357023e-05  -9.9831636e-05  -9.9826171e-05 ...	F(t) =        9065.9007
Landing# 5600. Elapsed time: 5361
u =		  -9.9801454e-05  -9.9834401e-05  -9.9811576e-05  -9.9815359e-05  -9.9665277e-05  -9.9371285e-05   -9.982113e-05  -9.9826171e-05 ...	F(t) =        9066.9102
Landing# 5700. Elapsed time: 5461
u =		  -9.9819909e-05  -9.9834401e-05  -9.9807448e-05  -9.9824798e-05  -9.9670332e-05  -9.9472941e-05  -9.9817551e-05  -9.9836025e-05 ...	F(t) =        9067.9073
Landing# 5800. Elapsed time: 5563
u =		  -9.9781961e-05  -9.9833951e-05  -9.9822925e-05  -9.9809105e-05  -9.9641743e-05   -9.922151e-05  -9.9786509e-05  -9.9836025e-05 ...	F(t) =        9068.8923
Landing# 5900. Elapsed time: 5663
u =		  -9.9814187e-05  -9.9830616e-05  -9.9801059e-05  -9.9824156e-05  -9.9613847e-05  -9.9557093e-05  -9.9809303e-05  -9.9836025e-05 ...	F(t) =        9069.8728
Landing# 6000. Elapsed time: 5765
u =		  -9.9819465e-05  -9.9830616e-05  -9.9807058e-05  -9.9823924e-05  -9.9710518e-05  -9.9498447e-05  -9.9831396e-05  -9.9836025e-05 ...	F(t) =        9070.8413
Landing# 6100. Elapsed time: 5866
u =		  -9.9837964e-05  -9.9837888e-05  -9.9835812e-05  -9.9830022e-05  -9.9749752e-05  -9.9457483e-05  -9.9834232e-05  -9.9836025e-05 ...	F(t) =        9071.8002
Landing# 6200. Elapsed time: 5967
u =		  -9.9826249e-05  -9.9837931e-05    -9.98127e-05  -9.9821885e-05   -9.968701e-05  -9.9485589e-05  -9.9819772e-05  -9.9836025e-05 ...	F(t) =        9072.7497
Landing# 6300. Elapsed time: 6068
u =		  -9.9823648e-05  -9.9837931e-05  -9.9833097e-05  -9.9827702e-05   -9.963324e-05  -9.9475257e-05  -9.9841739e-05  -9.9836025e-05 ...	F(t) =        9073.6909
Landing# 6400. Elapsed time: 6170
u =		  -9.9798469e-05  -9.9837931e-05  -9.9828148e-05   -9.981596e-05  -9.9589796e-05  -9.9448144e-05  -9.9838959e-05  -9.9836025e-05 ...	F(t) =        9074.6587
Landing# 6500. Elapsed time: 6271
u =		  -9.9826945e-05  -9.9837931e-05  -9.9817544e-05  -9.9835614e-05  -9.9671155e-05  -9.9516888e-05  -9.9832759e-05  -9.9836025e-05 ...	F(t) =        9075.6269
Landing# 6600. Elapsed time: 6372
u =		  -9.9802452e-05  -9.9832513e-05  -9.9825053e-05  -9.9839041e-05  -9.9688508e-05  -9.9394263e-05  -9.9818716e-05  -9.9836025e-05 ...	F(t) =        9076.5893
Landing# 6700. Elapsed time: 6474
u =		  -9.9811722e-05  -9.9842291e-05  -9.9822296e-05  -9.9813024e-05  -9.9654519e-05  -9.9447229e-05   -9.983896e-05  -9.9836025e-05 ...	F(t) =        9077.5491
Landing# 6800. Elapsed time: 6575
u =		  -9.9802157e-05  -9.9836523e-05  -9.9829555e-05   -9.981909e-05   -9.968266e-05  -9.9470148e-05  -9.9825806e-05  -9.9836025e-05 ...	F(t) =        9078.4985
Landing# 6900. Elapsed time: 6677
u =		  -9.9793059e-05  -9.9846304e-05  -9.9829679e-05    -9.98289e-05  -9.9693302e-05  -9.9479916e-05  -9.9836511e-05  -9.9836025e-05 ...	F(t) =        9079.4374
Landing# 7000. Elapsed time: 6779
u =		  -9.9826402e-05  -9.9823606e-05   -9.980658e-05  -9.9829409e-05  -9.9711207e-05   -9.934301e-05   -9.984013e-05  -9.9845846e-05 ...	F(t) =        9080.3725
Landing# 7100. Elapsed time: 6881
u =		  -9.9820279e-05  -9.9844063e-05  -9.9827903e-05  -9.9839215e-05  -9.9673551e-05  -9.9419571e-05  -9.9818828e-05  -9.9845846e-05 ...	F(t) =        9081.2981
Landing# 7200. Elapsed time: 6983
u =		  -9.9811969e-05  -9.9844063e-05  -9.9821492e-05  -9.9825328e-05  -9.9726547e-05  -9.9540693e-05  -9.9819321e-05  -9.9845846e-05 ...	F(t) =         9082.225
Landing# 7300. Elapsed time: 7085
u =		  -9.9801619e-05  -9.9849553e-05  -9.9828249e-05  -9.9809114e-05  -9.9625642e-05  -9.9513048e-05  -9.9830498e-05  -9.9845846e-05 ...	F(t) =        9083.1432
Landing# 7400. Elapsed time: 7186
u =		  -9.9834278e-05  -9.9849553e-05  -9.9810893e-05  -9.9794919e-05  -9.9584679e-05  -9.9309953e-05  -9.9821794e-05  -9.9845846e-05 ...	F(t) =        9084.0568
Landing# 7500. Elapsed time: 7288
u =		  -9.9803367e-05   -9.983897e-05  -9.9816716e-05  -9.9803505e-05  -9.9696511e-05  -9.9296393e-05  -9.9830037e-05  -9.9845846e-05 ...	F(t) =        9084.9651
Landing# 7600. Elapsed time: 7390
u =		  -9.9829987e-05  -9.9848804e-05  -9.9815855e-05  -9.9798155e-05   -9.969123e-05  -9.9485543e-05  -9.9838422e-05  -9.9845846e-05 ...	F(t) =        9085.8698
Landing# 7700. Elapsed time: 7492
u =		  -9.9817501e-05  -9.9848804e-05  -9.9822618e-05  -9.9818025e-05  -9.9696754e-05  -9.9447776e-05   -9.984832e-05  -9.9845846e-05 ...	F(t) =        9086.7619
Landing# 7800. Elapsed time: 7594
u =		  -9.9810544e-05  -9.9848804e-05  -9.9798423e-05  -9.9810339e-05    -9.96404e-05  -9.9490053e-05  -9.9843261e-05  -9.9845846e-05 ...	F(t) =        9087.6411
Landing# 7900. Elapsed time: 7696
u =		  -9.9817012e-05  -9.9848804e-05  -9.9849027e-05  -9.9824907e-05  -9.9716849e-05  -9.9422989e-05  -9.9850006e-05  -9.9855795e-05 ...	F(t) =        9088.4566
Landing# 8000. Elapsed time: 7798
u =		  -9.9805722e-05  -9.9848804e-05  -9.9817278e-05  -9.9808225e-05  -9.9663936e-05  -9.9474469e-05  -9.9840496e-05  -9.9855795e-05 ...	F(t) =        9089.2633
Landing# 8100. Elapsed time: 7900
u =		  -9.9826545e-05  -9.9845632e-05  -9.9818834e-05  -9.9831154e-05  -9.9681434e-05   -9.951649e-05   -9.985142e-05  -9.9855795e-05 ...	F(t) =        9089.9557
Landing# 8200. Elapsed time: 8002
u =		  -9.9820885e-05  -9.9865972e-05  -9.9829647e-05  -9.9800945e-05  -9.9624862e-05  -9.9406612e-05  -9.9855117e-05  -9.9866041e-05 ...	F(t) =        9090.5083
Landing# 8300. Elapsed time: 8105
u =		  -9.9793001e-05  -9.9865972e-05  -9.9827728e-05  -9.9843716e-05  -9.9665894e-05  -9.9270737e-05  -9.9851806e-05  -9.9866041e-05 ...	F(t) =        9091.0452
Landing# 8400. Elapsed time: 8206
u =		  -9.9067453e-05  -9.9826834e-05  -9.9818872e-05  -9.9833364e-05  -9.9651998e-05  -9.9304282e-05  -9.9861396e-05  -9.9876083e-05 ...	F(t) =        9091.6876
Landing# 8500. Elapsed time: 8307
u =		  -9.7614682e-05   -9.987329e-05  -9.9826903e-05  -9.9845422e-05  -9.9630854e-05  -9.9403555e-05  -9.9858284e-05  -9.9876083e-05 ...	F(t) =        9092.3345
Landing# 8600. Elapsed time: 8408
u =		  -9.8937633e-05  -9.9863401e-05  -9.9835271e-05  -9.9815999e-05  -9.9598675e-05  -9.9324461e-05  -9.9866176e-05  -9.9876083e-05 ...	F(t) =        9092.9886
Landing# 8700. Elapsed time: 8510
u =		  -9.8953253e-05  -9.9873243e-05  -9.9841608e-05  -9.9800771e-05   -9.963544e-05  -9.9387235e-05  -9.9861006e-05  -9.9876083e-05 ...	F(t) =        9093.6434
Landing# 8800. Elapsed time: 8611
u =		  -9.9034862e-05  -9.9873412e-05  -9.9813044e-05  -9.9831627e-05  -9.9665285e-05  -9.9237026e-05  -9.9871104e-05  -9.9865469e-05 ...	F(t) =         9094.298
Landing# 8900. Elapsed time: 8713
u =		  -9.9190971e-05  -9.9873412e-05  -9.9821353e-05  -9.9854884e-05  -9.9551192e-05  -9.9179467e-05  -9.9863383e-05  -9.9874879e-05 ...	F(t) =        9094.9518
Landing# 9000. Elapsed time: 8814
u =		  -9.8153952e-05  -9.9882376e-05  -9.9830832e-05  -9.9839158e-05  -9.9623205e-05  -9.9341038e-05  -9.9846758e-05  -9.9875134e-05 ...	F(t) =        9095.6226
Landing# 9100. Elapsed time: 8915
u =		  -9.8629539e-05  -9.9854412e-05  -9.9822618e-05  -9.9831776e-05   -9.969192e-05  -9.9298422e-05  -9.9860036e-05  -9.9871827e-05 ...	F(t) =        9096.2913
Landing# 9200. Elapsed time: 9015
u =		  -9.7607971e-05  -9.9876067e-05  -9.9817646e-05  -9.9838062e-05  -9.9646308e-05  -9.9251988e-05  -9.9876692e-05  -9.9891913e-05 ...	F(t) =        9096.9396
Landing# 9300. Elapsed time: 9116
u =		  -9.8389053e-05  -9.9896549e-05  -9.9832703e-05  -9.9852421e-05  -9.9576445e-05   -9.910393e-05  -9.9878717e-05  -9.9891086e-05 ...	F(t) =        9097.4074
Landing# 9400. Elapsed time: 9217
u =		  -9.6429136e-05  -9.9892085e-05  -9.9818163e-05  -9.9815341e-05  -9.9679487e-05   -9.928799e-05  -9.9893514e-05  -9.9888033e-05 ...	F(t) =        9097.8721
Landing# 9500. Elapsed time: 9318
u =		  -9.3413388e-05  -9.9887303e-05  -9.9832839e-05  -9.9833683e-05  -9.9622874e-05  -9.9487368e-05  -9.9891149e-05    -9.98876e-05 ...	F(t) =        9098.4058
Landing# 9600. Elapsed time: 9418
u =		  -9.2703939e-05  -9.9896149e-05  -9.9837391e-05  -9.9860467e-05   -9.965133e-05  -9.8714564e-05   -9.990137e-05  -9.9887198e-05 ...	F(t) =        9098.9525
Landing# 9700. Elapsed time: 9519
u =		  -9.2955088e-05  -9.9896149e-05  -9.9803427e-05  -9.9848826e-05  -9.9681987e-05  -9.9243636e-05  -9.9898037e-05  -9.9887479e-05 ...	F(t) =        9099.5092
Landing# 9800. Elapsed time: 9619
u =		   -9.577559e-05  -9.9896149e-05  -9.9828791e-05  -9.9771978e-05  -9.9582357e-05  -9.9557613e-05  -9.9872838e-05  -9.9884013e-05 ...	F(t) =        9100.0747
Landing# 9900. Elapsed time: 9720
u =		  -9.5599662e-05  -9.9895326e-05  -9.9815784e-05  -9.9839654e-05  -9.9703242e-05   -9.906027e-05  -9.9893581e-05  -9.9872272e-05 ...	F(t) =        9100.6395
Landing# 10000. Elapsed time: 9820
u =		  -9.5544454e-05  -9.9898383e-05  -9.9850322e-05  -9.9790298e-05  -9.9614401e-05  -9.9324948e-05  -9.9887593e-05  -9.9892742e-05 ...	F(t) =        9101.2088
Landing# 10100. Elapsed time: 9921
u =		  -9.3746675e-05  -9.9898383e-05  -9.9832551e-05  -9.9807861e-05  -9.9655483e-05  -9.9191996e-05  -9.9875865e-05  -9.9872078e-05 ...	F(t) =        9101.7765
Landing# 10200. Elapsed time: 10021
u =		  -9.3825544e-05  -9.9898209e-05  -9.9835569e-05  -9.9811887e-05  -9.9634868e-05  -9.9403296e-05  -9.9895345e-05   -9.989271e-05 ...	F(t) =        9102.3492
Landing# 10300. Elapsed time: 10122
u =		  -9.5394012e-05  -9.9875847e-05   -9.981972e-05  -9.9808827e-05  -9.9524948e-05  -9.9162378e-05   -9.988917e-05  -9.9891909e-05 ...	F(t) =        9102.9229
Landing# 10400. Elapsed time: 10222
u =		  -9.1096799e-05  -9.9886912e-05  -9.9859447e-05  -9.9872579e-05  -9.9675298e-05  -9.9612986e-05  -9.9890757e-05  -9.9882316e-05 ...	F(t) =        9103.4899
Landing# 10500. Elapsed time: 10322
u =		  -9.5607591e-05  -9.9892007e-05  -9.9820101e-05  -9.9818527e-05  -9.9699471e-05  -9.8364749e-05  -9.9891687e-05  -9.9880764e-05 ...	F(t) =          9104.07
Landing# 10600. Elapsed time: 10422
u =		  -9.3304878e-05  -9.9891388e-05   -9.982391e-05  -9.9804241e-05  -9.9640585e-05  -9.8664543e-05   -9.987831e-05  -9.9889277e-05 ...	F(t) =         9104.642
Landing# 10700. Elapsed time: 10523
u =		  -8.9949955e-05  -9.9893931e-05  -9.9836288e-05  -9.9821755e-05  -9.9659316e-05  -9.9547095e-05  -9.9891206e-05  -9.9889152e-05 ...	F(t) =        9105.2135
Landing# 10800. Elapsed time: 10623
u =		  -9.5758051e-05  -9.9886733e-05  -9.9841668e-05  -9.9826196e-05  -9.9517577e-05  -9.9028649e-05  -9.9880882e-05  -9.9884925e-05 ...	F(t) =        9105.7924
Landing# 10900. Elapsed time: 10724
u =		  -9.2294015e-05  -9.9896846e-05  -9.9790886e-05  -9.9873083e-05  -9.9670701e-05  -9.8906354e-05   -9.984553e-05  -9.9885819e-05 ...	F(t) =        9106.3604
Landing# 11000. Elapsed time: 10824
u =		  -9.3149857e-05   -9.896547e-05  -9.9241825e-05  -9.9807115e-05  -9.9053163e-05  -9.8051652e-05  -9.9876566e-05  -9.9833352e-05 ...	F(t) =        9106.9446
Landing# 11100. Elapsed time: 10925
u =		  -9.3506823e-05  -9.9291018e-05  -9.9021657e-05  -9.9851318e-05  -9.8493475e-05  -9.7796413e-05  -9.9892811e-05  -9.9868922e-05 ...	F(t) =        9107.5365
Landing# 11200. Elapsed time: 11025
u =		  -8.7618447e-05  -9.8762218e-05  -9.9631188e-05  -9.9780762e-05  -9.8811986e-05  -9.6941664e-05  -9.9890216e-05  -9.9872282e-05 ...	F(t) =        9108.1204
Landing# 11300. Elapsed time: 11125
u =		   -8.938486e-05  -9.8994101e-05  -9.9360533e-05  -9.9862569e-05  -9.7632412e-05  -9.7216709e-05  -9.9885972e-05  -9.9881787e-05 ...	F(t) =        9108.7073
Landing# 11400. Elapsed time: 11226
u =		  -9.3919696e-05  -9.8923917e-05  -9.9016335e-05  -9.9805323e-05  -9.8686711e-05  -9.7344218e-05  -9.9868285e-05  -9.9864073e-05 ...	F(t) =        9109.3025
Landing# 11500. Elapsed time: 11326
u =		  -8.9107405e-05  -9.9559915e-05  -9.8798604e-05  -9.9868056e-05    -9.84589e-05  -9.8921217e-05  -9.9881248e-05  -9.9871804e-05 ...	F(t) =        9109.8882
Landing# 11600. Elapsed time: 11426
u =		  -9.1833598e-05  -9.9602448e-05  -9.9646254e-05  -9.9862633e-05   -9.911008e-05  -9.8215329e-05  -9.9814001e-05  -9.9830998e-05 ...	F(t) =        9110.4749
Landing# 11700. Elapsed time: 11527
u =		  -9.1182488e-05  -9.9585623e-05  -9.9769097e-05  -9.9846871e-05  -9.8610807e-05  -9.8174076e-05  -9.9894352e-05  -9.9852821e-05 ...	F(t) =        9111.0492
Landing# 11800. Elapsed time: 11627
u =		  -8.8373454e-05  -9.9484504e-05  -9.8806161e-05  -9.9809786e-05  -9.8134799e-05   -9.831895e-05  -9.9880273e-05   -9.985574e-05 ...	F(t) =        9111.6215
Landing# 11900. Elapsed time: 11727
u =		  -9.4223747e-05  -9.9507925e-05  -9.9182763e-05   -9.983128e-05  -9.9417145e-05  -9.6628565e-05  -9.9891227e-05  -9.9848591e-05 ...	F(t) =        9112.2038
Landing# 12000. Elapsed time: 11828
u =		  -9.0592647e-05  -9.9678524e-05  -9.9652182e-05  -9.9838196e-05  -9.9584078e-05  -9.8653925e-05  -9.9885045e-05  -9.9855984e-05 ...	F(t) =         9112.778
Landing# 12100. Elapsed time: 11928
u =		  -8.8250134e-05  -9.9011817e-05  -9.9590764e-05  -9.9838582e-05  -9.8828655e-05  -9.7851514e-05  -9.9895492e-05  -9.9865668e-05 ...	F(t) =        9113.3442
Landing# 12200. Elapsed time: 12028
u =		  -9.1426069e-05  -9.8946178e-05  -9.9710037e-05   -9.982308e-05  -9.9499671e-05  -9.7760507e-05  -9.9883481e-05  -9.9876425e-05 ...	F(t) =        9113.9278
Landing# 12300. Elapsed time: 12129
u =		   -9.009164e-05  -9.9539469e-05  -9.9646526e-05   -9.984615e-05  -9.9518971e-05  -9.9089997e-05   -9.989018e-05  -9.9881686e-05 ...	F(t) =        9114.4994
Landing# 12400. Elapsed time: 12229
u =		  -9.0176301e-05  -9.9013841e-05  -9.9598186e-05  -9.9856243e-05  -9.9483105e-05  -9.8759091e-05  -9.9898728e-05  -9.9872313e-05 ...	F(t) =        9115.0735
Landing# 12500. Elapsed time: 12331
u =		  -8.9731987e-05  -9.9412427e-05  -9.9311998e-05  -9.9844944e-05  -9.8061793e-05  -9.7556706e-05  -9.9893361e-05  -9.9867215e-05 ...	F(t) =        9115.6417
Landing# 12600. Elapsed time: 12432
u =		  -8.9873526e-05  -9.9843698e-05  -9.9433398e-05  -9.9854758e-05  -9.9241703e-05  -9.8959148e-05  -9.9912546e-05  -9.9830071e-05 ...	F(t) =        9116.2194
Landing# 12700. Elapsed time: 12532
u =		   -9.085568e-05  -9.9095712e-05   -9.860673e-05  -9.9833309e-05  -9.8001829e-05  -9.8617571e-05  -9.9872817e-05  -9.9847315e-05 ...	F(t) =        9116.7639
Landing# 12800. Elapsed time: 12633
u =		  -8.8101884e-05  -9.9602568e-05  -9.9726499e-05  -9.9802944e-05  -9.8859427e-05  -9.8501066e-05  -9.9820352e-05  -9.9868476e-05 ...	F(t) =        9117.3119
Landing# 12900. Elapsed time: 12734
u =		  -9.1420559e-05  -9.9649142e-05  -9.9167598e-05  -9.9836321e-05  -9.8800534e-05  -9.7660641e-05  -9.9868277e-05  -9.9877301e-05 ...	F(t) =        9117.8557
Landing# 13000. Elapsed time: 12835
u =		  -9.2844785e-05  -9.9674796e-05  -9.9618652e-05  -9.9858977e-05  -9.9446315e-05  -9.8858269e-05  -9.9910177e-05  -9.9892658e-05 ...	F(t) =         9118.397
Landing# 13100. Elapsed time: 12936
u =		  -9.1463717e-05  -9.9631584e-05  -9.9478662e-05  -9.9839849e-05  -9.9466338e-05   -9.738356e-05  -9.9842682e-05  -9.9887637e-05 ...	F(t) =        9118.9228
Landing# 13200. Elapsed time: 13038
u =		  -9.0431914e-05  -9.9788294e-05  -9.9218739e-05  -9.9812923e-05  -9.9386182e-05  -9.8781235e-05  -9.9878191e-05  -9.9858893e-05 ...	F(t) =        9119.4522
Landing# 13300. Elapsed time: 13140
u =		  -9.1623683e-05  -9.9482834e-05  -9.9652227e-05  -9.9840958e-05  -9.9399623e-05  -9.7437281e-05  -9.9865533e-05  -9.9857314e-05 ...	F(t) =        9119.9779
Landing# 13400. Elapsed time: 13241
u =		  -9.7122786e-05  -9.9019439e-05  -9.9755545e-05  -9.9789102e-05  -9.9051493e-05  -9.7581482e-05  -9.9806001e-05  -9.9894368e-05 ...	F(t) =        9120.5063
Landing# 13500. Elapsed time: 13343
u =		  -9.1845187e-05  -9.9651385e-05  -9.9651825e-05   -9.981319e-05  -9.9015397e-05  -9.6032906e-05  -9.9896598e-05  -9.9839095e-05 ...	F(t) =        9121.0113
Landing# 13600. Elapsed time: 13445
u =		   -9.184892e-05  -9.9561721e-05  -9.9842265e-05  -9.9831981e-05  -9.8648187e-05  -9.7618799e-05  -9.9888337e-05  -9.9888552e-05 ...	F(t) =        9121.5288
Landing# 13700. Elapsed time: 13547
u =		  -9.6227654e-05  -9.9244165e-05  -9.9661639e-05  -9.9870597e-05  -9.9626971e-05  -9.8487865e-05  -9.9816294e-05  -9.9881332e-05 ...	F(t) =        9122.0504
Landing# 13800. Elapsed time: 13649
u =		  -9.7029318e-05  -9.9728435e-05   -9.982895e-05  -9.9883357e-05  -9.9300648e-05  -9.9269931e-05  -9.9795261e-05  -9.9881733e-05 ...	F(t) =        9122.5547
Landing# 13900. Elapsed time: 13751
u =		  -9.4759076e-05  -9.9564277e-05   -9.909787e-05  -9.9849579e-05   -9.939251e-05  -9.7203925e-05  -9.9814032e-05  -9.9885294e-05 ...	F(t) =        9123.0452
Landing# 14000. Elapsed time: 13853
u =		   -9.546636e-05  -9.9602568e-05  -9.9631939e-05  -9.9874235e-05  -9.8311417e-05  -9.7874521e-05  -9.9798948e-05    -9.98668e-05 ...	F(t) =        9123.5354
Landing# 14100. Elapsed time: 13955
u =		  -9.6359412e-05  -9.9387532e-05  -9.9670239e-05  -9.9902727e-05  -9.8936938e-05  -9.4694354e-05  -9.9793583e-05  -9.9855364e-05 ...	F(t) =        9124.0091
Landing# 14200. Elapsed time: 14058
u =		  -9.3270584e-05  -9.9036032e-05  -9.9562323e-05   -9.982997e-05  -9.9628916e-05  -9.8878982e-05  -9.9855557e-05  -9.9881672e-05 ...	F(t) =        9124.4829
Landing# 14300. Elapsed time: 14160
u =		  -9.6276904e-05  -9.9612977e-05   -9.916406e-05  -9.9838952e-05  -9.9723908e-05  -9.9535435e-05  -9.9850408e-05  -9.9885791e-05 ...	F(t) =        9124.9572
Landing# 14400. Elapsed time: 14262
u =		  -9.7889107e-05  -9.9500008e-05  -9.9732213e-05  -9.9864183e-05  -9.9639764e-05  -9.7666446e-05   -9.988405e-05  -9.9886138e-05 ...	F(t) =        9125.4207
Landing# 14500. Elapsed time: 14365
u =		  -9.7623795e-05  -9.9650582e-05  -9.9826275e-05  -9.9854287e-05  -9.9644562e-05   -9.643938e-05   -9.984304e-05  -9.9897343e-05 ...	F(t) =        9125.8696
Landing# 14600. Elapsed time: 14467
u =		  -9.7790979e-05  -9.9110824e-05  -9.9826769e-05   -9.986276e-05  -9.9683854e-05  -9.9116127e-05  -9.9803755e-05  -9.9887481e-05 ...	F(t) =        9126.3147
Landing# 14700. Elapsed time: 14570
u =		  -9.6356148e-05  -9.9848627e-05  -9.9819253e-05   -9.985691e-05  -9.9164464e-05  -9.8728339e-05  -9.9748036e-05   -9.988284e-05 ...	F(t) =        9126.7454
Landing# 14800. Elapsed time: 14672
u =		   -9.833741e-05  -9.9854406e-05  -9.8130133e-05  -9.9834151e-05   -9.879916e-05  -9.9502649e-05   -9.975126e-05  -9.9897709e-05 ...	F(t) =        9127.1728
Landing# 14900. Elapsed time: 14775
u =		  -9.9270432e-05  -9.9899387e-05  -9.9722082e-05  -9.9868543e-05  -9.9687679e-05  -9.9665862e-05  -9.9842012e-05  -9.9909417e-05 ...	F(t) =        9127.6212
Landing# 15000. Elapsed time: 14879
u =		  -9.8024719e-05  -9.9895248e-05  -9.8935798e-05    -9.98578e-05  -9.9404676e-05  -9.9262944e-05  -9.9707579e-05    -9.99011e-05 ...	F(t) =        9128.0259
Landing# 15100. Elapsed time: 14982
u =		  -9.9389254e-05  -9.9883245e-05  -9.9461729e-05  -9.9845874e-05  -9.9837151e-05  -9.9111033e-05  -9.9679168e-05  -9.9930446e-05 ...	F(t) =        9128.4569
Landing# 15200. Elapsed time: 15086
u =		  -9.8386719e-05  -9.9892867e-05  -9.9025653e-05  -9.9869955e-05  -9.9218383e-05  -9.8733639e-05  -9.9609862e-05   -9.988407e-05 ...	F(t) =        9128.8719
Landing# 15300. Elapsed time: 15189
u =		  -9.9355467e-05  -9.9892311e-05   -9.952648e-05  -9.9864249e-05  -9.9660627e-05  -9.9392029e-05  -9.9745328e-05  -9.9863672e-05 ...	F(t) =        9129.2873
Landing# 15400. Elapsed time: 15293
u =		  -9.8698642e-05  -9.9918823e-05  -9.9659658e-05  -9.9876182e-05  -9.9465434e-05  -9.9482428e-05  -9.9691369e-05  -9.9887721e-05 ...	F(t) =        9129.6926
Landing# 15500. Elapsed time: 15397
u =		  -9.8913318e-05  -9.9896818e-05  -9.9438371e-05  -9.9879306e-05  -9.9406047e-05  -9.9515315e-05  -9.9764138e-05  -9.9894344e-05 ...	F(t) =        9130.1001
Landing# 15600. Elapsed time: 15500
u =		  -9.9181991e-05  -9.9894793e-05  -9.9479711e-05  -9.9854367e-05  -9.9819399e-05  -9.9402109e-05  -9.9729066e-05  -9.9893052e-05 ...	F(t) =        9130.4948
Landing# 15700. Elapsed time: 15604
u =		  -9.8732878e-05  -9.9923708e-05  -9.9100707e-05  -9.9847189e-05  -9.9788243e-05  -9.9241287e-05  -9.9837778e-05  -9.9906973e-05 ...	F(t) =        9130.8819
Landing# 15800. Elapsed time: 15708
u =		  -9.7352752e-05  -9.9881262e-05  -9.9794334e-05  -9.9878447e-05  -9.9276229e-05   -9.967125e-05  -9.9762249e-05  -9.9885578e-05 ...	F(t) =        9131.2695
Landing# 15900. Elapsed time: 15812
u =		  -9.9564296e-05  -9.9901173e-05  -9.9852445e-05  -9.9857166e-05  -9.9580616e-05  -9.9511843e-05  -9.9803914e-05  -9.9874045e-05 ...	F(t) =        9131.6657
Landing# 16000. Elapsed time: 15916
u =		  -9.8166466e-05  -9.9857401e-05  -9.9854438e-05  -9.9810182e-05  -9.9602592e-05   -9.946288e-05  -9.9724134e-05  -9.9842749e-05 ...	F(t) =        9132.0613
Landing# 16100. Elapsed time: 16020
u =		  -9.8290078e-05  -9.9905469e-05  -9.9889006e-05   -9.984759e-05  -9.9682695e-05  -9.9658564e-05  -9.9814593e-05  -9.9899615e-05 ...	F(t) =        9132.4489
Landing# 16200. Elapsed time: 16123
u =		  -9.9410723e-05  -9.9879039e-05  -9.9858753e-05  -9.9871613e-05  -9.9510126e-05  -9.9605914e-05  -9.9810491e-05  -9.9894721e-05 ...	F(t) =        9132.8414
Landing# 16300. Elapsed time: 16227
u =		   -9.855853e-05  -9.9900813e-05  -9.9817864e-05  -9.9870494e-05  -9.9505869e-05  -9.9621166e-05  -9.9774336e-05  -9.9872547e-05 ...	F(t) =        9133.2227
Landing# 16400. Elapsed time: 16331
u =		  -9.9700813e-05  -9.9904775e-05  -9.9827793e-05  -9.9876505e-05   -9.948064e-05  -9.9537167e-05  -9.9811148e-05   -9.987081e-05 ...	F(t) =        9133.6051
Landing# 16500. Elapsed time: 16435
u =		   -9.707253e-05  -9.9902916e-05  -9.9795265e-05  -9.9826612e-05  -9.9452568e-05  -9.9401137e-05  -9.9788134e-05   -9.986724e-05 ...	F(t) =        9133.9797
Landing# 16600. Elapsed time: 16539
u =		  -9.9055609e-05  -9.9868161e-05  -9.9860926e-05  -9.9887319e-05  -9.9576185e-05  -9.9641936e-05  -9.9752595e-05  -9.9892739e-05 ...	F(t) =        9134.3515
Landing# 16700. Elapsed time: 16644
u =		  -9.9011102e-05  -9.9898768e-05  -9.9888713e-05  -9.9882527e-05   -9.923942e-05  -9.9335581e-05  -9.9785736e-05   -9.987948e-05 ...	F(t) =         9134.719
Landing# 16800. Elapsed time: 16748
u =		  -9.9380322e-05  -9.9899991e-05  -9.9853111e-05   -9.982308e-05  -9.9799639e-05  -9.9535046e-05  -9.9794335e-05  -9.9899002e-05 ...	F(t) =        9135.0964
Landing# 16900. Elapsed time: 16852
u =		  -9.9668049e-05  -9.9905854e-05  -9.9859828e-05    -9.98699e-05  -9.9815073e-05  -9.9735484e-05   -9.968599e-05  -9.9884263e-05 ...	F(t) =        9135.4598
Landing# 17000. Elapsed time: 16956
u =		  -9.8897922e-05  -9.9919436e-05  -9.9889638e-05  -9.9837889e-05  -9.9670936e-05  -9.9388565e-05  -9.9774579e-05  -9.9901446e-05 ...	F(t) =        9135.8234
Landing# 17100. Elapsed time: 17060
u =		  -9.8820182e-05  -9.9894263e-05  -9.9820706e-05  -9.9851105e-05  -9.9600653e-05  -9.9118425e-05  -9.9790188e-05  -9.9910104e-05 ...	F(t) =        9136.1821
Landing# 17200. Elapsed time: 17165
u =		  -9.9608148e-05  -9.9891134e-05  -9.9899956e-05  -9.9891145e-05  -9.9712006e-05  -9.9005676e-05  -9.9746243e-05  -9.9887672e-05 ...	F(t) =        9136.5282
Landing# 17300. Elapsed time: 17270
u =		   -9.861671e-05  -9.9897074e-05   -9.989194e-05  -9.9819928e-05  -9.9747388e-05  -9.9130284e-05  -9.9774797e-05  -9.9887984e-05 ...	F(t) =         9136.888
Landing# 17400. Elapsed time: 17374
u =		  -9.9671964e-05  -9.9874463e-05  -9.9863485e-05  -9.9829764e-05  -9.9366275e-05  -9.9510938e-05  -9.9760439e-05  -9.9882733e-05 ...	F(t) =        9137.2449
Landing# 17500. Elapsed time: 17478
u =		  -9.9158601e-05  -9.9927912e-05  -9.9819944e-05  -9.9835671e-05  -9.9318378e-05  -9.9531421e-05  -9.9776399e-05  -9.9866432e-05 ...	F(t) =        9137.5958
Landing# 17600. Elapsed time: 17582
u =		  -9.9605471e-05  -9.9877461e-05  -9.9877972e-05  -9.9861675e-05  -9.9897019e-05  -9.9568051e-05  -9.9559186e-05  -9.9909907e-05 ...	F(t) =        9137.9552
Landing# 17700. Elapsed time: 17686
u =		  -9.9712969e-05  -9.9910291e-05  -9.9860376e-05  -9.9864024e-05  -9.9775732e-05  -9.9528728e-05   -9.961594e-05  -9.9912511e-05 ...	F(t) =        9138.3187
Landing# 17800. Elapsed time: 17790
u =		   -9.967694e-05  -9.9915248e-05  -9.9890795e-05   -9.991173e-05  -9.9663045e-05  -9.9124633e-05  -9.9658577e-05  -9.9910976e-05 ...	F(t) =        9138.6379
Landing# 17900. Elapsed time: 17894
u =		  -9.9624197e-05  -9.9893715e-05  -9.9844862e-05  -9.9858123e-05  -9.9752749e-05  -9.9495858e-05  -9.9795764e-05  -9.9901398e-05 ...	F(t) =        9138.9548
Landing# 18000. Elapsed time: 17999
u =		  -9.9538844e-05  -9.9939144e-05  -9.9891272e-05  -9.9848349e-05  -9.9538404e-05  -9.9598159e-05  -9.9758355e-05  -9.9871513e-05 ...	F(t) =        9139.2832
Landing# 18100. Elapsed time: 18103
u =		   -9.968771e-05  -9.9904588e-05  -9.9860246e-05  -9.9847513e-05  -9.9286604e-05  -9.9649823e-05    -9.97049e-05  -9.9922319e-05 ...	F(t) =         9139.598
Landing# 18200. Elapsed time: 18207
u =		  -9.9411752e-05  -9.9882717e-05  -9.9834842e-05  -9.9822681e-05  -9.9121074e-05  -9.9730548e-05  -9.9684974e-05  -9.9856802e-05 ...	F(t) =        9139.9182
Landing# 18300. Elapsed time: 18311
u =		  -9.9236282e-05  -9.9894889e-05  -9.9866753e-05  -9.9846523e-05  -9.9784203e-05  -9.9346359e-05  -9.9577563e-05  -9.9876818e-05 ...	F(t) =        9140.2225
Landing# 18400. Elapsed time: 18416
u =		  -9.9304109e-05  -9.9900248e-05  -9.9850443e-05  -9.9815979e-05  -9.9609805e-05  -9.9739061e-05   -9.973844e-05  -9.9904735e-05 ...	F(t) =        9140.5384
Landing# 18500. Elapsed time: 18520
u =		  -9.9366737e-05  -9.9903725e-05  -9.9893839e-05   -9.985381e-05  -9.9705706e-05  -9.9010741e-05   -9.975044e-05  -9.9896093e-05 ...	F(t) =        9140.8336
Landing# 18600. Elapsed time: 18624
u =		  -9.9499473e-05  -9.9913329e-05  -9.9881561e-05  -9.9872913e-05  -9.9864225e-05  -9.9353308e-05  -9.9506146e-05  -9.9901173e-05 ...	F(t) =        9141.1258
Landing# 18700. Elapsed time: 18728
u =		  -9.9561663e-05  -9.9902686e-05  -9.9853802e-05  -9.9819095e-05  -9.9719057e-05   -9.940608e-05  -9.9722077e-05  -9.9888862e-05 ...	F(t) =          9141.43
Landing# 18800. Elapsed time: 18833
u =		  -9.9048292e-05  -9.9880593e-05  -9.9876741e-05  -9.9783465e-05  -9.9778418e-05  -9.8552164e-05  -9.9512708e-05  -9.9872289e-05 ...	F(t) =        9141.7114
Landing# 18900. Elapsed time: 18938
u =		  -9.9357647e-05  -9.9902259e-05  -9.9812817e-05  -9.9845071e-05  -9.9781995e-05  -9.8916276e-05  -9.9633606e-05   -9.990042e-05 ...	F(t) =        9142.0193
Landing# 19000. Elapsed time: 19042
u =		  -9.9360586e-05  -9.9925827e-05  -9.9858458e-05  -9.9852412e-05  -9.9829688e-05  -9.9219242e-05  -9.9613618e-05  -9.9903566e-05 ...	F(t) =        9142.3248
Landing# 19100. Elapsed time: 19147
u =		  -9.8338675e-05  -9.9889356e-05  -9.9862133e-05  -9.9814567e-05  -9.9701029e-05  -9.8929173e-05  -9.9745134e-05  -9.9878761e-05 ...	F(t) =        9142.6196
Landing# 19200. Elapsed time: 19251
u =		  -9.9202654e-05  -9.9871085e-05   -9.985443e-05  -9.9802075e-05  -9.9792451e-05  -9.9478332e-05  -9.9785898e-05  -9.9881042e-05 ...	F(t) =        9142.9283
Landing# 19300. Elapsed time: 19355
u =		    -9.86943e-05  -9.9896616e-05  -9.9835099e-05  -9.9893708e-05  -9.9827771e-05   -9.970463e-05  -9.9630537e-05  -9.9893766e-05 ...	F(t) =        9143.2354
Landing# 19400. Elapsed time: 19460
u =		  -9.8163843e-05  -9.9866857e-05  -9.9825356e-05  -9.9821724e-05  -9.9812358e-05  -9.9656252e-05  -9.9804488e-05  -9.9876849e-05 ...	F(t) =        9143.5497
Landing# 19500. Elapsed time: 19565
u =		  -9.8763091e-05   -9.986327e-05  -9.9852463e-05  -9.9870933e-05  -9.9841295e-05  -9.9663956e-05  -9.9751167e-05  -9.9881271e-05 ...	F(t) =        9143.8479
Landing# 19600. Elapsed time: 19669
u =		  -9.9303596e-05  -9.9913663e-05  -9.9858994e-05  -9.9877369e-05  -9.9707296e-05   -9.965666e-05  -9.9720373e-05  -9.9880538e-05 ...	F(t) =        9144.1624
Landing# 19700. Elapsed time: 19774
u =		  -9.9687598e-05  -9.9897236e-05  -9.9822024e-05  -9.9833944e-05  -9.9751192e-05   -9.969196e-05  -9.9645419e-05  -9.9917968e-05 ...	F(t) =          9144.47
Landing# 19800. Elapsed time: 19879
u =		  -9.6472849e-05  -9.9890867e-05  -9.9843661e-05  -9.9825171e-05  -9.9723436e-05  -9.9661885e-05  -9.9868275e-05  -9.9919945e-05 ...	F(t) =        9144.7816
Landing# 19900. Elapsed time: 19983
u =		  -9.9597446e-05  -9.9888801e-05  -9.9873391e-05  -9.9839192e-05  -9.9768934e-05  -9.9784699e-05  -9.9558002e-05  -9.9873674e-05 ...	F(t) =        9145.0975
Landing# 20000. Elapsed time: 20088
u =		  -9.8789548e-05  -9.9908302e-05  -9.9838055e-05  -9.9875454e-05  -9.9787006e-05  -9.9726837e-05  -9.9791274e-05  -9.9864944e-05 ...	F(t) =        9145.4125
Landing# 20100. Elapsed time: 20193
u =		   -9.953012e-05  -9.9929406e-05  -9.9809717e-05   -9.987661e-05  -9.9816279e-05  -9.9599024e-05  -9.9728339e-05  -9.9904882e-05 ...	F(t) =        9145.7334
Landing# 20200. Elapsed time: 20298
u =		  -9.9684301e-05  -9.9898894e-05  -9.9881627e-05  -9.9896596e-05  -9.9758434e-05  -9.9643361e-05   -9.970336e-05   -9.989302e-05 ...	F(t) =        9146.0446
Landing# 20300. Elapsed time: 20404
u =		  -9.8855051e-05  -9.9894381e-05  -9.9881832e-05  -9.9883712e-05  -9.9870829e-05  -9.9435375e-05  -9.9737511e-05   -9.990216e-05 ...	F(t) =        9146.3386
=============================================
Elapsed time: 20415.818
Iterations: 69488257
Optimal objective value:          9146.37
Exact objective value:           9146.378
Relative error = 8.7654074e-07
=============================================
Solution is saved into the file 'Problems/lp_fit1d_so.mtx'.
Solution:	               0       1.0000998               0       1.0000998               0      0.84386707               0       1.0000999	...
Ordered:	               0               0               0               0               0               0               0               0	...
