=================================================== BSF Target ====================================================
Problem name: fit1d
Number of Workers: 40
OpenMP is turned off!
Map List is not Fragmented.
Before conversion: m =	24	n = 1049
After conversion:  m =	2077	n = 1026
Eps Min Dir Length:	0.001
Eps Objective:		0.001
Eps Shift:		0.001
Eps Zero Compare:	0.001
Eps Zero Direction:	0.001
Exact Obj Value:	9146.378
Distance to Apex:	0
Low Cost Percentile:	0
Gap Max:		0.01
Obj Vector Length:	1
Start Shift Lengt:	1
Blocking obj var:	false
Use low cost vars:	false
--------------- Statisics ---------------
Number of high-cost variables:	1026
Number of low-cost variables:	0
Number of zero-cost variables:	0
Problem Scale:			3
--------------- Data ---------------
Obj Function:	           -1440            -800            -770            -710            -700            -660            -650            -600 ...
Start point:	   -0.0085224687   -0.0095582766   -0.0095483222   -0.0097567965   -0.0096761926   -0.0098183478   -0.0098211821   -0.0098123017 ...	F(x) = 10057.047
Apex point:	   -0.0085224687   -0.0095582766   -0.0095483222   -0.0097567965   -0.0096761926   -0.0098183478   -0.0098211821   -0.0098123017 ...	F(x) = 10057.047
-------------------------------------------
--------- Finding feasible point ------------
Iter # 28068. Elapsed time: 8
u =		    0.0016493594     0.082103621     0.094774609      0.10400158   -0.0009997577      0.10121562  -0.00041657521     0.047066475 ...	F(t) =        7227.3868
Landing# 0. Elapsed time: 10
u =		    0.0016424892     0.081895573     0.094545029      0.10377115   -0.0009997577      0.10099948  -0.00041790427     0.046946906 ...	F(t) =        7230.0448
Landing# 50. Elapsed time: 76
u =		    0.0013100504      0.07183969     0.083273738     0.092158126   -0.0009997577     0.090034007  -0.00048531052     0.041180251 ...	F(t) =        7362.0155
Landing# 100. Elapsed time: 142
u =		    0.0010035925     0.062447453     0.072562309     0.080593722   -0.0009997577      0.07890915  -0.00054752987     0.035805872 ...	F(t) =        7491.7778
Landing# 150. Elapsed time: 208
u =		   0.00071900831      0.05368782     0.062482629     0.069484437   -0.0009997577     0.067991457  -0.00060168294     0.030792939 ...	F(t) =        7619.2637
Landing# 200. Elapsed time: 273
u =		   0.00045548975     0.045549606     0.053092077     0.059046566   -0.0009997577      0.05768903  -0.00065099454     0.026129121 ...	F(t) =        7744.1102
Landing# 250. Elapsed time: 337
u =		   0.00021495791     0.038046299     0.044433034      0.04939554   -0.0009997577     0.048188736  -0.00068855098     0.021819155 ...	F(t) =        7865.5903
Landing# 300. Elapsed time: 401
u =		  -3.1369008e-07     0.031213096     0.036553959     0.040603704   -0.0009997577      0.03956545  -0.00072568272     0.017882602 ...	F(t) =        7982.7357
Landing# 350. Elapsed time: 464
u =		  -0.00018664416     0.025063044     0.029466512     0.032694476   -0.0009997577     0.031831076  -0.00076026731     0.014327126 ...	F(t) =         8094.677
Landing# 400. Elapsed time: 526
u =		   -0.0003430308     0.019600834     0.023170308     0.025671326   -0.0009997577     0.024978221  -0.00080245242     0.011156124 ...	F(t) =        8200.5316
Landing# 450. Elapsed time: 586
u =		  -0.00048331088     0.014793294     0.017619326     0.019487196   -0.0009997577     0.018974633  -0.00083577197    0.0083581833 ...	F(t) =        8299.5367
Landing# 500. Elapsed time: 647
u =		  -0.00059870392     0.010652078     0.012825701      0.01416845   -0.0009997577     0.013858947  -0.00085881852    0.0059481004 ...	F(t) =        8389.1929
Landing# 550. Elapsed time: 707
u =		  -0.00069581458    0.0071713583     0.008745072    0.0096687669   -0.0009997577    0.0094955563   -0.0008736601    0.0038976639 ...	F(t) =         8469.582
Landing# 600. Elapsed time: 767
u =		  -0.00078867588    0.0043899896    0.0054360116    0.0060423793   -0.0009997577    0.0059355886  -0.00088847256    0.0022350341 ...	F(t) =        8539.0559
Landing# 650. Elapsed time: 827
u =		  -0.00086718943    0.0023735241    0.0030280875    0.0034075783   -0.0009997577    0.0033409019  -0.00089833503    0.0010249541 ...	F(t) =        8593.5901
Landing# 700. Elapsed time: 887
u =		  -0.00090823265    0.0010186319    0.0014103753    0.0016373005   -0.0009997577      0.00159744  -0.00090721519   0.00021184222 ...	F(t) =        8634.1313
Landing# 750. Elapsed time: 947
u =		  -0.00099889723    0.0003507983   0.00065570293    0.0007944646  -0.00098954115   0.00080780686  -0.00099237055  -0.00016497884 ...	F(t) =        8659.4642
Landing# 800. Elapsed time: 1008
u =		  -0.00099889723  -0.00025620668  -8.8319583e-05  -1.1974541e-05  -0.00098954115  -4.3484236e-06  -0.00099237055  -0.00054000835 ...	F(t) =         8682.011
Landing# 850. Elapsed time: 1069
u =		  -0.00099889723  -0.00060105842  -0.00051101151  -0.00047014927  -0.00098954115  -0.00046586383  -0.00099237055  -0.00075307535 ...	F(t) =        8698.3849
Landing# 900. Elapsed time: 1130
u =		  -0.00099889723  -0.00079081918  -0.00074365733  -0.00072230477  -0.00098954115  -0.00071981205  -0.00099237055  -0.00087037484 ...	F(t) =        8711.1443
Landing# 950. Elapsed time: 1191
u =		  -0.00099889723   -0.0008937716  -0.00086992292    -0.000859128  -0.00098954115  -0.00085766287  -0.00099237055   -0.0009302119 ...	F(t) =        8721.4137
Landing# 1000. Elapsed time: 1252
u =		  -0.00099889723  -0.00093461428  -0.00093362882  -0.00093128097  -0.00098954115  -0.00093020058  -0.00099237055  -0.00093413215 ...	F(t) =        8729.6652
Landing# 1050. Elapsed time: 1312
u =		  -0.00099889723  -0.00093951114  -0.00093852366  -0.00093916659  -0.00098954115  -0.00093916453  -0.00099237055   -0.0009390254 ...	F(t) =        8738.0555
Landing# 1100. Elapsed time: 1372
u =		  -0.00099889723   -0.0009434273  -0.00094343125  -0.00094309372  -0.00098954115  -0.00094407128  -0.00099237055  -0.00094392867 ...	F(t) =        8747.3865
Landing# 1150. Elapsed time: 1431
u =		  -0.00099889723  -0.00094734415  -0.00094736328  -0.00094702848  -0.00098954115  -0.00094800963  -0.00099237055  -0.00094686237 ...	F(t) =        8757.2867
Landing# 1200. Elapsed time: 1490
u =		  -0.00099889723   -0.0009522415   -0.0009522766  -0.00095193213  -0.00098954115  -0.00095193592  -0.00099237055  -0.00095178388 ...	F(t) =        8767.0152
Landing# 1250. Elapsed time: 1548
u =		  -0.00099889723  -0.00095518104  -0.00095522589  -0.00095487021  -0.00098954115  -0.00095488277  -0.00099237055  -0.00095374671 ...	F(t) =        8776.2009
Landing# 1300. Elapsed time: 1606
u =		  -0.00099889723  -0.00095714444  -0.00095718067  -0.00095683515  -0.00098954115  -0.00095684632  -0.00099237055  -0.00095670244 ...	F(t) =        8785.7872
Landing# 1350. Elapsed time: 1663
u =		  -0.00099889723  -0.00095910329  -0.00095914635  -0.00095879491  -0.00098954115  -0.00095880255  -0.00099237055  -0.00095866534 ...	F(t) =         8795.747
Landing# 1400. Elapsed time: 1720
u =		  -0.00099889723  -0.00096106122  -0.00096110448  -0.00096074975  -0.00098954115  -0.00096076959  -0.00099237055  -0.00096062801 ...	F(t) =        8805.8352
Landing# 1450. Elapsed time: 1777
u =		  -0.00099889723  -0.00096203836  -0.00096208106  -0.00096173501  -0.00098954115  -0.00096176189  -0.00099237055  -0.00096160971 ...	F(t) =         8815.649
Landing# 1500. Elapsed time: 1833
u =		  -0.00099889723  -0.00096302065   -0.0009630601  -0.00096369283  -0.00098954115  -0.00096275028  -0.00099237055  -0.00096357188 ...	F(t) =        8825.3103
Landing# 1550. Elapsed time: 1890
u =		  -0.00099889723  -0.00096399815  -0.00096403883  -0.00096467252  -0.00098954115  -0.00096374184  -0.00099237055  -0.00096454956 ...	F(t) =        8834.6087
Landing# 1600. Elapsed time: 1946
u =		  -0.00099889723  -0.00096497865  -0.00096501637  -0.00096467252  -0.00098954115  -0.00096569862  -0.00099237055  -0.00096552994 ...	F(t) =        8843.7583
Landing# 1650. Elapsed time: 2003
u =		  -0.00099889723  -0.00096693504  -0.00096698098  -0.00096760667  -0.00098954115  -0.00096667556  -0.00099237055   -0.0009674903 ...	F(t) =        8852.6706
Landing# 1700. Elapsed time: 2059
u =		  -0.00099889723  -0.00096791239  -0.00096796132  -0.00096858532  -0.00098954115  -0.00096765251  -0.00099237055   -0.0009674903 ...	F(t) =        8860.8854
Landing# 1750. Elapsed time: 2116
u =		  -0.00099889723  -0.00096888928  -0.00096894096  -0.00096956684  -0.00098954115  -0.00096961232  -0.00099237055  -0.00096946134 ...	F(t) =        8868.3935
Landing# 1800. Elapsed time: 2172
u =		  -0.00099889723  -0.00096987178  -0.00096992276  -0.00096956684  -0.00098954115  -0.00096961232  -0.00099237055  -0.00096946134 ...	F(t) =        8875.5115
Landing# 1850. Elapsed time: 2229
u =		  -0.00099889723  -0.00096987178  -0.00097090358  -0.00097055101  -0.00098954115   -0.0009705927  -0.00099237055  -0.00097044582 ...	F(t) =        8882.3351
Landing# 1900. Elapsed time: 2285
u =		  -0.00099889723  -0.00097085755  -0.00097090358  -0.00097152948  -0.00098954115   -0.0009705927  -0.00099237055   -0.0009714246 ...	F(t) =        8888.7584
Landing# 1950. Elapsed time: 2342
u =		  -0.00099889723   -0.0009718391  -0.00097188092  -0.00097152948  -0.00098954115  -0.00097157663  -0.00099237055   -0.0009714246 ...	F(t) =        8894.9533
Landing# 2000. Elapsed time: 2398
u =		  -0.00099889723  -0.00097283053  -0.00097287414  -0.00097250999  -0.00098954115   -0.0009725563  -0.00099237055  -0.00097240557 ...	F(t) =        8900.5196
Landing# 2050. Elapsed time: 2455
u =		  -0.00099889723  -0.00097381576   -0.0009738592  -0.00097349355  -0.00098954115  -0.00097353968  -0.00099237055  -0.00097338749 ...	F(t) =        8905.2727
Landing# 2100. Elapsed time: 2511
u =		  -0.00099889723   -0.0009747961  -0.00097484734   -0.0009744778  -0.00098954115   -0.0009745181  -0.00099237055   -0.0009743709 ...	F(t) =        8909.5232
Landing# 2150. Elapsed time: 2568
u =		  -0.00099889723  -0.00097577589  -0.00097583349  -0.00097643814  -0.00098954115  -0.00097549611  -0.00099237055  -0.00097634049 ...	F(t) =        8913.3258
Landing# 2200. Elapsed time: 2624
u =		  -0.00099889723  -0.00097675495  -0.00097681784  -0.00097643814  -0.00098954115  -0.00097647894  -0.00099237055  -0.00097634049 ...	F(t) =          8916.88
Landing# 2250. Elapsed time: 2680
u =		  -0.00099889723  -0.00097675495  -0.00097681784  -0.00097741504  -0.00098954115  -0.00097745625  -0.00099237055  -0.00097732004 ...	F(t) =        8920.5031
Landing# 2300. Elapsed time: 2736
u =		  -0.00099889723  -0.00097773649  -0.00097780628  -0.00097839595  -0.00098954115  -0.00097843521  -0.00099237055  -0.00097830477 ...	F(t) =        8924.1386
Landing# 2350. Elapsed time: 2791
u =		  -0.00099889723  -0.00097871525  -0.00097879032  -0.00097839595  -0.00098954115  -0.00097843521  -0.00099237055  -0.00097830477 ...	F(t) =        8927.6336
Landing# 2400. Elapsed time: 2847
u =		  -0.00099889723  -0.00097871525  -0.00097879032  -0.00097839595  -0.00098954115  -0.00097941775  -0.00099237055  -0.00097929019 ...	F(t) =         8931.042
Landing# 2450. Elapsed time: 2902
u =		  -0.00099889723    -0.000979699  -0.00097879032   -0.0009793809  -0.00098954115  -0.00097941775  -0.00099237055  -0.00097929019 ...	F(t) =        8934.5479
Landing# 2500. Elapsed time: 2958
u =		  -0.00099889723    -0.000979699  -0.00097977702  -0.00098036188  -0.00098954115   -0.0009803987  -0.00099237055  -0.00098028746 ...	F(t) =        8937.7572
Landing# 2550. Elapsed time: 3013
u =		  -0.00099889723  -0.00098067627  -0.00098075651  -0.00098036188  -0.00098954115   -0.0009803987  -0.00099237055  -0.00098028746 ...	F(t) =        8940.4637
Landing# 2600. Elapsed time: 3069
u =		  -0.00099889723  -0.00098067627  -0.00098075651  -0.00098036188  -0.00098954115   -0.0009803987  -0.00099237055  -0.00098126514 ...	F(t) =        8943.3274
Landing# 2650. Elapsed time: 3124
u =		  -0.00099889723  -0.00098067627  -0.00098075651  -0.00098134015  -0.00098954115   -0.0009803987  -0.00099237055  -0.00098126514 ...	F(t) =        8946.3908
Landing# 2700. Elapsed time: 3179
u =		  -0.00099889723  -0.00098067627  -0.00098075651  -0.00098134015  -0.00098954115   -0.0009803987  -0.00099237055  -0.00098126514 ...	F(t) =        8949.6581
Landing# 2750. Elapsed time: 3234
u =		  -0.00099889723  -0.00098166024  -0.00098075651  -0.00098134015  -0.00098954115  -0.00098138177  -0.00099237055  -0.00098126514 ...	F(t) =        8953.0873
Landing# 2800. Elapsed time: 3289
u =		  -0.00099889723  -0.00098166024  -0.00098173879  -0.00098134015  -0.00098954115  -0.00098138177  -0.00099237055  -0.00098126514 ...	F(t) =        8956.5325
Landing# 2850. Elapsed time: 3344
u =		  -0.00099889723   -0.0009826388  -0.00098271805  -0.00098233138  -0.00098954115  -0.00098236589  -0.00099237055  -0.00098323101 ...	F(t) =        8959.4818
Landing# 2900. Elapsed time: 3399
u =		  -0.00099889723  -0.00098362029  -0.00098370586   -0.0009833084  -0.00098954115  -0.00098334495  -0.00099237055  -0.00098323101 ...	F(t) =        8961.3919
Landing# 2950. Elapsed time: 3454
u =		  -0.00099889723  -0.00098362029  -0.00098370586  -0.00098429264  -0.00098954115  -0.00098334495  -0.00099237055  -0.00098421219 ...	F(t) =        8963.1409
Landing# 3000. Elapsed time: 3509
u =		  -0.00099889723   -0.0009846051  -0.00098370586  -0.00098429264  -0.00098954115  -0.00098433069  -0.00099237055  -0.00098421219 ...	F(t) =        8964.8536
Landing# 3050. Elapsed time: 3563
u =		  -0.00099889723   -0.0009846051  -0.00098468564  -0.00098429264  -0.00098954115  -0.00098433069  -0.00099237055  -0.00098421219 ...	F(t) =         8966.559
Landing# 3100. Elapsed time: 3618
u =		  -0.00099889723   -0.0009846051  -0.00098468564  -0.00098429264  -0.00098954115  -0.00098433069  -0.00099237055  -0.00098519113 ...	F(t) =        8968.4514
Landing# 3150. Elapsed time: 3673
u =		  -0.00099889723   -0.0009846051  -0.00098468564  -0.00098527581  -0.00098954115  -0.00098531289  -0.00099237055  -0.00098519113 ...	F(t) =        8970.5646
Landing# 3200. Elapsed time: 3727
u =		  -0.00099889723  -0.00098558345  -0.00098468564  -0.00098527581  -0.00098954115  -0.00098531289  -0.00099237055  -0.00098519113 ...	F(t) =        8972.8487
Landing# 3250. Elapsed time: 3782
u =		  -0.00099889723  -0.00098558345  -0.00098468564  -0.00098527581  -0.00098954115  -0.00098531289  -0.00099237055  -0.00098519113 ...	F(t) =        8975.2011
Landing# 3300. Elapsed time: 3837
u =		  -0.00099889723  -0.00098558345  -0.00098566862  -0.00098527581  -0.00098954115  -0.00098531289  -0.00099237055  -0.00098519113 ...	F(t) =        8977.6202
Landing# 3350. Elapsed time: 3891
u =		  -0.00099889723  -0.00098558345  -0.00098566862  -0.00098527581  -0.00098954115  -0.00098531289  -0.00099237055  -0.00098519113 ...	F(t) =        8979.9848
slurmd[node004]: error: *** JOB 325694 CANCELLED AT 2022-08-30T11:22:08 ***
slurmd[node004]: error: *** STEP 325694.0 CANCELLED AT 2022-08-30T11:22:08 ***
srun: Job step aborted: Waiting up to 2 seconds for job step to finish.
