=================================================== BSF Target ====================================================
Problem name: kb2
Number of Workers: 10
OpenMP is turned off!
Map List is not Fragmented.
Before conversion: m =	43	n = 68
After conversion:  m =	109	n = 41
Eps Min Dir Length:	0.001
Eps Objective:		0.01
Eps Shift:		0.0001
Eps Zero Compare:	0.01
Eps Zero Direction:	0.0001
Exact Obj Value:	1749.9
Distance to Apex:	0
Low Cost Percentile:	0.1
Gap Max:		0.2
Obj Vector Length:	0.1
Start Shift Lengt:	1
Blocking obj var:	false
Use low cost vars:	false
--------------- Statisics ---------------
Number of high-cost variables:	3
Number of low-cost variables:	2
Number of zero-cost variables:	36
Problem Scale:			200
--------------- Data ---------------
Obj Function:	            16.5             -16             -12        -0.08757        -0.08757               0               0               0 ...
Start point:	       102.15358   -0.0091564325   -0.0089118968   -0.0097922799       2.3293007       13.383458   -0.0093583424  -0.00031544329 ...	F(x) = 1685.5844
Apex point:	       102.15358   -0.0091564325   -0.0089118968   -0.0097922799       2.3293007       13.383458   -0.0093583424  -0.00031544329 ...	F(x) = 1685.5844
-------------------------------------------
--------- Finding feasible point ------------
Iter # 0. Elapsed time: 0
u =		       102.15358   -0.0091564325   -0.0089118968   -0.0097922799       2.3293007       13.383458   -0.0093583424  -0.00031544329 ...	F(t) =        1685.5844
Landing# 0. Elapsed time: 0
u =		       102.15362   -0.0091560979   -0.0089093686   -0.0097903118       2.3293002       13.383458   -0.0093586992  -0.00031544329 ...	F(t) =        1685.5851
Landing# 10000. Elapsed time: 6
u =		       102.15416   -0.0085106037   -0.0085762089   -0.0096616276       2.3256337       13.383458   -0.0092600382  -0.00031544329 ...	F(t) =        1685.5799
Landing# 20000. Elapsed time: 12
u =		       102.15378   -0.0083502776   -0.0086062022   -0.0096626668       2.3218957       13.383458   -0.0092495325  -0.00031544329 ...	F(t) =        1685.5718
Landing# 30000. Elapsed time: 17
u =		        102.1544   -0.0081656359   -0.0086933542   -0.0096616486       2.3181532       13.383458   -0.0092615063  -0.00031544329 ...	F(t) =        1685.5804
Landing# 40000. Elapsed time: 22
u =		       102.15449   -0.0081493604   -0.0086856486   -0.0096624077       2.3144042       13.383458   -0.0092603175  -0.00031544329 ...	F(t) =        1685.5819
Landing# 50000. Elapsed time: 28
u =		       102.15464   -0.0081327736    -0.008704907   -0.0096626249       2.3106667       13.383458   -0.0092598639  -0.00031544329 ...	F(t) =        1685.5846
Landing# 60000. Elapsed time: 33
u =		       102.15476   -0.0081208512   -0.0086998536   -0.0096614011       2.3069314       13.383458   -0.0092558186  -0.00031544329 ...	F(t) =        1685.5867
Landing# 70000. Elapsed time: 39
u =		       102.15496   -0.0081060552   -0.0087005793   -0.0096615358       2.3031974       13.383458   -0.0092545122  -0.00031544329 ...	F(t) =        1685.5901
Landing# 80000. Elapsed time: 45
u =		       102.15513   -0.0081235832   -0.0087085238   -0.0096621684       2.2994657       13.383458   -0.0092542431  -0.00031544329 ...	F(t) =        1685.5937
Landing# 90000. Elapsed time: 51
u =		       102.15534    -0.008112909   -0.0087034499   -0.0096621712       2.2957332       13.383458   -0.0092525923  -0.00031544329 ...	F(t) =        1685.5972
Landing# 100000. Elapsed time: 56
u =		       102.15554   -0.0080996068   -0.0086998394   -0.0096623588       2.2920004       13.383458    -0.009252479  -0.00031544329 ...	F(t) =        1685.6005
Landing# 110000. Elapsed time: 62
u =		       102.15574   -0.0080886845   -0.0086978389   -0.0096618196       2.2882667       13.383458   -0.0092525079  -0.00031544329 ...	F(t) =         1685.604
Landing# 120000. Elapsed time: 68
u =		       102.15584   -0.0081152913   -0.0087072471   -0.0096624213       2.2845354       13.383458   -0.0092528589  -0.00031544329 ...	F(t) =        1685.6064
Landing# 130000. Elapsed time: 74
u =		       102.15604   -0.0080975257   -0.0087035618   -0.0096620097       2.2808034       13.383458   -0.0092557605  -0.00031544329 ...	F(t) =        1685.6097
Landing# 140000. Elapsed time: 80
u =		       102.15625   -0.0081101639   -0.0087012979   -0.0096615348       2.2770705       13.383458   -0.0092528671  -0.00031544329 ...	F(t) =        1685.6138
Landing# 150000. Elapsed time: 85
u =		       102.15645   -0.0081077268   -0.0086996076   -0.0096620753       2.2733377       13.383458    -0.009251737  -0.00031544329 ...	F(t) =        1685.6173
Landing# 160000. Elapsed time: 91
u =		       102.15663   -0.0081287317   -0.0087091778   -0.0096619718       2.2696055       13.383458   -0.0092539729  -0.00031544329 ...	F(t) =         1685.621
Landing# 170000. Elapsed time: 97
u =		       102.15683    -0.008112339   -0.0087050396   -0.0096619601       2.2658732       13.383458   -0.0092541245  -0.00031544329 ...	F(t) =        1685.6244
Landing# 180000. Elapsed time: 103
u =		       102.15703   -0.0080853068   -0.0087006285   -0.0096615149       2.2621406       13.383458   -0.0092558115  -0.00031544329 ...	F(t) =        1685.6276
Landing# 190000. Elapsed time: 108
u =		       102.15714   -0.0080768397   -0.0086993138   -0.0096616129       2.2584083       13.383458   -0.0092542831  -0.00031544329 ...	F(t) =        1685.6295
Landing# 200000. Elapsed time: 114
u =		       102.15733   -0.0081234185   -0.0087090459   -0.0096618113       2.2546769       13.383458    -0.009254946  -0.00031544329 ...	F(t) =        1685.6339
Landing# 210000. Elapsed time: 120
u =		       102.15762   -0.0081069289   -0.0087045093   -0.0096622136       2.2509442       13.383458    -0.009254899  -0.00031544329 ...	F(t) =        1685.6387
Landing# 220000. Elapsed time: 125
u =		       102.15775   -0.0081070157   -0.0087020087   -0.0096616706       2.2472117       13.383458   -0.0092537325  -0.00031544329 ...	F(t) =         1685.641
Landing# 230000. Elapsed time: 131
u =		       102.15793   -0.0080864616   -0.0087020565   -0.0096614924       2.2434784       13.383458    -0.009255417  -0.00031544329 ...	F(t) =        1685.6441
Landing# 240000. Elapsed time: 136
u =		       102.15812   -0.0081183019   -0.0087072644   -0.0096627525       2.2397473       13.383458   -0.0092531156  -0.00031544329 ...	F(t) =         1685.648
Landing# 250000. Elapsed time: 142
u =		       102.15833   -0.0081342543   -0.0087051945   -0.0096623582       2.2360147       13.383458   -0.0092514057  -0.00031544329 ...	F(t) =        1685.6522
Landing# 260000. Elapsed time: 147
u =		       102.15843   -0.0081294321   -0.0087046235    -0.009661913       2.2322819       13.383458    -0.009257725  -0.00031544329 ...	F(t) =        1685.6539
Landing# 270000. Elapsed time: 153
u =		       102.15873   -0.0081354068   -0.0087107715    -0.009662551       2.2285499       13.383458   -0.0092540456  -0.00031544329 ...	F(t) =        1685.6594
Landing# 280000. Elapsed time: 159
u =		       102.15885   -0.0081581358   -0.0087121879   -0.0096614206       2.2248193       13.383458   -0.0092594031  -0.00031544329 ...	F(t) =        1685.6621
Landing# 290000. Elapsed time: 165
u =		       102.15897   -0.0081340005   -0.0087123903   -0.0096621812       2.2210941       13.383458   -0.0092612298  -0.00031544329 ...	F(t) =        1685.6641
Landing# 300000. Elapsed time: 171
u =		        102.1592   -0.0081361884   -0.0087108815    -0.009662245       2.2173686       13.383458   -0.0092593375  -0.00031544329 ...	F(t) =        1685.6682
Landing# 310000. Elapsed time: 177
u =		       102.15944   -0.0081277257   -0.0087071494    -0.009661745       2.2136446       13.383458   -0.0092584435  -0.00031544329 ...	F(t) =        1685.6723
Landing# 320000. Elapsed time: 182
u =		       102.15954   -0.0081249596    -0.008712729   -0.0096619693       2.2099141       13.383458   -0.0092592873  -0.00031544329 ...	F(t) =        1685.6743
Landing# 330000. Elapsed time: 188
u =		       102.15979   -0.0081168528   -0.0087071236   -0.0096618014       2.2061879       13.383458   -0.0092592368  -0.00031544329 ...	F(t) =        1685.6785
Landing# 340000. Elapsed time: 193
u =		       102.15988   -0.0081040253    -0.008711881    -0.009661365       2.2024564       13.383458    -0.009260026  -0.00031544329 ...	F(t) =        1685.6802
Landing# 350000. Elapsed time: 199
u =		       102.16021     -0.00812421   -0.0087083458   -0.0096619463       2.1987287       13.383458   -0.0092571315  -0.00031544329 ...	F(t) =        1685.6862
Landing# 360000. Elapsed time: 204
u =		       102.16031   -0.0081452395   -0.0087125035   -0.0096619504       2.1949981       13.383458   -0.0092580076  -0.00031544329 ...	F(t) =        1685.6887
Landing# 370000. Elapsed time: 210
u =		       102.16052   -0.0081513964   -0.0087090095   -0.0096616865        2.191272       13.383458   -0.0092598952  -0.00031544329 ...	F(t) =        1685.6924
Landing# 380000. Elapsed time: 215
u =		       102.16076   -0.0081194169   -0.0087064082   -0.0096620026       2.1875447       13.383458   -0.0092569164  -0.00031544329 ...	F(t) =        1685.6963
Landing# 390000. Elapsed time: 221
u =		       102.16086   -0.0081153918   -0.0087116748   -0.0096623237       2.1838137       13.383458   -0.0092615859  -0.00031544329 ...	F(t) =        1685.6981
Landing# 400000. Elapsed time: 227
u =		       102.16101   -0.0081094535   -0.0087073655   -0.0096611887       2.1800892       13.383458    -0.009257089  -0.00031544329 ...	F(t) =        1685.7008
Landing# 410000. Elapsed time: 233
u =		       102.16121   -0.0081325562    -0.008713264   -0.0096619791       2.1763581       13.383458   -0.0092605241  -0.00031544329 ...	F(t) =        1685.7049
Landing# 420000. Elapsed time: 239
u =		       102.16144   -0.0080974441   -0.0087029708   -0.0096615567       2.1726284       13.383458   -0.0092551895  -0.00031544329 ...	F(t) =        1685.7083
Landing# 430000. Elapsed time: 244
u =		       102.16165   -0.0081666658   -0.0087014233   -0.0096620864       2.1689007       13.383458   -0.0092557556  -0.00031544329 ...	F(t) =        1685.7132
Landing# 440000. Elapsed time: 250
u =		       102.16185   -0.0081131489   -0.0087070838    -0.009662171       2.1651703       13.383458   -0.0092545693  -0.00031544329 ...	F(t) =        1685.7161
Landing# 450000. Elapsed time: 256
u =		       102.16207   -0.0081100561    -0.008704202    -0.009661822       2.1614395       13.383458   -0.0092571014  -0.00031544329 ...	F(t) =          1685.72
Landing# 460000. Elapsed time: 262
u =		       102.16219    -0.008101099   -0.0087033023   -0.0096618177       2.1577086       13.383458   -0.0092544316  -0.00031544329 ...	F(t) =        1685.7221
Landing# 470000. Elapsed time: 268
u =		        102.1624    -0.008113899   -0.0087041541   -0.0096614436       2.1539782       13.383458   -0.0092541035  -0.00031544329 ...	F(t) =         1685.726
Landing# 480000. Elapsed time: 274
u =		       102.16259   -0.0081509586   -0.0087103997   -0.0096620316       2.1502471       13.383458   -0.0092564723  -0.00031544329 ...	F(t) =        1685.7302
Landing# 490000. Elapsed time: 279
u =		       102.16282   -0.0081184837    -0.008705708   -0.0096617196       2.1465181       13.383458    -0.009256552  -0.00031544329 ...	F(t) =        1685.7337
Landing# 500000. Elapsed time: 285
u =		       102.16293   -0.0081374897    -0.008713853   -0.0096613878       2.1427881       13.383458   -0.0092596004  -0.00031544329 ...	F(t) =        1685.7362
Landing# 510000. Elapsed time: 291
u =		       102.16314   -0.0080916714   -0.0087049442   -0.0096619517       2.1390559       13.383458   -0.0092582633  -0.00031544329 ...	F(t) =        1685.7393
Landing# 520000. Elapsed time: 297
u =		       102.16335   -0.0081072189   -0.0087054373   -0.0096624462       2.1353248       13.383458   -0.0092544511  -0.00031544329 ...	F(t) =        1685.7433
Landing# 530000. Elapsed time: 302
u =		       102.16348   -0.0081124344   -0.0087089995    -0.009661676       2.1315951       13.383458   -0.0092586666  -0.00031544329 ...	F(t) =        1685.7459
Landing# 540000. Elapsed time: 308
u =		       102.16369   -0.0081289779   -0.0087094538   -0.0096621964       2.1278659       13.383458   -0.0092543393  -0.00031544329 ...	F(t) =          1685.75
Landing# 550000. Elapsed time: 313
u =		       102.16396   -0.0081361119   -0.0087079547   -0.0096627141        2.124133       13.383458   -0.0092566032  -0.00031544329 ...	F(t) =        1685.7549
Landing# 560000. Elapsed time: 319
u =		        102.1641   -0.0081380629   -0.0087095725   -0.0096626459       2.1204054       13.383458   -0.0092572704  -0.00031544329 ...	F(t) =        1685.7575
Landing# 570000. Elapsed time: 324
u =		       102.16422   -0.0081143455   -0.0087100517   -0.0096622933       2.1166741       13.383458   -0.0092573696  -0.00031544329 ...	F(t) =        1685.7595
Landing# 580000. Elapsed time: 330
u =		       102.16451   -0.0081309458   -0.0087079934    -0.009662512       2.1129425       13.383458   -0.0092577101  -0.00031544329 ...	F(t) =        1685.7648
Landing# 590000. Elapsed time: 336
u =		       102.16464   -0.0081312247   -0.0087094431   -0.0096624915       2.1092151       13.383458   -0.0092579935  -0.00031544329 ...	F(t) =        1685.7673
Landing# 600000. Elapsed time: 341
u =		       102.16468   -0.0081327538   -0.0087162383    -0.009661702       2.1054887       13.383458   -0.0092616186  -0.00031544329 ...	F(t) =        1685.7684
Landing# 610000. Elapsed time: 347
u =		       102.16506   -0.0081343545   -0.0087162254   -0.0096626663       2.1017599       13.383458   -0.0092594695  -0.00031544329 ...	F(t) =        1685.7751
Landing# 620000. Elapsed time: 353
u =		        102.1652   -0.0081406387   -0.0087153068    -0.009661492       2.0980323       13.383458   -0.0092604942  -0.00031544329 ...	F(t) =        1685.7777
Landing# 630000. Elapsed time: 359
u =		       102.16533   -0.0081378445   -0.0087044918   -0.0096616701       2.0943054       13.383458   -0.0092591017  -0.00031544329 ...	F(t) =        1685.7801
Landing# 640000. Elapsed time: 364
u =		       102.16555   -0.0081384001    -0.008706298   -0.0096621522       2.0905767       13.383458   -0.0092597683  -0.00031544329 ...	F(t) =         1685.784
Landing# 650000. Elapsed time: 371
u =		       102.16578   -0.0081395243   -0.0087076424   -0.0096621336       2.0868497       13.383458   -0.0092569283  -0.00031544329 ...	F(t) =        1685.7882
Landing# 660000. Elapsed time: 376
u =		        102.1659   -0.0081092477   -0.0087068949   -0.0096618488       2.0831178       13.383458   -0.0092562621  -0.00031544329 ...	F(t) =        1685.7899
Landing# 670000. Elapsed time: 382
u =		        102.1661   -0.0081470309   -0.0087118786   -0.0096623417       2.0793879       13.383458   -0.0092582198  -0.00031544329 ...	F(t) =        1685.7943
Landing# 680000. Elapsed time: 388
u =		       102.16634   -0.0081180715   -0.0087046736   -0.0096616356       2.0756595       13.383458   -0.0092545028  -0.00031544329 ...	F(t) =         1685.798
Landing# 690000. Elapsed time: 393
u =		       102.16634   -0.0081182083   -0.0087131679   -0.0096613332       2.0719288       13.383458   -0.0092612758  -0.00031544329 ...	F(t) =        1685.7985
Landing# 700000. Elapsed time: 399
u =		       102.16672   -0.0081206592   -0.0087059424   -0.0096626443        2.068199       13.383458   -0.0092574856  -0.00031544329 ...	F(t) =         1685.805
Landing# 710000. Elapsed time: 405
u =		       102.16686   -0.0081429387   -0.0087099376   -0.0096627353       2.0644735       13.383458    -0.009258416  -0.00031544329 ...	F(t) =         1685.808
Landing# 720000. Elapsed time: 411
u =		       102.16707   -0.0081077662    -0.008708685   -0.0096618694       2.0607461       13.383458   -0.0092574508  -0.00031544329 ...	F(t) =        1685.8113
Landing# 730000. Elapsed time: 417
u =		        102.1673   -0.0081024865   -0.0087024321   -0.0096619895       2.0570149       13.383458   -0.0092549297  -0.00031544329 ...	F(t) =        1685.8153
Landing# 740000. Elapsed time: 423
u =		        102.1675    -0.008080109   -0.0086988357   -0.0096626741       2.0532818       13.383458   -0.0092533242  -0.00031544329 ...	F(t) =        1685.8184
Landing# 750000. Elapsed time: 428
u =		       102.16762   -0.0081344888   -0.0087083594   -0.0096618214       2.0495526       13.383458   -0.0092567662  -0.00031544329 ...	F(t) =        1685.8217
Landing# 760000. Elapsed time: 434
u =		       102.16783   -0.0080986033   -0.0087054621   -0.0096626757       2.0458194       13.383458     -0.00925669  -0.00031544329 ...	F(t) =        1685.8249
Landing# 770000. Elapsed time: 440
u =		       102.16785    -0.008133723   -0.0087107968   -0.0096615707       2.0420944       13.383458   -0.0092615331  -0.00031544329 ...	F(t) =        1685.8262
Landing# 780000. Elapsed time: 445
u =		       102.16816   -0.0081169979   -0.0087090129   -0.0096615551       2.0383649       13.383458   -0.0092559246  -0.00031544329 ...	F(t) =        1685.8314
Landing# 790000. Elapsed time: 452
u =		       102.16839   -0.0081010617   -0.0087009844    -0.009661531       2.0346327       13.383458   -0.0092550539  -0.00031544329 ...	F(t) =        1685.8352
Landing# 800000. Elapsed time: 458
u =		       102.16849    -0.008123752   -0.0087047311     -0.00966148       2.0309008       13.383458   -0.0092597945  -0.00031544329 ...	F(t) =        1685.8375
Landing# 810000. Elapsed time: 463
u =		        102.1687   -0.0081218105   -0.0087126275   -0.0096614466       2.0271725       13.383458   -0.0092620652  -0.00031544329 ...	F(t) =        1685.8413
Landing# 820000. Elapsed time: 469
u =		       102.16893   -0.0081285802   -0.0087059634   -0.0096612452       2.0234427       13.383458   -0.0092567487  -0.00031544329 ...	F(t) =        1685.8456
Landing# 830000. Elapsed time: 475
u =		       102.16904   -0.0081031323   -0.0087099217   -0.0096619018       2.0197109       13.383458    -0.009258106  -0.00031544329 ...	F(t) =        1685.8472
Landing# 840000. Elapsed time: 481
u =		       102.16936   -0.0080956632   -0.0087030741   -0.0096623184       2.0159848       13.383458   -0.0092565247  -0.00031544329 ...	F(t) =        1685.8527
Landing# 850000. Elapsed time: 487
u =		       102.16948   -0.0081334904   -0.0087067482   -0.0096614465       2.0122555       13.383458   -0.0092584618  -0.00031544329 ...	F(t) =        1685.8557
Landing# 860000. Elapsed time: 493
u =		       102.16967   -0.0081304645   -0.0087070433   -0.0096621663        2.008525       13.383458   -0.0092584401  -0.00031544329 ...	F(t) =        1685.8591
Landing# 870000. Elapsed time: 498
u =		        102.1698   -0.0081140414    -0.008705427   -0.0096624205       2.0047949       13.383458    -0.009261775  -0.00031544329 ...	F(t) =        1685.8612
Landing# 880000. Elapsed time: 504
u =		       102.17012   -0.0081039992   -0.0087011372   -0.0096616883       2.0010652       13.383458   -0.0092538963  -0.00031544329 ...	F(t) =        1685.8667
Landing# 890000. Elapsed time: 509
u =		       102.17021    -0.008116702   -0.0087082119   -0.0096621143       1.9973353       13.383458    -0.009260368  -0.00031544329 ...	F(t) =        1685.8688
Landing# 900000. Elapsed time: 515
u =		       102.17046   -0.0081312604   -0.0087059685   -0.0096624621       1.9936077       13.383458   -0.0092566783  -0.00031544329 ...	F(t) =        1685.8734
Landing# 910000. Elapsed time: 520
u =		       102.17056   -0.0081275815   -0.0087096583   -0.0096613992       1.9898765       13.383458   -0.0092589707  -0.00031544329 ...	F(t) =        1685.8753
Landing# 920000. Elapsed time: 526
u =		       102.17078   -0.0081237852   -0.0087034615   -0.0096623301       1.9861519       13.383458   -0.0092585338  -0.00031544329 ...	F(t) =        1685.8793
Landing# 930000. Elapsed time: 532
u =		       102.17102    -0.008116831   -0.0087039017   -0.0096620481       1.9824239       13.383458   -0.0092582771  -0.00031544329 ...	F(t) =        1685.8833
Landing# 940000. Elapsed time: 537
u =		       102.17122   -0.0081094271   -0.0087031904   -0.0096620802       1.9786912       13.383458   -0.0092540866  -0.00031544329 ...	F(t) =        1685.8869
Landing# 950000. Elapsed time: 543
u =		       102.17134   -0.0081349327    -0.008705927   -0.0096614938       1.9749595       13.383458   -0.0092566355  -0.00031544329 ...	F(t) =        1685.8896
Landing# 960000. Elapsed time: 550
u =		       102.17155   -0.0081137493   -0.0087057607   -0.0096622944       1.9712279       13.383458   -0.0092547645  -0.00031544329 ...	F(t) =         1685.893
Landing# 970000. Elapsed time: 555
u =		       102.17167   -0.0081073073   -0.0087047659    -0.009661356       1.9674963       13.383458   -0.0092558764  -0.00031544329 ...	F(t) =        1685.8953
Landing# 980000. Elapsed time: 561
u =		       102.17197   -0.0081161806   -0.0087072347   -0.0096622082       1.9637708       13.383458   -0.0092570799  -0.00031544329 ...	F(t) =        1685.9006
Landing# 990000. Elapsed time: 567
u =		       102.17208   -0.0081058771    -0.008708237   -0.0096622591       1.9600421       13.383458    -0.009256588  -0.00031544329 ...	F(t) =        1685.9027
Landing# 1000000. Elapsed time: 572
u =		       102.17228     -0.00813664   -0.0087090473   -0.0096618779       1.9563134       13.383458   -0.0092600943  -0.00031544329 ...	F(t) =        1685.9069
Landing# 1010000. Elapsed time: 578
u =		       102.17252   -0.0081093731   -0.0087034483   -0.0096619904       1.9525833       13.383458   -0.0092556076  -0.00031544329 ...	F(t) =        1685.9107
Landing# 1020000. Elapsed time: 584
u =		       102.17272   -0.0080918333   -0.0086997806   -0.0096619231       1.9488504       13.383458   -0.0092539444  -0.00031544329 ...	F(t) =         1685.914
Landing# 1030000. Elapsed time: 590
u =		       102.17285   -0.0081476257   -0.0087107516   -0.0096613596       1.9451234       13.383458   -0.0092564241  -0.00031544329 ...	F(t) =        1685.9174
Landing# 1040000. Elapsed time: 595
u =		       102.17305     -0.00810461    -0.008703475   -0.0096616554       1.9413908       13.383458   -0.0092549748  -0.00031544329 ...	F(t) =        1685.9204
Landing# 1050000. Elapsed time: 601
u =		       102.17324   -0.0080974477   -0.0087061387   -0.0096621276       1.9376605       13.383458   -0.0092563846  -0.00031544329 ...	F(t) =        1685.9237
Landing# 1060000. Elapsed time: 607
u =		       102.17335   -0.0081266922   -0.0087154399   -0.0096626282       1.9339319       13.383458   -0.0092613954  -0.00031544329 ...	F(t) =        1685.9264
Landing# 1070000. Elapsed time: 613
u =		       102.17368   -0.0081356262   -0.0087106425   -0.0096627455       1.9302057       13.383458   -0.0092568644  -0.00031544329 ...	F(t) =        1685.9323
Landing# 1080000. Elapsed time: 619
u =		        102.1738   -0.0081484877   -0.0087070169   -0.0096618497       1.9264755       13.383458   -0.0092567032  -0.00031544329 ...	F(t) =        1685.9347
Landing# 1090000. Elapsed time: 624
u =		         102.174    -0.008119885   -0.0087070576   -0.0096622449       1.9227451       13.383458   -0.0092535172  -0.00031544329 ...	F(t) =        1685.9379
Landing# 1100000. Elapsed time: 630
u =		       102.17422   -0.0081056006   -0.0087048573    -0.009662189       1.9190116       13.383458   -0.0092558202  -0.00031544329 ...	F(t) =        1685.9415
Landing# 1110000. Elapsed time: 636
u =		       102.17358   -0.0080977892   -0.0080631449   -0.0096615732       1.9152808        13.38345    -0.009247105  -0.00031544329 ...	F(t) =        1685.9236
Landing# 1120000. Elapsed time: 641
u =		       102.17439    -0.008060511   -0.0080578872   -0.0096621284       1.9115198        13.38345   -0.0092549797  -0.00031544329 ...	F(t) =        1685.9365
Landing# 1130000. Elapsed time: 647
u =		       102.17518   -0.0084771067   -0.0077803472    -0.009661988       1.9077535       13.383426   -0.0092553499  -0.00031544329 ...	F(t) =        1685.9532
Landing# 1140000. Elapsed time: 653
u =		        102.1739   -0.0070072064   -0.0084354635   -0.0096604701       1.9040468       13.383426   -0.0092966787  -0.00031544329 ...	F(t) =        1685.9168
Landing# 1150000. Elapsed time: 659
u =		       102.17283   -0.0084246958   -0.0078635892   -0.0096615854       1.9003303       13.383395   -0.0092158406  -0.00031544329 ...	F(t) =        1685.9153
Landing# 1160000. Elapsed time: 664
u =		        102.1731   -0.0079742034   -0.0081061021   -0.0096627176       1.8965906       13.383241    -0.009241825  -0.00031544329 ...	F(t) =        1685.9158
Landing# 1170000. Elapsed time: 670
u =		       102.17604   -0.0075264796   -0.0084122319   -0.0096620735       1.8928335       13.383099   -0.0092635091  -0.00031544329 ...	F(t) =        1685.9612
Landing# 1180000. Elapsed time: 676
u =		       102.17489   -0.0081157387   -0.0080420132   -0.0096620164       1.8891235       13.382789    -0.009217346  -0.00031544329 ...	F(t) =        1685.9474
Landing# 1190000. Elapsed time: 681
u =		       102.17638   -0.0077013542   -0.0083923246   -0.0096619363       1.8853879        13.38251   -0.0092595169  -0.00031544329 ...	F(t) =        1685.9699
Landing# 1200000. Elapsed time: 687
u =		       102.17428   -0.0070761854   -0.0084175186   -0.0096619987       1.8817165        13.38239   -0.0092842084  -0.00031544329 ...	F(t) =        1685.9259
Landing# 1210000. Elapsed time: 692
u =		       102.17612     -0.00764992   -0.0083712449   -0.0096616166       1.8779744       13.381973   -0.0092659923  -0.00031544329 ...	F(t) =        1685.9652
Landing# 1220000. Elapsed time: 698
u =		       102.17481     -0.00804278    -0.008211864   -0.0096607146       1.8742566       13.381345   -0.0092297311  -0.00031544329 ...	F(t) =        1685.9483
Landing# 1230000. Elapsed time: 704
u =		       102.17772   -0.0072263503    -0.008351073   -0.0096608003       1.8705359       13.381092   -0.0092967505  -0.00031544329 ...	F(t) =        1685.9853
Landing# 1240000. Elapsed time: 710
u =		       102.17791   -0.0068407644   -0.0084067977   -0.0096625673       1.8667897        13.38058   -0.0093321282  -0.00031544329 ...	F(t) =        1685.9832
Landing# 1250000. Elapsed time: 716
u =		       102.17551    -0.007002257   -0.0084168765   -0.0096604076       1.8630509       13.379878   -0.0093183808  -0.00031544329 ...	F(t) =        1685.9466
Landing# 1260000. Elapsed time: 722
u =		       102.17248   -0.0082072579   -0.0090264028   -0.0096607981       1.8591095       13.374504   -0.0011855173   -0.0010473325 ...	F(t) =        1685.9235
Landing# 1270000. Elapsed time: 727
u =		       102.17451   -0.0087122307   -0.0089652508   -0.0096626603       1.8547841       13.372528  -0.00026534246   -0.0034161004 ...	F(t) =        1685.9648
Landing# 1280000. Elapsed time: 733
u =		       102.17561   -0.0090134621   -0.0083800892   -0.0096621379       1.8504908       13.371835   -0.0011943604   -0.0047101776 ...	F(t) =        1685.9812
Landing# 1290000. Elapsed time: 740
u =		       102.17366   -0.0084464935   -0.0091909028   -0.0096624674       1.8462206       13.373132   -0.0039305254   -0.0060036983 ...	F(t) =          1685.95
Landing# 1300000. Elapsed time: 745
u =		       102.17416    -0.008673117   -0.0088283336    -0.009661599        1.842475       13.374842   -0.0082023717     -0.00604162 ...	F(t) =        1685.9578
Landing# 1310000. Elapsed time: 751
u =		       102.17231   -0.0091456336   -0.0084629615   -0.0096617774       1.8387022         13.3753   -0.0091476835   -0.0062308384 ...	F(t) =        1685.9309
Landing# 1320000. Elapsed time: 757
u =		       102.17262   -0.0089736538   -0.0085591827   -0.0096620437       1.8349946       13.375462   -0.0089913641   -0.0062308384 ...	F(t) =        1685.9347
Landing# 1330000. Elapsed time: 763
u =		       102.17401   -0.0083500041   -0.0093622475   -0.0096607387       1.8311642       13.375556   -0.0076837122   -0.0064986117 ...	F(t) =        1685.9575
Landing# 1340000. Elapsed time: 769
u =		         102.178   -0.0079809594   -0.0088977068   -0.0096615263       1.8272599       13.374527   -0.0070779134   -0.0066397548 ...	F(t) =        1686.0123
Landing# 1350000. Elapsed time: 775
u =		       102.17642   -0.0084756698     -0.00895431   -0.0096609888       1.8236393       13.374582   -0.0066825718   -0.0066397548 ...	F(t) =        1685.9951
Landing# 1360000. Elapsed time: 781
u =		       102.17541   -0.0083740485   -0.0092011244   -0.0096608187       1.8199773       13.374312    -0.005238512   -0.0066397548 ...	F(t) =        1685.9802
Landing# 1370000. Elapsed time: 787
u =		       102.17387   -0.0091113552   -0.0084063134   -0.0096612407       1.8162373       13.375223   -0.0091357745   -0.0066397548 ...	F(t) =        1685.9573
Landing# 1380000. Elapsed time: 793
u =		       102.17605   -0.0084767301   -0.0092719285   -0.0096614013       1.8124523       13.375566   -0.0075043732   -0.0066819942 ...	F(t) =        1685.9938
Landing# 1390000. Elapsed time: 799
u =		       102.17172   -0.0083380274   -0.0091637261   -0.0096625424       1.8086546        13.37467   -0.0063953717   -0.0067369424 ...	F(t) =        1685.9192
Landing# 1400000. Elapsed time: 804
u =		        102.1781   -0.0071112785   -0.0086445325   -0.0096617172        1.804889       13.374958   -0.0082493803   -0.0068040957 ...	F(t) =         1685.999
Landing# 1410000. Elapsed time: 810
u =		       102.17823   -0.0072862398   -0.0084794024   -0.0096620685       1.8012663       13.374055   -0.0054905511   -0.0068040957 ...	F(t) =        1686.0022
Landing# 1420000. Elapsed time: 817
u =		       102.17634   -0.0084630548   -0.0090993584   -0.0096626132       1.7974777       13.372462   -0.0011767033   -0.0068040957 ...	F(t) =        1685.9977
Landing# 1430000. Elapsed time: 823
u =		       102.17682   -0.0082155704   -0.0083983753   -0.0096618652       1.7935278       13.374257   -0.0081818969   -0.0068040957 ...	F(t) =        1685.9935
Landing# 1440000. Elapsed time: 828
u =		       102.17759   -0.0072893919   -0.0083984595   -0.0096609644       1.7899524       13.374687   -0.0075631087     -0.00684084 ...	F(t) =        1685.9918
Landing# 1450000. Elapsed time: 834
u =		       102.17625   -0.0084048644   -0.0091405004   -0.0096615294       1.7861117       13.374606   -0.0074017754   -0.0068920431 ...	F(t) =        1685.9967
Landing# 1460000. Elapsed time: 840
u =		       102.17601   -0.0085402112   -0.0081685434   -0.0096626034       1.7822655       13.374637   -0.0088227742   -0.0068920431 ...	F(t) =        1685.9835
Landing# 1470000. Elapsed time: 846
u =		       102.17817   -0.0085818956   -0.0084066926   -0.0096604532        1.778327        13.37455   -0.0081527521   -0.0068920431 ...	F(t) =        1686.0232
Landing# 1480000. Elapsed time: 852
u =		       102.17607   -0.0082882534    -0.009380128    -0.009661956       1.7743054       13.373881   -0.0040215335   -0.0069009191 ...	F(t) =        1685.9958
Landing# 1490000. Elapsed time: 858
u =		       102.17799   -0.0081500987   -0.0089906296   -0.0096617008       1.7703208       13.374867   -0.0066977183   -0.0069617034 ...	F(t) =        1686.0209
Landing# 1500000. Elapsed time: 864
u =		       102.17547   -0.0085865715   -0.0094732739   -0.0096613966         1.76626       13.373696   -0.0049550236    -0.007262869 ...	F(t) =        1685.9926
Landing# 1510000. Elapsed time: 869
u =		       102.17892   -0.0085094571   -0.0090027654   -0.0096624657       1.7624457       13.373395   -0.0031699598    -0.007262869 ...	F(t) =        1686.0429
Landing# 1520000. Elapsed time: 875
u =		       102.17471    -0.008594639   -0.0092362849   -0.0096619391       1.7582907       13.371499   0.00080434585   -0.0072648578 ...	F(t) =        1685.9779
Landing# 1530000. Elapsed time: 881
u =		        102.1762   -0.0091071313   -0.0083969329   -0.0096626557       1.7544241       13.374528   -0.0091470498   -0.0073522849 ...	F(t) =         1686.001
Landing# 1540000. Elapsed time: 886
u =		        102.1785   -0.0081073103    -0.009376598    -0.009661869        1.750465       13.374858   -0.0072830174   -0.0074207118 ...	F(t) =        1686.0351
Landing# 1550000. Elapsed time: 892
u =		       102.17656   -0.0085491848   -0.0087845626   -0.0096623853       1.7464286       13.374526   -0.0077818943   -0.0076796108 ...	F(t) =        1686.0034
Landing# 1560000. Elapsed time: 897
u =		       102.17333   -0.0077620484   -0.0089523157   -0.0096614928       1.7425942       13.374791   -0.0064425752   -0.0076796108 ...	F(t) =        1685.9399
Landing# 1570000. Elapsed time: 903
u =		       102.17869   -0.0080613819   -0.0093120253   -0.0096628085        1.738455       13.374749   -0.0068761186   -0.0076796108 ...	F(t) =        1686.0377
Landing# 1580000. Elapsed time: 909
u =		       102.17482   -0.0076088283    -0.008457607   -0.0096609798       1.7346798       13.374005   -0.0060807134   -0.0077108269 ...	F(t) =        1685.9567
Landing# 1590000. Elapsed time: 915
u =		       102.17757   -0.0088745828   -0.0088516423   -0.0096620018       1.7309207       13.375077   -0.0089991091   -0.0077108269 ...	F(t) =        1686.0274
Landing# 1600000. Elapsed time: 921
u =		       102.17853   -0.0080781882   -0.0090451284   -0.0096618079       1.7268525       13.374831    -0.006848042   -0.0077314974 ...	F(t) =        1686.0332
Landing# 1610000. Elapsed time: 927
u =		       102.17852   -0.0084355238   -0.0087876698   -0.0096616078       1.7227784       13.372153  -0.00089905854   -0.0077439541 ...	F(t) =        1686.0359
Landing# 1620000. Elapsed time: 933
u =		        102.1775   -0.0083333785   -0.0091741531   -0.0096615415       1.7189522       13.374838   -0.0091902029   -0.0077439541 ...	F(t) =        1686.0225
Landing# 1630000. Elapsed time: 940
u =		       102.17936   -0.0079519384   -0.0089413121    -0.009661901       1.7149255       13.374182   -0.0066890482   -0.0077480712 ...	F(t) =        1686.0446
Landing# 1640000. Elapsed time: 945
u =		       102.17611   -0.0089713729   -0.0082373736   -0.0096626033       1.7111779       13.374724   -0.0080880747   -0.0077480712 ...	F(t) =        1685.9991
Landing# 1650000. Elapsed time: 951
u =		       102.17826   -0.0082648305   -0.0094703748   -0.0096610131       1.7071868        13.37384   -0.0040585585   -0.0077480712 ...	F(t) =        1686.0386
Landing# 1660000. Elapsed time: 957
u =		       102.17757   -0.0090582032   -0.0088736708   -0.0096618513       1.7034391       13.374895   -0.0077410501   -0.0077480712 ...	F(t) =        1686.0329
Landing# 1670000. Elapsed time: 962
u =		       102.17998   -0.0082938679   -0.0091178572   -0.0096625558       1.6994764       13.374326    -0.006266098   -0.0077480712 ...	F(t) =        1686.0638
Landing# 1680000. Elapsed time: 968
u =		        102.1766   -0.0079435062     -0.00917371   -0.0096618619       1.6955312       13.374861   -0.0064412318   -0.0077480712 ...	F(t) =        1686.0034
Landing# 1690000. Elapsed time: 974
u =		       102.17883   -0.0085721124   -0.0094621728   -0.0096618086       1.6913987       13.373774   -0.0048517618   -0.0077918279 ...	F(t) =         1686.054
Landing# 1700000. Elapsed time: 979
u =		       102.17924    -0.008484699   -0.0090940683   -0.0096613229       1.6871761        13.37198  -0.00018589897   -0.0077918279 ...	F(t) =        1686.0554
Landing# 1710000. Elapsed time: 985
u =		       102.18067   -0.0088906997   -0.0084027761   -0.0096612777       1.6828073        13.37179  -0.00098082569   -0.0077918279 ...	F(t) =        1686.0776
Landing# 1720000. Elapsed time: 991
u =		       102.18125   -0.0087980119     -0.00845143   -0.0096610022       1.6784342        13.37179   -0.0011654817   -0.0077918279 ...	F(t) =        1686.0867
Landing# 1730000. Elapsed time: 996
u =		        102.1814   -0.0088406217   -0.0084510382   -0.0096622714       1.6740729        13.37189   -0.0013979811   -0.0077918279 ...	F(t) =        1686.0902
Landing# 1740000. Elapsed time: 1002
u =		       102.18171   -0.0089588311   -0.0086189663   -0.0096615406       1.6697564       13.371906  -0.00075854954   -0.0077918279 ...	F(t) =        1686.0997
Landing# 1750000. Elapsed time: 1009
u =		       102.18154   -0.0080238804   -0.0082681221    -0.009662242       1.6658324       13.374692    -0.008178639   -0.0077918279 ...	F(t) =        1686.0779
Landing# 1760000. Elapsed time: 1014
u =		       102.18215   -0.0081358773   -0.0092017014   -0.0096618079       1.6619858        13.37429   -0.0057749935   -0.0077918279 ...	F(t) =        1686.1014
Landing# 1770000. Elapsed time: 1020
u =		       102.18136   -0.0083192431   -0.0091771109   -0.0096622363       1.6581491       13.375094   -0.0079928962   -0.0077918279 ...	F(t) =        1686.0914
Landing# 1780000. Elapsed time: 1026
u =		       102.18101   -0.0085659694   -0.0090828265   -0.0096609126        1.654331       13.375114   -0.0080597646   -0.0077918279 ...	F(t) =        1686.0888
Landing# 1790000. Elapsed time: 1032
u =		       102.17998     -0.00906923   -0.0082395881   -0.0096623323       1.6506342       13.375293   -0.0091186371   -0.0077918279 ...	F(t) =        1686.0699
Landing# 1800000. Elapsed time: 1038
u =		       102.17974   -0.0091473447   -0.0082905428   -0.0096625214       1.6468457       13.375259   -0.0091118646   -0.0078082573 ...	F(t) =        1686.0681
Landing# 1810000. Elapsed time: 1044
u =		       102.17984   -0.0089278842   -0.0085559793   -0.0096622365       1.6430894       13.375516   -0.0091238959   -0.0078082573 ...	F(t) =        1686.0698
Landing# 1820000. Elapsed time: 1050
u =		       102.17971   -0.0092606887   -0.0083662487   -0.0096612991       1.6393408       13.375357   -0.0091229561   -0.0078082573 ...	F(t) =        1686.0711
Landing# 1830000. Elapsed time: 1056
u =		       102.18031   -0.0094138984   -0.0083395378   -0.0096618275       1.6355735       13.375427   -0.0091117213   -0.0078347516 ...	F(t) =        1686.0834
Landing# 1840000. Elapsed time: 1062
u =		       102.18093   -0.0091731443   -0.0082041932   -0.0096623768       1.6318382       13.375379   -0.0091249231   -0.0078347516 ...	F(t) =        1686.0885
Landing# 1850000. Elapsed time: 1068
u =		       102.18081     -0.00870409   -0.0090273359   -0.0096621183       1.6280689       13.375547   -0.0075256879   -0.0078347516 ...	F(t) =        1686.0892
Landing# 1860000. Elapsed time: 1073
u =		       102.18049    -0.009076646    -0.008126931   -0.0096622063       1.6243022       13.375301    -0.009136045   -0.0078835412 ...	F(t) =        1686.0794
Landing# 1870000. Elapsed time: 1096
u =		       102.18098   -0.0092933532   -0.0081943859   -0.0096614144       1.6205355       13.375586   -0.0091188765   -0.0078835412 ...	F(t) =        1686.0921
Landing# 1880000. Elapsed time: 1103
u =		       102.18242   -0.0081934192   -0.0089921394   -0.0096612041       1.6165103       13.375049   -0.0067804617   -0.0079609667 ...	F(t) =        1686.1082
Landing# 1890000. Elapsed time: 1108
u =		       102.18261   -0.0086259783   -0.0090730657    -0.009662183       1.6126408       13.374973   -0.0072529518   -0.0079933692 ...	F(t) =        1686.1196
Landing# 1900000. Elapsed time: 1115
u =		       102.18495   -0.0077810534   -0.0092683456   -0.0096603526       1.6085865       13.374357   -0.0062288094   -0.0079993749 ...	F(t) =        1686.1474
Landing# 1910000. Elapsed time: 1121
u =		       102.18157   -0.0091522476   -0.0085388098   -0.0096618621       1.6047826       13.375233    -0.007990364   -0.0079993749 ...	F(t) =        1686.1052
Landing# 1920000. Elapsed time: 1127
u =		       102.17825   -0.0077970511   -0.0091218137   -0.0096618846        1.600573       13.373547   -0.0041235674   -0.0079993749 ...	F(t) =         1686.036
Landing# 1930000. Elapsed time: 1133
u =		       102.18355   -0.0086451767   -0.0087237117   -0.0096623886       1.5964412       13.372622   -0.0011167947   -0.0079993749 ...	F(t) =        1686.1326
Landing# 1940000. Elapsed time: 1139
u =		        102.1851   -0.0089911332   -0.0088249497   -0.0096615429       1.5926726       13.375182   -0.0075222947   -0.0079993749 ...	F(t) =        1686.1652
Landing# 1950000. Elapsed time: 1146
u =		       102.18285   -0.0080353864   -0.0091662269   -0.0096622738        1.588548       13.373697    -0.004364838   -0.0080455651 ...	F(t) =        1686.1174
Landing# 1960000. Elapsed time: 1152
u =		       102.18351   -0.0084976762   -0.0091756331   -0.0096615165       1.5846833       13.375132    -0.007692018   -0.0080455651 ...	F(t) =         1686.136
Landing# 1970000. Elapsed time: 1158
u =		       102.18668   -0.0078690022   -0.0091954586   -0.0096613468       1.5807761       13.374894   -0.0068564945   -0.0080455651 ...	F(t) =        1686.1789
Landing# 1980000. Elapsed time: 1163
u =		       102.18313   -0.0089823978   -0.0083363616   -0.0096622489       1.5768647       13.375081   -0.0091514901   -0.0080455651 ...	F(t) =        1686.1281
Landing# 1990000. Elapsed time: 1169
u =		       102.18905   -0.0082765922   -0.0090909291   -0.0096623335       1.5728778        13.37485   -0.0065610518   -0.0080455651 ...	F(t) =         1686.224
Landing# 2000000. Elapsed time: 1175
u =		       102.18584   -0.0083292417   -0.0089863823   -0.0096614575       1.5691887       13.373346   -0.0029730143   -0.0080455651 ...	F(t) =         1686.171
Landing# 2010000. Elapsed time: 1181
u =		       102.18539   -0.0087799862   -0.0083988547   -0.0096612866       1.5648561        13.37194  -0.00030600173   -0.0080455651 ...	F(t) =        1686.1641
Landing# 2020000. Elapsed time: 1187
u =		        102.1856   -0.0087856613   -0.0084476089   -0.0096621289        1.560474       13.372186   -0.0011447512   -0.0080455651 ...	F(t) =        1686.1686
Landing# 2030000. Elapsed time: 1193
u =		       102.18541   -0.0089010209   -0.0085242505   -0.0096606235       1.5561077         13.3723   -0.0014250775   -0.0080455651 ...	F(t) =        1686.1685
Landing# 2040000. Elapsed time: 1199
u =		       102.18587   -0.0089273199   -0.0086162824   -0.0096624165       1.5517592       13.372378   -0.0014989077   -0.0080455651 ...	F(t) =         1686.178
Landing# 2050000. Elapsed time: 1205
u =		       102.18264   -0.0080083985   -0.0090590217   -0.0096619582       1.5474679       13.373053   -0.0015428722   -0.0080455651 ...	F(t) =        1686.1157
Landing# 2060000. Elapsed time: 1211
u =		       102.18242    -0.008107994   -0.0091123806    -0.009661095       1.5433501       13.373098   -0.0016705175   -0.0080455651 ...	F(t) =        1686.1147
Landing# 2070000. Elapsed time: 1217
u =		       102.18274   -0.0081107943   -0.0091100077   -0.0096606057       1.5392388       13.373133   -0.0016454356   -0.0080455651 ...	F(t) =        1686.1203
slurmd[node137]: error: *** JOB 325745 CANCELLED AT 2022-08-30T21:41:58 ***
slurmd[node137]: error: *** STEP 325745.0 CANCELLED AT 2022-08-30T21:41:58 ***
srun: Job step aborted: Waiting up to 2 seconds for job step to finish.
