=================================================== BSF Target ====================================================
Problem name: kb2
Number of Workers: 10
OpenMP is turned off!
Map List is not Fragmented.
Before conversion: m =	43	n = 68
After conversion:  m =	109	n = 41
Eps Min Dir Length:	0.001
Eps Objective:		0.001
Eps Shift:		0.001
Eps Zero Compare:	0.001
Eps Zero Direction:	0.001
Exact Obj Value:	1749.9
Distance to Apex:	0
Low Cost Percentile:	0.1
Gap Max:		0.2
Obj Vector Length:	1
Start Shift Lengt:	1
Blocking obj var:	false
Use low cost vars:	true
--------------- Statisics ---------------
Number of high-cost variables:	3
Number of low-cost variables:	2
Number of zero-cost variables:	36
Problem Scale:			200
--------------- Data ---------------
Obj Function:	            16.5             -16             -12        -0.08757        -0.08757               0               0               0 ...
Start point:	       96.849876      0.38471498       1.6754711       47.501509       88.887812       13.169904     0.055026768     0.017992887 ...	F(x) = 1559.8182
Apex point:	       96.849876      0.38471498       1.6754711       47.501509       88.887812       13.169904     0.055026768     0.017992887 ...	F(x) = 1559.8182
-------------------------------------------
--------- Finding feasible point ------------
Iter # 0. Elapsed time: 0
u =		       96.849876      0.38471498       1.6754711       47.501509       88.887812       13.169904     0.055026768     0.017992887 ...	F(t) =        1559.8182
Landing# 0. Elapsed time: 12
u =		       96.849877      0.38425129       1.6755522       47.501638       88.887812       13.169827     0.054848364     0.017947647 ...	F(t) =        1559.8247
Landing# 10. Elapsed time: 130
u =		       96.849875      0.37948525       1.6763244       47.502929        88.88789       13.168952     0.053143678     0.017439595 ...	F(t) =        1559.8915
Landing# 20. Elapsed time: 249
u =		       96.849881      0.37482385       1.6770759       47.504203        88.88803       13.168107     0.051504081     0.016977212 ...	F(t) =        1559.9571
Landing# 30. Elapsed time: 367
u =		       96.849897      0.37016052       1.6778279        47.50548       88.888143        13.16732      0.04991016     0.016551257 ...	F(t) =        1560.0228
Landing# 40. Elapsed time: 486
u =		       96.849912      0.36554628       1.6786119       47.506814       88.888189        13.16648     0.048341157      0.01617022 ...	F(t) =        1560.0873
Landing# 50. Elapsed time: 604
u =		        96.84992      0.36081312       1.6794765       47.508149       88.888284       13.165734     0.046868118     0.015698045 ...	F(t) =        1560.1527
Landing# 60. Elapsed time: 722
u =		       96.849918      0.35632635       1.6801609       47.509495       88.888324       13.164834     0.045359825     0.015260632 ...	F(t) =        1560.2161
Landing# 70. Elapsed time: 840
u =		       96.849931      0.35193843       1.6808793        47.51083       88.888379       13.164021     0.043929114     0.014917086 ...	F(t) =        1560.2778
Landing# 80. Elapsed time: 958
u =		       96.849938      0.34745403       1.6814662       47.512165       88.888488       13.163409     0.042510316     0.014470819 ...	F(t) =        1560.3425
Landing# 90. Elapsed time: 1075
u =		        96.84995      0.34314268       1.6820755       47.513536       88.888554       13.162493     0.041117502      0.01405797 ...	F(t) =        1560.4043
Landing# 100. Elapsed time: 1192
u =		       96.849954      0.33887721       1.6826566       47.514916       88.888654       13.161581     0.039762749     0.013656944 ...	F(t) =        1560.4655
Landing# 110. Elapsed time: 1309
u =		       96.849971      0.33455377       1.6834581       47.516317       88.888734       13.160635     0.038542922     0.013348847 ...	F(t) =        1560.5252
Landing# 120. Elapsed time: 1427
u =		       96.849978      0.33018946       1.6841824       47.517758       88.888814       13.159616      0.03732462     0.012966093 ...	F(t) =        1560.5863
Landing# 130. Elapsed time: 1543
u =		       96.849983      0.32605271       1.6847078       47.519164       88.888876       13.158761     0.036076434     0.012669257 ...	F(t) =        1560.6461
Landing# 140. Elapsed time: 1660
u =		           96.85      0.32166272       1.6855195       47.520578       88.888951       13.157518     0.035098585     0.012326554 ...	F(t) =        1560.7068
Landing# 150. Elapsed time: 1777
u =		       96.850004       0.3177944       1.6858338       47.521979       88.889052       13.156741     0.033843608     0.011950366 ...	F(t) =        1560.7648
Landing# 160. Elapsed time: 1893
u =		       96.850006      0.31382932       1.6862685       47.523408       88.889096       13.155878     0.032690774     0.011650423 ...	F(t) =         1560.823
Landing# 170. Elapsed time: 2009
u =		       96.850024      0.30980966       1.6868175       47.524829       88.889187        13.15498     0.031670307     0.011411775 ...	F(t) =        1560.8809
Landing# 180. Elapsed time: 2125
u =		       96.850043      0.30597927       1.6872778       47.526286       88.889243       13.154116     0.030582326     0.011130441 ...	F(t) =        1560.9368
Landing# 190. Elapsed time: 2241
u =		       96.850061      0.30186588       1.6878254       47.527757       88.889267        13.15303     0.029670979     0.010880057 ...	F(t) =        1560.9962
Landing# 200. Elapsed time: 2356
u =		        96.85006      0.29819545       1.6880836       47.529168       88.889285       13.152167     0.028684382      0.01055492 ...	F(t) =        1561.0517
Landing# 210. Elapsed time: 2471
u =		       96.850084      0.29435121       1.6885561        47.53065       88.889374       13.150659     0.027813789      0.01020989 ...	F(t) =        1561.1078
Landing# 220. Elapsed time: 2586
u =		       96.850082      0.29074878       1.6888113       47.532113       88.889445       13.149751     0.026854877    0.0099009358 ...	F(t) =        1561.1622
Landing# 230. Elapsed time: 2701
u =		       96.850074      0.28718681       1.6890241        47.53358       88.889481       13.148849     0.025928652    0.0095881533 ...	F(t) =        1561.2164
Landing# 240. Elapsed time: 2815
u =		       96.850087      0.28365127       1.6892761       47.535069        88.88951       13.148008     0.025020863    0.0093330517 ...	F(t) =          1561.27
Landing# 250. Elapsed time: 2930
u =		       96.850098      0.28004793       1.6894721        47.53655       88.889587       13.146964     0.024239632    0.0090268718 ...	F(t) =        1561.3254
Landing# 260. Elapsed time: 3044
u =		        96.85012      0.27659367       1.6895938       47.538035       88.889643       13.146131     0.023389807    0.0088006918 ...	F(t) =        1561.3794
Landing# 270. Elapsed time: 3158
u =		       96.850121      0.27356056       1.6896047       47.539403       88.889705       13.145509     0.022576237    0.0085643209 ...	F(t) =        1561.4277
Landing# 280. Elapsed time: 3272
u =		       96.850123      0.27030156       1.6897558       47.540911       88.889751       13.144612     0.021796847    0.0082953964 ...	F(t) =        1561.4779
Landing# 290. Elapsed time: 3386
u =		       96.850143       0.2669263        1.689939       47.543117        88.88981       13.143638     0.021134046     0.008071329 ...	F(t) =        1561.5298
Landing# 300. Elapsed time: 3500
u =		       96.850152      0.26369682       1.6900291       47.544635       88.889871        13.14282     0.020391041    0.0078594133 ...	F(t) =        1561.5804
Landing# 310. Elapsed time: 3613
u =		       96.850149      0.26069155       1.6900422       47.546106       88.889929        13.14166     0.019669575    0.0075975473 ...	F(t) =        1561.6282
Landing# 320. Elapsed time: 3727
u =		       96.850156      0.25752311       1.6901029       47.547597       88.890001       13.140666      0.01911724    0.0073383978 ...	F(t) =        1561.6781
Landing# 330. Elapsed time: 3840
u =		       96.850164      0.25439919       1.6901193       47.549146       88.890045       13.139874     0.018459716    0.0071639234 ...	F(t) =        1561.7279
Landing# 340. Elapsed time: 3953
u =		       96.850182      0.25134401       1.6902979       47.550682       88.890093       13.138931     0.017942162    0.0069567083 ...	F(t) =        1561.7748
Landing# 350. Elapsed time: 4066
u =		       96.850196      0.24834914       1.6902006       47.552214       88.890175       13.138134     0.017326107    0.0067663351 ...	F(t) =         1561.824
Landing# 360. Elapsed time: 4179
u =		       96.850209      0.24547691       1.6900634       47.554425       88.890264       13.137294     0.016756997    0.0065195816 ...	F(t) =        1561.8716
Landing# 370. Elapsed time: 4292
u =		       96.850232      0.24271311       1.6898437       47.555936       88.890276       13.136685     0.016117722    0.0063622942 ...	F(t) =        1561.9187
Landing# 380. Elapsed time: 4405
u =		       96.850252      0.23982128       1.6897112       47.557444       88.890292       13.135745     0.015458047    0.0061696913 ...	F(t) =        1561.9668
Landing# 390. Elapsed time: 4518
u =		       96.850243      0.23717431       1.6894756       47.558993       88.890364       13.135083     0.014868686    0.0059898362 ...	F(t) =        1562.0116
Landing# 400. Elapsed time: 4630
u =		       96.850259      0.23442627        1.689436       47.560523       88.890416       13.134128     0.014507548    0.0057749595 ...	F(t) =        1562.0562
Landing# 410. Elapsed time: 4742
u =		        96.85027      0.23196818       1.6891256       47.562014       88.890483       13.133506     0.013977744    0.0055904623 ...	F(t) =        1562.0993
Landing# 420. Elapsed time: 4854
u =		       96.850294      0.22934163       1.6889407       47.563517       88.890557       13.133091     0.013592636    0.0053954862 ...	F(t) =        1562.1438
Landing# 430. Elapsed time: 4966
u =		       96.850314      0.22690673       1.6885501       47.565047       88.890613        13.13244     0.013072876    0.0052158388 ...	F(t) =        1562.1876
Landing# 440. Elapsed time: 5078
u =		       96.850306      0.22441409       1.6883257       47.566618       88.890638       13.131612     0.012682125    0.0050197323 ...	F(t) =          1562.23
Landing# 450. Elapsed time: 5190
u =		       96.850317      0.22215417       1.6879595       47.568124       88.890654       13.130993     0.012229141    0.0048635484 ...	F(t) =        1562.2706
Landing# 460. Elapsed time: 5301
u =		       96.850344      0.21977388       1.6875697       47.569664       88.890731       13.130719     0.011809792    0.0047067206 ...	F(t) =        1562.3136
Landing# 470. Elapsed time: 5413
u =		       96.850363      0.21751012       1.6871141       47.571207       88.890776       13.130087      0.01136972     0.004553008 ...	F(t) =        1562.3555
Landing# 480. Elapsed time: 5524
u =		       96.850392      0.21512963       1.6867588       47.572799       88.890857       13.129304     0.011082821    0.0044054767 ...	F(t) =        1562.3982
Landing# 490. Elapsed time: 5636
u =		       96.850392      0.21292519       1.6862034       47.574334       88.890866        13.12869     0.010678074    0.0042651201 ...	F(t) =          1562.44
Landing# 500. Elapsed time: 5747
u =		       96.850412      0.21053394       1.6858606        47.57593        88.89094       13.127717     0.010517237    0.0040831188 ...	F(t) =        1562.4825
Landing# 510. Elapsed time: 5858
u =		       96.850435      0.20829258        1.685483       47.577539       88.890975       13.126994     0.010249157    0.0039832828 ...	F(t) =        1562.5232
Landing# 520. Elapsed time: 5973
u =		       96.850451      0.20626118       1.6849806       47.579076       88.890987       13.126437    0.0099245911    0.0038667395 ...	F(t) =        1562.5618
Landing# 530. Elapsed time: 6084
u =		       96.850472      0.20424001       1.6844413       47.580638       88.890984        13.12585    0.0095837333    0.0037246803 ...	F(t) =        1562.6008
Landing# 540. Elapsed time: 6194
u =		       96.850488      0.20233192       1.6839184       47.582159       88.891022       13.125284    0.0092785114     0.003619993 ...	F(t) =        1562.6378
Landing# 550. Elapsed time: 6305
u =		       96.850498      0.20028935       1.6833228        47.58371       88.891051       13.125073    0.0090039311    0.0034885534 ...	F(t) =        1562.6776
Landing# 560. Elapsed time: 6416
u =		       96.850516       0.1983947       1.6827874       47.585289        88.89103       13.124493    0.0087089689    0.0033651585 ...	F(t) =        1562.7145
Landing# 570. Elapsed time: 6526
u =		       96.850525      0.19630708       1.6824438       47.586924       88.891075       13.123608    0.0087286929    0.0032522066 ...	F(t) =         1562.752
Landing# 580. Elapsed time: 6636
u =		       96.850535      0.19451212       1.6818465       47.588474       88.891093       13.123143    0.0085453763    0.0031645138 ...	F(t) =         1562.788
Landing# 590. Elapsed time: 6746
u =		       96.850561      0.19275185       1.6812154       47.590071       88.891162        13.12269    0.0083639251    0.0030612074 ...	F(t) =         1562.824
Landing# 600. Elapsed time: 6856
u =		       96.850591      0.19076017       1.6806929       47.591809       88.891218       13.121974    0.0083071802    0.0029870254 ...	F(t) =        1562.8625
Landing# 610. Elapsed time: 6966
u =		       96.850611      0.18871042       1.6802349        47.59353       88.891271       13.121518    0.0084082909    0.0029160494 ...	F(t) =        1562.9009
Landing# 620. Elapsed time: 7076
u =		       96.850631      0.18693513       1.6796108       47.595099       88.891359       13.120332    0.0084527413    0.0028328591 ...	F(t) =         1562.937
Landing# 630. Elapsed time: 7186
u =		       96.850655      0.18482216       1.6792363        47.59684       88.891426       13.119641     0.008716085    0.0027496113 ...	F(t) =        1562.9755
Landing# 640. Elapsed time: 7296
u =		       96.850677      0.18270164       1.6789974       47.598625       88.891488        13.11846    0.0090972327    0.0026796749 ...	F(t) =        1563.0125
Landing# 650. Elapsed time: 7406
u =		       96.850699      0.18053559       1.6787464       47.600419       88.891564       13.117601    0.0094984013    0.0025922579 ...	F(t) =        1563.0504
Landing# 660. Elapsed time: 7516
u =		       96.850722      0.17862595        1.678356       47.602135       88.891637       13.117556    0.0097108371    0.0024836233 ...	F(t) =        1563.0859
Landing# 670. Elapsed time: 7626
u =		       96.850756      0.17677141        1.677788       47.603867       88.891752       13.116514     0.010040797    0.0023971484 ...	F(t) =        1563.1228
Landing# 680. Elapsed time: 7736
u =		         96.8508      0.17472122       1.6774933       47.605671       88.891846       13.116268      0.01020073    0.0023684877 ...	F(t) =        1563.1597
Landing# 690. Elapsed time: 7845
u =		       96.850824      0.17320679       1.6768284       47.607234       88.891944        13.11606     0.010296777    0.0023238586 ...	F(t) =        1563.1921
Landing# 700. Elapsed time: 7955
u =		       96.850857      0.17147146       1.6763697       47.608855       88.892031       13.114578     0.010649861    0.0022558915 ...	F(t) =        1563.2258
Landing# 710. Elapsed time: 8065
u =		       96.850877      0.16983977       1.6757836       47.610549       88.892081        13.11394     0.010842834    0.0022186982 ...	F(t) =        1563.2591
Landing# 720. Elapsed time: 8174
u =		       96.850903      0.16812669       1.6754291       47.612134       88.892095       13.113499     0.010982525    0.0022039448 ...	F(t) =        1563.2911
Landing# 730. Elapsed time: 8284
u =		       96.850938      0.16622185       1.6749151       47.613983       88.892219       13.112407     0.010999192    0.0021300655 ...	F(t) =        1563.3281
Landing# 740. Elapsed time: 8394
u =		       96.850964      0.16457169       1.6744262        47.61559        88.89225       13.111112     0.011034024    0.0021237652 ...	F(t) =        1563.3606
Landing# 750. Elapsed time: 8503
u =		       96.850979       0.1629353       1.6740461       47.617205       88.892277       13.109717     0.011436242    0.0020645217 ...	F(t) =        1563.3915
Landing# 760. Elapsed time: 8613
u =		       96.850989       0.1616026       1.6735701       47.618703       88.892332       13.108257     0.011672233    0.0020043665 ...	F(t) =        1563.4186
Landing# 770. Elapsed time: 8723
u =		       96.851011       0.1597053       1.6733252       47.621154       88.892379        13.10733     0.012068311     0.001961947 ...	F(t) =         1563.452
Landing# 780. Elapsed time: 8832
u =		       96.851034      0.15850097       1.6726317       47.623276        88.89244        13.10664     0.012087315    0.0019352843 ...	F(t) =        1563.4798
Landing# 790. Elapsed time: 8942
u =		       96.851061      0.15719057       1.6721273       47.624843       88.892458       13.105678     0.012254433    0.0019652761 ...	F(t) =        1563.5071
Landing# 800. Elapsed time: 9052
u =		       96.851086      0.15536381       1.6717503       47.626476       88.892531       13.104084     0.012151245    0.0019707429 ...	F(t) =        1563.5411
Landing# 810. Elapsed time: 9161
u =		       96.851104       0.1539596        1.671222       47.628074       88.892573       13.103685     0.012618021    0.0018988933 ...	F(t) =        1563.5701
Landing# 820. Elapsed time: 9271
u =		       96.851126      0.15246566       1.6708686       47.629726       88.892617       13.103015     0.012987258    0.0018790545 ...	F(t) =        1563.5984
Landing# 830. Elapsed time: 9380
u =		       96.851143      0.15108243       1.6705245        47.63141       88.892619       13.103445     0.012946068     0.001909512 ...	F(t) =        1563.6248
Landing# 840. Elapsed time: 9490
u =		       96.851171      0.14981759       1.6700193       47.632947       88.892626       13.103319     0.012840736    0.0019263946 ...	F(t) =        1563.6515
Landing# 850. Elapsed time: 9600
u =		       96.851188      0.14896498       1.6692542       47.634277       88.892668       13.102699     0.012917716    0.0019271689 ...	F(t) =        1563.6744
Landing# 860. Elapsed time: 9709
u =		       96.851221      0.14764273       1.6688091       47.635847       88.892728       13.101137     0.012898441    0.0019058298 ...	F(t) =        1563.7013
Landing# 870. Elapsed time: 9818
u =		       96.851239      0.14613657       1.6684467       47.637555       88.892775       13.100299     0.013408588    0.0018364619 ...	F(t) =        1563.7299
Landing# 880. Elapsed time: 9927
u =		       96.851271      0.14514482       1.6677961       47.639083       88.892822        13.10031     0.013608426    0.0018045797 ...	F(t) =         1563.754
Landing# 890. Elapsed time: 10036
u =		       96.851285      0.14422242       1.6670838       47.640453       88.892857       13.099852     0.013889146    0.0017452723 ...	F(t) =        1563.7774
Landing# 900. Elapsed time: 10146
u =		       96.851311      0.14348716       1.6662797       47.641804       88.892905       13.099902     0.013927567    0.0017420415 ...	F(t) =        1563.7991
Landing# 910. Elapsed time: 10255
u =		       96.851335      0.14231423       1.6657456       47.643469        88.89294       13.099352     0.014144373    0.0017176484 ...	F(t) =        1563.8246
Landing# 920. Elapsed time: 10363
u =		       96.851348      0.14118904       1.6651734       47.644982       88.892987       13.099089     0.014346841    0.0016703072 ...	F(t) =        1563.8495
Landing# 930. Elapsed time: 10473
u =		       96.851353      0.14038733       1.6644029       47.646353       88.892995       13.099062     0.014340938    0.0016807053 ...	F(t) =        1563.8715
Landing# 940. Elapsed time: 10582
u =		       96.851378      0.13942011       1.6638284       47.647961       88.893001       13.098828      0.01442652    0.0016872977 ...	F(t) =        1563.8942
Landing# 950. Elapsed time: 10691
u =		       96.851393      0.13840671       1.6632191       47.649508       88.893052       13.098531     0.014763897    0.0016550656 ...	F(t) =        1563.9178
Landing# 960. Elapsed time: 10800
u =		       96.851403        0.137225       1.6627171       47.651244       88.893103        13.09747     0.015132415    0.0016465623 ...	F(t) =        1563.9428
Landing# 970. Elapsed time: 10909
u =		       96.851424      0.13643559        1.662029       47.652665       88.893106        13.09727     0.015331651    0.0016371328 ...	F(t) =        1563.9639
Landing# 980. Elapsed time: 11018
u =		       96.851431      0.13554091       1.6614853       47.654214       88.893095       13.097095     0.015437732    0.0016241692 ...	F(t) =        1563.9847
Landing# 990. Elapsed time: 11127
u =		       96.851437      0.13456766       1.6609124       47.655806       88.893108       13.096067     0.015863172    0.0015940675 ...	F(t) =        1564.0071
Landing# 1000. Elapsed time: 11236
u =		        96.85144      0.13368033       1.6601826       47.657356       88.893091       13.095956     0.016015678    0.0015638997 ...	F(t) =          1564.03
Landing# 1010. Elapsed time: 11344
u =		       96.851449      0.13269012       1.6596185       47.658932        88.89306       13.096664      0.01604332    0.0015909711 ...	F(t) =        1564.0526
Landing# 1020. Elapsed time: 11453
u =		       96.851473      0.13170316       1.6590232        47.66041       88.893081       13.095997     0.015822974    0.0016140913 ...	F(t) =        1564.0758
Landing# 1030. Elapsed time: 11562
u =		       96.851486      0.13068212       1.6583734       47.661858       88.893144       13.095765     0.015685085     0.001580953 ...	F(t) =           1564.1
Landing# 1040. Elapsed time: 11670
u =		       96.851522      0.12988341       1.6577878       47.663407       88.893154       13.095128     0.015994261    0.0015758188 ...	F(t) =        1564.1203
Landing# 1050. Elapsed time: 11779
u =		       96.851522      0.12904941       1.6570393       47.664967       88.893187       13.094044     0.016419963    0.0015519413 ...	F(t) =        1564.1425
Landing# 1060. Elapsed time: 11887
u =		       96.851557      0.12792579       1.6563285       47.666761       88.893295       13.094457     0.016294044    0.0015247426 ...	F(t) =        1564.1694
Landing# 1070. Elapsed time: 11996
u =		       96.851582      0.12690179        1.655774       47.668456       88.893335       13.094293     0.016568819     0.001502948 ...	F(t) =        1564.1927
Landing# 1080. Elapsed time: 12104
u =		       96.851591      0.12606942       1.6551597       47.670081       88.893308       13.094892     0.016635417    0.0015090481 ...	F(t) =        1564.2134
Landing# 1090. Elapsed time: 12213
u =		       96.851605      0.12547869       1.6542955       47.671337       88.893333       13.094035     0.016700509    0.0014840945 ...	F(t) =        1564.2333
Landing# 1100. Elapsed time: 12321
u =		       96.851613      0.12480647       1.6535446       47.672901       88.893296       13.093828      0.01690904    0.0014957132 ...	F(t) =        1564.2531
Landing# 1110. Elapsed time: 12430
u =		       96.851635      0.12394191       1.6529156       47.674636       88.893325       13.094189     0.017366654    0.0014682673 ...	F(t) =        1564.2747
Landing# 1120. Elapsed time: 12538
u =		       96.851664       0.1232073        1.652193       47.676251       88.893358       13.094072     0.017519145    0.0014815323 ...	F(t) =        1564.2954
Landing# 1130. Elapsed time: 12646
u =		       96.851676      0.12222437       1.6515557       47.677937       88.893344       13.092968     0.017684224    0.0014623679 ...	F(t) =        1564.3188
Landing# 1140. Elapsed time: 12754
u =		       96.851704      0.12168073       1.6507779       47.679423       88.893418       13.093182     0.017961417    0.0014520654 ...	F(t) =        1564.3372
Landing# 1150. Elapsed time: 12862
u =		       96.851737      0.12070556       1.6501267       47.681041       88.893471       13.092115      0.01786713    0.0014367767 ...	F(t) =         1564.361
Landing# 1160. Elapsed time: 12970
u =		       96.851756      0.12026351       1.6493106       47.682447         88.8935       13.092251     0.017989971     0.001422817 ...	F(t) =        1564.3781
Landing# 1170. Elapsed time: 13078
u =		       96.851769      0.11964086       1.6485267       47.683984       88.893509       13.091853     0.018125989    0.0014270832 ...	F(t) =        1564.3975
Landing# 1180. Elapsed time: 13187
u =		       96.851798      0.11911872       1.6476193       47.685691       88.893499       13.092725      0.01824141    0.0014127361 ...	F(t) =        1564.4171
Landing# 1190. Elapsed time: 13294
u =		       96.851813      0.11838879       1.6468868       47.687462       88.893508        13.09111      0.01880877    0.0013825636 ...	F(t) =        1564.4377
Landing# 1200. Elapsed time: 13403
u =		       96.851826      0.11773095       1.6462176       47.689192       88.893529       13.090116     0.019227198    0.0013639884 ...	F(t) =        1564.4563
Landing# 1210. Elapsed time: 13510
u =		       96.851852      0.11695181       1.6454789       47.690722       88.893578       13.087733     0.019350351    0.0013168071 ...	F(t) =        1564.4779
Landing# 1220. Elapsed time: 13618
u =		       96.851871      0.11630028       1.6447499       47.692436       88.893614       13.087166     0.019836547    0.0012681648 ...	F(t) =        1564.4972
Landing# 1230. Elapsed time: 13726
u =		       96.851879      0.11574372       1.6440048       47.694051       88.893651       13.086478     0.020129928    0.0012558317 ...	F(t) =        1564.5151
Landing# 1240. Elapsed time: 13834
u =		       96.851882      0.11495175       1.6433748        47.69576       88.893656       13.086316     0.019976518    0.0012860444 ...	F(t) =        1564.5352
Landing# 1250. Elapsed time: 13941
u =		       96.851906      0.11426853       1.6426672       47.697584       88.893702       13.086088     0.020326842    0.0012775441 ...	F(t) =        1564.5548
Landing# 1260. Elapsed time: 14049
u =		       96.851927       0.1137097       1.6419772       47.699182       88.893668       13.085966     0.020272624    0.0012950488 ...	F(t) =        1564.5723
Landing# 1270. Elapsed time: 14156
u =		        96.85195      0.11333463       1.6411727       47.700663       88.893706        13.08624     0.020393364    0.0013130039 ...	F(t) =        1564.5882
Landing# 1280. Elapsed time: 14263
u =		       96.851967      0.11277622       1.6404369       47.702253       88.893733       13.085529     0.020467412    0.0012920077 ...	F(t) =        1564.6061
Landing# 1290. Elapsed time: 14371
u =		       96.851977      0.11223466        1.639695        47.70395        88.89373       13.086198     0.020572847    0.0013145491 ...	F(t) =        1564.6237
Landing# 1300. Elapsed time: 14478
u =		       96.851998      0.11162493       1.6388963       47.705646       88.893733       13.086599     0.020643891    0.0013515608 ...	F(t) =        1564.6432
Landing# 1310. Elapsed time: 14586
u =		        96.85202      0.11113553       1.6381566       47.707342        88.89375       13.086639     0.020854597    0.0013440698 ...	F(t) =        1564.6601
Landing# 1320. Elapsed time: 14693
u =		       96.852054      0.11059783       1.6373922       47.709043         88.8938       13.087015     0.020917402    0.0013504465 ...	F(t) =        1564.6783
Landing# 1330. Elapsed time: 14800
u =		       96.852071      0.11000137       1.6366209       47.710686       88.893824       13.086528      0.02081354    0.0013708111 ...	F(t) =        1564.6972
Landing# 1340. Elapsed time: 14907
u =		       96.852082      0.10940565       1.6358073       47.712209       88.893825       13.085722     0.020652985    0.0013685549 ...	F(t) =        1564.7166
Landing# 1350. Elapsed time: 15014
u =		       96.852108      0.10866579       1.6350975       47.714064       88.893837       13.084573       0.0208419     0.001346623 ...	F(t) =        1564.7372
Landing# 1360. Elapsed time: 15121
u =		       96.852119      0.10830221       1.6343244       47.715722        88.89379       13.085159     0.021007543     0.001355589 ...	F(t) =        1564.7523
Landing# 1370. Elapsed time: 15227
u =		       96.852138      0.10766107        1.633676       47.717471       88.893768       13.085235     0.020983212    0.0013831408 ...	F(t) =        1564.7705
Landing# 1380. Elapsed time: 15334
u =		       96.852154      0.10734276       1.6327384       47.719047       88.893826       13.085426     0.021355089    0.0013534038 ...	F(t) =         1564.787
Landing# 1390. Elapsed time: 15441
u =		       96.852164      0.10680912       1.6319085       47.720546       88.893792       13.085074     0.021285103    0.0013761255 ...	F(t) =        1564.8055
Landing# 1400. Elapsed time: 15547
u =		        96.85219      0.10641418       1.6309803       47.722009       88.893841       13.084427     0.021456701    0.0013511746 ...	F(t) =        1564.8233
Landing# 1410. Elapsed time: 15653
u =		        96.85221      0.10612711       1.6300133        47.72352       88.893843       13.084335     0.021773426    0.0013696391 ...	F(t) =        1564.8397
Landing# 1420. Elapsed time: 15760
u =		       96.852229      0.10564454       1.6292482       47.724931       88.893756       13.083852     0.021673471    0.0013905848 ...	F(t) =        1564.8568
Landing# 1430. Elapsed time: 15866
u =		       96.852239      0.10542625       1.6283741       47.726173        88.89375       13.084047     0.021816721    0.0014185639 ...	F(t) =        1564.8708
Landing# 1440. Elapsed time: 15973
u =		       96.852258      0.10501996        1.627677       47.727515       88.893766       13.084173     0.021869636    0.0013925856 ...	F(t) =        1564.8859
Landing# 1450. Elapsed time: 16080
u =		       96.852278      0.10491435       1.6267601       47.728614       88.893751       13.084337     0.022019634    0.0014054751 ...	F(t) =        1564.8988
Landing# 1460. Elapsed time: 16186
u =		       96.852301      0.10449339       1.6260125       47.729842       88.893743       13.083864     0.021925289    0.0014247824 ...	F(t) =        1564.9148
Landing# 1470. Elapsed time: 16293
u =		       96.852298      0.10399288       1.6253162       47.731113       88.893747       13.083657     0.021861574     0.001420598 ...	F(t) =         1564.931
Landing# 1480. Elapsed time: 16399
u =		       96.852323      0.10362283       1.6244925       47.732255       88.893788        13.08379     0.021925758    0.0014047757 ...	F(t) =        1564.9471
Landing# 1490. Elapsed time: 16506
u =		        96.85235      0.10316969       1.6237456       47.733405       88.893785       13.084067     0.021990909    0.0013674364 ...	F(t) =        1564.9637
Landing# 1500. Elapsed time: 16613
u =		       96.852383      0.10276065       1.6229919       47.734502       88.893836       13.084327     0.022045991     0.001346338 ...	F(t) =        1564.9797
Landing# 1510. Elapsed time: 16719
u =		       96.852408      0.10232215       1.6221997       47.735577        88.89387       13.084161     0.022022243    0.0013535021 ...	F(t) =        1564.9965
Landing# 1520. Elapsed time: 16826
u =		       96.852437      0.10192692       1.6213918       47.736553       88.893866       13.083719     0.021937486    0.0013484646 ...	F(t) =         1565.013
Landing# 1530. Elapsed time: 16932
u =		       96.852449      0.10166266       1.6204887       47.737526       88.893905       13.083018     0.022115599    0.0013194695 ...	F(t) =        1565.0281
Landing# 1540. Elapsed time: 17039
u =		       96.852469      0.10121398       1.6197652       47.738416       88.893897       13.083182     0.022122581    0.0013064661 ...	F(t) =        1565.0442
Landing# 1550. Elapsed time: 17146
u =		       96.852499      0.10094613       1.6189358       47.739225       88.893913       13.082729      0.02206318     0.001321196 ...	F(t) =        1565.0589
Landing# 1560. Elapsed time: 17252
u =		       96.852527      0.10052446       1.6181403       47.740064       88.893943       13.082575     0.022037507    0.0013084172 ...	F(t) =        1565.0756
Landing# 1570. Elapsed time: 17359
u =		       96.852543      0.10035254         1.61731       47.740746       88.893963       13.082614     0.022131515    0.0013260254 ...	F(t) =        1565.0885
Landing# 1580. Elapsed time: 17465
u =		       96.852567      0.10011319        1.616507       47.741407       88.893976       13.082664     0.022191808    0.0013234414 ...	F(t) =        1565.1023
Landing# 1590. Elapsed time: 17572
u =		       96.852602     0.099697627       1.6157043       47.742137       88.894042       13.081905     0.022017478    0.0013163487 ...	F(t) =        1565.1191
Landing# 1600. Elapsed time: 17678
u =		       96.852626     0.099541847       1.6148994       47.742682       88.894094       13.082286     0.022158421    0.0013164617 ...	F(t) =        1565.1316
Landing# 1610. Elapsed time: 17785
u =		       96.852635     0.099427824        1.614054       47.743216       88.894078       13.082302     0.022233084    0.0013301314 ...	F(t) =        1565.1436
Landing# 1620. Elapsed time: 17892
u =		       96.852648      0.09912567       1.6132905       47.743811       88.894112       13.081544     0.022087898    0.0013032814 ...	F(t) =        1565.1578
Landing# 1630. Elapsed time: 17998
u =		       96.852658     0.098858126        1.612471       47.744317       88.894088       13.081628     0.022138443    0.0013285931 ...	F(t) =         1565.172
Landing# 1640. Elapsed time: 18104
u =		       96.852664     0.098678979       1.6116065       47.744782       88.894079       13.081678     0.022200035    0.0013462415 ...	F(t) =        1565.1853
Landing# 1650. Elapsed time: 18211
u =		       96.852678     0.098503934       1.6108212       47.745223       88.894044       13.081597     0.022207261    0.0013545932 ...	F(t) =        1565.1978
Landing# 1660. Elapsed time: 18317
u =		       96.852701     0.098252053       1.6099566       47.745663       88.894052       13.081674     0.022248445    0.0013730852 ...	F(t) =        1565.2125
Landing# 1670. Elapsed time: 18423
u =		       96.852719     0.098067355       1.6091458       47.746084       88.894062        13.08189     0.022349788    0.0013611282 ...	F(t) =        1565.2255
Landing# 1680. Elapsed time: 18529
u =		       96.852755      0.09788769       1.6082747         47.7465       88.894116       13.081612     0.022335982    0.0013481307 ...	F(t) =        1565.2393
Landing# 1690. Elapsed time: 18636
u =		       96.852766     0.097761871       1.6074047       47.746842       88.894109       13.081577       0.0223929    0.0013346953 ...	F(t) =         1565.252
Landing# 1700. Elapsed time: 18742
u =		       96.852771     0.097584886       1.6066185       47.747191       88.894059        13.08116     0.022315054    0.0013460785 ...	F(t) =        1565.2643
Landing# 1710. Elapsed time: 18849
u =		        96.85277     0.097588691       1.6057447       47.747466       88.894058       13.081449     0.022467479    0.0013507293 ...	F(t) =        1565.2746
Landing# 1720. Elapsed time: 18955
u =		       96.852786     0.097444606       1.6049029       47.747796       88.894128       13.081648     0.022547029    0.0013317653 ...	F(t) =        1565.2873
Landing# 1730. Elapsed time: 19061
u =		       96.852778     0.097360491       1.6040185       47.748049        88.89412        13.08197     0.022668114    0.0013567023 ...	F(t) =        1565.2991
Landing# 1740. Elapsed time: 19167
u =		       96.852787     0.097383287       1.6030976       47.748315       88.894146        13.08201     0.022765778    0.0013285057 ...	F(t) =        1565.3099
Landing# 1750. Elapsed time: 19273
u =		       96.852802     0.097399963       1.6020926       47.748556       88.894183       13.081949     0.022848201    0.0013201962 ...	F(t) =        1565.3219
Landing# 1760. Elapsed time: 19379
u =		        96.85282     0.097383247       1.6011842       47.748799       88.894204       13.081884     0.022897509    0.0013222689 ...	F(t) =        1565.3334
Landing# 1770. Elapsed time: 19485
u =		       96.852845     0.097300195       1.6002425        47.74904       88.894247       13.081995     0.022990518    0.0013092577 ...	F(t) =        1565.3464
Landing# 1780. Elapsed time: 19591
u =		       96.852871     0.097119574       1.5993584       47.749316       88.894263       13.080481     0.022940655     0.001300062 ...	F(t) =        1565.3603
Landing# 1790. Elapsed time: 19697
u =		       96.852897     0.097042533       1.5985303       47.749525       88.894315       13.080942     0.023083692    0.0012890915 ...	F(t) =        1565.3719
Landing# 1800. Elapsed time: 19804
u =		       96.852917     0.096876434       1.5977425        47.74973       88.894338       13.081541     0.023206767    0.0012889992 ...	F(t) =        1565.3843
Landing# 1810. Elapsed time: 19910
u =		       96.852931     0.096882086       1.5968008       47.749904       88.894328       13.081952     0.023334706     0.001317122 ...	F(t) =        1565.3957
Landing# 1820. Elapsed time: 20016
u =		       96.852953     0.096738142       1.5959698        47.75008       88.894274       13.082432     0.023423231    0.0013143359 ...	F(t) =        1565.4083
Landing# 1830. Elapsed time: 20122
u =		       96.852972     0.096554293       1.5950759       47.750268       88.894302       13.082569     0.023422929    0.0013186053 ...	F(t) =        1565.4223
Landing# 1840. Elapsed time: 20227
u =		       96.852998     0.096461315        1.594125       47.750438        88.89432       13.082559     0.023428888    0.0013238426 ...	F(t) =        1565.4356
Landing# 1850. Elapsed time: 20333
u =		       96.853022     0.096439712       1.5933319       47.750595       88.894335       13.083939     0.023613491    0.0012787294 ...	F(t) =        1565.4458
Landing# 1860. Elapsed time: 20439
u =		       96.853034     0.096278921        1.592433       47.750752       88.894358       13.084066     0.023600604    0.0012917491 ...	F(t) =        1565.4594
Landing# 1870. Elapsed time: 20545
u =		       96.853047     0.096216418       1.5913986       47.750904       88.894403       13.083344      0.02346401    0.0012682735 ...	F(t) =         1565.473
Landing# 1880. Elapsed time: 20651
u =		       96.853076     0.096127908       1.5906125       47.751042       88.894404       13.083342     0.023447533    0.0012644899 ...	F(t) =        1565.4843
Landing# 1890. Elapsed time: 20757
u =		       96.853093     0.096280338       1.5896326       47.751161       88.894446       13.083809     0.023637203     0.001238379 ...	F(t) =        1565.4939
Landing# 1900. Elapsed time: 20863
u =		       96.853099     0.096224362         1.58878       47.751271       88.894457       13.084306     0.023759274    0.0012389696 ...	F(t) =        1565.5051
Landing# 1910. Elapsed time: 20969
u =		       96.853127     0.096190792       1.5878738        47.75138       88.894492       13.084656     0.023842144     0.001261983 ...	F(t) =         1565.517
Landing# 1920. Elapsed time: 21075
u =		       96.853138     0.096178847       1.5870429       47.751474       88.894501        13.08501     0.023925847    0.0012743663 ...	F(t) =        1565.5273
Landing# 1930. Elapsed time: 21181
u =		       96.853156     0.095996357       1.5861652       47.751597       88.894563       13.084804     0.023829723    0.0012323928 ...	F(t) =         1565.541
Landing# 1940. Elapsed time: 21287
u =		        96.85316     0.095937115       1.5852373       47.751691       88.894543       13.084806     0.023822895    0.0012604576 ...	F(t) =        1565.5532
Landing# 1950. Elapsed time: 21392
u =		       96.853186     0.095794837       1.5843869       47.751797        88.89457       13.084467     0.023706071     0.001265132 ...	F(t) =        1565.5661
Landing# 1960. Elapsed time: 21499
u =		       96.853204     0.095678866       1.5834301       47.751885        88.89459       13.084843     0.023756629     0.001293559 ...	F(t) =        1565.5797
Landing# 1970. Elapsed time: 21605
u =		       96.853221     0.095674287       1.5825616       47.751971       88.894615       13.085104      0.02384173    0.0012746924 ...	F(t) =        1565.5905
Landing# 1980. Elapsed time: 21711
u =		       96.853243     0.095811978       1.5815799       47.752049       88.894634       13.085409     0.023971591    0.0012803462 ...	F(t) =        1565.6004
Landing# 1990. Elapsed time: 21817
u =		       96.853267      0.09582158       1.5807232       47.752126        88.89462       13.085753     0.024043323    0.0012736447 ...	F(t) =        1565.6109
Landing# 2000. Elapsed time: 21923
u =		       96.853282     0.095866415       1.5796458       47.752197       88.894661       13.085747      0.02409531     0.001268333 ...	F(t) =        1565.6234
Landing# 2010. Elapsed time: 22029
u =		       96.853303     0.095699604       1.5788837       47.752265       88.894588       13.085906     0.024042189    0.0012754187 ...	F(t) =        1565.6355
Landing# 2020. Elapsed time: 22134
u =		       96.853304     0.095687905       1.5779721       47.752327       88.894593       13.086265     0.024112107    0.0012824767 ...	F(t) =        1565.6467
Landing# 2030. Elapsed time: 22240
u =		       96.853334     0.095554147       1.5770626        47.75242       88.894667       13.084906      0.02403246    0.0012578355 ...	F(t) =        1565.6602
Landing# 2040. Elapsed time: 22346
u =		       96.853338     0.095589786       1.5760282       47.752477       88.894681       13.084551     0.024009371    0.0012367272 ...	F(t) =        1565.6721
Landing# 2050. Elapsed time: 22451
u =		        96.85336     0.095484381       1.5752154       47.752538       88.894683       13.084716     0.024000645    0.0012218146 ...	F(t) =        1565.6839
Landing# 2060. Elapsed time: 22557
u =		       96.853389     0.095381695       1.5743378       47.752604       88.894686       13.084359     0.023865957    0.0012238712 ...	F(t) =        1565.6965
Landing# 2070. Elapsed time: 22663
u =		       96.853424     0.095217324       1.5734051       47.752667        88.89468       13.083785     0.023675499    0.0012127321 ...	F(t) =         1565.711
srun: Job step aborted: Waiting up to 2 seconds for job step to finish.
slurmd[node169]: error: *** JOB 325722 CANCELLED AT 2022-08-30T20:44:20 ***
slurmd[node169]: error: *** STEP 325722.0 CANCELLED AT 2022-08-30T20:44:20 ***
/bin/rm: cannot remove `/tmp/srun___logue': No such file or directory
APPLICATION TERMINATED WITH THE EXIT STRING: Terminated (signal 15)
