=================================================== BSF Target ====================================================
Problem name: kb2
Number of Workers: 10
OpenMP is turned off!
Map List is not Fragmented.
Before conversion: m =	43	n = 68
After conversion:  m =	109	n = 41
Eps Min Dir Length:	0.001
Eps Objective:		0.001
Eps Shift:		0.001
Eps Zero Compare:	0.001
Eps Zero Direction:	0.001
Exact Obj Value:	1749.9
Distance to Apex:	0
Low Cost Percentile:	0.1
Gap Max:		0.2
Obj Vector Length:	1
Start Shift Lengt:	1
Blocking obj var:	false
Use low cost vars:	true
--------------- Statisics ---------------
Number of high-cost variables:	3
Number of low-cost variables:	2
Number of zero-cost variables:	36
Problem Scale:			200
--------------- Data ---------------
Obj Function:	            16.5             -16             -12        -0.08757        -0.08757               0               0               0 ...
Start point:	       98.491758   -0.0087392123   -0.0091789671       47.463709        88.59992       13.211349   -0.0089238337     0.032141151 ...	F(x) = 1613.4489
Apex point:	       98.491758   -0.0087392123   -0.0091789671       47.463709        88.59992       13.211349   -0.0089238337     0.032141151 ...	F(x) = 1613.4489
-------------------------------------------
--------- Finding feasible point ------------
Iter # 37861. Elapsed time: 1
u =		       96.823634      0.42862736       1.8226001       47.739141       88.864514       13.239203     0.065691141     0.020324598 ...	F(t) =        1556.8983
Landing# 0. Elapsed time: 13
u =		       96.823637      0.42812623       1.8227045        47.73914        88.86452       13.239128     0.065490754     0.020269436 ...	F(t) =        1556.9051
Landing# 10. Elapsed time: 139
u =		       96.823654      0.42310403       1.8236231       47.739136       88.864572        13.23837      0.06350304     0.019784263 ...	F(t) =        1556.9748
Landing# 20. Elapsed time: 265
u =		       96.823682       0.4179055       1.8247437       47.739137       88.864646       13.237419     0.061681028     0.019342074 ...	F(t) =         1557.045
Landing# 30. Elapsed time: 390
u =		        96.82369      0.41288563       1.8257256       47.739131       88.864699        13.23652     0.059825798     0.018845247 ...	F(t) =        1557.1136
Landing# 40. Elapsed time: 514
u =		       96.823722      0.40776936       1.8267979       47.739135       88.864784       13.235445     0.057962818     0.018346708 ...	F(t) =        1557.1831
Landing# 50. Elapsed time: 642
u =		       96.823738      0.40293317       1.8275988       47.739133       88.864866       13.234663     0.056135991     0.017892471 ...	F(t) =        1557.2512
Landing# 60. Elapsed time: 766
u =		        96.82375      0.39821395       1.8284034       47.739129       88.864939       13.233908     0.054376081     0.017434017 ...	F(t) =        1557.3172
Landing# 70. Elapsed time: 891
u =		       96.823783      0.39321127       1.8294118       47.739129       88.865052       13.232974      0.05275723     0.017111692 ...	F(t) =        1557.3857
Landing# 80. Elapsed time: 1015
u =		       96.823794      0.38845588       1.8302739       47.739128       88.865094       13.232135     0.051136563     0.016724123 ...	F(t) =        1557.4516
Landing# 90. Elapsed time: 1139
u =		       96.823825      0.38364741       1.8312134       47.739137       88.865171       13.231156     0.049602832     0.016339632 ...	F(t) =        1557.5178
Landing# 100. Elapsed time: 1263
u =		        96.82385      0.37888344        1.832164       47.739139       88.865278       13.230091     0.048084184     0.015869484 ...	F(t) =         1557.583
Landing# 110. Elapsed time: 1388
u =		       96.823876      0.37380857       1.8334208       47.739138       88.865352       13.228982     0.046722901     0.015707977 ...	F(t) =        1557.6495
Landing# 120. Elapsed time: 1517
u =		       96.823897      0.36866403       1.8347055       47.739141       88.865418       13.227657     0.045449231     0.015381046 ...	F(t) =        1557.7167
Landing# 130. Elapsed time: 1641
u =		       96.823901      0.36425305       1.8353115       47.739142       88.865468       13.226846     0.043919898     0.014965533 ...	F(t) =        1557.7801
Landing# 140. Elapsed time: 1765
u =		       96.823929      0.35967611       1.8362275       47.739141       88.865512       13.225811     0.042546066     0.014600278 ...	F(t) =        1557.8428
Landing# 150. Elapsed time: 1888
u =		       96.823965      0.35511644        1.837051       47.739149       88.865628       13.224785      0.04120699     0.014235536 ...	F(t) =        1557.9065
Landing# 160. Elapsed time: 2016
u =		       96.823979      0.35057717       1.8378917       47.739141        88.86568        13.22381      0.03989549     0.013960557 ...	F(t) =        1557.9692
Landing# 170. Elapsed time: 2139
u =		       96.824006      0.34613972       1.8386946       47.739146        88.86572       13.222873     0.038647038     0.013705881 ...	F(t) =         1558.031
Landing# 180. Elapsed time: 2261
u =		       96.824023      0.34122392       1.8399303       47.739148       88.865772        13.22135     0.037659905     0.013378727 ...	F(t) =        1558.0951
Landing# 190. Elapsed time: 2384
u =		       96.824042      0.33704028       1.8405142        47.73915       88.865826       13.220393     0.036398824      0.01298566 ...	F(t) =        1558.1554
Landing# 200. Elapsed time: 2509
u =		       96.824067      0.33287833       1.8412009       47.739152       88.865866       13.219401     0.035264997     0.012690392 ...	F(t) =        1558.2141
Landing# 210. Elapsed time: 2633
u =		         96.8241      0.32814263       1.8423443       47.739161       88.865954       13.218072     0.034308531       0.0124855 ...	F(t) =        1558.2767
Landing# 220. Elapsed time: 2756
u =		       96.824122      0.32384336       1.8431183        47.73917       88.866034        13.21666     0.033218645     0.012229949 ...	F(t) =        1558.3366
Landing# 230. Elapsed time: 2878
u =		       96.824143      0.31984665       1.8435402        47.73918       88.866139       13.215715     0.032082706     0.011852038 ...	F(t) =        1558.3958
Landing# 240. Elapsed time: 3001
u =		       96.824163      0.31607583       1.8439345       47.739181       88.866199       13.214903     0.030914255     0.011509692 ...	F(t) =        1558.4517
Landing# 250. Elapsed time: 3122
u =		       96.824181      0.31219088       1.8443317       47.739182       88.866271       13.213961     0.029852104     0.011158356 ...	F(t) =        1558.5094
Landing# 260. Elapsed time: 3245
u =		       96.824218      0.30840102       1.8447858       47.739193       88.866348       13.213112     0.028835431     0.010891341 ...	F(t) =        1558.5652
Landing# 270. Elapsed time: 3369
u =		       96.824246      0.30440003       1.8454207       47.739204       88.866367       13.212144     0.027883286      0.01067374 ...	F(t) =        1558.6221
Landing# 280. Elapsed time: 3489
u =		       96.824274      0.30018713       1.8462378       47.739209       88.866393       13.210929     0.027094403     0.010474938 ...	F(t) =        1558.6801
Landing# 290. Elapsed time: 3610
u =		       96.824298        0.296344        1.846626       47.739216        88.86647         13.2099     0.026212758     0.010185692 ...	F(t) =        1558.7373
Landing# 300. Elapsed time: 3730
u =		       96.824323      0.29246558       1.8471738       47.739222       88.866524       13.208466     0.025380792    0.0099128173 ...	F(t) =        1558.7932
Landing# 310. Elapsed time: 3851
u =		       96.824341       0.2888827       1.8474848       47.739222       88.866562       13.207587     0.024477234    0.0096600754 ...	F(t) =        1558.8471
Landing# 320. Elapsed time: 3971
u =		       96.824361      0.28557996        1.847726       47.739222        88.86657       13.206841      0.02356751    0.0093622799 ...	F(t) =        1558.8974
Landing# 330. Elapsed time: 4091
u =		       96.824372       0.2819157       1.8481111       47.739229       88.866592       13.205876     0.022788409    0.0091641178 ...	F(t) =        1558.9516
Landing# 340. Elapsed time: 4211
u =		       96.824388      0.27838101       1.8484971       47.739224       88.866619       13.204841     0.022061088    0.0089083813 ...	F(t) =        1559.0038
Landing# 350. Elapsed time: 4331
u =		       96.824414      0.27472679        1.848988       47.739228       88.866664        13.20371      0.02142495     0.008673994 ...	F(t) =        1559.0568
Landing# 360. Elapsed time: 4450
u =		       96.824426      0.27144441       1.8491255       47.739231       88.866722       13.202899     0.020687606    0.0084367233 ...	F(t) =        1559.1078
Landing# 370. Elapsed time: 4569
u =		       96.824443      0.26814381       1.8493282       47.739242        88.86678       13.201616     0.020015244    0.0082185125 ...	F(t) =        1559.1585
Landing# 380. Elapsed time: 4689
u =		       96.824453      0.26497814        1.849479       47.739243       88.866802       13.200703     0.019312752    0.0079351225 ...	F(t) =        1559.2075
Landing# 390. Elapsed time: 4808
u =		       96.824477      0.26188767       1.8495034       47.739254       88.866897       13.199845     0.018667287    0.0076684204 ...	F(t) =         1559.257
Landing# 400. Elapsed time: 4926
u =		       96.824494      0.25891056       1.8493965        47.73926       88.866972       13.199117     0.017920853    0.0074249608 ...	F(t) =        1559.3062
Landing# 410. Elapsed time: 5045
u =		       96.824529      0.25566537       1.8495952       47.739276       88.867029       13.198176     0.017369011    0.0072446179 ...	F(t) =        1559.3563
Landing# 420. Elapsed time: 5164
u =		       96.824568      0.25262766       1.8496735        47.73929       88.867113       13.196898     0.016833836     0.007049623 ...	F(t) =        1559.4046
Landing# 430. Elapsed time: 5282
u =		       96.824584      0.24983313       1.8495846       47.739294       88.867136       13.196178      0.01616032    0.0068109447 ...	F(t) =        1559.4507
Landing# 440. Elapsed time: 5401
u =		       96.824593      0.24693738       1.8496702       47.739295       88.867151       13.195313     0.015628845     0.006579095 ...	F(t) =        1559.4961
Landing# 450. Elapsed time: 5521
u =		       96.824623      0.24420987       1.8494447       47.739309       88.867225       13.194611     0.015001751    0.0063558072 ...	F(t) =         1559.543
Landing# 460. Elapsed time: 5641
u =		       96.824656      0.24156857       1.8492904       47.739319       88.867246       13.193903     0.014402079    0.0061257613 ...	F(t) =        1559.5876
Landing# 470. Elapsed time: 5762
u =		       96.824682      0.23896172       1.8490699       47.739332       88.867317       13.193204     0.013828352     0.005916975 ...	F(t) =        1559.6324
Landing# 480. Elapsed time: 5880
u =		       96.824712      0.23622647       1.8489489       47.739346       88.867371       13.192402     0.013369808    0.0057493519 ...	F(t) =        1559.6781
Landing# 490. Elapsed time: 5998
u =		       96.824733      0.23353864       1.8489036       47.739353       88.867424       13.191456     0.013117895    0.0055714025 ...	F(t) =         1559.722
Landing# 500. Elapsed time: 6116
u =		       96.824758      0.23102738       1.8487757       47.739363       88.867474        13.19062     0.012734531    0.0053865108 ...	F(t) =        1559.7641
Landing# 510. Elapsed time: 6238
u =		       96.824774      0.22790095       1.8491049       47.739378       88.867529       13.189184     0.012751876    0.0052318875 ...	F(t) =        1559.8104
Landing# 520. Elapsed time: 6359
u =		       96.824806      0.22556535       1.8486982       47.739386       88.867577       13.188564      0.01229204    0.0050285477 ...	F(t) =        1559.8532
Landing# 530. Elapsed time: 6480
u =		       96.824834      0.22296764       1.8486192       47.739398       88.867606       13.187555     0.012053359    0.0048414724 ...	F(t) =        1559.8962
Landing# 540. Elapsed time: 6601
u =		       96.824855      0.22068314       1.8483355       47.739406       88.867652       13.186975     0.011650346    0.0046968136 ...	F(t) =        1559.9365
Landing# 550. Elapsed time: 6719
u =		       96.824864      0.21840135       1.8479502       47.739413       88.867672        13.18634     0.011214683    0.0045285334 ...	F(t) =        1559.9778
Landing# 560. Elapsed time: 6836
u =		       96.824893      0.21617598       1.8475802       47.739427       88.867736       13.185713     0.010803053    0.0043676327 ...	F(t) =        1560.0183
Landing# 570. Elapsed time: 6953
u =		       96.824898      0.21400384       1.8472935       47.739428       88.867722       13.185469     0.010459763     0.004218888 ...	F(t) =        1560.0565
Landing# 580. Elapsed time: 7070
u =		       96.824896      0.21185085       1.8469086       47.739423       88.867715        13.18523     0.010130146    0.0040839735 ...	F(t) =        1560.0956
Landing# 590. Elapsed time: 7187
u =		       96.824902      0.20975492       1.8465101       47.739428       88.867719       13.184613    0.0097668185    0.0039366691 ...	F(t) =         1560.134
Landing# 600. Elapsed time: 7305
u =		       96.824923       0.2076217       1.8461287       47.739441       88.867742       13.184369    0.0094575661    0.0037959688 ...	F(t) =         1560.173
Landing# 610. Elapsed time: 7421
u =		       96.824942      0.20551484       1.8457662       47.739449       88.867753        13.18363    0.0092825734    0.0036500989 ...	F(t) =        1560.2114
Landing# 620. Elapsed time: 7538
u =		       96.824962      0.20363632       1.8451686       47.739457       88.867825       13.183105    0.0090223685    0.0035147865 ...	F(t) =         1560.249
slurmd[node241]: error: *** JOB 325706 CANCELLED AT 2022-08-30T13:50:05 ***
[9:node425] unexpected disconnect completion event from [4:node386]
Assertion failed in file ../../dapl_conn_rc.c at line 1128: 0
internal ABORT - process 9
slurmd[node241]: error: *** STEP 325706.0 CANCELLED AT 2022-08-30T13:50:05 ***
srun: Job step aborted: Waiting up to 2 seconds for job step to finish.
[0:node241] unexpected disconnect completion event from [4:node386]
Assertion failed in file ../../dapl_conn_rc.c at line 1128: 0
internal ABORT - process 0
[7:node389] unexpected disconnect completion event from [4:node386]
Assertion failed in file ../../dapl_conn_rc.c at line 1128: 0
internal ABORT - process 7
/bin/rm: cannot remove `/tmp/srun___logue': No such file or directory
