=================================================== BSF Target ====================================================
Problem name: kb2
Number of Workers: 10
OpenMP is turned off!
Map List is not Fragmented.
Before conversion: m =	43	n = 68
After conversion:  m =	109	n = 41
Eps Min Dir Length:	0.01
Eps Objective:		0.01
Eps Shift:		0.01
Eps Zero Compare:	0.01
Eps Zero Direction:	0.01
Exact Obj Value:	1749.9
Distance to Apex:	0
Low Cost Percentile:	0.1
Gap Max:		0.2
Obj Vector Length:	1
Start Shift Lengt:	1
Blocking obj var:	false
Use low cost vars:	true
--------------- Statisics ---------------
Number of high-cost variables:	3
Number of low-cost variables:	2
Number of zero-cost variables:	36
Problem Scale:			200
--------------- Data ---------------
Obj Function:	            16.5             -16             -12        -0.08757        -0.08757               0               0               0 ...
Start point:	       96.736277       4.7556848       11.226694       47.626822       88.687798       11.213422       4.7388307  -0.00024415422 ...	F(x) = 1373.4002
Apex point:	       96.736277       4.7556848       11.226694       47.626822       88.687798       11.213422       4.7388307  -0.00024415422 ...	F(x) = 1373.4002
-------------------------------------------
--------- Finding feasible point ------------
Iter # 0. Elapsed time: 0
u =		       96.736277       4.7556848       11.226694       47.626822       88.687798       11.213422       4.7388307  -0.00024415422 ...	F(t) =        1373.4002
Landing# 0. Elapsed time: 0
u =		       96.739098       4.7523263       11.223329       47.626822       88.687798       11.213836       4.7362836  -0.00024415422 ...	F(t) =        1373.5409
Landing# 100. Elapsed time: 34
u =		       96.996373       4.4570287       10.928678       47.626822       88.687798       11.250246       4.4842757   -0.0035309167 ...	F(t) =        1386.0465
Landing# 200. Elapsed time: 74
u =		       97.223336       4.2103462       10.685091       47.626822       88.687798       11.282911       4.2424719   -0.0088543977 ...	F(t) =        1396.6613
Landing# 300. Elapsed time: 115
u =		       97.438311       3.9781549       10.460519       47.626822       88.687798       11.311901       4.0087531   -0.0088214562 ...	F(t) =        1406.6183
Landing# 400. Elapsed time: 159
u =		       97.652223       3.7475938       10.238199       47.626822       88.687798       11.341076        3.776541   -0.0088214562 ...	F(t) =        1416.5047
Landing# 500. Elapsed time: 206
u =		        97.86509       3.5168746       10.017004       47.626822       88.687798       11.370175       3.5456371   -0.0088214562 ...	F(t) =        1426.3629
Landing# 600. Elapsed time: 248
u =		        98.07805       3.2866815       9.7967996       47.626822       88.687798       11.398647       3.3151652   -0.0088214562 ...	F(t) =        1436.2023
Landing# 700. Elapsed time: 292
u =		       98.289765         3.05687       9.5772345       47.626822       88.687798       11.426909       3.0850261   -0.0088214562 ...	F(t) =        1446.0073
Landing# 800. Elapsed time: 336
u =		       98.420732       2.7781005       9.3332212       47.626822       88.687798       11.461374       2.8044885   -0.0088214562 ...	F(t) =        1455.5568
Landing# 900. Elapsed time: 375
u =		       98.455715       2.4479416       9.0809791       47.626822       88.687798       11.502905       2.4711273   -0.0088214562 ...	F(t) =        1464.4434
Landing# 1000. Elapsed time: 413
u =		       98.464481       2.1155245       8.8138845       47.626822       88.687798       11.543631       2.1415081   -0.0088214562 ...	F(t) =        1473.1119
Landing# 1100. Elapsed time: 454
u =		       98.462016       1.7868816       8.5439127       47.626822       88.687798        11.58391       1.8148082   -0.0088214562 ...	F(t) =        1481.5691
Landing# 1200. Elapsed time: 506
u =		       98.464925       1.5036352       8.2709175       47.626822       88.687798       11.618887       1.5254591   -0.0088214562 ...	F(t) =         1489.425
Landing# 1300. Elapsed time: 560
u =		       98.461854       1.2271885        8.020898       47.626822       88.687798       11.654144       1.2427619   -0.0088214562 ...	F(t) =        1496.7977
Landing# 1400. Elapsed time: 613
u =		       98.466565       0.9595802       7.7694215       47.626822       88.687798       11.688094      0.97239256   -0.0074823011 ...	F(t) =        1504.1749
Landing# 1500. Elapsed time: 664
u =		       98.466774      0.68455762       7.5188295       47.626822       88.687798       11.720919      0.69737638   -0.0074823011 ...	F(t) =        1511.5858
Landing# 1600. Elapsed time: 715
u =		       98.459199      0.42634821       7.2656076       47.626822       88.687798       11.752036      0.43510097    -0.007069405 ...	F(t) =        1518.6308
Landing# 1700. Elapsed time: 763
u =		       98.461843      0.21864709       6.9359937       47.626822       88.687798        11.77995      0.23644973    -0.005702261 ...	F(t) =        1525.9531
Landing# 1800. Elapsed time: 804
u =		       98.460312      0.10388466       6.5486426       47.626822       88.687798        11.80822       0.1269571   -0.0059466451 ...	F(t) =        1532.4122
Landing# 1900. Elapsed time: 842
u =		       98.453944     0.055316886       6.1248929       47.626822       88.687798        11.83721     0.070001856   -0.0060248413 ...	F(t) =        1538.1692
Landing# 2000. Elapsed time: 882
u =		       98.456181     0.041194627       5.6841854       47.626822       88.687798       11.864338     0.043312171   -0.0060248413 ...	F(t) =        1543.7206
Landing# 2100. Elapsed time: 918
u =		       98.455065       0.0363097       5.2373075       47.626822       88.687798       11.888182     0.037243862   -0.0061084156 ...	F(t) =        1549.1429
Landing# 2200. Elapsed time: 956
u =		       98.456955     0.036373558       4.7879629       47.626822       88.687798       11.913422     0.034970391   -0.0061941815 ...	F(t) =        1554.5652
Landing# 2300. Elapsed time: 992
u =		       98.455449     0.037064217       4.3358387        47.62673       88.687705        11.93773     0.030962659   -0.0061941815 ...	F(t) =        1559.9548
Landing# 2400. Elapsed time: 1029
u =		        98.45324     0.032735025        3.884776        47.62673       88.687705       11.958977     0.032201438   -0.0062725229 ...	F(t) =        1565.4003
Landing# 2500. Elapsed time: 1065
u =		       98.453115     0.030080639       3.4317523        47.62673       88.687705        11.98022      0.03284603   -0.0062725229 ...	F(t) =         1570.877
Landing# 2600. Elapsed time: 1100
u =		       98.454517     0.033284807       2.9785835        47.62673       88.687705       12.001191     0.028755319   -0.0062725229 ...	F(t) =        1576.2869
Landing# 2700. Elapsed time: 1136
u =		       98.454763     0.030068554       2.5245447        47.62673       88.687705       12.023889     0.029919678   -0.0062725229 ...	F(t) =        1581.7909
Landing# 2800. Elapsed time: 1170
u =		       98.457564     0.033437028       2.0713921        47.62673       88.687705       12.045749     0.032086098   -0.0062725229 ...	F(t) =        1587.2211
Landing# 2900. Elapsed time: 1208
u =		       98.457849     0.028173239       1.6200541        47.62673       88.687705       12.067765     0.030215258   -0.0062725229 ...	F(t) =         1592.726
Landing# 3000. Elapsed time: 1244
u =		       98.459964     0.022004221       1.2008303       47.626405       88.687381       12.065156     0.017273624   -0.0063538069 ...	F(t) =        1597.8904
Landing# 3100. Elapsed time: 1277
u =		       98.459126     0.015909971      0.79528939       47.625924         88.6869       12.047257    0.0095922533   -0.0056764978 ...	F(t) =        1602.8406
Landing# 3200. Elapsed time: 1308
u =		       98.458156     0.014596779      0.39128469       47.625338       88.686314       12.030542     0.009149768   -0.0064377865 ...	F(t) =        1607.6938
Landing# 3300. Elapsed time: 1332
u =		       98.472376   -0.0013564412     0.042808048       47.616968       88.677944       12.024012    0.0083267885   -0.0058950451 ...	F(t) =        1612.3669
Optimal LCV not found!
         F(u) = 1613.2071 == F(w) = 1613.2122
Maybe, you should decreas PP_EPS_OBJECTIVE.
=============================================
Elapsed time: 1338.2025
Iterations: 76881781
Optimal objective value:        1613.2071
Exact objective value:             1749.9
Relative error = 0.078114672
=============================================
Solution is saved into the file 'Problems/lp_kb2_so.mtx'.
Solution:	       0.2287409       5.7454259       10.280781      0.22708027               0        12.02429               0               0	...
Ordered:	       98.479723               0               0       47.599287       88.667743        12.02429               0               0	...
