=================================================== BSF Target ====================================================
Problem name: kb2
Number of Workers: 10
OpenMP is turned off!
Map List is not Fragmented.
Before conversion: m =	43	n = 68
After conversion:  m =	109	n = 41
Eps Min Dir Length:	0.005
Eps Objective:		0.001
Eps Shift:		0.005
Eps Zero Compare:	0.005
Eps Zero Direction:	0.005
Exact Obj Value:	1749.9
Distance to Apex:	0
Low Cost Percentile:	0.1
Gap Max:		0.2
Obj Vector Length:	1
Start Shift Lengt:	1
Blocking obj var:	false
Use low cost vars:	true
--------------- Statisics ---------------
Number of high-cost variables:	3
Number of low-cost variables:	2
Number of zero-cost variables:	36
Problem Scale:			200
--------------- Data ---------------
Obj Function:	            16.5             -16             -12        -0.08757        -0.08757               0               0               0 ...
Start point:	       96.824962      0.20363632       1.8451686       47.739457       88.867825       13.183105    0.0090223685    0.0035147865 ...	F(x) = 1560.249
Apex point:	       96.824962      0.20363632       1.8451686       47.739457       88.867825       13.183105    0.0090223685    0.0035147865 ...	F(x) = 1560.249
-------------------------------------------
--------- Finding feasible point ------------
Iter # 0. Elapsed time: 0
u =		       96.824962      0.20363632       1.8451686       47.739457       88.867825       13.183105    0.0090223685    0.0035147865 ...	F(t) =         1560.249
Landing# 0. Elapsed time: 0
u =		       96.826564      0.20262372       1.8434028       47.739435       88.867803       13.183172    0.0089601997    0.0035147865 ...	F(t) =        1560.3128
Landing# 20. Elapsed time: 7
u =		       96.858627      0.18347642       1.8082408       47.738982        88.86735       13.184391    0.0079134651    0.0035147865 ...	F(t) =        1561.5702
Landing# 40. Elapsed time: 14
u =		       96.890528      0.16646427       1.7734511       47.738523       88.866892       13.185495      0.00722869    0.0031424345 ...	F(t) =        1562.7863
Landing# 60. Elapsed time: 21
u =		       96.923208      0.15181393       1.7395914       47.738061       88.866429       13.186528    0.0071262667    0.0024679617 ...	F(t) =        1563.9664
Landing# 80. Elapsed time: 29
u =		       96.954889      0.13837937       1.7053604       47.737595       88.865963       13.187497    0.0071262667     0.001646439 ...	F(t) =        1565.1149
Landing# 100. Elapsed time: 37
u =		       96.986481      0.12650769       1.6713369       47.737125       88.865493       13.188388    0.0071262667   0.00089481193 ...	F(t) =        1566.2345
Landing# 120. Elapsed time: 44
u =		       97.018814      0.11668096       1.6382718       47.736654       88.865023       13.189238    0.0077582014   0.00019069424 ...	F(t) =        1567.3221
Landing# 140. Elapsed time: 52
u =		       97.051032         0.10809       1.6054632       47.736182        88.86455       13.190073    0.0086611323  -0.00037836244 ...	F(t) =        1568.3849
Landing# 160. Elapsed time: 60
u =		       97.082312     0.099998773       1.5720887       47.735707       88.864075       13.190888    0.0096215998   -0.0008779396 ...	F(t) =        1569.4311
Landing# 180. Elapsed time: 68
u =		       97.113445     0.092962543       1.5389106        47.73523       88.863598       13.191669     0.010761062   -0.0012631639 ...	F(t) =        1570.4556
Landing# 200. Elapsed time: 76
u =		       97.144499     0.086810462       1.5058862       47.734753       88.863121       13.192424     0.012069016   -0.0015028255 ...	F(t) =        1571.4628
Landing# 220. Elapsed time: 84
u =		        97.17555     0.081426412       1.4729177       47.734275       88.862643       13.193246     0.013511252   -0.0017273307 ...	F(t) =         1572.457
Landing# 240. Elapsed time: 92
u =		       97.206861     0.077153501       1.4405597       47.733797       88.862165       13.194033     0.015113565    -0.001789264 ...	F(t) =        1573.4303
Landing# 260. Elapsed time: 101
u =		         97.2378     0.073192205        1.407843       47.733317       88.861685       13.194868     0.016501216   -0.0019137158 ...	F(t) =        1574.3969
Landing# 280. Elapsed time: 109
u =		       97.269037     0.070169569       1.3757148       47.732837       88.861205       13.195716     0.017888514   -0.0019757627 ...	F(t) =        1575.3463
Landing# 300. Elapsed time: 117
u =		       97.299801     0.067304605       1.3432853       47.732356       88.860724       13.196622     0.019053733    -0.002080282 ...	F(t) =         1576.289
Landing# 320. Elapsed time: 126
u =		       97.330513     0.064903413       1.3109696       47.731875       88.860243       13.197588     0.020142815   -0.0021426832 ...	F(t) =         1577.222
Landing# 340. Elapsed time: 134
u =		       97.361206     0.062747861       1.2785818       47.731393       88.859761       13.198594     0.021103935   -0.0021837993 ...	F(t) =        1578.1517
Landing# 360. Elapsed time: 142
u =		       97.390395     0.060412972       1.2447823       47.730895       88.859263       13.199662     0.021871478   -0.0022239143 ...	F(t) =        1579.0763
Landing# 380. Elapsed time: 150
u =		       97.416347     0.057488067       1.2082315       47.730369       88.858738       13.200834     0.022363212   -0.0047252892 ...	F(t) =          1579.99
Landing# 400. Elapsed time: 157
u =		        97.43908     0.056036858       1.1684252       47.729825       88.858193       13.203102     0.023462489   -0.0047252892 ...	F(t) =        1580.8661
Landing# 420. Elapsed time: 165
u =		       97.458696     0.053335825       1.1270807       47.729258       88.857626       13.204427     0.023708812   -0.0047252892 ...	F(t) =        1581.7292
Landing# 440. Elapsed time: 172
u =		       97.475881     0.051154659       1.0839151       47.728679       88.857047       13.205604      0.02400108   -0.0047252892 ...	F(t) =        1582.5658
Landing# 460. Elapsed time: 180
u =		       97.490661     0.047558206       1.0400464       47.728084       88.856452       13.207411     0.024111779   -0.0047252892 ...	F(t) =        1583.3937
Landing# 480. Elapsed time: 187
u =		        97.50293      0.04506194      0.99443922       47.727483       88.855851       13.209219     0.024206774   -0.0047252892 ...	F(t) =        1584.1835
Landing# 500. Elapsed time: 194
u =		       97.513121      0.04323075      0.94755872       47.726876       88.855244       13.211117     0.024272997   -0.0047252892 ...	F(t) =        1584.9436
Landing# 520. Elapsed time: 202
u =		       97.521237      0.04179386      0.89975305       47.726263       88.854631        13.21292     0.024305634   -0.0047252892 ...	F(t) =        1585.6743
Landing# 540. Elapsed time: 209
u =		       97.528274     0.039378333      0.85199384       47.725644       88.854013       13.214868     0.024088785   -0.0047252892 ...	F(t) =        1586.4023
Landing# 560. Elapsed time: 217
u =		       97.534439     0.036884729      0.80397811       47.725022        88.85339       13.217343     0.023911953   -0.0047252892 ...	F(t) =        1587.1202
Landing# 580. Elapsed time: 224
u =		       97.539044     0.034077925      0.75579508       47.724394       88.852762       13.218912     0.023181106   -0.0047252892 ...	F(t) =        1587.8194
Landing# 600. Elapsed time: 232
u =		       97.543071     0.031381077      0.70730759       47.723766       88.852134       13.221152     0.022633735   -0.0047252892 ...	F(t) =        1588.5109
Landing# 620. Elapsed time: 239
u =		       97.545997     0.028708141      0.65861232       47.723135       88.851503       13.223212     0.021997351   -0.0047252892 ...	F(t) =        1589.1864
Landing# 640. Elapsed time: 247
u =		       97.548578     0.026494095      0.60974105       47.722502        88.85087       13.225251     0.021464511   -0.0047252892 ...	F(t) =         1589.851
Landing# 660. Elapsed time: 255
u =		       97.550505      0.02542611      0.56048477       47.721869       88.850237       13.227017     0.021176665   -0.0047252892 ...	F(t) =        1590.4911
Landing# 680. Elapsed time: 262
u =		       97.552061     0.024181207      0.51127815       47.721233       88.849601       13.229228     0.021067046   -0.0047252892 ...	F(t) =        1591.1273
Landing# 700. Elapsed time: 270
u =		        97.55316     0.022825421       0.4621856       47.720598       88.848966       13.231291     0.020865413   -0.0047252892 ...	F(t) =        1591.7563
Landing# 720. Elapsed time: 278
u =		       97.554274     0.021629413      0.41312949        47.71996       88.848329       13.233349     0.020626029   -0.0047252892 ...	F(t) =        1592.3826
Landing# 740. Elapsed time: 286
u =		        97.55534     0.020545453       0.3644301       47.719307       88.847675       13.235498     0.020328106   -0.0047252892 ...	F(t) =        1593.0021
Landing# 760. Elapsed time: 293
u =		       97.555746      0.01918833      0.31660812       47.718617       88.846985       13.237244     0.019442803   -0.0047252892 ...	F(t) =        1593.6044
Landing# 780. Elapsed time: 300
u =		       97.556223     0.016838196      0.27028098       47.717877       88.846245       13.238521     0.017853713   -0.0047252892 ...	F(t) =         1594.206
Landing# 800. Elapsed time: 307
u =		       97.556375     0.013990957      0.22601874        47.71707       88.845438       13.240822        0.015905   -0.0044625592 ...	F(t) =        1594.7853
Landing# 820. Elapsed time: 314
u =		       97.557657    0.0099670718      0.18437749       47.716204       88.844572       13.241899     0.013380557   -0.0044419397 ...	F(t) =        1595.3707
Landing# 840. Elapsed time: 320
u =		       97.559038    0.0069701895      0.14539721       47.715252        88.84362       13.242718     0.010538132   -0.0043302832 ...	F(t) =        1595.9094
Landing# 860. Elapsed time: 325
u =		        97.56208    0.0045290537      0.10922869       47.714177       88.842545       13.243516    0.0082265756    -0.003735586 ...	F(t) =        1596.4328
Landing# 880. Elapsed time: 330
u =		       97.564196    0.0024534073     0.077074353        47.71297       88.841338       13.244482     0.006574554   -0.0026197155 ...	F(t) =         1596.887
Landing# 900. Elapsed time: 335
u =		       97.567584  -0.00030057639     0.042641175       47.707464       88.839455        13.24521    0.0048152258   -0.0024455856 ...	F(t) =        1597.4008
Landing# 920. Elapsed time: 339
u =		       97.570499   -0.0023707694     0.019827481       47.705319       88.833622       13.242951    0.0027955427   -0.0015787764 ...	F(t) =        1597.7565
Landing# 940. Elapsed time: 343
u =		       97.573125   -0.0040230719      0.00184588       47.693508       88.829413       13.244272  -0.00049987514   -0.0014931728 ...	F(t) =        1598.0435
Optimal LCV not found!
Optimal LCV not found!
         F(u) = 1598.1221 >= F(w) = 1597.9033
Landing# 960. Elapsed time: 347
u =		       97.573015   -0.0044682215   -0.0031524719       47.688741       88.824646       13.248424   -0.0026698196    0.0013956773 ...	F(t) =        1598.1096
Optimal LCV not found!
Optimal LCV not found!
         F(u) = 1598.1543 >= F(w) = 1598.1278
Landing# 980. Elapsed time: 351
u =		       97.574406   -0.0045871908   -0.0041984939       47.680548       88.816453       13.246143   -0.0028852789    0.0026126254 ...	F(t) =        1598.1484
Optimal LCV not found!
         F(u) = 1598.1548 >= F(w) = 1598.1342
Optimal LCV not found!
         F(u) = 1598.1499 >= F(w) = 1597.7748
Optimal LCV not found!
         F(u) = 1598.135 >= F(w) = 1597.9356
Landing# 1000. Elapsed time: 355
u =		       97.573976   -0.0044700265   -0.0045057856       47.674764       88.810669        13.24491   -0.0037927486   0.00095186287 ...	F(t) =        1598.1442
Optimal LCV not found!
         F(u) = 1598.1693 >= F(w) = 1597.9538
Landing# 1020. Elapsed time: 359
u =		       97.573432   -0.0045329408   -0.0045057856       47.673166       88.809071       13.244409   -0.0040000372   0.00080306384 ...	F(t) =        1598.1365
Landing# 1040. Elapsed time: 362
u =		       97.574617   -0.0046075506   -0.0045669932       47.667163       88.806911       13.244161    -0.003853525   0.00038281483 ...	F(t) =        1598.1587
Optimal LCV not found!
         F(u) = 1598.1911 >= F(w) = 1598.0358
Optimal LCV not found!
         F(u) = 1598.1629 >= F(w) = 1598.066
Landing# 1060. Elapsed time: 366
u =		       97.574052   -0.0045419076   -0.0046475568       47.661104       88.800853       13.238764    -0.004090804    0.0038774603 ...	F(t) =        1598.1503
Optimal LCV not found!
         F(u) = 1598.1725 >= F(w) = 1598.0018
Optimal LCV not found!
         F(u) = 1598.1393 >= F(w) = 1597.739
Landing# 1080. Elapsed time: 369
u =		         97.5738   -0.0045089944   -0.0046965709       47.656213       88.795962       13.236138   -0.0043133528    0.0062652479 ...	F(t) =        1598.1471
Optimal LCV not found!
         F(u) = 1598.2156 >= F(w) = 1597.9186
Landing# 1100. Elapsed time: 373
u =		       97.575696   -0.0044212261   -0.0046258311       47.645092       88.788685       13.231776    -0.004511858    0.0076786447 ...	F(t) =        1598.1777
Optimal LCV not found!
Optimal LCV not found!
         F(u) = 1598.2042 >= F(w) = 1598.1348
Optimal LCV not found!
         F(u) = 1598.1954 >= F(w) = 1598.1029
Landing# 1120. Elapsed time: 377
u =		       97.575299   -0.0044657692   -0.0046323787       47.637751       88.781345       13.229501   -0.0042216907      0.01311639 ...	F(t) =        1598.1733
Optimal LCV not found!
         F(u) = 1598.2172 >= F(w) = 1598.033
Optimal LCV not found!
         F(u) = 1598.1939 >= F(w) = 1598.1924
Optimal LCV not found!
         F(u) = 1598.1934 >= F(w) = 1597.9312
Landing# 1140. Elapsed time: 380
u =		       97.573945   -0.0045288293   -0.0046456856       47.631679       88.775272        13.22799   -0.0043073737     0.015428847 ...	F(t) =        1598.1532
Optimal LCV not found!
         F(u) = 1598.1888 >= F(w) = 1598.0341
Optimal LCV not found!
         F(u) = 1598.2108 >= F(w) = 1598.0553
Optimal LCV not found!
         F(u) = 1598.182 >= F(w) = 1597.6687
Landing# 1160. Elapsed time: 384
u =		       97.573176   -0.0046307529   -0.0046777008        47.62635       88.769944       13.224174   -0.0038326807     0.013476711 ...	F(t) =        1598.1434
Landing# 1180. Elapsed time: 387
u =		       97.577267   -0.0046006543   -0.0046777008       47.622173       88.765767       13.221964    -0.003898833     0.011620294 ...	F(t) =        1598.2112
Optimal LCV not found!
         F(u) = 1598.2166 >= F(w) = 1597.6522
Landing# 1200. Elapsed time: 391
u =		       97.577321    -0.004540425   -0.0046330363       47.615561       88.762998       13.217435   -0.0041155205     0.018768724 ...	F(t) =        1598.2114
Optimal LCV not found!
         F(u) = 1598.2251 >= F(w) = 1597.7799
Optimal LCV not found!
         F(u) = 1598.23 >= F(w) = 1597.7614
Landing# 1220. Elapsed time: 394
u =		       97.577627   -0.0044852724   -0.0045941673       47.604184       88.755465       13.218236   -0.0045431066     0.020343957 ...	F(t) =        1598.2167
Optimal LCV not found!
         F(u) = 1598.2391 >= F(w) = 1597.9384
Landing# 1240. Elapsed time: 398
u =		       97.577887   -0.0045848995   -0.0045718857       47.592739       88.740175       13.214555   -0.0042837829     0.022178051 ...	F(t) =        1598.2247
Optimal LCV not found!
         F(u) = 1598.2428 >= F(w) = 1598.1186
Landing# 1260. Elapsed time: 401
u =		       97.578069   -0.0046325921   -0.0046617394       47.589465       88.736902       13.215367   -0.0042213694     0.029259502 ...	F(t) =        1598.2301
Optimal LCV not found!
         F(u) = 1598.2521 >= F(w) = 1597.8929
Optimal LCV not found!
         F(u) = 1598.2629 >= F(w) = 1597.9656
Landing# 1280. Elapsed time: 405
u =		       97.577676   -0.0047156579   -0.0045396308       47.561783       88.716908       13.216008   -0.0045793278     0.030415406 ...	F(t) =        1598.2276
Optimal LCV not found!
         F(u) = 1598.2384 >= F(w) = 1597.8967
Optimal LCV not found!
         F(u) = 1598.2268 >= F(w) = 1597.8328
Landing# 1300. Elapsed time: 408
u =		        97.57801   -0.0045276598   -0.0047328129       47.555985        88.71111       13.214227   -0.0045229974     0.036709939 ...	F(t) =        1598.2335
Optimal LCV not found!
         F(u) = 1598.2424 >= F(w) = 1598.0308
Landing# 1320. Elapsed time: 412
u =		       97.578589   -0.0046248391    -0.004509287       47.552267       88.707393       13.208168   -0.0043119422     0.039585927 ...	F(t) =        1598.2426
Optimal LCV not found!
         F(u) = 1598.2687 >= F(w) = 1598.1409
Landing# 1340. Elapsed time: 415
u =		       97.579916   -0.0046084258   -0.0047409683       47.548572       88.703698       13.212101   -0.0042738433     0.037346922 ...	F(t) =        1598.2676
Optimal LCV not found!
         F(u) = 1598.2721 >= F(w) = 1598.1578
Optimal LCV not found!
         F(u) = 1598.2599 >= F(w) = 1597.9558
Landing# 1360. Elapsed time: 419
u =		       97.577003   -0.0047057382   -0.0046910075       47.544066       88.699191       13.207636   -0.0040443399     0.033852118 ...	F(t) =        1598.2213
Optimal LCV not found!
         F(u) = 1598.2606 >= F(w) = 1597.8863
Landing# 1380. Elapsed time: 422
u =		        97.57804     -0.00448108   -0.0045993437       47.541118       88.696243       13.206485    -0.004157917     0.034052316 ...	F(t) =        1598.2342
Optimal LCV not found!
         F(u) = 1598.3033 >= F(w) = 1598.2705
Landing# 1400. Elapsed time: 426
u =		       97.581761   -0.0044529937   -0.0044529846       47.535307       88.690433       13.207925   -0.0043030704     0.039830642 ...	F(t) =        1598.2945
Optimal LCV not found!
         F(u) = 1598.2983 >= F(w) = 1598.1714
Landing# 1420. Elapsed time: 429
u =		       97.581747   -0.0045383791   -0.0045725387       47.532061       88.687186       13.215456   -0.0043327605     0.042316557 ...	F(t) =        1598.2976
Optimal LCV not found!
         F(u) = 1598.2993 >= F(w) = 1597.8298
Landing# 1440. Elapsed time: 433
u =		       97.581462   -0.0042744408   -0.0045322009       47.528921       88.684046       13.213552   -0.0043030937     0.047430453 ...	F(t) =        1598.2887
Optimal LCV not found!
Optimal LCV not found!
         F(u) = 1598.3065 >= F(w) = 1597.7943
Landing# 1460. Elapsed time: 436
u =		       97.580609   -0.0044740779   -0.0046671381       47.506793       88.673451       13.212681   -0.0043102834     0.048126373 ...	F(t) =        1598.2823
Optimal LCV not found!
         F(u) = 1598.3186 >= F(w) = 1597.997
Landing# 1480. Elapsed time: 440
u =		       97.580531   -0.0045360387   -0.0046978747       47.495116       88.665619       13.209231   -0.0042474861     0.044649776 ...	F(t) =        1598.2841
Optimal LCV not found!
         F(u) = 1598.332 >= F(w) = 1598.1971
Optimal LCV not found!
         F(u) = 1598.3216 >= F(w) = 1597.9349
Landing# 1500. Elapsed time: 443
u =		       97.580369   -0.0047335047   -0.0046799174       47.489275       88.659777       13.210064   -0.0044677349     0.041241459 ...	F(t) =        1598.2854
Optimal LCV not found!
         F(u) = 1598.3261 >= F(w) = 1598.0066
Landing# 1520. Elapsed time: 447
u =		       97.582933   -0.0044925636   -0.0047173505       47.482609       88.653111        13.20426   -0.0045822293     0.045685875 ...	F(t) =        1598.3255
Optimal LCV not found!
         F(u) = 1598.3416 >= F(w) = 1597.9046
Optimal LCV not found!
         F(u) = 1598.3235 >= F(w) = 1597.8019
Landing# 1540. Elapsed time: 450
u =		        97.58365   -0.0044710874   -0.0047460152       47.473887       88.644389       13.204739   -0.0048820163     0.041982237 ...	F(t) =        1598.3388
Optimal LCV not found!
         F(u) = 1598.3549 >= F(w) = 1597.9378
Landing# 1560. Elapsed time: 454
u =		       97.584886   -0.0045516042   -0.0045298979       47.468428       88.638931       13.201696   -0.0046035792     0.039461096 ...	F(t) =        1598.3589
Optimal LCV not found!
         F(u) = 1598.3676 >= F(w) = 1598.0474
Landing# 1580. Elapsed time: 457
u =		       97.584811   -0.0045994431    -0.004463269       47.463032       88.633534       13.202082   -0.0044600014      0.03806717 ...	F(t) =        1598.3586
Optimal LCV not found!
         F(u) = 1598.3586 >= F(w) = 1598.237
Optimal LCV not found!
         F(u) = 1598.3601 >= F(w) = 1598.06
Optimal LCV not found!
         F(u) = 1598.3702 >= F(w) = 1598.2467
Landing# 1600. Elapsed time: 460
u =		       97.583591   -0.0047180277   -0.0045981497       47.456624       88.627127       13.199552   -0.0045542974     0.038473353 ...	F(t) =        1598.3431
Optimal LCV not found!
         F(u) = 1598.3629 >= F(w) = 1597.9144
Optimal LCV not found!
         F(u) = 1598.3501 >= F(w) = 1598.2387
Landing# 1620. Elapsed time: 464
u =		       97.583419   -0.0045214401    -0.004667425       47.433264       88.611455         13.2006   -0.0044850702     0.037816009 ...	F(t) =        1598.3413
Optimal LCV not found!
         F(u) = 1598.3675 >= F(w) = 1598.082
Optimal LCV not found!
         F(u) = 1598.3301 >= F(w) = 1598.2703
Landing# 1640. Elapsed time: 467
u =		        97.58247   -0.0045974191   -0.0046015573       47.414707       88.608275       13.200556   -0.0044018166     0.037994464 ...	F(t) =         1598.328
Optimal LCV not found!
         F(u) = 1598.3836 >= F(w) = 1597.9893
Landing# 1660. Elapsed time: 471
u =		       97.584605   -0.0044847953   -0.0045184381       47.410558       88.604126       13.189858   -0.0044746119      0.04054368 ...	F(t) =        1598.3611
Landing# 1680. Elapsed time: 474
u =		       97.585943   -0.0044847953   -0.0045184381       47.409318       88.602887       13.186708   -0.0043274669     0.039828404 ...	F(t) =        1598.3834
Optimal LCV not found!
         F(u) = 1598.401 >= F(w) = 1598.3786
Optimal LCV not found!
         F(u) = 1598.3985 >= F(w) = 1598.0357
Landing# 1700. Elapsed time: 478
u =		       97.584941    -0.004638018   -0.0046268868       47.398352       88.599609       13.193717    -0.004058647     0.040690023 ...	F(t) =        1598.3719
Optimal LCV not found!
         F(u) = 1598.4055 >= F(w) = 1598.0542
Landing# 1720. Elapsed time: 481
u =		       97.585488    -0.004656708   -0.0046837845       47.382914       88.595704       13.185311   -0.0039915191     0.042911571 ...	F(t) =        1598.3836
Optimal LCV not found!
         F(u) = 1598.4111 >= F(w) = 1598.3796
Optimal LCV not found!
         F(u) = 1598.4118 >= F(w) = 1597.5798
Landing# 1740. Elapsed time: 485
u =		       97.585307   -0.0045888238   -0.0045437931       47.359716       88.591727       13.188441   -0.0040430057     0.041887692 ...	F(t) =        1598.3802
Optimal LCV not found!
         F(u) = 1598.4034 >= F(w) = 1598.2183
Landing# 1760. Elapsed time: 488
u =		       97.585202   -0.0044911468   -0.0046373103       47.344872       88.588414       13.187033   -0.0040196674     0.039074441 ...	F(t) =        1598.3797
Optimal LCV not found!
         F(u) = 1598.4347 >= F(w) = 1597.9835
Landing# 1780. Elapsed time: 492
u =		       97.586056   -0.0046041764   -0.0045373973       47.310798       88.577406       13.185272   -0.0043027484     0.037727895 ...	F(t) =        1598.3983
Optimal LCV not found!
         F(u) = 1598.4329 >= F(w) = 1598.2118
Landing# 1800. Elapsed time: 495
u =		       97.587022   -0.0045020673   -0.0048001638       47.305352        88.57196       13.183112    -0.004382689       0.0374714 ...	F(t) =        1598.4167
Optimal LCV not found!
         F(u) = 1598.4186 >= F(w) = 1598.1939
Optimal LCV not found!
         F(u) = 1598.4467 >= F(w) = 1598.0752
Landing# 1820. Elapsed time: 499
u =		       97.586992   -0.0045514158    -0.004579261       47.300757       88.567365       13.177468    -0.004166301     0.037750152 ...	F(t) =        1598.4152
Optimal LCV not found!
         F(u) = 1598.4476 >= F(w) = 1598.0369
Landing# 1840. Elapsed time: 502
u =		       97.587048   -0.0045801219   -0.0046852951       47.292386       88.562838       13.181136   -0.0041467283     0.040117746 ...	F(t) =        1598.4189
Optimal LCV not found!
         F(u) = 1598.4559 >= F(w) = 1597.9864
Optimal LCV not found!
         F(u) = 1598.4531 >= F(w) = 1598.0673
Landing# 1860. Elapsed time: 506
u =		       97.587238   -0.0045782895   -0.0046019242       47.285827       88.552435       13.182257   -0.0044139024     0.041982268 ...	F(t) =        1598.4225
Optimal LCV not found!
         F(u) = 1598.4492 >= F(w) = 1598.0139
Landing# 1880. Elapsed time: 509
u =		       97.589108   -0.0046883834    -0.004567478       47.280634       88.547242       13.180099   -0.0044605165      0.03013639 ...	F(t) =        1598.4557
Optimal LCV not found!
         F(u) = 1598.4596 >= F(w) = 1598.4342
Optimal LCV not found!
         F(u) = 1598.4712 >= F(w) = 1598.0348
Landing# 1900. Elapsed time: 513
u =		       97.588601    -0.004647538   -0.0043436499       47.277091       88.543699       13.175373   -0.0041045383     0.029758638 ...	F(t) =        1598.4446
Optimal LCV not found!
         F(u) = 1598.4818 >= F(w) = 1598.0589
Landing# 1920. Elapsed time: 517
u =		       97.589725    -0.004530852   -0.0046110558       47.272163       88.538771       13.178855   -0.0043113194     0.031759275 ...	F(t) =        1598.4653
Optimal LCV not found!
         F(u) = 1598.4653 >= F(w) = 1598.0223
Optimal LCV not found!
         F(u) = 1598.4563 >= F(w) = 1597.6657
Landing# 1940. Elapsed time: 520
u =		       97.589455   -0.0044283881   -0.0044785964       47.266973       88.533582       13.182326    -0.004403004     0.032513323 ...	F(t) =        1598.4586
Optimal LCV not found!
         F(u) = 1598.4671 >= F(w) = 1598.1642
Landing# 1960. Elapsed time: 523
u =		       97.588834   -0.0045328646   -0.0045418067       47.238211       88.520195        13.18878   -0.0043116871     0.036836388 ...	F(t) =        1598.4544
Optimal LCV not found!
         F(u) = 1598.466 >= F(w) = 1598.0842
Landing# 1980. Elapsed time: 527
u =		       97.589258   -0.0046092207   -0.0045042782       47.233996        88.51598       13.182536   -0.0044327273     0.036604831 ...	F(t) =        1598.4629
Optimal LCV not found!
         F(u) = 1598.5066 >= F(w) = 1597.63
Landing# 2000. Elapsed time: 530
u =		       97.590309   -0.0046545434   -0.0045752808       47.227896        88.50988       13.177852   -0.0042436876     0.033571141 ...	F(t) =        1598.4829
Optimal LCV not found!
         F(u) = 1598.5016 >= F(w) = 1597.6545
Optimal LCV not found!
         F(u) = 1598.4937 >= F(w) = 1598.356
Landing# 2020. Elapsed time: 534
u =		       97.590119   -0.0045050922   -0.0044007606       47.223102       88.505086       13.167811   -0.0042355619     0.040896608 ...	F(t) =        1598.4761
Landing# 2040. Elapsed time: 537
u =		       97.592041   -0.0045310743   -0.0045528708       47.219188       88.501172       13.168336   -0.0042885335     0.040134651 ...	F(t) =        1598.5108
Optimal LCV not found!
         F(u) = 1598.5113 >= F(w) = 1598.1006
Optimal LCV not found!
         F(u) = 1598.5044 >= F(w) = 1598.1054
Landing# 2060. Elapsed time: 541
u =		       97.592242   -0.0045369175   -0.0044359759       47.213019       88.495003       13.170019   -0.0043687996     0.038119763 ...	F(t) =        1598.5139
Optimal LCV not found!
         F(u) = 1598.5156 >= F(w) = 1598.0767
Optimal LCV not found!
         F(u) = 1598.5078 >= F(w) = 1598.4953
Optimal LCV not found!
         F(u) = 1598.5106 >= F(w) = 1598.2158
Landing# 2080. Elapsed time: 544
u =		       97.589951   -0.0044026782   -0.0043383479       47.204992        88.49082        13.16986    -0.004328126     0.042583142 ...	F(t) =        1598.4738
Optimal LCV not found!
Landing# 2100. Elapsed time: 548
u =		       97.592596   -0.0045370346    -0.004610555         47.2011       88.483084       13.170156    -0.004418284     0.045341986 ...	F(t) =        1598.5239
Optimal LCV not found!
         F(u) = 1598.5239 >= F(w) = 1598.3211
Landing# 2120. Elapsed time: 551
u =		       97.592222   -0.0045415614   -0.0046931774       47.198173       88.480157        13.16862   -0.0043177924     0.040225563 ...	F(t) =        1598.5193
Optimal LCV not found!
         F(u) = 1598.5193 >= F(w) = 1598.3027
Optimal LCV not found!
         F(u) = 1598.5335 >= F(w) = 1598.3388
Landing# 2140. Elapsed time: 555
u =		       97.593017   -0.0045656414   -0.0047656834       47.176112       88.473474       13.168797   -0.0046517774      0.03914369 ...	F(t) =        1598.5362
Optimal LCV not found!
         F(u) = 1598.5455 >= F(w) = 1598.5146
Optimal LCV not found!
         F(u) = 1598.5358 >= F(w) = 1598.4094
Optimal LCV not found!
         F(u) = 1598.5144 >= F(w) = 1598.1247
Landing# 2160. Elapsed time: 558
u =		        97.59156   -0.0045198589   -0.0046848614       47.170589        88.46795       13.165921   -0.0043638514     0.036582029 ...	F(t) =        1598.5114
Optimal LCV not found!
         F(u) = 1598.5571 >= F(w) = 1598.3415
Landing# 2180. Elapsed time: 562
u =		       97.592064   -0.0044805515   -0.0046766448       47.164932       88.462293       13.159651   -0.0044737623     0.033804672 ...	F(t) =          1598.52
Landing# 2200. Elapsed time: 565
u =		       97.593566   -0.0045534366   -0.0046139628       47.162462       88.459824       13.157232   -0.0043354233     0.030747437 ...	F(t) =        1598.5456
Optimal LCV not found!
         F(u) = 1598.5465 >= F(w) = 1598.422
srun: Job step aborted: Waiting up to 2 seconds for job step to finish.
slurmd[node169]: error: *** STEP 325713.0 CANCELLED AT 2022-08-30T14:02:16 ***
slurmd[node169]: error: *** JOB 325713 CANCELLED AT 2022-08-30T14:02:16 ***
[mpiexec@node169] handle_exit_status (./pm/pmiserv/pmiserv_cb.c:538): assert (!closed) failed
[mpiexec@node169] HYDT_dmxu_poll_wait_for_event (./tools/demux/demux_poll.c:77): callback returned error status
[mpiexec@node169] HYD_pmci_wait_for_completion (./pm/pmiserv/pmiserv_pmci.c:388): error waiting for event
[mpiexec@node169] main (./ui/mpich/mpiexec.c:718): process manager error waiting for completion
