=================================================== BSF Target ====================================================
Problem name: recipe
Number of Workers: 10
OpenMP is turned off!
Map List is not Fragmented.
Before conversion: m =	91	n = 204
After conversion:  m =	403	n = 165
Eps Zero Compare:	1e-05
Eps Min Dir Length:	1e-05
Eps Objective:		0.01
Eps Shift:		1e-05
Eps Zero Direction:	1e-05
Exact Obj Value:	266.61
Distance to Apex:	0
Low Cost Percentile:	0.1
Gap Max:		0.2
Obj Vector Length:	0.1
Start Shift Lengt:	1
Blocking obj var:	false
Use low cost vars:	true
--------------- Statisics ---------------
Number of high-cost variables:	9
Number of low-cost variables:	80
Number of zero-cost variables:	76
Problem Scale:			4980
--------------- Data ---------------
Obj Function:	               2               2               2               2               2               2               2               2 ...
Start point:	       20.000154       19.996801       19.995033       19.993196   9.8349022e-06        20.00001   9.9749952e-06       19.971477 ...	F(x) = 266.48449
Apex point:	       20.000154       19.996801       19.995033       19.993196   9.8349022e-06        20.00001   9.9749952e-06       19.971477 ...	F(x) = 266.48449
-------------------------------------------
--------- Finding feasible point ------------
Iter # 0. Elapsed time: 0
u =		       20.000154       19.996801       19.995033       19.993196   9.8349022e-06        20.00001   9.9749952e-06       19.971477 ...	F(t) =        266.48449
Landing# 0. Elapsed time: 57
u =		       20.000168       20.000168       20.000166       20.000167   9.8349022e-06        20.00001   9.8605198e-06       20.000151 ...	F(t) =        266.56666
Landing# 10. Elapsed time: 722
u =		        20.00015       20.000152        20.00016       20.000158   9.8512312e-06        20.00001   9.7408659e-06       20.000168 ...	F(t) =        266.57785
Landing# 20. Elapsed time: 1386
u =		       20.000169       19.999748       20.000153       19.950635   9.8219008e-06        19.99998   9.8898997e-06       20.000168 ...	F(t) =        266.50023
=============================================
Elapsed time: 1983.9684
Iterations: 52637784
Optimal objective value:        266.60404
Exact objective value:             266.61
Relative error = 2.2346161e-05
=============================================
Solution is saved into the file 'Problems/lp_recipe_so.mtx'.
Solution:	               0               0               0               0               0               0               0               0	...
Ordered:	       20.000167       20.000169       20.000168       19.999673               0        20.00001               0       19.999926	...
