=================================================== BSF Target ====================================================
Problem name: sc105
Number of Workers: 10
OpenMP is turned off!
Map List is not Fragmented.
Before conversion: m =	105	n = 163
After conversion:  m =	253	n = 103
Eps Zero Compare:	1e-08
Eps Min Dir Length:	1e-07
Eps Objective:		0.01
Eps Shift:		1e-08
Eps Zero Direction:	1e-08
Exact Obj Value:	52.202
Distance to Apex:	0
Low Cost Percentile:	0
Gap Max:		0.01
Obj Vector Length:	0.01
Start Shift Lengt:	1
Blocking obj var:	false
Use low cost vars:	false
--------------- Statisics ---------------
Number of high-cost variables:	1
Number of low-cost variables:	0
Number of zero-cost variables:	102
Problem Scale:			200
--------------- Data ---------------
Obj Function:	               1               0               0               0               0               0               0               0 ...
Start point:	       42.519751       15.398963       46.134716    -6.95281e-09       42.519751    -9.90344e-09       15.398963       46.134716 ...	F(x) = 42.519751
Apex point:	       42.519751       15.398963       46.134716    -6.95281e-09       42.519751    -9.90344e-09       15.398963       46.134716 ...	F(x) = 42.519751
-------------------------------------------
--------- Finding feasible point ------------
Iter # 0. Elapsed time: 0
u =		       42.519751       15.398963       46.134716    -6.95281e-09       42.519751    -9.90344e-09       15.398963       46.134716 ...	F(t) =        42.519751
Landing# 0. Elapsed time: 10
u =		       42.573433       15.401529       46.131295   -8.913406e-09       42.573433  -9.8330631e-09       15.401529       46.131295 ...	F(t) =        42.573433
Landing# 1. Elapsed time: 16
u =		        42.57797       15.425883       46.098823   -9.221281e-09        42.57797   8.8359214e-09       15.425883       46.098823 ...	F(t) =         42.57797
Landing# 2. Elapsed time: 26
u =		       42.601319       15.428474       46.095368  -9.1268215e-09       42.601319  -9.8958861e-09       15.428474       46.095368 ...	F(t) =        42.601319
Landing# 3. Elapsed time: 32
u =		       42.624535        15.55329       45.928946  -9.1066562e-09       42.624535    8.962352e-09        15.55329       45.928946 ...	F(t) =        42.624535
Landing# 4. Elapsed time: 42
u =		       42.732844       15.555858       45.925523  -9.3135934e-09       42.732843  -9.8677931e-09       15.555858       45.925523 ...	F(t) =        42.732844
Landing# 5. Elapsed time: 49
u =		       42.741564       15.602638       45.863149  -7.1564161e-09       42.741564  -9.9869443e-09       15.602638       45.863149 ...	F(t) =        42.741564
Landing# 6. Elapsed time: 59
u =		       42.783968       15.605233       45.859689  -9.9845774e-09       42.783968  -4.0041995e-09       15.605234       45.859689 ...	F(t) =        42.783968
Landing# 7. Elapsed time: 64
u =		       42.788971       15.632086       45.823885  -9.8371549e-09       42.788971  -9.9002108e-09       15.632086       45.823885 ...	F(t) =        42.788971
Landing# 8. Elapsed time: 75
u =		       42.814443       15.634633        45.82049  -8.2023154e-09       42.814443  -4.3935521e-09       15.634633        45.82049 ...	F(t) =        42.814443
Landing# 9. Elapsed time: 83
u =		       42.867221       15.918656       45.441792  -9.3661629e-09       42.867221  -9.7827129e-09       15.918656       45.441792 ...	F(t) =        42.867221
Landing# 10. Elapsed time: 92
u =		       43.109947       15.921268        45.43831  -9.3077916e-09       43.109947  -9.8507782e-09       15.921268        45.43831 ...	F(t) =        43.109947
Landing# 11. Elapsed time: 98
u =		       43.115556       15.950954       45.398728  -6.9150325e-09       43.115556   7.8903258e-09       15.950954       45.398728 ...	F(t) =        43.115556
Landing# 12. Elapsed time: 108
u =		       43.143866       15.953497       45.395337  -8.9216727e-09       43.143866   -9.978459e-09       15.953497       45.395337 ...	F(t) =        43.143866
Landing# 13. Elapsed time: 114
u =		        43.15308       16.002982       45.329357  -9.6336008e-09        43.15308  -9.8023366e-09       16.002982       45.329357 ...	F(t) =         43.15308
Landing# 14. Elapsed time: 124
u =		       43.197722        16.00556        45.32592  -9.0732891e-09       43.197722  -2.2961796e-09        16.00556        45.32592 ...	F(t) =        43.197722
Landing# 15. Elapsed time: 131
u =		       43.207864       16.059968       45.253376   -9.627589e-09       43.207864  -9.9770795e-09       16.059968       45.253376 ...	F(t) =        43.207864
Landing# 16. Elapsed time: 141
u =		        43.25672       16.062543       45.249942  -9.7628452e-09        43.25672  -9.9625758e-09       16.062543       45.249942 ...	F(t) =         43.25672
Landing# 17. Elapsed time: 147
u =		       43.263786       16.100617       45.199177  -9.7281992e-09       43.263786  -9.9372615e-09       16.100617       45.199177 ...	F(t) =        43.263786
Landing# 18. Elapsed time: 157
u =		       43.298622       16.103189       45.195748  -9.0283552e-09       43.298622  -4.8462416e-09       16.103189       45.195748 ...	F(t) =        43.298622
Landing# 19. Elapsed time: 164
u =		       43.308723       16.157375         45.1235  -8.8277755e-09       43.308723  -9.8248792e-09       16.157375         45.1235 ...	F(t) =        43.308723
Landing# 20. Elapsed time: 174
u =		       43.357391       16.159947       45.120071  -9.0436938e-09       43.357391  -9.8187857e-09       16.159947       45.120071 ...	F(t) =        43.357391
Landing# 21. Elapsed time: 180
u =		       43.364061       16.195863       45.072183  -8.0670201e-09       43.364062  -9.8327027e-09       16.195863       45.072183 ...	F(t) =        43.364061
Landing# 22. Elapsed time: 190
u =		       43.397104       16.198402       45.068798  -8.4221136e-09       43.397104  -2.4555495e-09       16.198402       45.068798 ...	F(t) =        43.397104
Landing# 23. Elapsed time: 196
u =		       43.407215       16.252758       44.996323   -9.764623e-09       43.407215  -9.8807757e-09       16.252758       44.996323 ...	F(t) =        43.407215
Landing# 24. Elapsed time: 206
u =		       43.455911       16.255341       44.992879  -9.0546839e-09       43.455911  -9.8418904e-09       16.255341       44.992879 ...	F(t) =        43.455911
Landing# 25. Elapsed time: 222
u =		       43.461679        16.29043       44.946093  -8.7433044e-09       43.461679   6.9274761e-09        16.29043       44.946093 ...	F(t) =        43.461679
Landing# 26. Elapsed time: 234
u =		       43.481389       16.362976       44.849365  -9.1165224e-09       43.481389  -9.9931717e-09       16.362976       44.849365 ...	F(t) =        43.481389
Landing# 27. Elapsed time: 239
u =		       43.486971       16.392523       44.809969  -9.3095731e-09       43.486971   9.2743025e-09       16.392523       44.809969 ...	F(t) =        43.486971
Landing# 28. Elapsed time: 249
u =		       43.515162        16.39507       44.806573  -9.3297026e-09       43.515162  -9.8355674e-09        16.39507       44.806573 ...	F(t) =        43.515162
Landing# 29. Elapsed time: 255
u =		       43.525092       16.448417       44.735443  -5.2523339e-09       43.525092   6.9316377e-09       16.448418       44.735443 ...	F(t) =        43.525092
Landing# 30. Elapsed time: 266
u =		       43.572988       16.451027       44.731964  -9.9105683e-09       43.572988  -3.2981291e-09       16.451027       44.731964 ...	F(t) =        43.572988
Landing# 31. Elapsed time: 281
u =		       43.577667       16.480044       44.693275  -8.7718877e-09       43.577667   1.8060844e-09       16.480044       44.693275 ...	F(t) =        43.577667
Landing# 32. Elapsed time: 294
u =		       43.594808       16.545605        44.60586  -8.9835265e-09       43.594808  -9.8096348e-09       16.545605        44.60586 ...	F(t) =        43.594808
Landing# 33. Elapsed time: 299
u =		        43.60013       16.573939       44.568081  -9.3604952e-09        43.60013   8.5996701e-09       16.573939       44.568082 ...	F(t) =         43.60013
Landing# 34. Elapsed time: 309
u =		       43.627107        16.57649        44.56468  -9.1046623e-09       43.627107  -9.9967691e-09        16.57649        44.56468 ...	F(t) =        43.627107
Landing# 35. Elapsed time: 315
u =		       43.636725       16.628154       44.495795  -6.5061523e-09       43.636725   9.1120036e-09       16.628154       44.495795 ...	F(t) =        43.636725
Landing# 36. Elapsed time: 334
u =		       43.681932        16.63232       44.490241  -9.7305715e-09       43.681932   8.1343219e-09        16.63232       44.490241 ...	F(t) =        43.681932
Landing# 37. Elapsed time: 342
u =		       43.692992       16.720372       44.372837  -9.6349415e-09       43.692992  -9.7516243e-09       16.720372       44.372837 ...	F(t) =        43.692992
Landing# 38. Elapsed time: 351
u =		        43.72034       16.722882       44.369491  -8.2714131e-09        43.72034  -9.7930269e-09       16.722882       44.369491 ...	F(t) =         43.72034
Landing# 39. Elapsed time: 358
u =		       43.725015       16.747711       44.336385  -9.7661108e-09       43.725015  -9.9578101e-09       16.747711       44.336385 ...	F(t) =        43.725015
Landing# 40. Elapsed time: 368
u =		       43.749063       16.750259       44.332988  -8.9700674e-09       43.749063  -9.9798221e-09       16.750259       44.332988 ...	F(t) =        43.749063
Landing# 41. Elapsed time: 383
u =		       43.754785       16.784014       44.287982  -9.8214007e-09       43.754785  -2.6006857e-09       16.784014       44.287982 ...	F(t) =        43.754785
Landing# 42. Elapsed time: 389
u =		       43.757588       16.794266       44.274312  -9.5651631e-09       43.757588  -9.7141422e-09       16.794266       44.274312 ...	F(t) =        43.757588
Landing# 43. Elapsed time: 403
u =		       43.777092       16.796652       44.271131  -8.8726599e-09       43.777092   -9.930959e-09       16.796652       44.271131 ...	F(t) =        43.777092
Landing# 44. Elapsed time: 416
u =		       43.781054        16.81484        44.24688  -9.0939345e-09       43.781054  -3.7240218e-09        16.81484        44.24688 ...	F(t) =        43.781054
Landing# 45. Elapsed time: 431
u =		       43.796747       16.903079       44.129228  -7.6933842e-09       43.796747    -9.94496e-09       16.903079       44.129228 ...	F(t) =        43.796747
Landing# 46. Elapsed time: 437
u =		       43.800397       16.916309       44.111589  -9.4684336e-09       43.800397    7.201424e-09       16.916309       44.111589 ...	F(t) =        43.800397
Landing# 47. Elapsed time: 451
u =		       43.824511       16.918614       44.108515  -9.7741086e-09       43.824511  -2.4558843e-09       16.918614       44.108515 ...	F(t) =        43.824511
Landing# 48. Elapsed time: 458
u =		       43.842079       16.982619       44.023175  -9.4715441e-09       43.842079   -9.904468e-09       16.982619       44.023175 ...	F(t) =        43.842079
Landing# 49. Elapsed time: 468
u =		       43.862019       16.985138       44.019817  -9.5733761e-09       43.862019  -9.9963437e-09       16.985138       44.019817 ...	F(t) =        43.862019
Landing# 50. Elapsed time: 474
u =		       43.866165       17.007179       43.990428  -8.6087475e-09       43.866165  -5.0491012e-09       17.007179       43.990428 ...	F(t) =        43.866165
Landing# 51. Elapsed time: 484
u =		       43.887781       17.009757       43.986991  -7.9968439e-09       43.887781    5.850115e-09       17.009757       43.986991 ...	F(t) =        43.887781
Landing# 52. Elapsed time: 490
u =		       43.894947       17.048219       43.935708  -8.8317657e-09       43.894947  -9.7470189e-09       17.048219       43.935708 ...	F(t) =        43.894947
Landing# 53. Elapsed time: 508
u =		       43.930096       17.052317       43.930244  -9.3796471e-09       43.930096    2.411822e-09       17.052317       43.930244 ...	F(t) =        43.930096
Landing# 54. Elapsed time: 521
u =		       43.934634       17.040998       43.945336   -9.323522e-09       43.934634  -6.3918195e-09       17.040998       43.945336 ...	F(t) =        43.934634
Landing# 55. Elapsed time: 538
u =		       43.937054       17.047209       43.937054  -9.5831425e-09       43.937054  -9.9595418e-09       17.047209       43.937054 ...	F(t) =        43.937054
Landing# 56. Elapsed time: 555
u =		       43.939124       17.032327       43.956897  -9.7648822e-09       43.939124  -5.6408743e-09       17.032328       43.956897 ...	F(t) =        43.939124
Landing# 57. Elapsed time: 588
u =		       43.942623       17.043033       43.942623  -9.3813476e-09       43.942623   8.0494892e-09       17.043033       43.942623 ...	F(t) =        43.942623
Landing# 58. Elapsed time: 606
u =		       43.947695       17.011222       43.985037  -9.7197679e-09       43.947695  -6.1434089e-09       17.011222       43.985037 ...	F(t) =        43.947695
Landing# 59. Elapsed time: 619
u =		       43.952328       17.031722       43.957704  -9.2351587e-09       43.952328  -9.8121268e-09       17.031722       43.957704 ...	F(t) =        43.952328
Landing# 60. Elapsed time: 637
u =		       43.954033       17.034475       43.954033  -9.6916818e-09       43.954033  -7.2315353e-09       17.034475       43.954033 ...	F(t) =        43.954033
Landing# 61. Elapsed time: 651
u =		       43.957057       17.012532       43.983291  -9.3193907e-09       43.957057  -7.2611981e-09       17.012532       43.983291 ...	F(t) =        43.957057
Landing# 62. Elapsed time: 669
u =		       43.961315       17.029014       43.961315  -9.2439824e-09       43.961315  -6.8810106e-09       17.029014       43.961315 ...	F(t) =        43.961315
Landing# 63. Elapsed time: 686
u =		       43.963079       17.016473       43.978036  -9.7971592e-09       43.963079  -6.6894726e-09       17.016473       43.978036 ...	F(t) =        43.963079
Landing# 64. Elapsed time: 704
u =		       43.967173        17.02462       43.967173  -9.7447791e-09       43.967173   -3.945575e-09        17.02462       43.967173 ...	F(t) =        43.967173
Landing# 65. Elapsed time: 718
u =		       43.969381       17.008673       43.988436  -8.0452634e-09       43.969381  -9.8221329e-09       17.008673       43.988436 ...	F(t) =        43.969381
Landing# 66. Elapsed time: 736
u =		        43.97276        17.02043        43.97276  -9.4138538e-09        43.97276  -7.7072864e-09        17.02043        43.97276 ...	F(t) =         43.97276
Landing# 67. Elapsed time: 753
u =		        43.97571       16.999173       44.001103  -9.1068622e-09        43.97571  -6.9892586e-09       16.999173       44.001103 ...	F(t) =         43.97571
srun: Job step aborted: Waiting up to 2 seconds for job step to finish.
[0:node252] unexpected disconnect completion event from [1:node253]
Assertion failed in file ../../dapl_conn_rc.c at line 1128: 0
internal ABORT - process 0
slurmd[node252]: error: *** STEP 325987.0 CANCELLED AT 2022-09-02T19:35:25 ***
slurmd[node252]: error: *** JOB 325987 CANCELLED AT 2022-09-02T19:35:25 ***
[mpiexec@node252] handle_exit_status (./pm/pmiserv/pmiserv_cb.c:538): assert (!closed) failed
[mpiexec@node252] HYDT_dmxu_poll_wait_for_event (./tools/demux/demux_poll.c:77): callback returned error status
[mpiexec@node252] HYD_pmci_wait_for_completion (./pm/pmiserv/pmiserv_pmci.c:388): error waiting for event
[mpiexec@node252] main (./ui/mpich/mpiexec.c:718): process manager error waiting for completion
