=================================================== BSF Target ====================================================
Problem name: sc105
Number of Workers: 15
OpenMP is turned off!
Map List is not Fragmented.
Before conversion: m =	105	n = 163
After conversion:  m =	253	n = 103
Eps Zero Compare:	1e-08
Eps Min Dir Length:	1e-07
Eps Objective:		0.364
Eps Shift:		1e-08
Eps Zero Direction:	1e-08
Exact Obj Value:	52.202
Distance to Apex:	0
Low Cost Percentile:	0
Gap Max:		0.0001
Obj Vector Length:	0.0001
Start Shift Lengt:	1
Blocking obj var:	false
Use low cost vars:	false
--------------- Statisics ---------------
Number of high-cost variables:	1
Number of low-cost variables:	0
Number of zero-cost variables:	102
Problem Scale:			200
--------------- Data ---------------
Obj Function:	               1               0               0               0               0               0               0               0 ...
Start point:	       51.837419       11.121936       51.837419    -8.63672e-09       51.837419     8.39652e-09       11.121936       51.837419 ...	F(x) = 51.837419
Apex point:	       51.837419       11.121936       51.837419    -8.63672e-09       51.837419     8.39652e-09       11.121936       51.837419 ...	F(x) = 51.837419
-------------------------------------------
--------- Finding feasible point ------------
Iter # 0. Elapsed time: 0
u =		       51.837419       11.121936       51.837419    -8.63672e-09       51.837419     8.39652e-09       11.121936       51.837419 ...	F(t) =        51.837419
Landing# 0. Elapsed time: 4
u =		       51.837419       11.121916       51.837445   -9.608179e-09       51.837419    9.050186e-09       11.121916       51.837445 ...	F(t) =        51.837419
Landing# 100. Elapsed time: 673
u =		       51.837439       11.121911       51.837452   -9.941012e-09       51.837439   7.9339381e-09       11.121911       51.837452 ...	F(t) =        51.837439
Landing# 200. Elapsed time: 1397
u =		       51.837454       11.121903       51.837462  -8.4866778e-09       51.837454   8.4978048e-09       11.121903       51.837462 ...	F(t) =        51.837454
Landing# 300. Elapsed time: 2138
u =		       51.837469       11.121898       51.837469  -8.8302328e-09       51.837469   7.7885882e-09       11.121898       51.837469 ...	F(t) =        51.837469
Landing# 400. Elapsed time: 2848
u =		       51.837488       11.121865       51.837513  -9.0697722e-09       51.837488   9.1087023e-09       11.121865       51.837513 ...	F(t) =        51.837488
Landing# 500. Elapsed time: 3608
u =		       51.837504       11.121835       51.837554  -9.0311008e-09       51.837504   8.6323972e-09       11.121835       51.837554 ...	F(t) =        51.837504
Landing# 600. Elapsed time: 4340
u =		       51.837523       11.121822        51.83757  -9.9849698e-09       51.837523   7.8814707e-09       11.121822        51.83757 ...	F(t) =        51.837523
Landing# 700. Elapsed time: 5058
u =		        51.83754       11.121845        51.83754  -9.5100946e-09        51.83754   7.4965234e-09       11.121845        51.83754 ...	F(t) =         51.83754
Landing# 800. Elapsed time: 5747
u =		       51.837557       11.121809       51.837588  -9.8114329e-09       51.837557   8.0769792e-09       11.121809       51.837588 ...	F(t) =        51.837557
Landing# 900. Elapsed time: 6470
u =		       51.837578       11.121816       51.837578   -9.232813e-09       51.837578   9.0703894e-09       11.121816       51.837578 ...	F(t) =        51.837578
Landing# 1000. Elapsed time: 7212
u =		       51.837588        11.12174        51.83768   -8.543377e-09       51.837588   9.2525158e-09        11.12174        51.83768 ...	F(t) =        51.837588
Landing# 1100. Elapsed time: 7906
u =		       51.837612       11.121785        51.83762    -9.42808e-09       51.837612   9.1234402e-09       11.121785        51.83762 ...	F(t) =        51.837612
Landing# 1200. Elapsed time: 8653
u =		       51.837628       11.121734       51.837688  -9.3794637e-09       51.837628   7.6637779e-09       11.121734       51.837688 ...	F(t) =        51.837628
Landing# 1300. Elapsed time: 9405
u =		       51.837646       11.121738       51.837683  -9.4647059e-09       51.837646   9.2295945e-09       11.121738       51.837683 ...	F(t) =        51.837646
Landing# 1400. Elapsed time: 10191
u =		       51.837667       11.121738       51.837683  -8.5234191e-09       51.837667   8.3935072e-09       11.121738       51.837683 ...	F(t) =        51.837667
Landing# 1500. Elapsed time: 10914
u =		       51.837679       11.121741       51.837679  -7.9482975e-09       51.837679    7.319324e-09       11.121741       51.837679 ...	F(t) =        51.837679
Landing# 1600. Elapsed time: 11619
u =		       51.837702       11.121679       51.837761  -9.1909846e-09       51.837702   8.5039311e-09       11.121679       51.837761 ...	F(t) =        51.837702
Landing# 1700. Elapsed time: 12345
u =		       51.837713       11.121621       51.837839   -8.401435e-09       51.837713   8.2635506e-09       11.121621       51.837839 ...	F(t) =        51.837713
Landing# 1800. Elapsed time: 13077
u =		       51.837733         11.1217       51.837733  -9.8524319e-09       51.837733   8.5135225e-09         11.1217       51.837733 ...	F(t) =        51.837733
Landing# 1900. Elapsed time: 13746
u =		        51.83776       11.121675       51.837767  -9.6080102e-09        51.83776   7.4065723e-09       11.121675       51.837767 ...	F(t) =         51.83776
Landing# 2000. Elapsed time: 14450
u =		       51.837768        11.12159        51.83788  -6.9469402e-09       51.837768   8.4498625e-09        11.12159        51.83788 ...	F(t) =        51.837768
Landing# 2100. Elapsed time: 15215
u =		       51.837795       11.121654       51.837795  -8.7115166e-09       51.837795    7.459692e-09       11.121654       51.837795 ...	F(t) =        51.837795
Landing# 2200. Elapsed time: 15955
u =		       51.837813        11.12164       51.837813  -9.2183724e-09       51.837813     6.76219e-09        11.12164       51.837813 ...	F(t) =        51.837813
Landing# 2300. Elapsed time: 16672
u =		       51.837827       11.121601       51.837865    -9.81186e-09       51.837827   9.3165844e-09       11.121602       51.837865 ...	F(t) =        51.837827
Landing# 2400. Elapsed time: 17433
u =		       51.837851       11.121612       51.837851    -8.71558e-09       51.837851   7.1957079e-09       11.121612       51.837851 ...	F(t) =        51.837851
Landing# 2500. Elapsed time: 18146
u =		       51.837871       11.121593       51.837876   -9.322214e-09       51.837871   6.9639837e-09       11.121593       51.837876 ...	F(t) =        51.837871
Landing# 2600. Elapsed time: 18899
u =		       51.837885       11.121586       51.837885  -9.8906756e-09       51.837885   7.0443598e-09       11.121586       51.837885 ...	F(t) =        51.837885
Landing# 2700. Elapsed time: 19634
u =		         51.8379       11.121559       51.837921   -8.807066e-09         51.8379   8.2008475e-09       11.121559       51.837921 ...	F(t) =          51.8379
Landing# 2800. Elapsed time: 20306
u =		       51.837916       11.121516       51.837979  -9.8188219e-09       51.837916   9.1453258e-09       11.121516       51.837979 ...	F(t) =        51.837916
Landing# 2900. Elapsed time: 21074
u =		       51.837937       11.121547       51.837937  -8.8316869e-09       51.837937   7.8849825e-09       11.121547       51.837937 ...	F(t) =        51.837937
Landing# 3000. Elapsed time: 21842
u =		       51.837961       11.121521       51.837972  -8.3460566e-09       51.837961   8.5897377e-09       11.121521       51.837972 ...	F(t) =        51.837961
Landing# 3100. Elapsed time: 22600
u =		       51.837975       11.121519       51.837975  -9.2580843e-09       51.837975   7.4643066e-09       11.121519       51.837975 ...	F(t) =        51.837975
Landing# 3200. Elapsed time: 23339
u =		       51.837995       11.121496       51.838006  -9.8466585e-09       51.837995   9.4839843e-09       11.121496       51.838006 ...	F(t) =        51.837995
=============================================
Elapsed time: 23407.603
Iterations: 742814980
Optimal objective value:           51.838
Exact objective value:             52.202
Relative error = 0.0069729107
=============================================
Solution is saved into the file 'Problems/lp_sc105_so.mtx'.
Solution:	               0         11.1215          51.838          51.838          51.838               0         11.1215          51.838	...
Ordered:	          51.838         11.1215          51.838               0          51.838               0         11.1215          51.838	...
