=================================================== BSF Target ====================================================
Problem name: sc105
Number of Workers: 7
OpenMP is turned off!
Map List is not Fragmented.
Before conversion: m =	105	n = 163
After conversion:  m =	253	n = 103
Eps Zero Compare:	1e-08
Eps Min Dir Length:	1e-07
Eps Objective:		0.01
Eps Shift:		1e-08
Eps Zero Direction:	1e-08
Exact Obj Value:	52.202
Distance to Apex:	0
Low Cost Percentile:	0
Gap Max:		0.0001
Obj Vector Length:	0.0001
Start Shift Lengt:	1
Blocking obj var:	false
Use low cost vars:	false
--------------- Statisics ---------------
Number of high-cost variables:	1
Number of low-cost variables:	0
Number of zero-cost variables:	102
Problem Scale:			200
--------------- Data ---------------
Obj Function:	               1               0               0               0               0               0               0               0 ...
Start point:	       51.831054       11.126093       51.831877    -8.67737e-09       51.831054     8.07769e-09       11.126093       51.831877 ...	F(x) = 51.831054
Apex point:	       51.831054       11.126093       51.831877    -8.67737e-09       51.831054     8.07769e-09       11.126093       51.831877 ...	F(x) = 51.831054
-------------------------------------------
--------- Finding feasible point ------------
Iter # 0. Elapsed time: 0
u =		       51.831054       11.126093       51.831877    -8.67737e-09       51.831054     8.07769e-09       11.126093       51.831877 ...	F(t) =        51.831054
Landing# 0. Elapsed time: 2
u =		       51.831081       11.126095       51.831873  -9.4035317e-09       51.831081     8.45259e-09       11.126095       51.831873 ...	F(t) =        51.831081
Landing# 1. Elapsed time: 3
u =		       51.831107       11.126102       51.831863  -8.9009873e-09       51.831107   9.6009564e-09       11.126102       51.831863 ...	F(t) =        51.831107
Landing# 2. Elapsed time: 7
u =		       51.831116       11.126168       51.831776  -8.0021813e-09       51.831116   7.9867091e-09       11.126168       51.831776 ...	F(t) =        51.831116
Landing# 3. Elapsed time: 10
u =		       51.831145       11.126194       51.831741   -9.916517e-09       51.831145   8.4665196e-09       11.126194       51.831741 ...	F(t) =        51.831145
Landing# 4. Elapsed time: 15
u =		       51.831161       11.126277        51.83163  -9.5576376e-09       51.831161    8.598548e-09       11.126277        51.83163 ...	F(t) =        51.831161
Landing# 5. Elapsed time: 18
u =		       51.831202       11.126307       51.831591  -9.3564513e-09       51.831202   8.3478031e-09       11.126307       51.831591 ...	F(t) =        51.831202
Landing# 6. Elapsed time: 23
u =		       51.831218       11.126418       51.831442  -9.5895291e-09       51.831218   9.3627169e-09       11.126418       51.831442 ...	F(t) =        51.831218
Landing# 7. Elapsed time: 25
u =		       51.831242       11.126432       51.831424  -9.6590324e-09       51.831242   1.0248611e-08       11.126432       51.831424 ...	F(t) =        51.831242
Landing# 8. Elapsed time: 28
u =		       51.831247       11.126436       51.831418  -7.7808991e-09       51.831247    9.441288e-09       11.126437       51.831418 ...	F(t) =        51.831247
Landing# 9. Elapsed time: 30
u =		       51.831264       11.126457       51.831391  -7.7777609e-09       51.831264    8.244089e-09       11.126457       51.831391 ...	F(t) =        51.831264
Landing# 10. Elapsed time: 34
u =		       51.831271        11.12651        51.83132  -9.2833907e-09       51.831271   9.0087062e-09        11.12651        51.83132 ...	F(t) =        51.831271
Landing# 11. Elapsed time: 38
u =		       51.831292       11.126531       51.831292  -8.8850916e-09       51.831292   6.2625061e-09       11.126531       51.831292 ...	F(t) =        51.831292
Landing# 12. Elapsed time: 42
u =		       51.831294       11.126474       51.831368  -7.0401347e-09       51.831294   7.9268846e-09       11.126474       51.831368 ...	F(t) =        51.831294
Landing# 13. Elapsed time: 44
u =		       51.831308       11.126512       51.831317  -8.3595421e-09       51.831308   8.1650909e-09       11.126512       51.831317 ...	F(t) =        51.831308
Landing# 14. Elapsed time: 48
u =		       51.831311       11.126515       51.831313  -8.8496663e-09       51.831311   7.8596209e-09       11.126515       51.831314 ...	F(t) =        51.831311
Landing# 15. Elapsed time: 52
u =		       51.831315       11.126347       51.831538    -9.50783e-09       51.831315   7.7313843e-09       11.126347       51.831538 ...	F(t) =        51.831315
Landing# 16. Elapsed time: 58
u =		       51.831323       11.126508       51.831322  -9.2509159e-09       51.831323   8.7719412e-09       11.126508       51.831322 ...	F(t) =        51.831323
Landing# 17. Elapsed time: 60
u =		       51.831326       11.126399       51.831468  -9.6795061e-09       51.831326   7.7533605e-09       11.126399       51.831468 ...	F(t) =        51.831326
Landing# 18. Elapsed time: 62
u =		       51.831358       11.126467       51.831378  -6.0488025e-09       51.831358   8.0969911e-09       11.126467       51.831378 ...	F(t) =        51.831358
Landing# 19. Elapsed time: 68
u =		       51.831364       11.126477       51.831364  -9.3425651e-09       51.831364   7.9662469e-09       11.126477       51.831364 ...	F(t) =        51.831364
Landing# 20. Elapsed time: 70
u =		        51.83137       11.126222       51.831705  -8.1692653e-09        51.83137   8.4023935e-09       11.126222       51.831705 ...	F(t) =         51.83137
Landing# 21. Elapsed time: 75
u =		       51.831375       11.126276       51.831632   -8.658774e-09       51.831375   6.7669747e-09       11.126276       51.831632 ...	F(t) =        51.831375
Landing# 22. Elapsed time: 78
u =		       51.831392       11.126312       51.831584  -9.8285616e-09       51.831392   9.9806492e-09       11.126312       51.831584 ...	F(t) =        51.831392
Landing# 23. Elapsed time: 80
u =		       51.831402       11.126333       51.831556  -9.5181438e-09       51.831402   1.0044565e-08       11.126333       51.831556 ...	F(t) =        51.831402
Landing# 24. Elapsed time: 83
u =		       51.831409       11.126356       51.831525  -9.2103436e-09       51.831409   7.8120009e-09       11.126356       51.831526 ...	F(t) =        51.831409
Landing# 25. Elapsed time: 86
u =		       51.831413       11.126365       51.831514  -8.4996056e-09       51.831413   8.3700768e-09       11.126365       51.831514 ...	F(t) =        51.831413
Landing# 26. Elapsed time: 89
u =		        51.83142       11.126417       51.831444  -6.4432522e-09        51.83142   6.2846522e-09       11.126417       51.831444 ...	F(t) =         51.83142
Landing# 27. Elapsed time: 91
u =		       51.831424       11.126423       51.831435  -9.4994264e-09       51.831424   9.0565647e-09       11.126423       51.831436 ...	F(t) =        51.831424
Landing# 28. Elapsed time: 95
u =		       51.831429       11.126393       51.831476  -9.7710187e-09       51.831429   9.0675898e-09       11.126393       51.831476 ...	F(t) =        51.831429
Landing# 29. Elapsed time: 97
u =		       51.831434       11.126401       51.831465  -7.8393305e-09       51.831434   8.4231413e-09       11.126401       51.831465 ...	F(t) =        51.831434
Landing# 30. Elapsed time: 102
u =		        51.83144        11.12642        51.83144  -7.9553173e-09        51.83144   7.6901163e-09        11.12642        51.83144 ...	F(t) =         51.83144
Landing# 31. Elapsed time: 106
u =		       51.831441       11.126357       51.831523  -6.9111848e-09       51.831441   7.7523543e-09       11.126358       51.831523 ...	F(t) =        51.831441
Landing# 32. Elapsed time: 108
u =		       51.831447       11.126376       51.831498  -7.7594692e-09       51.831447   9.0000635e-09       11.126376       51.831498 ...	F(t) =        51.831447
Landing# 33. Elapsed time: 113
u =		       51.831452       11.126411       51.831452  -9.0758085e-09       51.831452   7.8842829e-09       11.126411       51.831452 ...	F(t) =        51.831452
Landing# 34. Elapsed time: 117
u =		       51.831454       11.126331       51.831559  -9.6253962e-09       51.831454   8.4112965e-09       11.126331       51.831559 ...	F(t) =        51.831454
slurmd[node262]: error: *** STEP 326019.0 CANCELLED AT 2022-09-03T16:57:14 ***
slurmd[node262]: error: *** JOB 326019 CANCELLED AT 2022-09-03T16:57:14 ***
[mpiexec@node262] handle_exit_status (./pm/pmiserv/pmiserv_cb.c:538): assert (!closed) failed
[mpiexec@node262] HYDT_dmxu_poll_wait_for_event (./tools/demux/demux_poll.c:77): callback returned error status
[mpiexec@node262] HYD_pmci_wait_for_completion (./pm/pmiserv/pmiserv_pmci.c:388): error waiting for event
[mpiexec@node262] main (./ui/mpich/mpiexec.c:718): process manager error waiting for completion
/bin/rm: cannot remove `/tmp/srun___logue': No such file or directory
