=================================================== BSF Target ====================================================
Problem name: sc105
Number of Workers: 15
OpenMP is turned off!
Map List is not Fragmented.
Before conversion: m =	105	n = 163
After conversion:  m =	253	n = 103
Eps Zero Compare:	1e-08
Eps Min Dir Length:	1e-07
Eps Objective:		0.1
Eps Shift:		1e-08
Eps Zero Direction:	1e-08
Exact Obj Value:	52.202
Distance to Apex:	0
Low Cost Percentile:	0
Gap Max:		0.0001
Obj Vector Length:	0.0001
Start Shift Lengt:	1
Blocking obj var:	false
Use low cost vars:	false
--------------- Statisics ---------------
Number of high-cost variables:	1
Number of low-cost variables:	0
Number of zero-cost variables:	102
Problem Scale:			200
--------------- Data ---------------
Obj Function:	               1               0               0               0               0               0               0               0 ...
Start point:	       51.836363       11.122728       51.836363    -9.68972e-09       51.836363     8.24813e-09       11.122728       51.836363 ...	F(x) = 51.836363
Apex point:	       51.836363       11.122728       51.836363    -9.68972e-09       51.836363     8.24813e-09       11.122728       51.836363 ...	F(x) = 51.836363
-------------------------------------------
--------- Finding feasible point ------------
Iter # 0. Elapsed time: 0
u =		       51.836363       11.122728       51.836363    -9.68972e-09       51.836363     8.24813e-09       11.122728       51.836363 ...	F(t) =        51.836363
Landing# 0. Elapsed time: 8
u =		        51.83636        11.12261        51.83652  -9.7106362e-09        51.83636   8.3306676e-09        11.12261        51.83652 ...	F(t) =         51.83636
Landing# 100. Elapsed time: 702
u =		       51.836383       11.122615       51.836513  -9.8481698e-09       51.836383   8.7242287e-09       11.122615       51.836513 ...	F(t) =        51.836383
Landing# 200. Elapsed time: 1388
u =		       51.836411       11.122683       51.836422  -9.2790512e-09       51.836411   8.4236973e-09       11.122683       51.836422 ...	F(t) =        51.836411
Landing# 300. Elapsed time: 2104
u =		       51.836427        11.12268       51.836427   -9.630601e-09       51.836427   8.8006905e-09        11.12268       51.836427 ...	F(t) =        51.836427
Landing# 400. Elapsed time: 2876
u =		        51.83645       11.122659       51.836455  -9.0867801e-09        51.83645   7.9745176e-09       11.122659       51.836455 ...	F(t) =         51.83645
Landing# 500. Elapsed time: 3647
u =		       51.836466        11.12265       51.836466  -9.8284268e-09       51.836466   8.4427177e-09       11.122651       51.836466 ...	F(t) =        51.836466
Landing# 600. Elapsed time: 4406
u =		       51.836482       11.122614       51.836515  -8.0991137e-09       51.836482    7.420605e-09       11.122614       51.836515 ...	F(t) =        51.836482
Landing# 700. Elapsed time: 5128
u =		       51.836497       11.122555       51.836593  -8.8091028e-09       51.836497   8.3185014e-09       11.122555       51.836593 ...	F(t) =        51.836497
Landing# 800. Elapsed time: 5876
u =		       51.836519       11.122611       51.836518  -8.6432593e-09       51.836519   7.6743801e-09       11.122611       51.836518 ...	F(t) =        51.836519
Landing# 900. Elapsed time: 6595
u =		       51.836538       11.122583       51.836556  -9.0140963e-09       51.836538   7.8419649e-09       11.122583       51.836556 ...	F(t) =        51.836538
Landing# 1000. Elapsed time: 7303
u =		       51.836553       11.122561       51.836586  -7.9586977e-09       51.836553   9.1135548e-09       11.122561       51.836586 ...	F(t) =        51.836553
Landing# 1100. Elapsed time: 8002
u =		       51.836568       11.122532       51.836624  -9.5417041e-09       51.836568   7.8243955e-09       11.122532       51.836624 ...	F(t) =        51.836568
Landing# 1200. Elapsed time: 8733
u =		       51.836586        11.12256       51.836586  -8.0543656e-09       51.836586   7.0423991e-09        11.12256       51.836586 ...	F(t) =        51.836586
Landing# 1300. Elapsed time: 9490
u =		       51.836608       11.122544       51.836608  -9.4184824e-09       51.836608   8.4273217e-09       11.122544       51.836608 ...	F(t) =        51.836608
Landing# 1400. Elapsed time: 10168
u =		       51.836623        11.12251       51.836653  -5.8882215e-09       51.836623   6.7395078e-09        11.12251       51.836653 ...	F(t) =        51.836623
Landing# 1500. Elapsed time: 10884
u =		        51.83664       11.122469       51.836708  -9.6358528e-09        51.83664   9.4997663e-09       11.122469       51.836708 ...	F(t) =         51.83664
Landing# 1600. Elapsed time: 11582
u =		       51.836658       11.122469       51.836708   -9.065758e-09       51.836658   7.7916535e-09       11.122469       51.836709 ...	F(t) =        51.836658
Landing# 1700. Elapsed time: 12315
u =		       51.836679       11.122466       51.836712  -8.3649183e-09       51.836679   9.4022649e-09       11.122466       51.836712 ...	F(t) =        51.836679
Landing# 1800. Elapsed time: 13025
u =		       51.836698       11.122477       51.836698  -9.2679686e-09       51.836698   8.5620805e-09       11.122477       51.836698 ...	F(t) =        51.836698
Landing# 1900. Elapsed time: 13743
u =		       51.836715       11.122433       51.836756   -7.318551e-09       51.836715   8.6057274e-09       11.122433       51.836756 ...	F(t) =        51.836715
Landing# 2000. Elapsed time: 14469
u =		       51.836734        11.12245       51.836734  -9.7622907e-09       51.836734   8.2133139e-09        11.12245       51.836734 ...	F(t) =        51.836734
Landing# 2100. Elapsed time: 15221
u =		       51.836751         11.1224       51.836799  -9.5309272e-09       51.836751   7.8281108e-09         11.1224       51.836799 ...	F(t) =        51.836751
Landing# 2200. Elapsed time: 15968
u =		       51.836767       11.122366       51.836845  -7.8505153e-09       51.836767   7.9892108e-09       11.122366       51.836845 ...	F(t) =        51.836767
Landing# 2300. Elapsed time: 16706
u =		       51.836791       11.122407       51.836791  -9.9306443e-09       51.836791   8.3308122e-09       11.122407       51.836791 ...	F(t) =        51.836791
Landing# 2400. Elapsed time: 17436
u =		         51.8368         11.1224       51.836799  -8.9158141e-09         51.8368   6.9936832e-09         11.1224       51.836799 ...	F(t) =          51.8368
Landing# 2500. Elapsed time: 18147
u =		       51.836821       11.122384       51.836821  -9.4897961e-09       51.836821   8.2150589e-09       11.122384       51.836821 ...	F(t) =        51.836821
Landing# 2600. Elapsed time: 18899
u =		       51.836839       11.122371       51.836839  -9.6128303e-09       51.836839   7.9151112e-09       11.122371       51.836839 ...	F(t) =        51.836839
Landing# 2700. Elapsed time: 19623
u =		       51.836852       11.122252       51.836998  -9.3933601e-09       51.836851   7.6811004e-09       11.122252       51.836998 ...	F(t) =        51.836852
Landing# 2800. Elapsed time: 20299
u =		        51.83687       11.122238       51.837016  -5.5812168e-09        51.83687   7.2095156e-09       11.122238       51.837016 ...	F(t) =         51.83687
Landing# 2900. Elapsed time: 21053
u =		         51.8369       11.122316       51.836912   -9.456914e-09         51.8369   7.7643903e-09       11.122316       51.836912 ...	F(t) =          51.8369
Landing# 3000. Elapsed time: 21774
u =		       51.836908        11.12229       51.836947  -8.5312746e-09       51.836908   8.6175043e-09        11.12229       51.836947 ...	F(t) =        51.836908
Landing# 3100. Elapsed time: 22542
u =		       51.836932       11.122268       51.836976  -9.0165351e-09       51.836932   8.8150951e-09       11.122268       51.836976 ...	F(t) =        51.836932
Landing# 3200. Elapsed time: 23292
u =		        51.83695        11.12225       51.837001  -9.7687465e-09        51.83695   7.8811085e-09        11.12225       51.837001 ...	F(t) =         51.83695
Landing# 3300. Elapsed time: 24041
u =		       51.836967       11.122238       51.837016  -9.6906702e-09       51.836967   1.0044195e-08       11.122238       51.837016 ...	F(t) =        51.836967
Landing# 3400. Elapsed time: 24772
u =		       51.836979       11.122265       51.836979  -8.7793785e-09       51.836979    8.119702e-09       11.122266       51.836979 ...	F(t) =        51.836979
Landing# 3500. Elapsed time: 25543
u =		       51.837002       11.122249       51.837002  -9.3841698e-09       51.837002    8.447464e-09       11.122249       51.837002 ...	F(t) =        51.837002
Landing# 3600. Elapsed time: 26273
u =		       51.837023       11.122216       51.837045  -8.9376107e-09       51.837023   8.8858313e-09       11.122216       51.837045 ...	F(t) =        51.837023
Landing# 3700. Elapsed time: 27001
u =		       51.837042       11.122204       51.837061  -8.5960614e-09       51.837042   9.4270212e-09       11.122204       51.837061 ...	F(t) =        51.837042
Landing# 3800. Elapsed time: 27717
u =		       51.837057        11.12217       51.837106  -8.7826825e-09       51.837057   9.3362017e-09        11.12217       51.837106 ...	F(t) =        51.837057
Landing# 3900. Elapsed time: 28434
u =		       51.837077       11.122151       51.837132  -9.8227184e-09       51.837077   9.7444533e-09       11.122151       51.837132 ...	F(t) =        51.837077
Landing# 4000. Elapsed time: 29150
u =		       51.837097       11.122173       51.837103  -8.4922218e-09       51.837097   8.9360121e-09       11.122173       51.837103 ...	F(t) =        51.837097
Landing# 4100. Elapsed time: 29857
u =		        51.83711       11.122153        51.83713   -6.582177e-09       51.837111   8.2604177e-09       11.122153        51.83713 ...	F(t) =         51.83711
Landing# 4200. Elapsed time: 30584
u =		       51.837127       11.122155       51.837127   -5.029464e-09       51.837127   6.6499499e-09       11.122155       51.837127 ...	F(t) =        51.837127
Landing# 4300. Elapsed time: 31334
u =		       51.837153        11.12212       51.837173  -7.5518849e-09       51.837153   1.0187974e-08        11.12212       51.837173 ...	F(t) =        51.837153
Landing# 4400. Elapsed time: 32019
u =		       51.837166       11.122126       51.837165   -9.533821e-09       51.837166   8.7958583e-09       11.122126       51.837165 ...	F(t) =        51.837166
Landing# 4500. Elapsed time: 32771
u =		       51.837186       11.122087       51.837217  -6.9769791e-09       51.837186   1.0734211e-08       11.122087       51.837217 ...	F(t) =        51.837186
Landing# 4600. Elapsed time: 33493
u =		       51.837203       11.122072       51.837237  -9.9693576e-09       51.837203   9.3575213e-09       11.122072       51.837237 ...	F(t) =        51.837203
Landing# 4700. Elapsed time: 34208
u =		       51.837223       11.122083       51.837223  -8.8150772e-09       51.837223   9.0439959e-09       11.122083       51.837223 ...	F(t) =        51.837223
Landing# 4800. Elapsed time: 34964
u =		       51.837242       11.122067       51.837244  -8.6354767e-09       51.837242   8.9032177e-09       11.122067       51.837244 ...	F(t) =        51.837242
Landing# 4900. Elapsed time: 35699
u =		       51.837253        11.12205       51.837267  -7.6296937e-09       51.837253   8.1652212e-09        11.12205       51.837267 ...	F(t) =        51.837253
Landing# 5000. Elapsed time: 36403
u =		       51.837266       11.121931       51.837425  -9.9054715e-09       51.837266   7.9529291e-09       11.121931       51.837425 ...	F(t) =        51.837266
Landing# 5100. Elapsed time: 37083
u =		       51.837292       11.122001       51.837332  -7.1669854e-09       51.837292   6.6563507e-09       11.122001       51.837332 ...	F(t) =        51.837292
Landing# 5200. Elapsed time: 37859
u =		       51.837305       11.122021       51.837305  -9.7423555e-09       51.837305    8.068206e-09       11.122021       51.837305 ...	F(t) =        51.837305
Landing# 5300. Elapsed time: 38617
u =		       51.837332       11.122001       51.837331   -8.945927e-09       51.837332   8.5947298e-09       11.122001       51.837332 ...	F(t) =        51.837332
Landing# 5400. Elapsed time: 39296
u =		       51.837342       11.121993       51.837342  -7.5935173e-09       51.837342   7.8126621e-09       11.121993       51.837342 ...	F(t) =        51.837342
Landing# 5500. Elapsed time: 40032
u =		       51.837365       11.121976       51.837365  -9.2506215e-09       51.837365   7.8652611e-09       11.121976       51.837365 ...	F(t) =        51.837365
Landing# 5600. Elapsed time: 40749
u =		       51.837379       11.121939       51.837415  -9.8581373e-09       51.837379   8.9378586e-09       11.121939       51.837415 ...	F(t) =        51.837379
Landing# 5700. Elapsed time: 41502
u =		       51.837399       11.121935        51.83742  -7.7293541e-09       51.837399   8.5319409e-09       11.121935        51.83742 ...	F(t) =        51.837399
Landing# 5800. Elapsed time: 42209
u =		       51.837419       11.121936       51.837419  -8.6367215e-09       51.837419   8.3965225e-09       11.121936       51.837419 ...	F(t) =        51.837419
srun: Job step aborted: Waiting up to 2 seconds for job step to finish.
slurmd[node117]: error: *** JOB 326041 CANCELLED AT 2022-09-04T09:09:20 ***
[0:node117] unexpected disconnect completion event from [1:node118]
Assertion failed in file ../../dapl_conn_rc.c at line 1128: 0
internal ABORT - process 0
slurmd[node117]: error: *** STEP 326041.0 CANCELLED AT 2022-09-04T09:09:20 ***
[mpiexec@node117] handle_exit_status (./pm/pmiserv/pmiserv_cb.c:538): assert (!closed) failed
[mpiexec@node117] HYDT_dmxu_poll_wait_for_event (./tools/demux/demux_poll.c:77): callback returned error status
[mpiexec@node117] HYD_pmci_wait_for_completion (./pm/pmiserv/pmiserv_pmci.c:388): error waiting for event
[mpiexec@node117] main (./ui/mpich/mpiexec.c:718): process manager error waiting for completion
