=================================================== BSF Target ====================================================
Problem name: sc105
Number of Workers: 10
OpenMP is turned off!
Map List is not Fragmented.
Before conversion: m =	105	n = 163
After conversion:  m =	253	n = 103
Eps Zero Compare:	1e-07
Eps Min Dir Length:	1e-07
Eps Objective:		0.01
Eps Shift:		1e-07
Eps Zero Direction:	1e-07
Exact Obj Value:	52.202
Distance to Apex:	0
Low Cost Percentile:	0
Gap Max:		0.01
Obj Vector Length:	0.001
Start Shift Lengt:	1
Blocking obj var:	false
Use low cost vars:	false
--------------- Statisics ---------------
Number of high-cost variables:	1
Number of low-cost variables:	0
Number of zero-cost variables:	102
Problem Scale:			200
--------------- Data ---------------
Obj Function:	               1               0               0               0               0               0               0               0 ...
Start point:	       51.827584       11.126562       51.831303  -8.5305427e-06       51.827604   1.0641959e-05        11.12658       51.831322 ...	F(x) = 51.827584
Apex point:	       51.827584       11.126562       51.831303  -8.5305427e-06       51.827604   1.0641959e-05        11.12658       51.831322 ...	F(x) = 51.827584
-------------------------------------------
--------- Finding feasible point ------------
Iter # 123679. Elapsed time: 4
u =		       51.827507       11.126864       51.830849  -9.6283648e-08       51.827507   8.0242667e-08       11.126864       51.830849 ...	F(t) =        51.827507
Landing# 0. Elapsed time: 33
u =		        51.82793       11.129053       51.827929  -8.3620193e-08        51.82793   8.1632322e-08       11.129054        51.82793 ...	F(t) =         51.82793
Landing# 10. Elapsed time: 165
u =		       51.827707       11.128077       51.829232  -9.3846306e-08       51.827708   9.5637198e-08       11.128077       51.829232 ...	F(t) =        51.827707
Landing# 20. Elapsed time: 289
u =		       51.827909       11.128034       51.829289  -9.7866586e-08       51.827909   7.6750306e-08       11.128034       51.829289 ...	F(t) =        51.827909
Landing# 30. Elapsed time: 418
u =		       51.828438        11.12859       51.828547  -8.7583165e-08       51.828439   9.8172272e-08        11.12859       51.828547 ...	F(t) =        51.828438
Landing# 40. Elapsed time: 535
u =		       51.827928       11.125505       51.832661  -8.0617289e-08       51.827929   8.5888665e-08       11.125505       51.832661 ...	F(t) =        51.827928
Landing# 50. Elapsed time: 674
u =		       51.827943        11.12228       51.836961  -9.0885112e-08       51.827943   7.2315391e-08        11.12228       51.836961 ...	F(t) =        51.827943
Landing# 60. Elapsed time: 803
u =		       51.828696       11.128479       51.828695  -9.5175574e-08       51.828696   8.0573529e-08       11.128479       51.828695 ...	F(t) =        51.828696
Landing# 70. Elapsed time: 922
u =		       51.828759       11.128432       51.828758  -8.9378012e-08       51.828758   7.8965974e-08       11.128432       51.828758 ...	F(t) =        51.828759
Landing# 80. Elapsed time: 1026
u =		       51.828036       11.119228       51.841029  -9.4897216e-08       51.828035   8.1341585e-08       11.119229       51.841029 ...	F(t) =        51.828036
Landing# 90. Elapsed time: 1145
u =		         51.8294       11.127876       51.829499  -7.4861926e-08       51.829399   7.7524267e-08       11.127876       51.829499 ...	F(t) =          51.8294
Landing# 100. Elapsed time: 1271
u =		        51.82928       11.128041       51.829279  -9.4912205e-08        51.82928   8.1924462e-08       11.128041       51.829279 ...	F(t) =         51.82928
Landing# 110. Elapsed time: 1397
u =		       51.829369       11.127029       51.830629  -9.9619655e-08       51.829369   8.6088412e-08       11.127029       51.830629 ...	F(t) =        51.829369
Landing# 120. Elapsed time: 1519
u =		       51.828834        11.12551       51.832654  -9.5268298e-08       51.828834   8.0725886e-08        11.12551       51.832654 ...	F(t) =        51.828834
Landing# 130. Elapsed time: 1663
u =		       51.829927       11.127556       51.829926  -9.2897168e-08       51.829926   8.4077665e-08       11.127556       51.829926 ...	F(t) =        51.829927
Landing# 140. Elapsed time: 1800
u =		       51.829897       11.127578       51.829896  -9.0358627e-08       51.829897   7.8240842e-08       11.127579       51.829896 ...	F(t) =        51.829897
Landing# 150. Elapsed time: 1930
u =		       51.829552       11.120937       51.838752  -8.9825023e-08       51.829551   7.8901265e-08       11.120937       51.838752 ...	F(t) =        51.829552
Landing# 160. Elapsed time: 2048
u =		       51.830209       11.125035       51.833287  -8.1704975e-08       51.830209   8.3191847e-08       11.125036       51.833287 ...	F(t) =        51.830209
Landing# 170. Elapsed time: 2179
u =		       51.830214        11.12734       51.830213  -9.8882169e-08       51.830214   9.1621624e-08       11.127341       51.830213 ...	F(t) =        51.830214
Landing# 180. Elapsed time: 2304
u =		        51.83067       11.126144       51.831809  -7.7712234e-08        51.83067   7.8637607e-08       11.126144       51.831809 ...	F(t) =         51.83067
Landing# 190. Elapsed time: 2423
u =		       51.830692       11.125195       51.833074  -9.2628183e-08       51.830693   7.8377947e-08       11.125195       51.833074 ...	F(t) =        51.830692
Landing# 200. Elapsed time: 2563
u =		       51.830263       11.119773       51.840304  -7.7623171e-08       51.830263   8.3844387e-08       11.119773       51.840304 ...	F(t) =        51.830263
Landing# 210. Elapsed time: 2703
u =		       51.830695       11.126979       51.830695  -9.3700008e-08       51.830695   8.6982737e-08        11.12698       51.830695 ...	F(t) =        51.830695
Landing# 220. Elapsed time: 2839
u =		        51.83145       11.126196       51.831739   -9.351184e-08        51.83145   9.5694024e-08       11.126197       51.831739 ...	F(t) =         51.83145
Landing# 230. Elapsed time: 2978
u =		       51.830776       11.119408        51.84079  -9.6110303e-08       51.830775   8.2750606e-08       11.119408       51.840791 ...	F(t) =        51.830776
Landing# 240. Elapsed time: 3137
u =		       51.831874       11.126096       51.831873  -9.9208978e-08       51.831874    7.611992e-08       11.126096       51.831873 ...	F(t) =        51.831874
Landing# 250. Elapsed time: 3264
u =		       51.831804       11.126148       51.831804  -9.3216691e-08       51.831804   8.4262607e-08       11.126148       51.831804 ...	F(t) =        51.831804
Landing# 260. Elapsed time: 3393
u =		       51.831825       11.123907       51.834791  -9.7347281e-08       51.831825   8.5112275e-08       11.123908       51.834791 ...	F(t) =        51.831825
Landing# 270. Elapsed time: 3525
u =		       51.831933       11.123969       51.834708  -7.6724499e-08       51.831934   7.9423364e-08       11.123969       51.834709 ...	F(t) =        51.831933
Landing# 280. Elapsed time: 3645
u =		       51.831916       11.123155       51.835793  -9.8400177e-08       51.831916   8.1369822e-08       11.123156       51.835794 ...	F(t) =        51.831916
Landing# 290. Elapsed time: 3781
u =		        51.83184       11.126121       51.831839  -8.9304034e-08        51.83184   7.6922802e-08       11.126121       51.831839 ...	F(t) =         51.83184
Landing# 300. Elapsed time: 3920
u =		       51.832551       11.125038       51.833283  -7.7650433e-08       51.832551   8.4088773e-08       11.125038       51.833283 ...	F(t) =        51.832551
Landing# 310. Elapsed time: 4045
u =		       51.831985       11.123176       51.835766  -8.6780972e-08       51.831985    7.818342e-08       11.123176       51.835766 ...	F(t) =        51.831985
Landing# 320. Elapsed time: 4167
u =		       51.832707       11.123504       51.835328  -9.6752615e-08       51.832707    8.293771e-08       11.123505       51.835328 ...	F(t) =        51.832707
Landing# 330. Elapsed time: 4312
u =		       51.833199       11.125102       51.833198  -9.3459308e-08       51.833198   8.4996992e-08       11.125102       51.833198 ...	F(t) =        51.833199
Landing# 340. Elapsed time: 4449
u =		       51.833176       11.125119       51.833175  -8.9914717e-08       51.833176   9.0548115e-08       11.125119       51.833175 ...	F(t) =        51.833176
Landing# 350. Elapsed time: 4577
u =		       51.832817       11.118415       51.842114  -9.1875649e-08       51.832817   6.9643279e-08       11.118415       51.842115 ...	F(t) =        51.832817
Landing# 360. Elapsed time: 4715
u =		       51.833514       11.124865       51.833513  -9.9327583e-08       51.833514   8.3990618e-08       11.124866       51.833513 ...	F(t) =        51.833514
Landing# 370. Elapsed time: 4818
u =		       51.833817       11.124638       51.833816  -9.3429959e-08       51.833817    7.252492e-08       11.124638       51.833816 ...	F(t) =        51.833817
Landing# 380. Elapsed time: 4954
u =		       51.833747       11.122503       51.836663  -8.6124278e-08       51.833747   7.3646785e-08       11.122503       51.836663 ...	F(t) =        51.833747
Landing# 390. Elapsed time: 5087
u =		        51.83379       11.122305       51.836928  -9.5302161e-08        51.83379   9.8569816e-08       11.122305       51.836928 ...	F(t) =         51.83379
Landing# 400. Elapsed time: 5193
u =		       51.833641        11.12477        51.83364  -9.7680183e-08       51.833641   8.9357619e-08        11.12477       51.833641 ...	F(t) =        51.833641
Landing# 410. Elapsed time: 5328
u =		       51.834067       11.123346        51.83554  -8.2925306e-08       51.834067   1.1428458e-07       11.123346        51.83554 ...	F(t) =        51.834067
Landing# 420. Elapsed time: 5427
u =		       51.834298       11.124277       51.834298  -8.4100321e-08       51.834298   7.2147484e-08       11.124277       51.834298 ...	F(t) =        51.834298
slurmd[node177]: error: *** JOB 326012 CANCELLED AT 2022-09-03T16:24:07 ***
[0:node177] unexpected disconnect completion event from [5:node268]
Assertion failed in file ../../dapl_conn_rc.c at line 1128: 0
internal ABORT - process 0
[mpiexec@node177] handle_exit_status (./pm/pmiserv/pmiserv_cb.c:538): assert (!closed) failed
[mpiexec@node177] HYDT_dmxu_poll_wait_for_event (./tools/demux/demux_poll.c:77): callback returned error status
[mpiexec@node177] HYD_pmci_wait_for_completion (./pm/pmiserv/pmiserv_pmci.c:388): error waiting for event
[mpiexec@node177] main (./ui/mpich/mpiexec.c:718): process manager error waiting for completion
