=================================================== BSF Target ====================================================
Problem name: sc50b
Number of Workers: 10
OpenMP is turned off!
Map List is not Fragmented.
Before conversion: m =	50	n = 78
After conversion:  m =	118	n = 48
Eps Zero Compare:	1e-08
Eps Min Dir Length:	1e-07
Eps Objective:		0.01
Eps Shift:		1e-08
Eps Zero Direction:	1e-08
Exact Obj Value:	70
Distance to Apex:	1000000
Low Cost Percentile:	0
Gap Max:		0.2
Obj Vector Length:	0.01
Start Shift Lengt:	1
Blocking obj var:	false
Use low cost vars:	false
--------------- Statisics ---------------
Number of high-cost variables:	1
Number of low-cost variables:	0
Number of zero-cost variables:	47
Problem Scale:			300
--------------- Data ---------------
Obj Function:	               1               0               0               0               0               0               0               0 ...
Start point:	               0               0               0               0               0               0               0               0 ...	F(x) = 0
Apex point:	         1000000               0               0               0               0               0               0               0 ...	F(x) = 1000000
-------------------------------------------
--------- Finding feasible point ------------
Iter # 181240. Elapsed time: 4
u =		       69.216725        27.68669       41.530035       30.783276       69.216725       30.783276        27.68669       41.530035 ...	F(t) =        69.216725
Landing# 0. Elapsed time: 5
u =		       69.459807       27.783923       41.789125       30.426952       69.459807       30.426952       27.783923       41.789125 ...	F(t) =        69.459807
Landing# 10. Elapsed time: 27
u =		       69.710388       27.898665        41.89472       30.206615       69.710388       30.206615       27.898665        41.89472 ...	F(t) =        69.710388
Landing# 20. Elapsed time: 51
u =		       69.876686       27.990538       41.931857       30.077605       69.876686       30.077605       27.990538       41.931857 ...	F(t) =        69.876686
=============================================
Elapsed time: 69.98377
Iterations: 3594162
Optimal objective value:        69.990792
Exact objective value:                 70
Relative error = 0.00013154325
=============================================
Solution is saved into the file 'Problems/lp_sc50b_so.mtx'.
Solution:	       29.975947       28.028466       41.995588       69.990792       69.990792       29.975947       28.028466       41.995588	...
Ordered:	       69.990792       28.028466       41.995588       29.975947       69.990792       29.975947       28.028466       41.995588	...
