=================================================== BSF Target ====================================================
Problem name: sc50a
Number of Workers: 10
OpenMP is turned off!
Map List is not Fragmented.
Before conversion: m =	50	n = 78
After conversion:  m =	118	n = 48
Eps Zero Compare:	1e-08
Eps Min Dir Length:	1e-07
Eps Objective:		0.01
Eps Shift:		1e-08
Eps Zero Direction:	1e-08
Exact Obj Value:	64.575
Distance to Apex:	50000
Low Cost Percentile:	0
Gap Max:		0.2
Obj Vector Length:	0.01
Start Shift Lengt:	1
Blocking obj var:	false
Use low cost vars:	false
--------------- Statisics ---------------
Number of high-cost variables:	1
Number of low-cost variables:	0
Number of zero-cost variables:	47
Problem Scale:			170
--------------- Data ---------------
Obj Function:	               1               0               0               0               0               0               0               0 ...
Start point:	               0               0               0               0               0               0               0               0 ...	F(x) = 0
Apex point:	           50000               0               0               0               0               0               0               0 ...	F(x) = 50000
-------------------------------------------
--------- Finding feasible point ------------
Iter # 213033. Elapsed time: 4
u =		       55.801634       23.148775       55.801633  -8.6578368e-09       55.801634   7.5662679e-09       23.148775       55.801633 ...	F(t) =        55.801634
Landing# 0. Elapsed time: 7
u =		       58.395665       17.535267       63.286311  -6.2597289e-09       58.395665    1.232934e-08       17.535267       63.286311 ...	F(t) =        58.395665
Landing# 10. Elapsed time: 29
u =		        59.07293       18.238114       62.349181  -8.1691873e-09        59.07293   9.5828054e-09       18.238114       62.349181 ...	F(t) =         59.07293
Landing# 20. Elapsed time: 52
u =		       59.742526        18.93383       61.421559  -8.1874958e-09       59.742526      9.0429e-09        18.93383        61.42156 ...	F(t) =        59.742526
Landing# 30. Elapsed time: 77
u =		       60.411138       19.627825       60.494355     0.002817742       60.411138    0.0028177619       19.627825       60.494355 ...	F(t) =        60.411138
Landing# 40. Elapsed time: 100
u =		       60.969526       19.272855       60.969526  -9.6648339e-09       60.969526   9.6360016e-09       19.272855       60.969526 ...	F(t) =        60.969526
Landing# 50. Elapsed time: 124
u =		       61.555347        18.83349       61.555347  -8.5687042e-09       61.555347   1.0388242e-08        18.83349       61.555347 ...	F(t) =        61.555347
Landing# 60. Elapsed time: 148
u =		       62.111917       18.416062       62.111917   -8.115679e-09       62.111917   1.1010253e-08       18.416062       62.111917 ...	F(t) =        62.111917
Landing# 70. Elapsed time: 173
u =		       62.471864       18.146102       62.471864  -9.5488322e-09       62.471864   1.0051534e-08       18.146102       62.471864 ...	F(t) =        62.471864
Landing# 80. Elapsed time: 198
u =		       62.786924       17.909807       62.786924  -9.8748634e-09       62.786924   8.8376665e-09       17.909807       62.786924 ...	F(t) =        62.786924
Landing# 90. Elapsed time: 223
u =		       63.115811       17.663142        63.11581  -7.7566569e-09       63.115811   8.8098091e-09       17.663142        63.11581 ...	F(t) =        63.115811
Landing# 100. Elapsed time: 249
u =		       63.439631       17.420277       63.439631  -8.3374174e-09       63.439631   9.9783701e-09       17.420277       63.439631 ...	F(t) =        63.439631
Landing# 110. Elapsed time: 274
u =		       63.741254        17.19406       63.741253  -9.1135343e-09       63.741253    7.377939e-09        17.19406       63.741253 ...	F(t) =        63.741254
Landing# 120. Elapsed time: 299
u =		       64.065057       16.951207       64.065057  -5.0977071e-09       64.065057    8.573189e-09       16.951207       64.065057 ...	F(t) =        64.065057
Landing# 130. Elapsed time: 323
u =		       64.169394       16.847183       64.203756  -6.4522378e-09       64.169394   8.8943469e-09       16.847183       64.203756 ...	F(t) =        64.169394
Landing# 140. Elapsed time: 347
u =		       64.167768       16.839269       64.214308  -7.3938931e-09       64.167768   8.3477151e-09       16.839269       64.214308 ...	F(t) =        64.167768
Landing# 150. Elapsed time: 371
u =		       64.184755       16.861434       64.184755  -9.8674525e-09       64.184755    8.896556e-09       16.861434       64.184755 ...	F(t) =        64.184755
Landing# 160. Elapsed time: 395
u =		       64.186851       16.826475       64.231366  -8.0655597e-09       64.186851   9.5121972e-09       16.826475       64.231366 ...	F(t) =        64.186851
Landing# 170. Elapsed time: 418
u =		       64.192507        16.85562       64.192507  -8.4794525e-09       64.192507   5.8212097e-09        16.85562       64.192507 ...	F(t) =        64.192507
Landing# 180. Elapsed time: 442
u =		       64.192142       16.820863        64.23885  -9.2192696e-09       64.192142   1.0179234e-08       16.820863        64.23885 ...	F(t) =        64.192142
Landing# 190. Elapsed time: 466
u =		       64.208949       16.843289       64.208949  -8.9911052e-09       64.208949     8.18052e-09       16.843289       64.208949 ...	F(t) =        64.208949
Landing# 200. Elapsed time: 488
u =		       64.211044        16.80833        64.25556  -9.5332811e-09       64.211044   8.5561849e-09        16.80833        64.25556 ...	F(t) =        64.211044
Landing# 210. Elapsed time: 511
u =		       64.216702       16.837474       64.216702  -8.9133902e-09       64.216702   1.0830972e-08       16.837474       64.216702 ...	F(t) =        64.216702
Landing# 220. Elapsed time: 536
u =		       64.216337       16.802722       64.263038  -8.0078493e-09       64.216337   9.3090764e-09       16.802722       64.263038 ...	F(t) =        64.216337
Landing# 230. Elapsed time: 557
u =		       64.233142       16.825144       64.233142  -7.6630127e-09       64.233142   9.8458628e-09       16.825144       64.233142 ...	F(t) =        64.233142
Landing# 240. Elapsed time: 581
u =		       64.235238       16.790185       64.279754  -9.5140452e-09       64.235238   8.0722516e-09       16.790185       64.279754 ...	F(t) =        64.235238
Landing# 250. Elapsed time: 605
u =		       64.240894        16.81933       64.240894  -8.6809416e-09       64.240894   8.6770191e-09        16.81933       64.240894 ...	F(t) =        64.240894
Landing# 260. Elapsed time: 629
u =		       64.240531       16.784578       64.287229  -8.1106332e-09       64.240531   8.6090143e-09       16.784578       64.287229 ...	F(t) =        64.240531
Landing# 270. Elapsed time: 653
u =		       64.257335       16.806999       64.257335  -8.1845332e-09       64.257335   8.3045351e-09       16.806999       64.257335 ...	F(t) =        64.257335
Landing# 280. Elapsed time: 675
u =		       64.259431        16.77204       64.303947  -9.4821555e-09       64.259431     1.02992e-08        16.77204       64.303947 ...	F(t) =        64.259431
Landing# 290. Elapsed time: 698
u =		       64.265087       16.801185       64.265086  -7.6989324e-09       64.265087   7.8985535e-09       16.801185       64.265086 ...	F(t) =        64.265087
Landing# 300. Elapsed time: 720
u =		       64.264724       16.766431       64.311425  -7.7800307e-09       64.264724     7.92085e-09       16.766431       64.311425 ...	F(t) =        64.264724
Landing# 310. Elapsed time: 742
u =		       64.281528       16.788854       64.281528  -9.6690376e-09       64.281528   8.5918266e-09       16.788854       64.281528 ...	F(t) =        64.281528
Landing# 320. Elapsed time: 763
u =		       64.283624       16.753895        64.32814  -9.7293966e-09       64.283624   9.8103367e-09       16.753895        64.32814 ...	F(t) =        64.283624
Landing# 330. Elapsed time: 785
u =		       64.289281        16.78304       64.289281  -9.2969897e-09       64.289281   8.7969081e-09        16.78304       64.289281 ...	F(t) =        64.289281
Landing# 340. Elapsed time: 808
u =		       64.288915       16.748289       64.335614  -9.7689636e-09       64.288915   7.8971917e-09       16.748289       64.335614 ...	F(t) =        64.288915
Landing# 350. Elapsed time: 829
u =		       64.305722       16.770709       64.305722  -8.8854981e-09       64.305722    9.026017e-09       16.770709       64.305722 ...	F(t) =        64.305722
Landing# 360. Elapsed time: 851
u =		       64.307817       16.735748       64.352336  -7.4855662e-09       64.307817   8.2521712e-09       16.735748       64.352336 ...	F(t) =        64.307817
Landing# 370. Elapsed time: 873
u =		       64.313474       16.764894       64.313474  -9.2759193e-09       64.313474   9.8708304e-09       16.764894       64.313474 ...	F(t) =        64.313474
Landing# 380. Elapsed time: 895
u =		       64.313109       16.730144       64.359808  -8.7865808e-09       64.313109   1.0238842e-08       16.730144       64.359808 ...	F(t) =        64.313109
Landing# 390. Elapsed time: 917
u =		       64.329915       16.752564       64.329915  -9.2400518e-09       64.329915   8.8455486e-09       16.752564       64.329915 ...	F(t) =        64.329915
Landing# 400. Elapsed time: 939
u =		       64.332011       16.717605       64.376527   -9.625445e-09       64.332011   8.3168719e-09       16.717605       64.376527 ...	F(t) =        64.332011
Landing# 410. Elapsed time: 961
u =		       64.337667        16.74675       64.337667  -9.0736115e-09       64.337667   8.3358411e-09        16.74675       64.337667 ...	F(t) =        64.337667
Landing# 420. Elapsed time: 983
u =		       64.337302          16.712          64.384   -9.096131e-09       64.337302   8.8826092e-09          16.712          64.384 ...	F(t) =        64.337302
Landing# 430. Elapsed time: 1004
u =		       64.354107       16.734419       64.354107  -8.9114743e-09       64.354107   8.7128185e-09        16.73442       64.354107 ...	F(t) =        64.354107
Landing# 440. Elapsed time: 1026
u =		       64.356204       16.699461       64.400719  -8.5615357e-09       64.356204   8.7089311e-09       16.699461       64.400719 ...	F(t) =        64.356204
Landing# 450. Elapsed time: 1048
u =		        64.36186       16.728605        64.36186  -6.7900603e-09        64.36186   7.6254139e-09       16.728605        64.36186 ...	F(t) =         64.36186
Landing# 460. Elapsed time: 1071
u =		       64.361498       16.693855       64.408194  -8.1796663e-09       64.361498   8.7440674e-09       16.693855       64.408194 ...	F(t) =        64.361498
Landing# 470. Elapsed time: 1092
u =		       64.378301       16.716274       64.378301   -8.160468e-09       64.378301   6.8217778e-09       16.716274       64.378301 ...	F(t) =        64.378301
Landing# 480. Elapsed time: 1114
u =		       64.380397       16.681316       64.424912     -9.0461e-09       64.380397   8.3024389e-09       16.681316       64.424912 ...	F(t) =        64.380397
Landing# 490. Elapsed time: 1136
u =		       64.386053        16.71046       64.386053  -8.6648895e-09       64.386053   7.8338829e-09       16.710461       64.386053 ...	F(t) =        64.386053
Landing# 500. Elapsed time: 1159
u =		       64.385688       16.675709       64.432389  -7.0914175e-09       64.385688   8.4286764e-09       16.675709       64.432389 ...	F(t) =        64.385688
Landing# 510. Elapsed time: 1180
u =		       64.402495       16.698129       64.402495  -8.5668123e-09       64.402495   8.4755975e-09       16.698129       64.402495 ...	F(t) =        64.402495
Landing# 520. Elapsed time: 1202
u =		        64.40459       16.663168       64.449109  -9.2711819e-09        64.40459   9.1581343e-09       16.663168       64.449109 ...	F(t) =         64.40459
Landing# 530. Elapsed time: 1224
u =		       64.410246       16.692315       64.410246  -8.1089976e-09       64.410246   7.2932344e-09       16.692316       64.410246 ...	F(t) =        64.410246
Landing# 540. Elapsed time: 1247
u =		       64.409882       16.657565        64.45658  -9.5707418e-09       64.409882   8.8220967e-09       16.657565        64.45658 ...	F(t) =        64.409882
Landing# 550. Elapsed time: 1270
u =		       64.426687       16.679985       64.426687   -8.867853e-09       64.426687   8.1330698e-09       16.679985       64.426687 ...	F(t) =        64.426687
Landing# 560. Elapsed time: 1294
u =		       64.428784       16.645025         64.4733  -7.9248649e-09       64.428784   6.8733523e-09       16.645025         64.4733 ...	F(t) =        64.428784
Landing# 570. Elapsed time: 1316
u =		       64.434439       16.674171       64.434439  -9.4410697e-09       64.434439   6.3448805e-09       16.674171       64.434439 ...	F(t) =        64.434439
Landing# 580. Elapsed time: 1340
u =		       64.434074       16.639417       64.480777  -9.0606763e-09       64.434074   8.3794653e-09       16.639417       64.480777 ...	F(t) =        64.434074
Landing# 590. Elapsed time: 1363
u =		       64.450881        16.66184       64.450881  -7.6197044e-09       64.450881   7.8826922e-09        16.66184       64.450881 ...	F(t) =        64.450881
Landing# 600. Elapsed time: 1385
u =		       64.452978       16.626883        64.49749  -9.7552131e-09       64.452978   9.7562733e-09       16.626883        64.49749 ...	F(t) =        64.452978
Landing# 610. Elapsed time: 1408
u =		       64.458632       16.656026       64.458632  -9.0522149e-09       64.458632   8.3730195e-09       16.656026       64.458632 ...	F(t) =        64.458632
Landing# 620. Elapsed time: 1442
u =		       64.458269       16.621276       64.504965  -9.6246632e-09       64.458269   9.6029801e-09       16.621276       64.504966 ...	F(t) =        64.458269
Landing# 630. Elapsed time: 1465
u =		       64.475074       16.643695       64.475074  -8.9888314e-09       64.475074   9.4999882e-09       16.643695       64.475074 ...	F(t) =        64.475074
Landing# 640. Elapsed time: 1489
u =		        64.47717       16.608735       64.521686  -7.3713098e-09        64.47717   9.0267399e-09       16.608736       64.521686 ...	F(t) =         64.47717
Landing# 650. Elapsed time: 1512
u =		       64.482826        16.63788       64.482826  -9.7975811e-09       64.482826   9.9961833e-09        16.63788       64.482826 ...	F(t) =        64.482826
Landing# 660. Elapsed time: 1536
u =		       64.482462       16.603127       64.529164  -8.7920811e-09       64.482462   9.4184658e-09       16.603127       64.529164 ...	F(t) =        64.482462
Landing# 670. Elapsed time: 1559
u =		       64.499267        16.62555       64.499267  -8.9311396e-09       64.499267   1.0521602e-08        16.62555       64.499267 ...	F(t) =        64.499267
Landing# 680. Elapsed time: 1581
u =		       64.501363       16.590591       64.545879  -8.0620739e-09       64.501363   1.0236904e-08       16.590591       64.545879 ...	F(t) =        64.501363
Landing# 690. Elapsed time: 1604
u =		       64.507019       16.619736       64.507019  -7.7479978e-09       64.507019   8.4538285e-09       16.619736       64.507019 ...	F(t) =        64.507019
Landing# 700. Elapsed time: 1628
u =		       64.506656       16.584986       64.553352  -9.0327067e-09       64.506656   7.9243757e-09       16.584986       64.553352 ...	F(t) =        64.506656
Landing# 710. Elapsed time: 1650
u =		        64.52346       16.607405        64.52346  -9.6525631e-09        64.52346   1.0077456e-08       16.607405        64.52346 ...	F(t) =         64.52346
Landing# 720. Elapsed time: 1672
u =		       64.525557       16.572446       64.570072  -8.5989657e-09       64.525557   8.2406162e-09       16.572446       64.570072 ...	F(t) =        64.525557
Landing# 730. Elapsed time: 1694
u =		       64.531212       16.601591       64.531212  -8.7339553e-09       64.531212   7.6766046e-09       16.601591       64.531212 ...	F(t) =        64.531212
Landing# 740. Elapsed time: 1718
u =		       64.530847       16.566839       64.577548  -7.2718431e-09       64.530847    8.473152e-09       16.566839       64.577548 ...	F(t) =        64.530847
Landing# 750. Elapsed time: 1741
u =		       64.547654        16.58926       64.547654  -9.8175759e-09       64.547654   6.4899552e-09        16.58926       64.547654 ...	F(t) =        64.547654
Landing# 760. Elapsed time: 1763
u =		        64.54975       16.554302       64.594264  -7.9160249e-09        64.54975   8.0008213e-09       16.554302       64.594264 ...	F(t) =         64.54975
Landing# 770. Elapsed time: 1786
u =		       64.555405       16.583446       64.555405  -9.4932932e-09       64.555405    9.106274e-09       16.583446       64.555405 ...	F(t) =        64.555405
Landing# 780. Elapsed time: 1811
u =		       64.554693       16.549024       64.601301  -8.2635834e-09       64.554693   8.2419716e-09       16.549024       64.601301 ...	F(t) =        64.554693
=============================================
Elapsed time: 1812.5235
Iterations: 95182105
Optimal objective value:        64.568167
Exact objective value:             64.575
Relative error = 0.00010581281
=============================================
Solution is saved into the file 'Problems/lp_sc50a_so.mtx'.
Solution:	               0       16.563107       64.582523       64.568167       64.568167               0       16.563107       64.582524	...
Ordered:	       64.568167       16.563107       64.582523               0       64.568167               0       16.563107       64.582524	...
