=================================================== BSF Target ====================================================
Problem name: share2b
Number of Workers: 10
OpenMP is turned off!
Map List is not Fragmented.
Before conversion: m =	96	n = 162
After conversion:  m =	188	n = 79
Eps Zero Compare:	0.001
Eps Min Dir Length:	1e-05
Eps Objective:		0.01
Eps Shift:		1e-05
Eps Zero Direction:	1e-05
Exact Obj Value:	415.73
Distance to Apex:	0
Low Cost Percentile:	0
Gap Max:		0.2
Obj Vector Length:	0.01
Start Shift Lengt:	1
Blocking obj var:	false
Use low cost vars:	false
--------------- Statisics ---------------
Number of high-cost variables:	36
Number of low-cost variables:	0
Number of zero-cost variables:	43
Problem Scale:			21
--------------- Data ---------------
Obj Function:	             3.8             3.7             3.7             3.5             3.5             3.5               3             2.9 ...
Start point:	       16.497247       1.3345455       15.299994      0.16000573       1.6318724        18.21083       15.037415       4.8656174 ...	F(x) = 356.64922
Apex point:	       16.497247       1.3345455       15.299994      0.16000573       1.6318724        18.21083       15.037415       4.8656174 ...	F(x) = 356.64922
-------------------------------------------
--------- Finding feasible point ------------
Iter # 0. Elapsed time: 0
u =		       16.497247       1.3345455       15.299994      0.16000573       1.6318724        18.21083       15.037415       4.8656174 ...	F(t) =        356.64922
Landing# 0. Elapsed time: 0
u =		       16.497249       1.3345481       15.299994      0.16000541       1.6318748       18.210827       15.037412       4.8656166 ...	F(t) =        356.64925
Landing# 50000. Elapsed time: 46
u =		       16.622962       1.4717362       15.297762      0.14850792       1.7668627       18.087276       15.000932       4.8425703 ...	F(t) =         358.4856
Landing# 100000. Elapsed time: 94
u =		        16.75161       1.6125708       15.295692      0.13636795        1.905592       17.960708       15.000916       4.8012948 ...	F(t) =        360.27561
Landing# 150000. Elapsed time: 144
u =		       16.883199       1.7565467       15.293424      0.12392033       2.0472295       17.831562       15.000839       4.7459636 ...	F(t) =        362.01212
Landing# 200000. Elapsed time: 196
u =		       17.015918       1.9017927       15.291114      0.11141788       2.1901101        17.70122       15.000846       4.6850962 ...	F(t) =        363.72923
Landing# 250000. Elapsed time: 250
u =		       17.142035       2.0405837       15.289314      0.09879218       2.3271541       17.576798       15.000807       4.6267082 ...	F(t) =        365.37097
Landing# 300000. Elapsed time: 304
u =		       17.265234       2.1760215       15.287682      0.08657014       2.4609423        17.45523       15.000862       4.5699182 ...	F(t) =         366.9713
Landing# 350000. Elapsed time: 359
u =		       17.388699       2.3116921       15.286057     0.074314487       2.5949949       17.333463       15.000843       4.5130333 ...	F(t) =        368.57461
Landing# 400000. Elapsed time: 413
u =		       17.511595       2.4467959        15.28443     0.062165047       2.7284612       17.212147       15.000813       4.4564202 ...	F(t) =        370.17058
Landing# 450000. Elapsed time: 467
u =		       17.635034       2.5825072       15.282753     0.049921314       2.8625104        17.09032       15.000858       4.3995336 ...	F(t) =        371.77397
Landing# 500000. Elapsed time: 521
u =		       17.758164       2.7177594       15.281148      0.03768337       2.9961564       16.968866       15.000873       4.3427577 ...	F(t) =        373.37195
Landing# 550000. Elapsed time: 577
u =		       17.881362       2.8532016       15.279503     0.025502854       3.1299526       16.847296       15.000835       4.2859353 ...	F(t) =        374.97166
Landing# 600000. Elapsed time: 632
u =		       18.004063       2.9880781       15.277873     0.013354826       3.2632168        16.72615       15.000833       4.2294284 ...	F(t) =        376.56451
Landing# 650000. Elapsed time: 687
u =		       18.126438       3.1225888       15.276251    0.0012665162       3.3961235       16.605325        15.00085       4.1731175 ...	F(t) =        378.15264
Landing# 700000. Elapsed time: 745
u =		        18.25373       3.2519238       15.274639  -0.00085827818       3.5238761       16.479755       15.000845       4.1166647 ...	F(t) =        379.74348
Landing# 750000. Elapsed time: 800
u =		       18.382003       3.3801787       15.273012  -0.00086127778       3.6504579       16.353177       15.000815       4.0601023 ...	F(t) =         381.3337
Landing# 800000. Elapsed time: 856
u =		       18.508928       3.5070966       15.271052  -0.00086654677       3.7754682       16.228138       15.000874       4.0042392 ...	F(t) =        382.90614
Landing# 850000. Elapsed time: 911
u =		       18.636016       3.6342131       15.269141  -0.00087759714       3.9006498       16.102988       15.000845       3.9482122 ...	F(t) =        384.48053
Landing# 900000. Elapsed time: 968
u =		       18.761955       3.7601448       15.267274   -0.0008757734       4.0247282        15.97896       15.000838       3.8927154 ...	F(t) =        386.04101
Landing# 950000. Elapsed time: 1024
u =		       18.888126       3.8862859       15.265413  -0.00087441599       4.1489755       15.854637       15.000862       3.8371019 ...	F(t) =        387.60413
Landing# 1000000. Elapsed time: 1080
u =		        19.01394        4.012174       15.263519  -0.00087633877       4.2729835       15.730668       15.000871        3.781632 ...	F(t) =        389.16337
Landing# 1050000. Elapsed time: 1136
u =		       19.140029       4.1382183       15.261144  -0.00086847867       4.3966438        15.60695       15.000897       3.7260989 ...	F(t) =        390.72624
Landing# 1100000. Elapsed time: 1198
u =		       19.264956       4.2631963       15.253119  -0.00086824749       4.5135229       15.490119       15.000899       3.6694805 ...	F(t) =        392.27267
Landing# 1150000. Elapsed time: 1262
u =		        19.38919       4.3873749        15.24509  -0.00089123695       4.6297367        15.37389       15.000893        3.614092 ...	F(t) =        393.79829
Landing# 1200000. Elapsed time: 1326
u =		       19.513393       4.5115938       15.237087  -0.00089230064       4.7459604       15.257665       15.000897       3.5587751 ...	F(t) =        395.32489
Landing# 1250000. Elapsed time: 1393
u =		        19.63758       4.6358273       15.229097   -0.0009053286        4.862198       15.141426       15.000904       3.5034171 ...	F(t) =        396.85128
Landing# 1300000. Elapsed time: 1457
u =		       19.761788       4.7600283       15.221115  -0.00088468159       4.9783756       15.025235       15.000882       3.4480619 ...	F(t) =        398.37748
Landing# 1350000. Elapsed time: 1520
u =		       19.886122       4.8843144       15.213095  -0.00089215561       5.0946791       14.908889       15.000901       3.3926893 ...	F(t) =        399.90495
Landing# 1400000. Elapsed time: 1583
u =		       20.010233       5.0084884       15.205134  -0.00091340935       5.2108405       14.792784       15.000886       3.3373754 ...	F(t) =        401.42912
Landing# 1450000. Elapsed time: 1646
u =		       20.134867       5.1330806       15.197191  -0.00090878417       5.3275425        14.67611       15.000889       3.2829745 ...	F(t) =        402.94994
Landing# 1500000. Elapsed time: 1710
u =		       20.259933       5.2580954       15.189213   -0.0009004435       5.4445623       14.559075       15.000898       3.2283428 ...	F(t) =        404.47569
Landing# 1550000. Elapsed time: 1773
u =		       20.384842       5.3830626       15.181244  -0.00091622484       5.5615299       14.442116       15.000915       3.1736717 ...	F(t) =        405.99953
Landing# 1600000. Elapsed time: 1837
u =		       20.509758       5.5079513       15.173266  -0.00089880081       5.6784613       14.325178       15.000885       3.1190806 ...	F(t) =        407.52297
Landing# 1650000. Elapsed time: 1903
u =		       20.634502       5.6327097       15.165298  -0.00087259356       5.7952524       14.208391        15.00092       3.0644929 ...	F(t) =        409.04477
Landing# 1700000. Elapsed time: 1967
u =		       20.747779       5.7460435       15.098594  -0.00082299157        5.842075       14.161444       15.000899       3.0031414 ...	F(t) =        410.34675
Landing# 1750000. Elapsed time: 2036
u =		       20.859655       5.8579686         15.0244  -0.00083000631       5.8797639       14.123836       15.000933       2.9405119 ...	F(t) =         411.6255
Landing# 1800000. Elapsed time: 2102
u =		       20.970492        5.968766       14.951479  -0.00082055219        5.917783       14.085781       15.000935       2.8828565 ...	F(t) =         412.8415
Landing# 1850000. Elapsed time: 2169
u =		       21.081833       6.0801281         14.8791  -0.00080169958       5.9566486        14.04691       15.000901       2.8287059 ...	F(t) =        414.03274
Landing# 1900000. Elapsed time: 2235
u =		       21.193453       6.1917699       14.806537  -0.00081028109       5.9957221       14.007842       15.000902       2.7758017 ...	F(t) =        415.22238
=============================================
Elapsed time: 2263.3614
Iterations: 95809120
Optimal objective value:        415.72001
Exact objective value:             415.73
Relative error = 2.4021197e-05
=============================================
Solution is saved into the file 'Problems/lp_share2b_so.mtx'.
Solution:	       2.3424025       1.5755085       1.4232328      0.76512691      0.24159166  -0.00012953537       5.6366815        9.248748	...
Ordered:	       21.240122       6.2384605       14.776284  -0.00082934257       6.0121047       13.991508       15.000912       2.7536765	...
